[2024-03-05T09:28:59.722+0000] {taskinstance.py:1083} INFO - Dependencies all met for <TaskInstance: bancodedados.print_result_task manual__2024-03-05T09:28:44.746845+00:00 [queued]>
[2024-03-05T09:28:59.749+0000] {taskinstance.py:1083} INFO - Dependencies all met for <TaskInstance: bancodedados.print_result_task manual__2024-03-05T09:28:44.746845+00:00 [queued]>
[2024-03-05T09:28:59.750+0000] {taskinstance.py:1279} INFO - 
--------------------------------------------------------------------------------
[2024-03-05T09:28:59.750+0000] {taskinstance.py:1280} INFO - Starting attempt 1 of 1
[2024-03-05T09:28:59.750+0000] {taskinstance.py:1281} INFO - 
--------------------------------------------------------------------------------
[2024-03-05T09:28:59.788+0000] {taskinstance.py:1300} INFO - Executing <Task(PythonOperator): print_result_task> on 2024-03-05 09:28:44.746845+00:00
[2024-03-05T09:28:59.799+0000] {standard_task_runner.py:55} INFO - Started process 107 to run task
[2024-03-05T09:28:59.804+0000] {standard_task_runner.py:82} INFO - Running: ['***', 'tasks', 'run', 'bancodedados', 'print_result_task', 'manual__2024-03-05T09:28:44.746845+00:00', '--job-id', '301', '--raw', '--subdir', 'DAGS_FOLDER/bancodedados.py', '--cfg-path', '/tmp/tmphfwk8j0o']
[2024-03-05T09:28:59.805+0000] {standard_task_runner.py:83} INFO - Job 301: Subtask print_result_task
[2024-03-05T09:28:59.829+0000] {warnings.py:110} WARNING - /home/***/.local/lib/python3.7/site-packages/***/settings.py:249: DeprecationWarning: The sql_alchemy_conn option in [core] has been moved to the sql_alchemy_conn option in [database] - the old setting has been used, but please update your config.
  SQL_ALCHEMY_CONN = conf.get("database", "SQL_ALCHEMY_CONN")

[2024-03-05T09:28:59.939+0000] {task_command.py:388} INFO - Running <TaskInstance: bancodedados.print_result_task manual__2024-03-05T09:28:44.746845+00:00 [running]> on host df7038a2f7dd
[2024-03-05T09:29:00.128+0000] {taskinstance.py:1509} INFO - Exporting the following env vars:
AIRFLOW_CTX_DAG_OWNER=***
AIRFLOW_CTX_DAG_ID=bancodedados
AIRFLOW_CTX_TASK_ID=print_result_task
AIRFLOW_CTX_EXECUTION_DATE=2024-03-05T09:28:44.746845+00:00
AIRFLOW_CTX_TRY_NUMBER=1
AIRFLOW_CTX_DAG_RUN_ID=manual__2024-03-05T09:28:44.746845+00:00
[2024-03-05T09:29:00.149+0000] {logging_mixin.py:137} INFO - Resultado da consulta:
[2024-03-05T09:29:00.150+0000] {logging_mixin.py:137} INFO - [1]
[2024-03-05T09:29:00.150+0000] {logging_mixin.py:137} INFO - [1]
[2024-03-05T09:29:00.150+0000] {logging_mixin.py:137} INFO - [1]
[2024-03-05T09:29:00.150+0000] {python.py:177} INFO - Done. Returned value was: None
[2024-03-05T09:29:00.168+0000] {taskinstance.py:1323} INFO - Marking task as SUCCESS. dag_id=bancodedados, task_id=print_result_task, execution_date=20240305T092844, start_date=20240305T092859, end_date=20240305T092900
[2024-03-05T09:29:00.218+0000] {local_task_job.py:208} INFO - Task exited with return code 0
[2024-03-05T09:29:00.252+0000] {taskinstance.py:2578} INFO - 0 downstream tasks scheduled from follow-on schedule check
