[2024-03-01 09:00:01,258] {taskinstance.py:903} INFO - Dependencies all met for <TaskInstance: defaultargs.tsk1 2024-03-01T08:00:00+00:00 [queued]>
[2024-03-01 09:00:01,287] {taskinstance.py:903} INFO - Dependencies all met for <TaskInstance: defaultargs.tsk1 2024-03-01T08:00:00+00:00 [queued]>
[2024-03-01 09:00:01,288] {taskinstance.py:1095} INFO - 
--------------------------------------------------------------------------------
[2024-03-01 09:00:01,290] {taskinstance.py:1096} INFO - Starting attempt 1 of 4
[2024-03-01 09:00:01,290] {taskinstance.py:1097} INFO - 
--------------------------------------------------------------------------------
[2024-03-01 09:00:01,308] {taskinstance.py:1115} INFO - Executing <Task(BashOperator): tsk1> on 2024-03-01T08:00:00+00:00
[2024-03-01 09:00:01,319] {standard_task_runner.py:76} INFO - Running: ['***', 'tasks', 'run', 'defaultargs', 'tsk1', '2024-03-01T08:00:00+00:00', '--job-id', '258', '--pool', 'default_pool', '--raw', '--subdir', 'DAGS_FOLDER/defaultargs.py', '--cfg-path', '/tmp/tmp_j5cf8z7', '--error-file', '/tmp/tmpnvrpy5yf']
[2024-03-01 09:00:01,315] {standard_task_runner.py:52} INFO - Started process 108 to run task
[2024-03-01 09:00:01,320] {standard_task_runner.py:77} INFO - Job 258: Subtask tsk1
[2024-03-01 09:00:01,391] {logging_mixin.py:109} INFO - Running <TaskInstance: defaultargs.tsk1 2024-03-01T08:00:00+00:00 [running]> on host b6da4fb5c714
[2024-03-01 09:00:01,473] {taskinstance.py:1254} INFO - Exporting the following env vars:
AIRFLOW_CTX_DAG_EMAIL=jezandre_tiago@hotmail.com
AIRFLOW_CTX_DAG_OWNER=***
AIRFLOW_CTX_DAG_ID=defaultargs
AIRFLOW_CTX_TASK_ID=tsk1
AIRFLOW_CTX_EXECUTION_DATE=2024-03-01T08:00:00+00:00
AIRFLOW_CTX_DAG_RUN_ID=scheduled__2024-03-01T08:00:00+00:00
[2024-03-01 09:00:01,475] {subprocess.py:52} INFO - Tmp dir root location: 
 /tmp
[2024-03-01 09:00:01,477] {subprocess.py:63} INFO - Running command: ['bash', '-c', 'sleep 5']
[2024-03-01 09:00:01,495] {subprocess.py:74} INFO - Output:
[2024-03-01 09:00:06,499] {subprocess.py:82} INFO - Command exited with return code 0
[2024-03-01 09:00:06,546] {taskinstance.py:1219} INFO - Marking task as SUCCESS. dag_id=defaultargs, task_id=tsk1, execution_date=20240301T080000, start_date=20240301T090001, end_date=20240301T090006
[2024-03-01 09:00:06,585] {local_task_job.py:151} INFO - Task exited with return code 0
[2024-03-01 09:00:06,625] {local_task_job.py:261} INFO - 1 downstream tasks scheduled from follow-on schedule check
