[2024-02-27 08:53:26,116] {taskinstance.py:903} INFO - Dependencies all met for <TaskInstance: triggerDagComplexa.tsk6 2024-02-27T08:53:06.096982+00:00 [queued]>
[2024-02-27 08:53:26,141] {taskinstance.py:903} INFO - Dependencies all met for <TaskInstance: triggerDagComplexa.tsk6 2024-02-27T08:53:06.096982+00:00 [queued]>
[2024-02-27 08:53:26,141] {taskinstance.py:1095} INFO - 
--------------------------------------------------------------------------------
[2024-02-27 08:53:26,141] {taskinstance.py:1096} INFO - Starting attempt 1 of 1
[2024-02-27 08:53:26,141] {taskinstance.py:1097} INFO - 
--------------------------------------------------------------------------------
[2024-02-27 08:53:26,155] {taskinstance.py:1115} INFO - Executing <Task(BashOperator): tsk6> on 2024-02-27T08:53:06.096982+00:00
[2024-02-27 08:53:26,160] {standard_task_runner.py:52} INFO - Started process 142 to run task
[2024-02-27 08:53:26,164] {standard_task_runner.py:76} INFO - Running: ['***', 'tasks', 'run', 'triggerDagComplexa', 'tsk6', '2024-02-27T08:53:06.096982+00:00', '--job-id', '55', '--pool', 'default_pool', '--raw', '--subdir', 'DAGS_FOLDER/triggerDagComplexa.py', '--cfg-path', '/tmp/tmp22q4zkk7', '--error-file', '/tmp/tmpatwx9y8w']
[2024-02-27 08:53:26,164] {standard_task_runner.py:77} INFO - Job 55: Subtask tsk6
[2024-02-27 08:53:26,216] {logging_mixin.py:109} INFO - Running <TaskInstance: triggerDagComplexa.tsk6 2024-02-27T08:53:06.096982+00:00 [running]> on host 1034e60698e1
[2024-02-27 08:53:26,280] {taskinstance.py:1254} INFO - Exporting the following env vars:
AIRFLOW_CTX_DAG_OWNER=***
AIRFLOW_CTX_DAG_ID=triggerDagComplexa
AIRFLOW_CTX_TASK_ID=tsk6
AIRFLOW_CTX_EXECUTION_DATE=2024-02-27T08:53:06.096982+00:00
AIRFLOW_CTX_DAG_RUN_ID=manual__2024-02-27T08:53:06.096982+00:00
[2024-02-27 08:53:26,281] {subprocess.py:52} INFO - Tmp dir root location: 
 /tmp
[2024-02-27 08:53:26,282] {subprocess.py:63} INFO - Running command: ['bash', '-c', 'sleep 5']
[2024-02-27 08:53:26,292] {subprocess.py:74} INFO - Output:
[2024-02-27 08:53:31,298] {subprocess.py:82} INFO - Command exited with return code 0
[2024-02-27 08:53:31,335] {taskinstance.py:1219} INFO - Marking task as SUCCESS. dag_id=triggerDagComplexa, task_id=tsk6, execution_date=20240227T085306, start_date=20240227T085326, end_date=20240227T085331
[2024-02-27 08:53:31,366] {local_task_job.py:151} INFO - Task exited with return code 0
[2024-02-27 08:53:31,407] {local_task_job.py:261} INFO - 2 downstream tasks scheduled from follow-on schedule check
