[2024-03-01 08:30:59,256] {taskinstance.py:903} INFO - Dependencies all met for <TaskInstance: defaultargs.tsk3 2024-03-01T07:00:00+00:00 [queued]>
[2024-03-01 08:30:59,320] {taskinstance.py:903} INFO - Dependencies all met for <TaskInstance: defaultargs.tsk3 2024-03-01T07:00:00+00:00 [queued]>
[2024-03-01 08:30:59,320] {taskinstance.py:1095} INFO - 
--------------------------------------------------------------------------------
[2024-03-01 08:30:59,321] {taskinstance.py:1096} INFO - Starting attempt 1 of 2
[2024-03-01 08:30:59,321] {taskinstance.py:1097} INFO - 
--------------------------------------------------------------------------------
[2024-03-01 08:30:59,386] {taskinstance.py:1115} INFO - Executing <Task(BashOperator): tsk3> on 2024-03-01T07:00:00+00:00
[2024-03-01 08:30:59,407] {standard_task_runner.py:52} INFO - Started process 73 to run task
[2024-03-01 08:30:59,425] {standard_task_runner.py:76} INFO - Running: ['***', 'tasks', 'run', 'defaultargs', 'tsk3', '2024-03-01T07:00:00+00:00', '--job-id', '246', '--pool', 'default_pool', '--raw', '--subdir', 'DAGS_FOLDER/defaultargs.py', '--cfg-path', '/tmp/tmpgfbey5em', '--error-file', '/tmp/tmpwaxm4tgu']
[2024-03-01 08:30:59,426] {standard_task_runner.py:77} INFO - Job 246: Subtask tsk3
[2024-03-01 08:30:59,583] {logging_mixin.py:109} INFO - Running <TaskInstance: defaultargs.tsk3 2024-03-01T07:00:00+00:00 [running]> on host b6da4fb5c714
[2024-03-01 08:30:59,821] {taskinstance.py:1254} INFO - Exporting the following env vars:
AIRFLOW_CTX_DAG_EMAIL=jezandre_tiago@hotmail.com
AIRFLOW_CTX_DAG_OWNER=***
AIRFLOW_CTX_DAG_ID=defaultargs
AIRFLOW_CTX_TASK_ID=tsk3
AIRFLOW_CTX_EXECUTION_DATE=2024-03-01T07:00:00+00:00
AIRFLOW_CTX_DAG_RUN_ID=scheduled__2024-03-01T07:00:00+00:00
[2024-03-01 08:30:59,823] {subprocess.py:52} INFO - Tmp dir root location: 
 /tmp
[2024-03-01 08:30:59,825] {subprocess.py:63} INFO - Running command: ['bash', '-c', 'sleep 5']
[2024-03-01 08:30:59,857] {subprocess.py:74} INFO - Output:
[2024-03-01 08:31:04,872] {subprocess.py:82} INFO - Command exited with return code 0
[2024-03-01 08:31:05,018] {taskinstance.py:1219} INFO - Marking task as SUCCESS. dag_id=defaultargs, task_id=tsk3, execution_date=20240301T070000, start_date=20240301T083059, end_date=20240301T083105
[2024-03-01 08:31:05,118] {local_task_job.py:151} INFO - Task exited with return code 0
[2024-03-01 08:31:05,207] {local_task_job.py:261} INFO - 0 downstream tasks scheduled from follow-on schedule check
