[2024-02-27 09:57:35,713] {taskinstance.py:903} INFO - Dependencies all met for <TaskInstance: defaultargs.tsk1 2024-02-27T08:00:00+00:00 [queued]>
[2024-02-27 09:57:35,744] {taskinstance.py:903} INFO - Dependencies all met for <TaskInstance: defaultargs.tsk1 2024-02-27T08:00:00+00:00 [queued]>
[2024-02-27 09:57:35,744] {taskinstance.py:1095} INFO - 
--------------------------------------------------------------------------------
[2024-02-27 09:57:35,744] {taskinstance.py:1096} INFO - Starting attempt 1 of 4
[2024-02-27 09:57:35,744] {taskinstance.py:1097} INFO - 
--------------------------------------------------------------------------------
[2024-02-27 09:57:35,759] {taskinstance.py:1115} INFO - Executing <Task(BashOperator): tsk1> on 2024-02-27T08:00:00+00:00
[2024-02-27 09:57:35,764] {standard_task_runner.py:52} INFO - Started process 202 to run task
[2024-02-27 09:57:35,768] {standard_task_runner.py:76} INFO - Running: ['***', 'tasks', 'run', 'defaultargs', 'tsk1', '2024-02-27T08:00:00+00:00', '--job-id', '74', '--pool', 'default_pool', '--raw', '--subdir', 'DAGS_FOLDER/defaultargs.py', '--cfg-path', '/tmp/tmplt_lm86q', '--error-file', '/tmp/tmp6cfzjqaf']
[2024-02-27 09:57:35,768] {standard_task_runner.py:77} INFO - Job 74: Subtask tsk1
[2024-02-27 09:57:35,826] {logging_mixin.py:109} INFO - Running <TaskInstance: defaultargs.tsk1 2024-02-27T08:00:00+00:00 [running]> on host 1034e60698e1
[2024-02-27 09:57:35,911] {taskinstance.py:1254} INFO - Exporting the following env vars:
AIRFLOW_CTX_DAG_EMAIL=jezandre_tiago@hotmail.com
AIRFLOW_CTX_DAG_OWNER=***
AIRFLOW_CTX_DAG_ID=defaultargs
AIRFLOW_CTX_TASK_ID=tsk1
AIRFLOW_CTX_EXECUTION_DATE=2024-02-27T08:00:00+00:00
AIRFLOW_CTX_DAG_RUN_ID=scheduled__2024-02-27T08:00:00+00:00
[2024-02-27 09:57:35,912] {subprocess.py:52} INFO - Tmp dir root location: 
 /tmp
[2024-02-27 09:57:35,913] {subprocess.py:63} INFO - Running command: ['bash', '-c', 'sleep 5']
[2024-02-27 09:57:35,927] {subprocess.py:74} INFO - Output:
[2024-02-27 09:57:40,933] {subprocess.py:82} INFO - Command exited with return code 0
[2024-02-27 09:57:40,987] {taskinstance.py:1219} INFO - Marking task as SUCCESS. dag_id=defaultargs, task_id=tsk1, execution_date=20240227T080000, start_date=20240227T095735, end_date=20240227T095740
[2024-02-27 09:57:41,063] {local_task_job.py:151} INFO - Task exited with return code 0
[2024-02-27 09:57:41,113] {local_task_job.py:261} INFO - 1 downstream tasks scheduled from follow-on schedule check
