[2024-02-29 09:34:27,909] {taskinstance.py:903} INFO - Dependencies all met for <TaskInstance: dummy.tsk5 2024-02-29T09:33:00.320255+00:00 [queued]>
[2024-02-29 09:34:27,938] {taskinstance.py:903} INFO - Dependencies all met for <TaskInstance: dummy.tsk5 2024-02-29T09:33:00.320255+00:00 [queued]>
[2024-02-29 09:34:27,938] {taskinstance.py:1095} INFO - 
--------------------------------------------------------------------------------
[2024-02-29 09:34:27,938] {taskinstance.py:1096} INFO - Starting attempt 1 of 1
[2024-02-29 09:34:27,938] {taskinstance.py:1097} INFO - 
--------------------------------------------------------------------------------
[2024-02-29 09:34:27,964] {taskinstance.py:1115} INFO - Executing <Task(BashOperator): tsk5> on 2024-02-29T09:33:00.320255+00:00
[2024-02-29 09:34:27,972] {standard_task_runner.py:52} INFO - Started process 87 to run task
[2024-02-29 09:34:27,977] {standard_task_runner.py:76} INFO - Running: ['***', 'tasks', 'run', 'dummy', 'tsk5', '2024-02-29T09:33:00.320255+00:00', '--job-id', '238', '--pool', 'default_pool', '--raw', '--subdir', 'DAGS_FOLDER/dummy.py', '--cfg-path', '/tmp/tmp8zot43rj', '--error-file', '/tmp/tmpjef9dpt1']
[2024-02-29 09:34:27,978] {standard_task_runner.py:77} INFO - Job 238: Subtask tsk5
[2024-02-29 09:34:28,072] {logging_mixin.py:109} INFO - Running <TaskInstance: dummy.tsk5 2024-02-29T09:33:00.320255+00:00 [running]> on host cf1345502425
[2024-02-29 09:34:28,197] {taskinstance.py:1254} INFO - Exporting the following env vars:
AIRFLOW_CTX_DAG_OWNER=***
AIRFLOW_CTX_DAG_ID=dummy
AIRFLOW_CTX_TASK_ID=tsk5
AIRFLOW_CTX_EXECUTION_DATE=2024-02-29T09:33:00.320255+00:00
AIRFLOW_CTX_DAG_RUN_ID=manual__2024-02-29T09:33:00.320255+00:00
[2024-02-29 09:34:28,201] {subprocess.py:52} INFO - Tmp dir root location: 
 /tmp
[2024-02-29 09:34:28,203] {subprocess.py:63} INFO - Running command: ['bash', '-c', 'sleep 1']
[2024-02-29 09:34:28,220] {subprocess.py:74} INFO - Output:
[2024-02-29 09:34:29,225] {subprocess.py:82} INFO - Command exited with return code 0
[2024-02-29 09:34:29,281] {taskinstance.py:1219} INFO - Marking task as SUCCESS. dag_id=dummy, task_id=tsk5, execution_date=20240229T093300, start_date=20240229T093427, end_date=20240229T093429
[2024-02-29 09:34:29,320] {local_task_job.py:151} INFO - Task exited with return code 0
[2024-02-29 09:34:29,356] {local_task_job.py:261} INFO - 0 downstream tasks scheduled from follow-on schedule check
