[2024-02-27 09:17:11,866] {processor.py:162} INFO - Started process (PID=4431) to work on /opt/airflow/dags/dagGroup copy.py
[2024-02-27 09:17:11,868] {processor.py:613} INFO - Processing file /opt/airflow/dags/dagGroup copy.py for tasks to queue
[2024-02-27 09:17:11,869] {logging_mixin.py:109} INFO - [2024-02-27 09:17:11,869] {dagbag.py:496} INFO - Filling up the DagBag from /opt/airflow/dags/dagGroup copy.py
[2024-02-27 09:17:11,884] {processor.py:623} INFO - DAG(s) dict_keys(['dagGroup']) retrieved from /opt/airflow/dags/dagGroup copy.py
[2024-02-27 09:17:12,165] {logging_mixin.py:109} INFO - [2024-02-27 09:17:12,165] {dag.py:1834} INFO - Sync 1 DAGs
[2024-02-27 09:17:12,178] {logging_mixin.py:109} INFO - [2024-02-27 09:17:12,178] {dag.py:2287} INFO - Setting next_dagrun for dagGroup to None
[2024-02-27 09:17:12,198] {processor.py:170} INFO - Processing /opt/airflow/dags/dagGroup copy.py took 0.334 seconds
[2024-02-27 09:17:17,362] {processor.py:162} INFO - Started process (PID=4441) to work on /opt/airflow/dags/dagGroup copy.py
[2024-02-27 09:17:17,369] {processor.py:613} INFO - Processing file /opt/airflow/dags/dagGroup copy.py for tasks to queue
[2024-02-27 09:17:17,372] {logging_mixin.py:109} INFO - [2024-02-27 09:17:17,372] {dagbag.py:496} INFO - Filling up the DagBag from /opt/airflow/dags/dagGroup copy.py
[2024-02-27 09:17:17,389] {processor.py:623} INFO - DAG(s) dict_keys(['dagGroup']) retrieved from /opt/airflow/dags/dagGroup copy.py
[2024-02-27 09:17:17,413] {logging_mixin.py:109} INFO - [2024-02-27 09:17:17,413] {dag.py:1834} INFO - Sync 1 DAGs
[2024-02-27 09:17:17,429] {logging_mixin.py:109} INFO - [2024-02-27 09:17:17,429] {dag.py:2287} INFO - Setting next_dagrun for dagGroup to None
[2024-02-27 09:17:17,443] {processor.py:170} INFO - Processing /opt/airflow/dags/dagGroup copy.py took 0.085 seconds
[2024-02-27 09:17:22,932] {processor.py:162} INFO - Started process (PID=4451) to work on /opt/airflow/dags/dagGroup copy.py
[2024-02-27 09:17:22,934] {processor.py:613} INFO - Processing file /opt/airflow/dags/dagGroup copy.py for tasks to queue
[2024-02-27 09:17:22,935] {logging_mixin.py:109} INFO - [2024-02-27 09:17:22,935] {dagbag.py:496} INFO - Filling up the DagBag from /opt/airflow/dags/dagGroup copy.py
[2024-02-27 09:17:22,949] {processor.py:623} INFO - DAG(s) dict_keys(['dagGroup']) retrieved from /opt/airflow/dags/dagGroup copy.py
[2024-02-27 09:17:22,971] {logging_mixin.py:109} INFO - [2024-02-27 09:17:22,970] {dag.py:1834} INFO - Sync 1 DAGs
[2024-02-27 09:17:22,991] {logging_mixin.py:109} INFO - [2024-02-27 09:17:22,991] {dag.py:2287} INFO - Setting next_dagrun for dagGroup to None
[2024-02-27 09:17:23,018] {processor.py:170} INFO - Processing /opt/airflow/dags/dagGroup copy.py took 0.092 seconds
