[2024-02-27 09:04:57,361] {processor.py:162} INFO - Started process (PID=3182) to work on /opt/airflow/dags/triggerDagComplexa copy.py
[2024-02-27 09:04:57,362] {processor.py:613} INFO - Processing file /opt/airflow/dags/triggerDagComplexa copy.py for tasks to queue
[2024-02-27 09:04:57,363] {logging_mixin.py:109} INFO - [2024-02-27 09:04:57,363] {dagbag.py:496} INFO - Filling up the DagBag from /opt/airflow/dags/triggerDagComplexa copy.py
[2024-02-27 09:04:57,382] {processor.py:623} INFO - DAG(s) dict_keys(['triggerDagComplexa']) retrieved from /opt/airflow/dags/triggerDagComplexa copy.py
[2024-02-27 09:04:57,683] {logging_mixin.py:109} INFO - [2024-02-27 09:04:57,683] {dag.py:1834} INFO - Sync 1 DAGs
[2024-02-27 09:04:57,700] {logging_mixin.py:109} INFO - [2024-02-27 09:04:57,700] {dag.py:2287} INFO - Setting next_dagrun for triggerDagComplexa to None
[2024-02-27 09:04:57,718] {processor.py:170} INFO - Processing /opt/airflow/dags/triggerDagComplexa copy.py took 0.360 seconds
[2024-02-27 09:05:02,872] {processor.py:162} INFO - Started process (PID=3191) to work on /opt/airflow/dags/triggerDagComplexa copy.py
[2024-02-27 09:05:02,875] {processor.py:613} INFO - Processing file /opt/airflow/dags/triggerDagComplexa copy.py for tasks to queue
[2024-02-27 09:05:02,876] {logging_mixin.py:109} INFO - [2024-02-27 09:05:02,875] {dagbag.py:496} INFO - Filling up the DagBag from /opt/airflow/dags/triggerDagComplexa copy.py
[2024-02-27 09:05:02,895] {processor.py:623} INFO - DAG(s) dict_keys(['triggerDagComplexa']) retrieved from /opt/airflow/dags/triggerDagComplexa copy.py
[2024-02-27 09:05:02,914] {logging_mixin.py:109} INFO - [2024-02-27 09:05:02,914] {dag.py:1834} INFO - Sync 1 DAGs
[2024-02-27 09:05:02,935] {logging_mixin.py:109} INFO - [2024-02-27 09:05:02,935] {dag.py:2287} INFO - Setting next_dagrun for triggerDagComplexa to None
[2024-02-27 09:05:02,952] {processor.py:170} INFO - Processing /opt/airflow/dags/triggerDagComplexa copy.py took 0.082 seconds
[2024-02-27 09:05:08,285] {processor.py:162} INFO - Started process (PID=3200) to work on /opt/airflow/dags/triggerDagComplexa copy.py
[2024-02-27 09:05:08,288] {processor.py:613} INFO - Processing file /opt/airflow/dags/triggerDagComplexa copy.py for tasks to queue
[2024-02-27 09:05:08,289] {logging_mixin.py:109} INFO - [2024-02-27 09:05:08,289] {dagbag.py:496} INFO - Filling up the DagBag from /opt/airflow/dags/triggerDagComplexa copy.py
[2024-02-27 09:05:08,306] {processor.py:623} INFO - DAG(s) dict_keys(['triggerDagComplexa']) retrieved from /opt/airflow/dags/triggerDagComplexa copy.py
[2024-02-27 09:05:08,331] {logging_mixin.py:109} INFO - [2024-02-27 09:05:08,331] {dag.py:1834} INFO - Sync 1 DAGs
[2024-02-27 09:05:08,353] {logging_mixin.py:109} INFO - [2024-02-27 09:05:08,353] {dag.py:2287} INFO - Setting next_dagrun for triggerDagComplexa to None
[2024-02-27 09:05:08,364] {processor.py:170} INFO - Processing /opt/airflow/dags/triggerDagComplexa copy.py took 0.083 seconds
