[2024-02-27 09:09:31,341] {taskinstance.py:903} INFO - Dependencies all met for <TaskInstance: dagGroup.tsk_group.tsk8 2024-02-27T09:09:05.695658+00:00 [queued]>
[2024-02-27 09:09:31,368] {taskinstance.py:903} INFO - Dependencies all met for <TaskInstance: dagGroup.tsk_group.tsk8 2024-02-27T09:09:05.695658+00:00 [queued]>
[2024-02-27 09:09:31,369] {taskinstance.py:1095} INFO - 
--------------------------------------------------------------------------------
[2024-02-27 09:09:31,369] {taskinstance.py:1096} INFO - Starting attempt 1 of 1
[2024-02-27 09:09:31,369] {taskinstance.py:1097} INFO - 
--------------------------------------------------------------------------------
[2024-02-27 09:09:31,386] {taskinstance.py:1115} INFO - Executing <Task(BashOperator): tsk_group.tsk8> on 2024-02-27T09:09:05.695658+00:00
[2024-02-27 09:09:31,395] {standard_task_runner.py:52} INFO - Started process 183 to run task
[2024-02-27 09:09:31,404] {standard_task_runner.py:76} INFO - Running: ['***', 'tasks', 'run', 'dagGroup', 'tsk_group.tsk8', '2024-02-27T09:09:05.695658+00:00', '--job-id', '69', '--pool', 'default_pool', '--raw', '--subdir', 'DAGS_FOLDER/dagGroup.py', '--cfg-path', '/tmp/tmpuo0l8wwe', '--error-file', '/tmp/tmpl2m4fdo4']
[2024-02-27 09:09:31,405] {standard_task_runner.py:77} INFO - Job 69: Subtask tsk_group.tsk8
[2024-02-27 09:09:31,478] {logging_mixin.py:109} INFO - Running <TaskInstance: dagGroup.tsk_group.tsk8 2024-02-27T09:09:05.695658+00:00 [running]> on host 1034e60698e1
[2024-02-27 09:09:31,571] {taskinstance.py:1254} INFO - Exporting the following env vars:
AIRFLOW_CTX_DAG_OWNER=***
AIRFLOW_CTX_DAG_ID=dagGroup
AIRFLOW_CTX_TASK_ID=tsk_group.tsk8
AIRFLOW_CTX_EXECUTION_DATE=2024-02-27T09:09:05.695658+00:00
AIRFLOW_CTX_DAG_RUN_ID=manual__2024-02-27T09:09:05.695658+00:00
[2024-02-27 09:09:31,573] {subprocess.py:52} INFO - Tmp dir root location: 
 /tmp
[2024-02-27 09:09:31,575] {subprocess.py:63} INFO - Running command: ['bash', '-c', 'sleep 5']
[2024-02-27 09:09:31,590] {subprocess.py:74} INFO - Output:
[2024-02-27 09:09:36,597] {subprocess.py:82} INFO - Command exited with return code 0
[2024-02-27 09:09:36,639] {taskinstance.py:1219} INFO - Marking task as SUCCESS. dag_id=dagGroup, task_id=tsk_group.tsk8, execution_date=20240227T090905, start_date=20240227T090931, end_date=20240227T090936
[2024-02-27 09:09:36,700] {local_task_job.py:151} INFO - Task exited with return code 0
[2024-02-27 09:09:36,735] {local_task_job.py:261} INFO - 0 downstream tasks scheduled from follow-on schedule check
