[2024-02-27 08:53:32,356] {taskinstance.py:903} INFO - Dependencies all met for <TaskInstance: triggerDagComplexa.tsk8 2024-02-27T08:53:06.096982+00:00 [queued]>
[2024-02-27 08:53:32,384] {taskinstance.py:903} INFO - Dependencies all met for <TaskInstance: triggerDagComplexa.tsk8 2024-02-27T08:53:06.096982+00:00 [queued]>
[2024-02-27 08:53:32,385] {taskinstance.py:1095} INFO - 
--------------------------------------------------------------------------------
[2024-02-27 08:53:32,385] {taskinstance.py:1096} INFO - Starting attempt 1 of 1
[2024-02-27 08:53:32,385] {taskinstance.py:1097} INFO - 
--------------------------------------------------------------------------------
[2024-02-27 08:53:32,398] {taskinstance.py:1115} INFO - Executing <Task(BashOperator): tsk8> on 2024-02-27T08:53:06.096982+00:00
[2024-02-27 08:53:32,407] {standard_task_runner.py:76} INFO - Running: ['***', 'tasks', 'run', 'triggerDagComplexa', 'tsk8', '2024-02-27T08:53:06.096982+00:00', '--job-id', '61', '--pool', 'default_pool', '--raw', '--subdir', 'DAGS_FOLDER/triggerDagComplexa.py', '--cfg-path', '/tmp/tmpivi3njk0', '--error-file', '/tmp/tmp34rc2e7t']
[2024-02-27 08:53:32,403] {standard_task_runner.py:52} INFO - Started process 159 to run task
[2024-02-27 08:53:32,407] {standard_task_runner.py:77} INFO - Job 61: Subtask tsk8
[2024-02-27 08:53:32,459] {logging_mixin.py:109} INFO - Running <TaskInstance: triggerDagComplexa.tsk8 2024-02-27T08:53:06.096982+00:00 [running]> on host 1034e60698e1
[2024-02-27 08:53:32,535] {taskinstance.py:1254} INFO - Exporting the following env vars:
AIRFLOW_CTX_DAG_OWNER=***
AIRFLOW_CTX_DAG_ID=triggerDagComplexa
AIRFLOW_CTX_TASK_ID=tsk8
AIRFLOW_CTX_EXECUTION_DATE=2024-02-27T08:53:06.096982+00:00
AIRFLOW_CTX_DAG_RUN_ID=manual__2024-02-27T08:53:06.096982+00:00
[2024-02-27 08:53:32,537] {subprocess.py:52} INFO - Tmp dir root location: 
 /tmp
[2024-02-27 08:53:32,538] {subprocess.py:63} INFO - Running command: ['bash', '-c', 'sleep 5']
[2024-02-27 08:53:32,547] {subprocess.py:74} INFO - Output:
[2024-02-27 08:53:37,551] {subprocess.py:82} INFO - Command exited with return code 0
[2024-02-27 08:53:37,591] {taskinstance.py:1219} INFO - Marking task as SUCCESS. dag_id=triggerDagComplexa, task_id=tsk8, execution_date=20240227T085306, start_date=20240227T085332, end_date=20240227T085337
[2024-02-27 08:53:37,651] {local_task_job.py:151} INFO - Task exited with return code 0
[2024-02-27 08:53:37,688] {local_task_job.py:261} INFO - 0 downstream tasks scheduled from follow-on schedule check
