[2024-03-08T09:19:30.490+0000] {taskinstance.py:1083} INFO - Dependencies all met for <TaskInstance: windturbine.file_sensor_task manual__2024-03-08T09:19:26.919732+00:00 [queued]>
[2024-03-08T09:19:30.528+0000] {taskinstance.py:1083} INFO - Dependencies all met for <TaskInstance: windturbine.file_sensor_task manual__2024-03-08T09:19:26.919732+00:00 [queued]>
[2024-03-08T09:19:30.529+0000] {taskinstance.py:1279} INFO - 
--------------------------------------------------------------------------------
[2024-03-08T09:19:30.529+0000] {taskinstance.py:1280} INFO - Starting attempt 1 of 2
[2024-03-08T09:19:30.530+0000] {taskinstance.py:1281} INFO - 
--------------------------------------------------------------------------------
[2024-03-08T09:19:30.577+0000] {taskinstance.py:1300} INFO - Executing <Task(FileSensor): file_sensor_task> on 2024-03-08 09:19:26.919732+00:00
[2024-03-08T09:19:30.593+0000] {standard_task_runner.py:55} INFO - Started process 86 to run task
[2024-03-08T09:19:30.603+0000] {standard_task_runner.py:82} INFO - Running: ['***', 'tasks', 'run', 'windturbine', 'file_sensor_task', 'manual__2024-03-08T09:19:26.919732+00:00', '--job-id', '354', '--raw', '--subdir', 'DAGS_FOLDER/windturbin.py', '--cfg-path', '/tmp/tmpa540xytd']
[2024-03-08T09:19:30.605+0000] {standard_task_runner.py:83} INFO - Job 354: Subtask file_sensor_task
[2024-03-08T09:19:30.648+0000] {warnings.py:110} WARNING - /home/***/.local/lib/python3.7/site-packages/***/settings.py:249: DeprecationWarning: The sql_alchemy_conn option in [core] has been moved to the sql_alchemy_conn option in [database] - the old setting has been used, but please update your config.
  SQL_ALCHEMY_CONN = conf.get("database", "SQL_ALCHEMY_CONN")

[2024-03-08T09:19:30.841+0000] {task_command.py:388} INFO - Running <TaskInstance: windturbine.file_sensor_task manual__2024-03-08T09:19:26.919732+00:00 [running]> on host 574a12f58141
[2024-03-08T09:19:31.193+0000] {taskinstance.py:1509} INFO - Exporting the following env vars:
AIRFLOW_CTX_DAG_EMAIL=jezandre_tiago@hotmail.com
AIRFLOW_CTX_DAG_OWNER=***
AIRFLOW_CTX_DAG_ID=windturbine
AIRFLOW_CTX_TASK_ID=file_sensor_task
AIRFLOW_CTX_EXECUTION_DATE=2024-03-08T09:19:26.919732+00:00
AIRFLOW_CTX_TRY_NUMBER=1
AIRFLOW_CTX_DAG_RUN_ID=manual__2024-03-08T09:19:26.919732+00:00
[2024-03-08T09:19:31.237+0000] {base.py:73} INFO - Using connection ID 'fs_default' for task execution.
[2024-03-08T09:19:31.238+0000] {filesystem.py:64} INFO - Poking for file /opt/***/data/data.json
[2024-03-08T09:19:31.239+0000] {filesystem.py:69} INFO - Found File /opt/***/data/data.json last modified: 20240306093308
[2024-03-08T09:19:31.239+0000] {base.py:228} INFO - Success criteria met. Exiting.
[2024-03-08T09:19:31.266+0000] {taskinstance.py:1323} INFO - Marking task as SUCCESS. dag_id=windturbine, task_id=file_sensor_task, execution_date=20240308T091926, start_date=20240308T091930, end_date=20240308T091931
[2024-03-08T09:19:31.342+0000] {local_task_job.py:208} INFO - Task exited with return code 0
[2024-03-08T09:19:31.493+0000] {taskinstance.py:2578} INFO - 1 downstream tasks scheduled from follow-on schedule check
