[2024-02-27 08:53:23,687] {taskinstance.py:903} INFO - Dependencies all met for <TaskInstance: triggerDagComplexa.tsk6 2024-02-27T08:51:50.275816+00:00 [queued]>
[2024-02-27 08:53:23,710] {taskinstance.py:903} INFO - Dependencies all met for <TaskInstance: triggerDagComplexa.tsk6 2024-02-27T08:51:50.275816+00:00 [queued]>
[2024-02-27 08:53:23,710] {taskinstance.py:1095} INFO - 
--------------------------------------------------------------------------------
[2024-02-27 08:53:23,710] {taskinstance.py:1096} INFO - Starting attempt 1 of 1
[2024-02-27 08:53:23,710] {taskinstance.py:1097} INFO - 
--------------------------------------------------------------------------------
[2024-02-27 08:53:23,723] {taskinstance.py:1115} INFO - Executing <Task(BashOperator): tsk6> on 2024-02-27T08:51:50.275816+00:00
[2024-02-27 08:53:23,728] {standard_task_runner.py:52} INFO - Started process 137 to run task
[2024-02-27 08:53:23,732] {standard_task_runner.py:76} INFO - Running: ['***', 'tasks', 'run', 'triggerDagComplexa', 'tsk6', '2024-02-27T08:51:50.275816+00:00', '--job-id', '53', '--pool', 'default_pool', '--raw', '--subdir', 'DAGS_FOLDER/triggerDagComplexa.py', '--cfg-path', '/tmp/tmphure1ofe', '--error-file', '/tmp/tmpl2q2qfi7']
[2024-02-27 08:53:23,732] {standard_task_runner.py:77} INFO - Job 53: Subtask tsk6
[2024-02-27 08:53:23,783] {logging_mixin.py:109} INFO - Running <TaskInstance: triggerDagComplexa.tsk6 2024-02-27T08:51:50.275816+00:00 [running]> on host 1034e60698e1
[2024-02-27 08:53:23,848] {taskinstance.py:1254} INFO - Exporting the following env vars:
AIRFLOW_CTX_DAG_OWNER=***
AIRFLOW_CTX_DAG_ID=triggerDagComplexa
AIRFLOW_CTX_TASK_ID=tsk6
AIRFLOW_CTX_EXECUTION_DATE=2024-02-27T08:51:50.275816+00:00
AIRFLOW_CTX_DAG_RUN_ID=manual__2024-02-27T08:51:50.275816+00:00
[2024-02-27 08:53:23,849] {subprocess.py:52} INFO - Tmp dir root location: 
 /tmp
[2024-02-27 08:53:23,850] {subprocess.py:63} INFO - Running command: ['bash', '-c', 'sleep 5']
[2024-02-27 08:53:23,859] {subprocess.py:74} INFO - Output:
[2024-02-27 08:53:28,863] {subprocess.py:82} INFO - Command exited with return code 0
[2024-02-27 08:53:28,900] {taskinstance.py:1219} INFO - Marking task as SUCCESS. dag_id=triggerDagComplexa, task_id=tsk6, execution_date=20240227T085150, start_date=20240227T085323, end_date=20240227T085328
[2024-02-27 08:53:28,947] {local_task_job.py:151} INFO - Task exited with return code 0
[2024-02-27 08:53:28,985] {local_task_job.py:261} INFO - 2 downstream tasks scheduled from follow-on schedule check
