[2024-03-06T09:15:42.788+0000] {taskinstance.py:1083} INFO - Dependencies all met for <TaskInstance: bigdata.big_data manual__2024-03-06T09:15:37.659440+00:00 [queued]>
[2024-03-06T09:15:42.831+0000] {taskinstance.py:1083} INFO - Dependencies all met for <TaskInstance: bigdata.big_data manual__2024-03-06T09:15:37.659440+00:00 [queued]>
[2024-03-06T09:15:42.831+0000] {taskinstance.py:1279} INFO - 
--------------------------------------------------------------------------------
[2024-03-06T09:15:42.832+0000] {taskinstance.py:1280} INFO - Starting attempt 1 of 1
[2024-03-06T09:15:42.832+0000] {taskinstance.py:1281} INFO - 
--------------------------------------------------------------------------------
[2024-03-06T09:15:42.889+0000] {taskinstance.py:1300} INFO - Executing <Task(BigDataOperator): big_data> on 2024-03-06 09:15:37.659440+00:00
[2024-03-06T09:15:42.900+0000] {standard_task_runner.py:55} INFO - Started process 59 to run task
[2024-03-06T09:15:42.906+0000] {standard_task_runner.py:82} INFO - Running: ['***', 'tasks', 'run', 'bigdata', 'big_data', 'manual__2024-03-06T09:15:37.659440+00:00', '--job-id', '339', '--raw', '--subdir', 'DAGS_FOLDER/bigdata.py', '--cfg-path', '/tmp/tmp8wm6zlzo']
[2024-03-06T09:15:42.910+0000] {standard_task_runner.py:83} INFO - Job 339: Subtask big_data
[2024-03-06T09:15:42.941+0000] {warnings.py:110} WARNING - /home/***/.local/lib/python3.7/site-packages/***/settings.py:249: DeprecationWarning: The sql_alchemy_conn option in [core] has been moved to the sql_alchemy_conn option in [database] - the old setting has been used, but please update your config.
  SQL_ALCHEMY_CONN = conf.get("database", "SQL_ALCHEMY_CONN")

[2024-03-06T09:15:43.153+0000] {task_command.py:388} INFO - Running <TaskInstance: bigdata.big_data manual__2024-03-06T09:15:37.659440+00:00 [running]> on host 574a12f58141
[2024-03-06T09:15:43.440+0000] {taskinstance.py:1509} INFO - Exporting the following env vars:
AIRFLOW_CTX_DAG_OWNER=***
AIRFLOW_CTX_DAG_ID=bigdata
AIRFLOW_CTX_TASK_ID=big_data
AIRFLOW_CTX_EXECUTION_DATE=2024-03-06T09:15:37.659440+00:00
AIRFLOW_CTX_TRY_NUMBER=1
AIRFLOW_CTX_DAG_RUN_ID=manual__2024-03-06T09:15:37.659440+00:00
[2024-03-06T09:15:43.786+0000] {taskinstance.py:1323} INFO - Marking task as SUCCESS. dag_id=bigdata, task_id=big_data, execution_date=20240306T091537, start_date=20240306T091542, end_date=20240306T091543
[2024-03-06T09:15:43.886+0000] {local_task_job.py:208} INFO - Task exited with return code 0
[2024-03-06T09:15:43.935+0000] {taskinstance.py:2578} INFO - 0 downstream tasks scheduled from follow-on schedule check
