[2024-03-01 08:49:26,796] {taskinstance.py:903} INFO - Dependencies all met for <TaskInstance: pool.tsk1 2024-03-01T08:49:06.702071+00:00 [queued]>
[2024-03-01 08:49:26,823] {taskinstance.py:903} INFO - Dependencies all met for <TaskInstance: pool.tsk1 2024-03-01T08:49:06.702071+00:00 [queued]>
[2024-03-01 08:49:26,823] {taskinstance.py:1095} INFO - 
--------------------------------------------------------------------------------
[2024-03-01 08:49:26,823] {taskinstance.py:1096} INFO - Starting attempt 1 of 1
[2024-03-01 08:49:26,823] {taskinstance.py:1097} INFO - 
--------------------------------------------------------------------------------
[2024-03-01 08:49:26,837] {taskinstance.py:1115} INFO - Executing <Task(BashOperator): tsk1> on 2024-03-01T08:49:06.702071+00:00
[2024-03-01 08:49:26,842] {standard_task_runner.py:52} INFO - Started process 105 to run task
[2024-03-01 08:49:26,847] {standard_task_runner.py:76} INFO - Running: ['***', 'tasks', 'run', 'pool', 'tsk1', '2024-03-01T08:49:06.702071+00:00', '--job-id', '257', '--pool', 'meu pool', '--raw', '--subdir', 'DAGS_FOLDER/pools.py', '--cfg-path', '/tmp/tmpjviw5c9d', '--error-file', '/tmp/tmpbjuvo6a8']
[2024-03-01 08:49:26,848] {standard_task_runner.py:77} INFO - Job 257: Subtask tsk1
[2024-03-01 08:49:26,907] {logging_mixin.py:109} INFO - Running <TaskInstance: pool.tsk1 2024-03-01T08:49:06.702071+00:00 [running]> on host b6da4fb5c714
[2024-03-01 08:49:27,000] {taskinstance.py:1254} INFO - Exporting the following env vars:
AIRFLOW_CTX_DAG_OWNER=***
AIRFLOW_CTX_DAG_ID=pool
AIRFLOW_CTX_TASK_ID=tsk1
AIRFLOW_CTX_EXECUTION_DATE=2024-03-01T08:49:06.702071+00:00
AIRFLOW_CTX_DAG_RUN_ID=manual__2024-03-01T08:49:06.702071+00:00
[2024-03-01 08:49:27,001] {subprocess.py:52} INFO - Tmp dir root location: 
 /tmp
[2024-03-01 08:49:27,003] {subprocess.py:63} INFO - Running command: ['bash', '-c', 'sleep 5']
[2024-03-01 08:49:27,016] {subprocess.py:74} INFO - Output:
[2024-03-01 08:49:32,020] {subprocess.py:82} INFO - Command exited with return code 0
[2024-03-01 08:49:32,075] {taskinstance.py:1219} INFO - Marking task as SUCCESS. dag_id=pool, task_id=tsk1, execution_date=20240301T084906, start_date=20240301T084926, end_date=20240301T084932
[2024-03-01 08:49:32,139] {local_task_job.py:151} INFO - Task exited with return code 0
[2024-03-01 08:49:32,177] {local_task_job.py:261} INFO - 0 downstream tasks scheduled from follow-on schedule check
