[2024-03-01 08:35:15,271] {taskinstance.py:903} INFO - Dependencies all met for <TaskInstance: pool.tsk2 2024-03-01T08:35:13.704850+00:00 [queued]>
[2024-03-01 08:35:15,327] {taskinstance.py:903} INFO - Dependencies all met for <TaskInstance: pool.tsk2 2024-03-01T08:35:13.704850+00:00 [queued]>
[2024-03-01 08:35:15,328] {taskinstance.py:1095} INFO - 
--------------------------------------------------------------------------------
[2024-03-01 08:35:15,328] {taskinstance.py:1096} INFO - Starting attempt 1 of 1
[2024-03-01 08:35:15,328] {taskinstance.py:1097} INFO - 
--------------------------------------------------------------------------------
[2024-03-01 08:35:15,348] {taskinstance.py:1115} INFO - Executing <Task(BashOperator): tsk2> on 2024-03-01T08:35:13.704850+00:00
[2024-03-01 08:35:15,357] {standard_task_runner.py:52} INFO - Started process 84 to run task
[2024-03-01 08:35:15,365] {standard_task_runner.py:76} INFO - Running: ['***', 'tasks', 'run', 'pool', 'tsk2', '2024-03-01T08:35:13.704850+00:00', '--job-id', '251', '--pool', 'default_pool', '--raw', '--subdir', 'DAGS_FOLDER/pools.py', '--cfg-path', '/tmp/tmpg0xkmriy', '--error-file', '/tmp/tmpat78q1o3']
[2024-03-01 08:35:15,366] {standard_task_runner.py:77} INFO - Job 251: Subtask tsk2
[2024-03-01 08:35:15,451] {logging_mixin.py:109} INFO - Running <TaskInstance: pool.tsk2 2024-03-01T08:35:13.704850+00:00 [running]> on host b6da4fb5c714
[2024-03-01 08:35:15,575] {taskinstance.py:1254} INFO - Exporting the following env vars:
AIRFLOW_CTX_DAG_OWNER=***
AIRFLOW_CTX_DAG_ID=pool
AIRFLOW_CTX_TASK_ID=tsk2
AIRFLOW_CTX_EXECUTION_DATE=2024-03-01T08:35:13.704850+00:00
AIRFLOW_CTX_DAG_RUN_ID=manual__2024-03-01T08:35:13.704850+00:00
[2024-03-01 08:35:15,577] {subprocess.py:52} INFO - Tmp dir root location: 
 /tmp
[2024-03-01 08:35:15,579] {subprocess.py:63} INFO - Running command: ['bash', '-c', 'sleep 1']
[2024-03-01 08:35:15,600] {subprocess.py:74} INFO - Output:
[2024-03-01 08:35:16,628] {subprocess.py:82} INFO - Command exited with return code 0
[2024-03-01 08:35:16,778] {taskinstance.py:1219} INFO - Marking task as SUCCESS. dag_id=pool, task_id=tsk2, execution_date=20240301T083513, start_date=20240301T083515, end_date=20240301T083516
[2024-03-01 08:35:16,932] {local_task_job.py:151} INFO - Task exited with return code 0
[2024-03-01 08:35:17,014] {local_task_job.py:261} INFO - 0 downstream tasks scheduled from follow-on schedule check
