[2024-02-27 08:53:30,159] {taskinstance.py:903} INFO - Dependencies all met for <TaskInstance: triggerDagComplexa.tsk8 2024-02-27T08:52:22.410638+00:00 [queued]>
[2024-02-27 08:53:30,189] {taskinstance.py:903} INFO - Dependencies all met for <TaskInstance: triggerDagComplexa.tsk8 2024-02-27T08:52:22.410638+00:00 [queued]>
[2024-02-27 08:53:30,190] {taskinstance.py:1095} INFO - 
--------------------------------------------------------------------------------
[2024-02-27 08:53:30,190] {taskinstance.py:1096} INFO - Starting attempt 1 of 1
[2024-02-27 08:53:30,190] {taskinstance.py:1097} INFO - 
--------------------------------------------------------------------------------
[2024-02-27 08:53:30,210] {taskinstance.py:1115} INFO - Executing <Task(BashOperator): tsk8> on 2024-02-27T08:52:22.410638+00:00
[2024-02-27 08:53:30,217] {standard_task_runner.py:52} INFO - Started process 149 to run task
[2024-02-27 08:53:30,222] {standard_task_runner.py:76} INFO - Running: ['***', 'tasks', 'run', 'triggerDagComplexa', 'tsk8', '2024-02-27T08:52:22.410638+00:00', '--job-id', '57', '--pool', 'default_pool', '--raw', '--subdir', 'DAGS_FOLDER/triggerDagComplexa.py', '--cfg-path', '/tmp/tmp89ajcc26', '--error-file', '/tmp/tmp7f88vv38']
[2024-02-27 08:53:30,224] {standard_task_runner.py:77} INFO - Job 57: Subtask tsk8
[2024-02-27 08:53:30,295] {logging_mixin.py:109} INFO - Running <TaskInstance: triggerDagComplexa.tsk8 2024-02-27T08:52:22.410638+00:00 [running]> on host 1034e60698e1
[2024-02-27 08:53:30,387] {taskinstance.py:1254} INFO - Exporting the following env vars:
AIRFLOW_CTX_DAG_OWNER=***
AIRFLOW_CTX_DAG_ID=triggerDagComplexa
AIRFLOW_CTX_TASK_ID=tsk8
AIRFLOW_CTX_EXECUTION_DATE=2024-02-27T08:52:22.410638+00:00
AIRFLOW_CTX_DAG_RUN_ID=manual__2024-02-27T08:52:22.410638+00:00
[2024-02-27 08:53:30,388] {subprocess.py:52} INFO - Tmp dir root location: 
 /tmp
[2024-02-27 08:53:30,391] {subprocess.py:63} INFO - Running command: ['bash', '-c', 'sleep 5']
[2024-02-27 08:53:30,404] {subprocess.py:74} INFO - Output:
[2024-02-27 08:53:35,409] {subprocess.py:82} INFO - Command exited with return code 0
[2024-02-27 08:53:35,465] {taskinstance.py:1219} INFO - Marking task as SUCCESS. dag_id=triggerDagComplexa, task_id=tsk8, execution_date=20240227T085222, start_date=20240227T085330, end_date=20240227T085335
[2024-02-27 08:53:35,510] {local_task_job.py:151} INFO - Task exited with return code 0
[2024-02-27 08:53:35,554] {local_task_job.py:261} INFO - 0 downstream tasks scheduled from follow-on schedule check
