[2024-03-01 10:00:06,690] {taskinstance.py:903} INFO - Dependencies all met for <TaskInstance: defaultargs.tsk2 2024-03-01T09:00:00+00:00 [queued]>
[2024-03-01 10:00:06,721] {taskinstance.py:903} INFO - Dependencies all met for <TaskInstance: defaultargs.tsk2 2024-03-01T09:00:00+00:00 [queued]>
[2024-03-01 10:00:06,722] {taskinstance.py:1095} INFO - 
--------------------------------------------------------------------------------
[2024-03-01 10:00:06,722] {taskinstance.py:1096} INFO - Starting attempt 1 of 2
[2024-03-01 10:00:06,722] {taskinstance.py:1097} INFO - 
--------------------------------------------------------------------------------
[2024-03-01 10:00:06,742] {taskinstance.py:1115} INFO - Executing <Task(BashOperator): tsk2> on 2024-03-01T09:00:00+00:00
[2024-03-01 10:00:06,748] {standard_task_runner.py:52} INFO - Started process 147 to run task
[2024-03-01 10:00:06,754] {standard_task_runner.py:76} INFO - Running: ['***', 'tasks', 'run', 'defaultargs', 'tsk2', '2024-03-01T09:00:00+00:00', '--job-id', '274', '--pool', 'default_pool', '--raw', '--subdir', 'DAGS_FOLDER/defaultargs.py', '--cfg-path', '/tmp/tmp0ykk8pid', '--error-file', '/tmp/tmpiq04ura0']
[2024-03-01 10:00:06,755] {standard_task_runner.py:77} INFO - Job 274: Subtask tsk2
[2024-03-01 10:00:06,820] {logging_mixin.py:109} INFO - Running <TaskInstance: defaultargs.tsk2 2024-03-01T09:00:00+00:00 [running]> on host b6da4fb5c714
[2024-03-01 10:00:06,926] {taskinstance.py:1254} INFO - Exporting the following env vars:
AIRFLOW_CTX_DAG_EMAIL=jezandre_tiago@hotmail.com
AIRFLOW_CTX_DAG_OWNER=***
AIRFLOW_CTX_DAG_ID=defaultargs
AIRFLOW_CTX_TASK_ID=tsk2
AIRFLOW_CTX_EXECUTION_DATE=2024-03-01T09:00:00+00:00
AIRFLOW_CTX_DAG_RUN_ID=scheduled__2024-03-01T09:00:00+00:00
[2024-03-01 10:00:06,928] {subprocess.py:52} INFO - Tmp dir root location: 
 /tmp
[2024-03-01 10:00:06,930] {subprocess.py:63} INFO - Running command: ['bash', '-c', 'sleep 5']
[2024-03-01 10:00:06,945] {subprocess.py:74} INFO - Output:
[2024-03-01 10:00:11,951] {subprocess.py:82} INFO - Command exited with return code 0
[2024-03-01 10:00:12,010] {taskinstance.py:1219} INFO - Marking task as SUCCESS. dag_id=defaultargs, task_id=tsk2, execution_date=20240301T090000, start_date=20240301T100006, end_date=20240301T100012
[2024-03-01 10:00:12,084] {local_task_job.py:151} INFO - Task exited with return code 0
[2024-03-01 10:00:12,123] {local_task_job.py:261} INFO - 1 downstream tasks scheduled from follow-on schedule check
