[2024-03-01 09:00:07,905] {taskinstance.py:903} INFO - Dependencies all met for <TaskInstance: defaultargs.tsk2 2024-03-01T08:00:00+00:00 [queued]>
[2024-03-01 09:00:07,947] {taskinstance.py:903} INFO - Dependencies all met for <TaskInstance: defaultargs.tsk2 2024-03-01T08:00:00+00:00 [queued]>
[2024-03-01 09:00:07,948] {taskinstance.py:1095} INFO - 
--------------------------------------------------------------------------------
[2024-03-01 09:00:07,949] {taskinstance.py:1096} INFO - Starting attempt 1 of 2
[2024-03-01 09:00:07,949] {taskinstance.py:1097} INFO - 
--------------------------------------------------------------------------------
[2024-03-01 09:00:07,971] {taskinstance.py:1115} INFO - Executing <Task(BashOperator): tsk2> on 2024-03-01T08:00:00+00:00
[2024-03-01 09:00:07,979] {standard_task_runner.py:52} INFO - Started process 111 to run task
[2024-03-01 09:00:07,986] {standard_task_runner.py:76} INFO - Running: ['***', 'tasks', 'run', 'defaultargs', 'tsk2', '2024-03-01T08:00:00+00:00', '--job-id', '259', '--pool', 'default_pool', '--raw', '--subdir', 'DAGS_FOLDER/defaultargs.py', '--cfg-path', '/tmp/tmp09r6_cnl', '--error-file', '/tmp/tmpmilkuiuh']
[2024-03-01 09:00:07,988] {standard_task_runner.py:77} INFO - Job 259: Subtask tsk2
[2024-03-01 09:00:08,068] {logging_mixin.py:109} INFO - Running <TaskInstance: defaultargs.tsk2 2024-03-01T08:00:00+00:00 [running]> on host b6da4fb5c714
[2024-03-01 09:00:08,156] {taskinstance.py:1254} INFO - Exporting the following env vars:
AIRFLOW_CTX_DAG_EMAIL=jezandre_tiago@hotmail.com
AIRFLOW_CTX_DAG_OWNER=***
AIRFLOW_CTX_DAG_ID=defaultargs
AIRFLOW_CTX_TASK_ID=tsk2
AIRFLOW_CTX_EXECUTION_DATE=2024-03-01T08:00:00+00:00
AIRFLOW_CTX_DAG_RUN_ID=scheduled__2024-03-01T08:00:00+00:00
[2024-03-01 09:00:08,158] {subprocess.py:52} INFO - Tmp dir root location: 
 /tmp
[2024-03-01 09:00:08,159] {subprocess.py:63} INFO - Running command: ['bash', '-c', 'sleep 5']
[2024-03-01 09:00:08,174] {subprocess.py:74} INFO - Output:
[2024-03-01 09:00:13,178] {subprocess.py:82} INFO - Command exited with return code 0
[2024-03-01 09:00:13,229] {taskinstance.py:1219} INFO - Marking task as SUCCESS. dag_id=defaultargs, task_id=tsk2, execution_date=20240301T080000, start_date=20240301T090007, end_date=20240301T090013
[2024-03-01 09:00:13,283] {local_task_job.py:151} INFO - Task exited with return code 0
[2024-03-01 09:00:13,323] {local_task_job.py:261} INFO - 1 downstream tasks scheduled from follow-on schedule check
