[2024-02-26 09:18:12,007] {taskinstance.py:903} INFO - Dependencies all met for <TaskInstance: segunda_dag.tsk3 2024-02-26T09:18:02.753380+00:00 [queued]>
[2024-02-26 09:18:12,043] {taskinstance.py:903} INFO - Dependencies all met for <TaskInstance: segunda_dag.tsk3 2024-02-26T09:18:02.753380+00:00 [queued]>
[2024-02-26 09:18:12,043] {taskinstance.py:1095} INFO - 
--------------------------------------------------------------------------------
[2024-02-26 09:18:12,043] {taskinstance.py:1096} INFO - Starting attempt 1 of 1
[2024-02-26 09:18:12,043] {taskinstance.py:1097} INFO - 
--------------------------------------------------------------------------------
[2024-02-26 09:18:12,060] {taskinstance.py:1115} INFO - Executing <Task(BashOperator): tsk3> on 2024-02-26T09:18:02.753380+00:00
[2024-02-26 09:18:12,074] {standard_task_runner.py:76} INFO - Running: ['***', 'tasks', 'run', 'segunda_dag', 'tsk3', '2024-02-26T09:18:02.753380+00:00', '--job-id', '13', '--pool', 'default_pool', '--raw', '--subdir', 'DAGS_FOLDER/segundadag.py', '--cfg-path', '/tmp/tmpls2238w9', '--error-file', '/tmp/tmp9oruylxh']
[2024-02-26 09:18:12,075] {standard_task_runner.py:77} INFO - Job 13: Subtask tsk3
[2024-02-26 09:18:12,068] {standard_task_runner.py:52} INFO - Started process 75 to run task
[2024-02-26 09:18:12,144] {logging_mixin.py:109} INFO - Running <TaskInstance: segunda_dag.tsk3 2024-02-26T09:18:02.753380+00:00 [running]> on host 04388f236fb1
[2024-02-26 09:18:12,249] {taskinstance.py:1254} INFO - Exporting the following env vars:
AIRFLOW_CTX_DAG_OWNER=***
AIRFLOW_CTX_DAG_ID=segunda_dag
AIRFLOW_CTX_TASK_ID=tsk3
AIRFLOW_CTX_EXECUTION_DATE=2024-02-26T09:18:02.753380+00:00
AIRFLOW_CTX_DAG_RUN_ID=manual__2024-02-26T09:18:02.753380+00:00
[2024-02-26 09:18:12,255] {subprocess.py:52} INFO - Tmp dir root location: 
 /tmp
[2024-02-26 09:18:12,257] {subprocess.py:63} INFO - Running command: ['bash', '-c', 'sleep 5']
[2024-02-26 09:18:12,274] {subprocess.py:74} INFO - Output:
[2024-02-26 09:18:17,283] {subprocess.py:82} INFO - Command exited with return code 0
[2024-02-26 09:18:17,342] {taskinstance.py:1219} INFO - Marking task as SUCCESS. dag_id=segunda_dag, task_id=tsk3, execution_date=20240226T091802, start_date=20240226T091812, end_date=20240226T091817
[2024-02-26 09:18:17,420] {local_task_job.py:151} INFO - Task exited with return code 0
[2024-02-26 09:18:17,461] {local_task_job.py:261} INFO - 0 downstream tasks scheduled from follow-on schedule check
