[2024-02-28 08:45:59,903] {taskinstance.py:903} INFO - Dependencies all met for <TaskInstance: defaultargs.tsk1 2024-02-28T07:00:00+00:00 [queued]>
[2024-02-28 08:45:59,986] {taskinstance.py:903} INFO - Dependencies all met for <TaskInstance: defaultargs.tsk1 2024-02-28T07:00:00+00:00 [queued]>
[2024-02-28 08:45:59,986] {taskinstance.py:1095} INFO - 
--------------------------------------------------------------------------------
[2024-02-28 08:45:59,987] {taskinstance.py:1096} INFO - Starting attempt 1 of 4
[2024-02-28 08:45:59,987] {taskinstance.py:1097} INFO - 
--------------------------------------------------------------------------------
[2024-02-28 08:46:00,033] {taskinstance.py:1115} INFO - Executing <Task(BashOperator): tsk1> on 2024-02-28T07:00:00+00:00
[2024-02-28 08:46:00,110] {standard_task_runner.py:76} INFO - Running: ['***', 'tasks', 'run', 'defaultargs', 'tsk1', '2024-02-28T07:00:00+00:00', '--job-id', '129', '--pool', 'default_pool', '--raw', '--subdir', 'DAGS_FOLDER/defaultargs.py', '--cfg-path', '/tmp/tmpgxe534du', '--error-file', '/tmp/tmp7m4nu26a']
[2024-02-28 08:46:00,116] {standard_task_runner.py:77} INFO - Job 129: Subtask tsk1
[2024-02-28 08:46:00,065] {standard_task_runner.py:52} INFO - Started process 63 to run task
[2024-02-28 08:46:00,493] {logging_mixin.py:109} INFO - Running <TaskInstance: defaultargs.tsk1 2024-02-28T07:00:00+00:00 [running]> on host 14529f4830f2
[2024-02-28 08:46:00,837] {taskinstance.py:1254} INFO - Exporting the following env vars:
AIRFLOW_CTX_DAG_EMAIL=jezandre_tiago@hotmail.com
AIRFLOW_CTX_DAG_OWNER=***
AIRFLOW_CTX_DAG_ID=defaultargs
AIRFLOW_CTX_TASK_ID=tsk1
AIRFLOW_CTX_EXECUTION_DATE=2024-02-28T07:00:00+00:00
AIRFLOW_CTX_DAG_RUN_ID=scheduled__2024-02-28T07:00:00+00:00
[2024-02-28 08:46:00,838] {subprocess.py:52} INFO - Tmp dir root location: 
 /tmp
[2024-02-28 08:46:00,850] {subprocess.py:63} INFO - Running command: ['bash', '-c', 'sleep 5']
[2024-02-28 08:46:00,902] {subprocess.py:74} INFO - Output:
[2024-02-28 08:46:05,923] {subprocess.py:82} INFO - Command exited with return code 0
[2024-02-28 08:46:06,082] {taskinstance.py:1219} INFO - Marking task as SUCCESS. dag_id=defaultargs, task_id=tsk1, execution_date=20240228T070000, start_date=20240228T084559, end_date=20240228T084606
[2024-02-28 08:46:06,322] {local_task_job.py:151} INFO - Task exited with return code 0
[2024-02-28 08:46:06,496] {local_task_job.py:261} INFO - 1 downstream tasks scheduled from follow-on schedule check
