[2024-02-29 08:56:14,357] {taskinstance.py:903} INFO - Dependencies all met for <TaskInstance: defaultargs.tsk1 2024-02-28T09:00:00+00:00 [queued]>
[2024-02-29 08:56:14,411] {taskinstance.py:903} INFO - Dependencies all met for <TaskInstance: defaultargs.tsk1 2024-02-28T09:00:00+00:00 [queued]>
[2024-02-29 08:56:14,412] {taskinstance.py:1095} INFO - 
--------------------------------------------------------------------------------
[2024-02-29 08:56:14,412] {taskinstance.py:1096} INFO - Starting attempt 1 of 4
[2024-02-29 08:56:14,412] {taskinstance.py:1097} INFO - 
--------------------------------------------------------------------------------
[2024-02-29 08:56:14,485] {taskinstance.py:1115} INFO - Executing <Task(BashOperator): tsk1> on 2024-02-28T09:00:00+00:00
[2024-02-29 08:56:14,508] {standard_task_runner.py:52} INFO - Started process 63 to run task
[2024-02-29 08:56:14,524] {standard_task_runner.py:76} INFO - Running: ['***', 'tasks', 'run', 'defaultargs', 'tsk1', '2024-02-28T09:00:00+00:00', '--job-id', '204', '--pool', 'default_pool', '--raw', '--subdir', 'DAGS_FOLDER/defaultargs.py', '--cfg-path', '/tmp/tmpvvb2ev76', '--error-file', '/tmp/tmpqjr2kadt']
[2024-02-29 08:56:14,525] {standard_task_runner.py:77} INFO - Job 204: Subtask tsk1
[2024-02-29 08:56:14,662] {logging_mixin.py:109} INFO - Running <TaskInstance: defaultargs.tsk1 2024-02-28T09:00:00+00:00 [running]> on host 8f2f0b73bf26
[2024-02-29 08:56:14,823] {taskinstance.py:1254} INFO - Exporting the following env vars:
AIRFLOW_CTX_DAG_EMAIL=jezandre_tiago@hotmail.com
AIRFLOW_CTX_DAG_OWNER=***
AIRFLOW_CTX_DAG_ID=defaultargs
AIRFLOW_CTX_TASK_ID=tsk1
AIRFLOW_CTX_EXECUTION_DATE=2024-02-28T09:00:00+00:00
AIRFLOW_CTX_DAG_RUN_ID=scheduled__2024-02-28T09:00:00+00:00
[2024-02-29 08:56:14,825] {subprocess.py:52} INFO - Tmp dir root location: 
 /tmp
[2024-02-29 08:56:14,827] {subprocess.py:63} INFO - Running command: ['bash', '-c', 'sleep 5']
[2024-02-29 08:56:14,857] {subprocess.py:74} INFO - Output:
[2024-02-29 08:56:19,867] {subprocess.py:82} INFO - Command exited with return code 0
[2024-02-29 08:56:19,967] {taskinstance.py:1219} INFO - Marking task as SUCCESS. dag_id=defaultargs, task_id=tsk1, execution_date=20240228T090000, start_date=20240229T085614, end_date=20240229T085619
[2024-02-29 08:56:20,065] {local_task_job.py:151} INFO - Task exited with return code 0
[2024-02-29 08:56:20,170] {local_task_job.py:261} INFO - 1 downstream tasks scheduled from follow-on schedule check
