[2024-02-29 08:56:21,603] {taskinstance.py:903} INFO - Dependencies all met for <TaskInstance: defaultargs.tsk2 2024-02-28T09:00:00+00:00 [queued]>
[2024-02-29 08:56:21,676] {taskinstance.py:903} INFO - Dependencies all met for <TaskInstance: defaultargs.tsk2 2024-02-28T09:00:00+00:00 [queued]>
[2024-02-29 08:56:21,678] {taskinstance.py:1095} INFO - 
--------------------------------------------------------------------------------
[2024-02-29 08:56:21,678] {taskinstance.py:1096} INFO - Starting attempt 1 of 2
[2024-02-29 08:56:21,679] {taskinstance.py:1097} INFO - 
--------------------------------------------------------------------------------
[2024-02-29 08:56:21,738] {taskinstance.py:1115} INFO - Executing <Task(BashOperator): tsk2> on 2024-02-28T09:00:00+00:00
[2024-02-29 08:56:21,752] {standard_task_runner.py:52} INFO - Started process 68 to run task
[2024-02-29 08:56:21,762] {standard_task_runner.py:76} INFO - Running: ['***', 'tasks', 'run', 'defaultargs', 'tsk2', '2024-02-28T09:00:00+00:00', '--job-id', '206', '--pool', 'default_pool', '--raw', '--subdir', 'DAGS_FOLDER/defaultargs.py', '--cfg-path', '/tmp/tmpmnbuzw03', '--error-file', '/tmp/tmpb2m1qmrw']
[2024-02-29 08:56:21,764] {standard_task_runner.py:77} INFO - Job 206: Subtask tsk2
[2024-02-29 08:56:22,024] {logging_mixin.py:109} INFO - Running <TaskInstance: defaultargs.tsk2 2024-02-28T09:00:00+00:00 [running]> on host 8f2f0b73bf26
[2024-02-29 08:56:22,221] {taskinstance.py:1254} INFO - Exporting the following env vars:
AIRFLOW_CTX_DAG_EMAIL=jezandre_tiago@hotmail.com
AIRFLOW_CTX_DAG_OWNER=***
AIRFLOW_CTX_DAG_ID=defaultargs
AIRFLOW_CTX_TASK_ID=tsk2
AIRFLOW_CTX_EXECUTION_DATE=2024-02-28T09:00:00+00:00
AIRFLOW_CTX_DAG_RUN_ID=scheduled__2024-02-28T09:00:00+00:00
[2024-02-29 08:56:22,225] {subprocess.py:52} INFO - Tmp dir root location: 
 /tmp
[2024-02-29 08:56:22,228] {subprocess.py:63} INFO - Running command: ['bash', '-c', 'sleep 5']
[2024-02-29 08:56:22,257] {subprocess.py:74} INFO - Output:
[2024-02-29 08:56:27,267] {subprocess.py:82} INFO - Command exited with return code 0
[2024-02-29 08:56:27,334] {taskinstance.py:1219} INFO - Marking task as SUCCESS. dag_id=defaultargs, task_id=tsk2, execution_date=20240228T090000, start_date=20240229T085621, end_date=20240229T085627
[2024-02-29 08:56:27,476] {local_task_job.py:151} INFO - Task exited with return code 0
[2024-02-29 08:56:27,630] {local_task_job.py:261} INFO - 1 downstream tasks scheduled from follow-on schedule check
