[2024-03-01 08:47:26,296] {taskinstance.py:903} INFO - Dependencies all met for <TaskInstance: pool.tsk1 2024-03-01T08:47:23.100164+00:00 [queued]>
[2024-03-01 08:47:26,332] {taskinstance.py:903} INFO - Dependencies all met for <TaskInstance: pool.tsk1 2024-03-01T08:47:23.100164+00:00 [queued]>
[2024-03-01 08:47:26,333] {taskinstance.py:1095} INFO - 
--------------------------------------------------------------------------------
[2024-03-01 08:47:26,333] {taskinstance.py:1096} INFO - Starting attempt 1 of 1
[2024-03-01 08:47:26,333] {taskinstance.py:1097} INFO - 
--------------------------------------------------------------------------------
[2024-03-01 08:47:26,348] {taskinstance.py:1115} INFO - Executing <Task(BashOperator): tsk1> on 2024-03-01T08:47:23.100164+00:00
[2024-03-01 08:47:26,361] {standard_task_runner.py:76} INFO - Running: ['***', 'tasks', 'run', 'pool', 'tsk1', '2024-03-01T08:47:23.100164+00:00', '--job-id', '253', '--pool', 'meu pool', '--raw', '--subdir', 'DAGS_FOLDER/pools.py', '--cfg-path', '/tmp/tmpwlrqr6fp', '--error-file', '/tmp/tmpd0dqke6k']
[2024-03-01 08:47:26,362] {standard_task_runner.py:77} INFO - Job 253: Subtask tsk1
[2024-03-01 08:47:26,355] {standard_task_runner.py:52} INFO - Started process 93 to run task
[2024-03-01 08:47:26,442] {logging_mixin.py:109} INFO - Running <TaskInstance: pool.tsk1 2024-03-01T08:47:23.100164+00:00 [running]> on host b6da4fb5c714
[2024-03-01 08:47:26,528] {taskinstance.py:1254} INFO - Exporting the following env vars:
AIRFLOW_CTX_DAG_OWNER=***
AIRFLOW_CTX_DAG_ID=pool
AIRFLOW_CTX_TASK_ID=tsk1
AIRFLOW_CTX_EXECUTION_DATE=2024-03-01T08:47:23.100164+00:00
AIRFLOW_CTX_DAG_RUN_ID=manual__2024-03-01T08:47:23.100164+00:00
[2024-03-01 08:47:26,531] {subprocess.py:52} INFO - Tmp dir root location: 
 /tmp
[2024-03-01 08:47:26,533] {subprocess.py:63} INFO - Running command: ['bash', '-c', 'sleep 1']
[2024-03-01 08:47:26,548] {subprocess.py:74} INFO - Output:
[2024-03-01 08:47:27,553] {subprocess.py:82} INFO - Command exited with return code 0
[2024-03-01 08:47:27,598] {taskinstance.py:1219} INFO - Marking task as SUCCESS. dag_id=pool, task_id=tsk1, execution_date=20240301T084723, start_date=20240301T084726, end_date=20240301T084727
[2024-03-01 08:47:27,626] {local_task_job.py:151} INFO - Task exited with return code 0
[2024-03-01 08:47:27,660] {local_task_job.py:261} INFO - 0 downstream tasks scheduled from follow-on schedule check
