[2024-02-28 09:00:07,492] {taskinstance.py:903} INFO - Dependencies all met for <TaskInstance: defaultargs.tsk2 2024-02-28T08:00:00+00:00 [queued]>
[2024-02-28 09:00:07,553] {taskinstance.py:903} INFO - Dependencies all met for <TaskInstance: defaultargs.tsk2 2024-02-28T08:00:00+00:00 [queued]>
[2024-02-28 09:00:07,557] {taskinstance.py:1095} INFO - 
--------------------------------------------------------------------------------
[2024-02-28 09:00:07,558] {taskinstance.py:1096} INFO - Starting attempt 1 of 2
[2024-02-28 09:00:07,558] {taskinstance.py:1097} INFO - 
--------------------------------------------------------------------------------
[2024-02-28 09:00:07,594] {taskinstance.py:1115} INFO - Executing <Task(BashOperator): tsk2> on 2024-02-28T08:00:00+00:00
[2024-02-28 09:00:07,612] {standard_task_runner.py:76} INFO - Running: ['***', 'tasks', 'run', 'defaultargs', 'tsk2', '2024-02-28T08:00:00+00:00', '--job-id', '143', '--pool', 'default_pool', '--raw', '--subdir', 'DAGS_FOLDER/defaultargs.py', '--cfg-path', '/tmp/tmpxt2_9kpr', '--error-file', '/tmp/tmpmfrsxeih']
[2024-02-28 09:00:07,614] {standard_task_runner.py:77} INFO - Job 143: Subtask tsk2
[2024-02-28 09:00:07,605] {standard_task_runner.py:52} INFO - Started process 101 to run task
[2024-02-28 09:00:07,734] {logging_mixin.py:109} INFO - Running <TaskInstance: defaultargs.tsk2 2024-02-28T08:00:00+00:00 [running]> on host 14529f4830f2
[2024-02-28 09:00:07,906] {taskinstance.py:1254} INFO - Exporting the following env vars:
AIRFLOW_CTX_DAG_EMAIL=jezandre_tiago@hotmail.com
AIRFLOW_CTX_DAG_OWNER=***
AIRFLOW_CTX_DAG_ID=defaultargs
AIRFLOW_CTX_TASK_ID=tsk2
AIRFLOW_CTX_EXECUTION_DATE=2024-02-28T08:00:00+00:00
AIRFLOW_CTX_DAG_RUN_ID=scheduled__2024-02-28T08:00:00+00:00
[2024-02-28 09:00:07,908] {subprocess.py:52} INFO - Tmp dir root location: 
 /tmp
[2024-02-28 09:00:07,910] {subprocess.py:63} INFO - Running command: ['bash', '-c', 'sleep 5']
[2024-02-28 09:00:07,935] {subprocess.py:74} INFO - Output:
[2024-02-28 09:00:12,942] {subprocess.py:82} INFO - Command exited with return code 0
[2024-02-28 09:00:13,025] {taskinstance.py:1219} INFO - Marking task as SUCCESS. dag_id=defaultargs, task_id=tsk2, execution_date=20240228T080000, start_date=20240228T090007, end_date=20240228T090013
[2024-02-28 09:00:13,112] {local_task_job.py:151} INFO - Task exited with return code 0
[2024-02-28 09:00:13,183] {local_task_job.py:261} INFO - 1 downstream tasks scheduled from follow-on schedule check
