[2024-02-27 09:09:12,543] {taskinstance.py:903} INFO - Dependencies all met for <TaskInstance: dagGroup.tsk2 2024-02-27T09:09:05.695658+00:00 [queued]>
[2024-02-27 09:09:12,569] {taskinstance.py:903} INFO - Dependencies all met for <TaskInstance: dagGroup.tsk2 2024-02-27T09:09:05.695658+00:00 [queued]>
[2024-02-27 09:09:12,569] {taskinstance.py:1095} INFO - 
--------------------------------------------------------------------------------
[2024-02-27 09:09:12,569] {taskinstance.py:1096} INFO - Starting attempt 1 of 1
[2024-02-27 09:09:12,570] {taskinstance.py:1097} INFO - 
--------------------------------------------------------------------------------
[2024-02-27 09:09:12,591] {taskinstance.py:1115} INFO - Executing <Task(BashOperator): tsk2> on 2024-02-27T09:09:05.695658+00:00
[2024-02-27 09:09:12,598] {standard_task_runner.py:52} INFO - Started process 170 to run task
[2024-02-27 09:09:12,604] {standard_task_runner.py:76} INFO - Running: ['***', 'tasks', 'run', 'dagGroup', 'tsk2', '2024-02-27T09:09:05.695658+00:00', '--job-id', '64', '--pool', 'default_pool', '--raw', '--subdir', 'DAGS_FOLDER/dagGroup.py', '--cfg-path', '/tmp/tmpkxy1oejt', '--error-file', '/tmp/tmpf3o9xum0']
[2024-02-27 09:09:12,604] {standard_task_runner.py:77} INFO - Job 64: Subtask tsk2
[2024-02-27 09:09:12,665] {logging_mixin.py:109} INFO - Running <TaskInstance: dagGroup.tsk2 2024-02-27T09:09:05.695658+00:00 [running]> on host 1034e60698e1
[2024-02-27 09:09:12,748] {taskinstance.py:1254} INFO - Exporting the following env vars:
AIRFLOW_CTX_DAG_OWNER=***
AIRFLOW_CTX_DAG_ID=dagGroup
AIRFLOW_CTX_TASK_ID=tsk2
AIRFLOW_CTX_EXECUTION_DATE=2024-02-27T09:09:05.695658+00:00
AIRFLOW_CTX_DAG_RUN_ID=manual__2024-02-27T09:09:05.695658+00:00
[2024-02-27 09:09:12,749] {subprocess.py:52} INFO - Tmp dir root location: 
 /tmp
[2024-02-27 09:09:12,752] {subprocess.py:63} INFO - Running command: ['bash', '-c', 'sleep 5']
[2024-02-27 09:09:12,763] {subprocess.py:74} INFO - Output:
[2024-02-27 09:09:17,770] {subprocess.py:82} INFO - Command exited with return code 0
[2024-02-27 09:09:17,815] {taskinstance.py:1219} INFO - Marking task as SUCCESS. dag_id=dagGroup, task_id=tsk2, execution_date=20240227T090905, start_date=20240227T090912, end_date=20240227T090917
[2024-02-27 09:09:17,858] {local_task_job.py:151} INFO - Task exited with return code 0
[2024-02-27 09:09:17,897] {local_task_job.py:261} INFO - 1 downstream tasks scheduled from follow-on schedule check
