[2024-03-01T10:10:25.195+0000] {taskinstance.py:1083} INFO - Dependencies all met for <TaskInstance: producer.t1 manual__2024-03-01T10:10:17.534131+00:00 [queued]>
[2024-03-01T10:10:25.252+0000] {taskinstance.py:1083} INFO - Dependencies all met for <TaskInstance: producer.t1 manual__2024-03-01T10:10:17.534131+00:00 [queued]>
[2024-03-01T10:10:25.253+0000] {taskinstance.py:1279} INFO - 
--------------------------------------------------------------------------------
[2024-03-01T10:10:25.253+0000] {taskinstance.py:1280} INFO - Starting attempt 1 of 1
[2024-03-01T10:10:25.253+0000] {taskinstance.py:1281} INFO - 
--------------------------------------------------------------------------------
[2024-03-01T10:10:25.306+0000] {taskinstance.py:1300} INFO - Executing <Task(PythonOperator): t1> on 2024-03-01 10:10:17.534131+00:00
[2024-03-01T10:10:25.320+0000] {standard_task_runner.py:55} INFO - Started process 61 to run task
[2024-03-01T10:10:25.327+0000] {standard_task_runner.py:82} INFO - Running: ['***', 'tasks', 'run', 'producer', 't1', 'manual__2024-03-01T10:10:17.534131+00:00', '--job-id', '277', '--raw', '--subdir', 'DAGS_FOLDER/producer.py', '--cfg-path', '/tmp/tmpy4hpsi5g']
[2024-03-01T10:10:25.331+0000] {standard_task_runner.py:83} INFO - Job 277: Subtask t1
[2024-03-01T10:10:25.360+0000] {warnings.py:110} WARNING - /home/***/.local/lib/python3.7/site-packages/***/settings.py:249: DeprecationWarning: The sql_alchemy_conn option in [core] has been moved to the sql_alchemy_conn option in [database] - the old setting has been used, but please update your config.
  SQL_ALCHEMY_CONN = conf.get("database", "SQL_ALCHEMY_CONN")

[2024-03-01T10:10:25.493+0000] {task_command.py:388} INFO - Running <TaskInstance: producer.t1 manual__2024-03-01T10:10:17.534131+00:00 [running]> on host df7038a2f7dd
[2024-03-01T10:10:25.724+0000] {taskinstance.py:1509} INFO - Exporting the following env vars:
AIRFLOW_CTX_DAG_OWNER=***
AIRFLOW_CTX_DAG_ID=producer
AIRFLOW_CTX_TASK_ID=t1
AIRFLOW_CTX_EXECUTION_DATE=2024-03-01T10:10:17.534131+00:00
AIRFLOW_CTX_TRY_NUMBER=1
AIRFLOW_CTX_DAG_RUN_ID=manual__2024-03-01T10:10:17.534131+00:00
[2024-03-01T10:10:25.779+0000] {python.py:177} INFO - Done. Returned value was: None
[2024-03-01T10:10:25.781+0000] {warnings.py:110} WARNING - /home/***/.local/lib/python3.7/site-packages/***/models/baseoperator.py:1376: RemovedInAirflow3Warning: Passing 'execution_date' to 'TaskInstance.xcom_push()' is deprecated.
  context["ti"].xcom_push(key=key, value=value, execution_date=execution_date)

[2024-03-01T10:10:25.843+0000] {taskinstance.py:1323} INFO - Marking task as SUCCESS. dag_id=producer, task_id=t1, execution_date=20240301T101017, start_date=20240301T101025, end_date=20240301T101025
[2024-03-01T10:10:25.944+0000] {local_task_job.py:208} INFO - Task exited with return code 0
[2024-03-01T10:10:25.987+0000] {taskinstance.py:2578} INFO - 0 downstream tasks scheduled from follow-on schedule check
