[2024-02-27 10:13:24,899] {taskinstance.py:903} INFO - Dependencies all met for <TaskInstance: exemplo_xcom.tsk1 2024-02-27T10:13:23.581418+00:00 [queued]>
[2024-02-27 10:13:24,920] {taskinstance.py:903} INFO - Dependencies all met for <TaskInstance: exemplo_xcom.tsk1 2024-02-27T10:13:23.581418+00:00 [queued]>
[2024-02-27 10:13:24,921] {taskinstance.py:1095} INFO - 
--------------------------------------------------------------------------------
[2024-02-27 10:13:24,921] {taskinstance.py:1096} INFO - Starting attempt 1 of 1
[2024-02-27 10:13:24,921] {taskinstance.py:1097} INFO - 
--------------------------------------------------------------------------------
[2024-02-27 10:13:24,932] {taskinstance.py:1115} INFO - Executing <Task(PythonOperator): tsk1> on 2024-02-27T10:13:23.581418+00:00
[2024-02-27 10:13:24,937] {standard_task_runner.py:52} INFO - Started process 241 to run task
[2024-02-27 10:13:24,941] {standard_task_runner.py:76} INFO - Running: ['***', 'tasks', 'run', 'exemplo_xcom', 'tsk1', '2024-02-27T10:13:23.581418+00:00', '--job-id', '89', '--pool', 'default_pool', '--raw', '--subdir', 'DAGS_FOLDER/xcom.py', '--cfg-path', '/tmp/tmpb2n1ms66', '--error-file', '/tmp/tmpkumfyvzh']
[2024-02-27 10:13:24,942] {standard_task_runner.py:77} INFO - Job 89: Subtask tsk1
[2024-02-27 10:13:24,991] {logging_mixin.py:109} INFO - Running <TaskInstance: exemplo_xcom.tsk1 2024-02-27T10:13:23.581418+00:00 [running]> on host 1034e60698e1
[2024-02-27 10:13:25,058] {taskinstance.py:1254} INFO - Exporting the following env vars:
AIRFLOW_CTX_DAG_OWNER=***
AIRFLOW_CTX_DAG_ID=exemplo_xcom
AIRFLOW_CTX_TASK_ID=tsk1
AIRFLOW_CTX_EXECUTION_DATE=2024-02-27T10:13:23.581418+00:00
AIRFLOW_CTX_DAG_RUN_ID=manual__2024-02-27T10:13:23.581418+00:00
[2024-02-27 10:13:25,079] {python.py:151} INFO - Done. Returned value was: None
[2024-02-27 10:13:25,096] {taskinstance.py:1219} INFO - Marking task as SUCCESS. dag_id=exemplo_xcom, task_id=tsk1, execution_date=20240227T101323, start_date=20240227T101324, end_date=20240227T101325
[2024-02-27 10:13:25,155] {local_task_job.py:151} INFO - Task exited with return code 0
[2024-02-27 10:13:25,193] {local_task_job.py:261} INFO - 1 downstream tasks scheduled from follow-on schedule check
