[2024-03-01 08:49:20,519] {taskinstance.py:903} INFO - Dependencies all met for <TaskInstance: pool.tsk3 2024-03-01T08:49:06.702071+00:00 [queued]>
[2024-03-01 08:49:20,547] {taskinstance.py:903} INFO - Dependencies all met for <TaskInstance: pool.tsk3 2024-03-01T08:49:06.702071+00:00 [queued]>
[2024-03-01 08:49:20,548] {taskinstance.py:1095} INFO - 
--------------------------------------------------------------------------------
[2024-03-01 08:49:20,548] {taskinstance.py:1096} INFO - Starting attempt 1 of 1
[2024-03-01 08:49:20,548] {taskinstance.py:1097} INFO - 
--------------------------------------------------------------------------------
[2024-03-01 08:49:20,564] {taskinstance.py:1115} INFO - Executing <Task(BashOperator): tsk3> on 2024-03-01T08:49:06.702071+00:00
[2024-03-01 08:49:20,576] {standard_task_runner.py:76} INFO - Running: ['***', 'tasks', 'run', 'pool', 'tsk3', '2024-03-01T08:49:06.702071+00:00', '--job-id', '256', '--pool', 'meu pool', '--raw', '--subdir', 'DAGS_FOLDER/pools.py', '--cfg-path', '/tmp/tmpmzfxxu_y', '--error-file', '/tmp/tmpa36sti2_']
[2024-03-01 08:49:20,577] {standard_task_runner.py:77} INFO - Job 256: Subtask tsk3
[2024-03-01 08:49:20,570] {standard_task_runner.py:52} INFO - Started process 102 to run task
[2024-03-01 08:49:20,638] {logging_mixin.py:109} INFO - Running <TaskInstance: pool.tsk3 2024-03-01T08:49:06.702071+00:00 [running]> on host b6da4fb5c714
[2024-03-01 08:49:20,714] {taskinstance.py:1254} INFO - Exporting the following env vars:
AIRFLOW_CTX_DAG_OWNER=***
AIRFLOW_CTX_DAG_ID=pool
AIRFLOW_CTX_TASK_ID=tsk3
AIRFLOW_CTX_EXECUTION_DATE=2024-03-01T08:49:06.702071+00:00
AIRFLOW_CTX_DAG_RUN_ID=manual__2024-03-01T08:49:06.702071+00:00
[2024-03-01 08:49:20,716] {subprocess.py:52} INFO - Tmp dir root location: 
 /tmp
[2024-03-01 08:49:20,717] {subprocess.py:63} INFO - Running command: ['bash', '-c', 'sleep 5']
[2024-03-01 08:49:20,729] {subprocess.py:74} INFO - Output:
[2024-03-01 08:49:25,732] {subprocess.py:82} INFO - Command exited with return code 0
[2024-03-01 08:49:25,779] {taskinstance.py:1219} INFO - Marking task as SUCCESS. dag_id=pool, task_id=tsk3, execution_date=20240301T084906, start_date=20240301T084920, end_date=20240301T084925
[2024-03-01 08:49:25,828] {local_task_job.py:151} INFO - Task exited with return code 0
[2024-03-01 08:49:25,866] {local_task_job.py:261} INFO - 0 downstream tasks scheduled from follow-on schedule check
