[2024-02-27 10:14:11,464] {taskinstance.py:903} INFO - Dependencies all met for <TaskInstance: exemplo_xcom.tsk1 2024-02-27T10:14:10.635300+00:00 [queued]>
[2024-02-27 10:14:11,493] {taskinstance.py:903} INFO - Dependencies all met for <TaskInstance: exemplo_xcom.tsk1 2024-02-27T10:14:10.635300+00:00 [queued]>
[2024-02-27 10:14:11,493] {taskinstance.py:1095} INFO - 
--------------------------------------------------------------------------------
[2024-02-27 10:14:11,493] {taskinstance.py:1096} INFO - Starting attempt 1 of 1
[2024-02-27 10:14:11,493] {taskinstance.py:1097} INFO - 
--------------------------------------------------------------------------------
[2024-02-27 10:14:11,506] {taskinstance.py:1115} INFO - Executing <Task(PythonOperator): tsk1> on 2024-02-27T10:14:10.635300+00:00
[2024-02-27 10:14:11,515] {standard_task_runner.py:76} INFO - Running: ['***', 'tasks', 'run', 'exemplo_xcom', 'tsk1', '2024-02-27T10:14:10.635300+00:00', '--job-id', '91', '--pool', 'default_pool', '--raw', '--subdir', 'DAGS_FOLDER/xcom.py', '--cfg-path', '/tmp/tmp5lj8d2yu', '--error-file', '/tmp/tmpzm4tfadh']
[2024-02-27 10:14:11,511] {standard_task_runner.py:52} INFO - Started process 245 to run task
[2024-02-27 10:14:11,516] {standard_task_runner.py:77} INFO - Job 91: Subtask tsk1
[2024-02-27 10:14:11,568] {logging_mixin.py:109} INFO - Running <TaskInstance: exemplo_xcom.tsk1 2024-02-27T10:14:10.635300+00:00 [running]> on host 1034e60698e1
[2024-02-27 10:14:11,636] {taskinstance.py:1254} INFO - Exporting the following env vars:
AIRFLOW_CTX_DAG_OWNER=***
AIRFLOW_CTX_DAG_ID=exemplo_xcom
AIRFLOW_CTX_TASK_ID=tsk1
AIRFLOW_CTX_EXECUTION_DATE=2024-02-27T10:14:10.635300+00:00
AIRFLOW_CTX_DAG_RUN_ID=manual__2024-02-27T10:14:10.635300+00:00
[2024-02-27 10:14:11,661] {python.py:151} INFO - Done. Returned value was: None
[2024-02-27 10:14:11,675] {taskinstance.py:1219} INFO - Marking task as SUCCESS. dag_id=exemplo_xcom, task_id=tsk1, execution_date=20240227T101410, start_date=20240227T101411, end_date=20240227T101411
[2024-02-27 10:14:11,730] {local_task_job.py:151} INFO - Task exited with return code 0
[2024-02-27 10:14:11,764] {local_task_job.py:261} INFO - 1 downstream tasks scheduled from follow-on schedule check
