[2024-02-27 09:09:06,815] {taskinstance.py:903} INFO - Dependencies all met for <TaskInstance: dagGroup.tsk1 2024-02-27T09:09:05.695658+00:00 [queued]>
[2024-02-27 09:09:06,841] {taskinstance.py:903} INFO - Dependencies all met for <TaskInstance: dagGroup.tsk1 2024-02-27T09:09:05.695658+00:00 [queued]>
[2024-02-27 09:09:06,842] {taskinstance.py:1095} INFO - 
--------------------------------------------------------------------------------
[2024-02-27 09:09:06,842] {taskinstance.py:1096} INFO - Starting attempt 1 of 1
[2024-02-27 09:09:06,842] {taskinstance.py:1097} INFO - 
--------------------------------------------------------------------------------
[2024-02-27 09:09:06,858] {taskinstance.py:1115} INFO - Executing <Task(BashOperator): tsk1> on 2024-02-27T09:09:05.695658+00:00
[2024-02-27 09:09:06,863] {standard_task_runner.py:52} INFO - Started process 164 to run task
[2024-02-27 09:09:06,870] {standard_task_runner.py:76} INFO - Running: ['***', 'tasks', 'run', 'dagGroup', 'tsk1', '2024-02-27T09:09:05.695658+00:00', '--job-id', '62', '--pool', 'default_pool', '--raw', '--subdir', 'DAGS_FOLDER/dagGroup.py', '--cfg-path', '/tmp/tmp40qiip8y', '--error-file', '/tmp/tmpo97q8shw']
[2024-02-27 09:09:06,870] {standard_task_runner.py:77} INFO - Job 62: Subtask tsk1
[2024-02-27 09:09:06,932] {logging_mixin.py:109} INFO - Running <TaskInstance: dagGroup.tsk1 2024-02-27T09:09:05.695658+00:00 [running]> on host 1034e60698e1
[2024-02-27 09:09:07,008] {taskinstance.py:1254} INFO - Exporting the following env vars:
AIRFLOW_CTX_DAG_OWNER=***
AIRFLOW_CTX_DAG_ID=dagGroup
AIRFLOW_CTX_TASK_ID=tsk1
AIRFLOW_CTX_EXECUTION_DATE=2024-02-27T09:09:05.695658+00:00
AIRFLOW_CTX_DAG_RUN_ID=manual__2024-02-27T09:09:05.695658+00:00
[2024-02-27 09:09:07,010] {subprocess.py:52} INFO - Tmp dir root location: 
 /tmp
[2024-02-27 09:09:07,012] {subprocess.py:63} INFO - Running command: ['bash', '-c', 'sleep 5']
[2024-02-27 09:09:07,026] {subprocess.py:74} INFO - Output:
[2024-02-27 09:09:12,030] {subprocess.py:82} INFO - Command exited with return code 0
[2024-02-27 09:09:12,076] {taskinstance.py:1219} INFO - Marking task as SUCCESS. dag_id=dagGroup, task_id=tsk1, execution_date=20240227T090905, start_date=20240227T090906, end_date=20240227T090912
[2024-02-27 09:09:12,121] {local_task_job.py:151} INFO - Task exited with return code 0
[2024-02-27 09:09:12,162] {local_task_job.py:261} INFO - 1 downstream tasks scheduled from follow-on schedule check
