[2024-02-28 08:46:14,956] {taskinstance.py:903} INFO - Dependencies all met for <TaskInstance: defaultargs.tsk3 2024-02-28T07:00:00+00:00 [queued]>
[2024-02-28 08:46:15,019] {taskinstance.py:903} INFO - Dependencies all met for <TaskInstance: defaultargs.tsk3 2024-02-28T07:00:00+00:00 [queued]>
[2024-02-28 08:46:15,020] {taskinstance.py:1095} INFO - 
--------------------------------------------------------------------------------
[2024-02-28 08:46:15,020] {taskinstance.py:1096} INFO - Starting attempt 1 of 2
[2024-02-28 08:46:15,020] {taskinstance.py:1097} INFO - 
--------------------------------------------------------------------------------
[2024-02-28 08:46:15,051] {taskinstance.py:1115} INFO - Executing <Task(BashOperator): tsk3> on 2024-02-28T07:00:00+00:00
[2024-02-28 08:46:15,078] {standard_task_runner.py:76} INFO - Running: ['***', 'tasks', 'run', 'defaultargs', 'tsk3', '2024-02-28T07:00:00+00:00', '--job-id', '133', '--pool', 'default_pool', '--raw', '--subdir', 'DAGS_FOLDER/defaultargs.py', '--cfg-path', '/tmp/tmpz8tmrw_a', '--error-file', '/tmp/tmpoohom96s']
[2024-02-28 08:46:15,063] {standard_task_runner.py:52} INFO - Started process 74 to run task
[2024-02-28 08:46:15,079] {standard_task_runner.py:77} INFO - Job 133: Subtask tsk3
[2024-02-28 08:46:15,196] {logging_mixin.py:109} INFO - Running <TaskInstance: defaultargs.tsk3 2024-02-28T07:00:00+00:00 [running]> on host 14529f4830f2
[2024-02-28 08:46:15,330] {taskinstance.py:1254} INFO - Exporting the following env vars:
AIRFLOW_CTX_DAG_EMAIL=jezandre_tiago@hotmail.com
AIRFLOW_CTX_DAG_OWNER=***
AIRFLOW_CTX_DAG_ID=defaultargs
AIRFLOW_CTX_TASK_ID=tsk3
AIRFLOW_CTX_EXECUTION_DATE=2024-02-28T07:00:00+00:00
AIRFLOW_CTX_DAG_RUN_ID=scheduled__2024-02-28T07:00:00+00:00
[2024-02-28 08:46:15,339] {subprocess.py:52} INFO - Tmp dir root location: 
 /tmp
[2024-02-28 08:46:15,342] {subprocess.py:63} INFO - Running command: ['bash', '-c', 'sleep 5']
[2024-02-28 08:46:15,368] {subprocess.py:74} INFO - Output:
[2024-02-28 08:46:20,381] {subprocess.py:82} INFO - Command exited with return code 0
[2024-02-28 08:46:20,566] {taskinstance.py:1219} INFO - Marking task as SUCCESS. dag_id=defaultargs, task_id=tsk3, execution_date=20240228T070000, start_date=20240228T084614, end_date=20240228T084620
[2024-02-28 08:46:20,699] {local_task_job.py:151} INFO - Task exited with return code 0
[2024-02-28 08:46:20,897] {local_task_job.py:261} INFO - 0 downstream tasks scheduled from follow-on schedule check
