[2024-02-27 10:12:26,085] {taskinstance.py:903} INFO - Dependencies all met for <TaskInstance: exemplo_xcom.tsk1 2024-02-27T10:12:25.366761+00:00 [queued]>
[2024-02-27 10:12:26,118] {taskinstance.py:903} INFO - Dependencies all met for <TaskInstance: exemplo_xcom.tsk1 2024-02-27T10:12:25.366761+00:00 [queued]>
[2024-02-27 10:12:26,118] {taskinstance.py:1095} INFO - 
--------------------------------------------------------------------------------
[2024-02-27 10:12:26,119] {taskinstance.py:1096} INFO - Starting attempt 1 of 1
[2024-02-27 10:12:26,119] {taskinstance.py:1097} INFO - 
--------------------------------------------------------------------------------
[2024-02-27 10:12:26,134] {taskinstance.py:1115} INFO - Executing <Task(PythonOperator): tsk1> on 2024-02-27T10:12:25.366761+00:00
[2024-02-27 10:12:26,140] {standard_task_runner.py:52} INFO - Started process 233 to run task
[2024-02-27 10:12:26,145] {standard_task_runner.py:76} INFO - Running: ['***', 'tasks', 'run', 'exemplo_xcom', 'tsk1', '2024-02-27T10:12:25.366761+00:00', '--job-id', '85', '--pool', 'default_pool', '--raw', '--subdir', 'DAGS_FOLDER/xcom.py', '--cfg-path', '/tmp/tmpz1iox7ob', '--error-file', '/tmp/tmpkysged51']
[2024-02-27 10:12:26,146] {standard_task_runner.py:77} INFO - Job 85: Subtask tsk1
[2024-02-27 10:12:26,217] {logging_mixin.py:109} INFO - Running <TaskInstance: exemplo_xcom.tsk1 2024-02-27T10:12:25.366761+00:00 [running]> on host 1034e60698e1
[2024-02-27 10:12:26,287] {taskinstance.py:1254} INFO - Exporting the following env vars:
AIRFLOW_CTX_DAG_OWNER=***
AIRFLOW_CTX_DAG_ID=exemplo_xcom
AIRFLOW_CTX_TASK_ID=tsk1
AIRFLOW_CTX_EXECUTION_DATE=2024-02-27T10:12:25.366761+00:00
AIRFLOW_CTX_DAG_RUN_ID=manual__2024-02-27T10:12:25.366761+00:00
[2024-02-27 10:12:26,309] {python.py:151} INFO - Done. Returned value was: None
[2024-02-27 10:12:26,324] {taskinstance.py:1219} INFO - Marking task as SUCCESS. dag_id=exemplo_xcom, task_id=tsk1, execution_date=20240227T101225, start_date=20240227T101226, end_date=20240227T101226
[2024-02-27 10:12:26,362] {local_task_job.py:151} INFO - Task exited with return code 0
[2024-02-27 10:12:26,396] {local_task_job.py:261} INFO - 1 downstream tasks scheduled from follow-on schedule check
