[2024-02-28 09:00:01,035] {taskinstance.py:903} INFO - Dependencies all met for <TaskInstance: defaultargs.tsk1 2024-02-28T08:00:00+00:00 [queued]>
[2024-02-28 09:00:01,070] {taskinstance.py:903} INFO - Dependencies all met for <TaskInstance: defaultargs.tsk1 2024-02-28T08:00:00+00:00 [queued]>
[2024-02-28 09:00:01,071] {taskinstance.py:1095} INFO - 
--------------------------------------------------------------------------------
[2024-02-28 09:00:01,071] {taskinstance.py:1096} INFO - Starting attempt 1 of 4
[2024-02-28 09:00:01,071] {taskinstance.py:1097} INFO - 
--------------------------------------------------------------------------------
[2024-02-28 09:00:01,092] {taskinstance.py:1115} INFO - Executing <Task(BashOperator): tsk1> on 2024-02-28T08:00:00+00:00
[2024-02-28 09:00:01,109] {standard_task_runner.py:76} INFO - Running: ['***', 'tasks', 'run', 'defaultargs', 'tsk1', '2024-02-28T08:00:00+00:00', '--job-id', '142', '--pool', 'default_pool', '--raw', '--subdir', 'DAGS_FOLDER/defaultargs.py', '--cfg-path', '/tmp/tmpp7u61gt9', '--error-file', '/tmp/tmp_2avhhkv']
[2024-02-28 09:00:01,102] {standard_task_runner.py:52} INFO - Started process 98 to run task
[2024-02-28 09:00:01,110] {standard_task_runner.py:77} INFO - Job 142: Subtask tsk1
[2024-02-28 09:00:01,226] {logging_mixin.py:109} INFO - Running <TaskInstance: defaultargs.tsk1 2024-02-28T08:00:00+00:00 [running]> on host 14529f4830f2
[2024-02-28 09:00:01,377] {taskinstance.py:1254} INFO - Exporting the following env vars:
AIRFLOW_CTX_DAG_EMAIL=jezandre_tiago@hotmail.com
AIRFLOW_CTX_DAG_OWNER=***
AIRFLOW_CTX_DAG_ID=defaultargs
AIRFLOW_CTX_TASK_ID=tsk1
AIRFLOW_CTX_EXECUTION_DATE=2024-02-28T08:00:00+00:00
AIRFLOW_CTX_DAG_RUN_ID=scheduled__2024-02-28T08:00:00+00:00
[2024-02-28 09:00:01,379] {subprocess.py:52} INFO - Tmp dir root location: 
 /tmp
[2024-02-28 09:00:01,381] {subprocess.py:63} INFO - Running command: ['bash', '-c', 'sleep 5']
[2024-02-28 09:00:01,400] {subprocess.py:74} INFO - Output:
[2024-02-28 09:00:06,409] {subprocess.py:82} INFO - Command exited with return code 0
[2024-02-28 09:00:06,555] {taskinstance.py:1219} INFO - Marking task as SUCCESS. dag_id=defaultargs, task_id=tsk1, execution_date=20240228T080000, start_date=20240228T090001, end_date=20240228T090006
[2024-02-28 09:00:06,640] {local_task_job.py:151} INFO - Task exited with return code 0
[2024-02-28 09:00:06,721] {local_task_job.py:261} INFO - 1 downstream tasks scheduled from follow-on schedule check
