[2024-02-27 08:42:02,694] {taskinstance.py:903} INFO - Dependencies all met for <TaskInstance: triggerDag3.tsk3 2024-02-27T08:42:00.989318+00:00 [queued]>
[2024-02-27 08:42:02,719] {taskinstance.py:903} INFO - Dependencies all met for <TaskInstance: triggerDag3.tsk3 2024-02-27T08:42:00.989318+00:00 [queued]>
[2024-02-27 08:42:02,720] {taskinstance.py:1095} INFO - 
--------------------------------------------------------------------------------
[2024-02-27 08:42:02,720] {taskinstance.py:1096} INFO - Starting attempt 1 of 1
[2024-02-27 08:42:02,720] {taskinstance.py:1097} INFO - 
--------------------------------------------------------------------------------
[2024-02-27 08:42:02,734] {taskinstance.py:1115} INFO - Executing <Task(BashOperator): tsk3> on 2024-02-27T08:42:00.989318+00:00
[2024-02-27 08:42:02,741] {standard_task_runner.py:52} INFO - Started process 88 to run task
[2024-02-27 08:42:02,745] {standard_task_runner.py:76} INFO - Running: ['***', 'tasks', 'run', 'triggerDag3', 'tsk3', '2024-02-27T08:42:00.989318+00:00', '--job-id', '37', '--pool', 'default_pool', '--raw', '--subdir', 'DAGS_FOLDER/triggerDag3.py', '--cfg-path', '/tmp/tmpfeg5lum6', '--error-file', '/tmp/tmpcrs1r1r7']
[2024-02-27 08:42:02,746] {standard_task_runner.py:77} INFO - Job 37: Subtask tsk3
[2024-02-27 08:42:02,798] {logging_mixin.py:109} INFO - Running <TaskInstance: triggerDag3.tsk3 2024-02-27T08:42:00.989318+00:00 [running]> on host 1034e60698e1
[2024-02-27 08:42:02,874] {taskinstance.py:1254} INFO - Exporting the following env vars:
AIRFLOW_CTX_DAG_OWNER=***
AIRFLOW_CTX_DAG_ID=triggerDag3
AIRFLOW_CTX_TASK_ID=tsk3
AIRFLOW_CTX_EXECUTION_DATE=2024-02-27T08:42:00.989318+00:00
AIRFLOW_CTX_DAG_RUN_ID=manual__2024-02-27T08:42:00.989318+00:00
[2024-02-27 08:42:02,876] {subprocess.py:52} INFO - Tmp dir root location: 
 /tmp
[2024-02-27 08:42:02,877] {subprocess.py:63} INFO - Running command: ['bash', '-c', 'sleep 5']
[2024-02-27 08:42:02,890] {subprocess.py:74} INFO - Output:
[2024-02-27 08:42:07,896] {subprocess.py:82} INFO - Command exited with return code 0
[2024-02-27 08:42:07,946] {taskinstance.py:1219} INFO - Marking task as SUCCESS. dag_id=triggerDag3, task_id=tsk3, execution_date=20240227T084200, start_date=20240227T084202, end_date=20240227T084207
[2024-02-27 08:42:08,001] {local_task_job.py:151} INFO - Task exited with return code 0
[2024-02-27 08:42:08,033] {local_task_job.py:261} INFO - 0 downstream tasks scheduled from follow-on schedule check
