[2024-02-27 09:58:37,908] {taskinstance.py:903} INFO - Dependencies all met for <TaskInstance: defaultargs.tsk2 2024-02-27T09:58:30.811917+00:00 [queued]>
[2024-02-27 09:58:37,940] {taskinstance.py:903} INFO - Dependencies all met for <TaskInstance: defaultargs.tsk2 2024-02-27T09:58:30.811917+00:00 [queued]>
[2024-02-27 09:58:37,941] {taskinstance.py:1095} INFO - 
--------------------------------------------------------------------------------
[2024-02-27 09:58:37,941] {taskinstance.py:1096} INFO - Starting attempt 1 of 2
[2024-02-27 09:58:37,941] {taskinstance.py:1097} INFO - 
--------------------------------------------------------------------------------
[2024-02-27 09:58:37,963] {taskinstance.py:1115} INFO - Executing <Task(BashOperator): tsk2> on 2024-02-27T09:58:30.811917+00:00
[2024-02-27 09:58:37,978] {standard_task_runner.py:76} INFO - Running: ['***', 'tasks', 'run', 'defaultargs', 'tsk2', '2024-02-27T09:58:30.811917+00:00', '--job-id', '78', '--pool', 'default_pool', '--raw', '--subdir', 'DAGS_FOLDER/defaultargs.py', '--cfg-path', '/tmp/tmpjzpptn6e', '--error-file', '/tmp/tmp2pmswk4o']
[2024-02-27 09:58:37,979] {standard_task_runner.py:77} INFO - Job 78: Subtask tsk2
[2024-02-27 09:58:37,973] {standard_task_runner.py:52} INFO - Started process 214 to run task
[2024-02-27 09:58:38,088] {logging_mixin.py:109} INFO - Running <TaskInstance: defaultargs.tsk2 2024-02-27T09:58:30.811917+00:00 [running]> on host 1034e60698e1
[2024-02-27 09:58:38,187] {taskinstance.py:1254} INFO - Exporting the following env vars:
AIRFLOW_CTX_DAG_EMAIL=jezandre_tiago@hotmail.com
AIRFLOW_CTX_DAG_OWNER=***
AIRFLOW_CTX_DAG_ID=defaultargs
AIRFLOW_CTX_TASK_ID=tsk2
AIRFLOW_CTX_EXECUTION_DATE=2024-02-27T09:58:30.811917+00:00
AIRFLOW_CTX_DAG_RUN_ID=manual__2024-02-27T09:58:30.811917+00:00
[2024-02-27 09:58:38,190] {subprocess.py:52} INFO - Tmp dir root location: 
 /tmp
[2024-02-27 09:58:38,192] {subprocess.py:63} INFO - Running command: ['bash', '-c', 'sleep 5']
[2024-02-27 09:58:38,210] {subprocess.py:74} INFO - Output:
[2024-02-27 09:58:43,219] {subprocess.py:82} INFO - Command exited with return code 0
[2024-02-27 09:58:43,263] {taskinstance.py:1219} INFO - Marking task as SUCCESS. dag_id=defaultargs, task_id=tsk2, execution_date=20240227T095830, start_date=20240227T095837, end_date=20240227T095843
[2024-02-27 09:58:43,315] {local_task_job.py:151} INFO - Task exited with return code 0
[2024-02-27 09:58:43,350] {local_task_job.py:261} INFO - 1 downstream tasks scheduled from follow-on schedule check
