[2024-03-05T09:51:27.103+0000] {taskinstance.py:1083} INFO - Dependencies all met for <TaskInstance: hook.select_data_task manual__2024-03-05T09:51:22.719642+00:00 [queued]>
[2024-03-05T09:51:27.129+0000] {taskinstance.py:1083} INFO - Dependencies all met for <TaskInstance: hook.select_data_task manual__2024-03-05T09:51:22.719642+00:00 [queued]>
[2024-03-05T09:51:27.130+0000] {taskinstance.py:1279} INFO - 
--------------------------------------------------------------------------------
[2024-03-05T09:51:27.131+0000] {taskinstance.py:1280} INFO - Starting attempt 1 of 1
[2024-03-05T09:51:27.131+0000] {taskinstance.py:1281} INFO - 
--------------------------------------------------------------------------------
[2024-03-05T09:51:27.172+0000] {taskinstance.py:1300} INFO - Executing <Task(PythonOperator): select_data_task> on 2024-03-05 09:51:22.719642+00:00
[2024-03-05T09:51:27.185+0000] {standard_task_runner.py:55} INFO - Started process 133 to run task
[2024-03-05T09:51:27.189+0000] {standard_task_runner.py:82} INFO - Running: ['***', 'tasks', 'run', 'hook', 'select_data_task', 'manual__2024-03-05T09:51:22.719642+00:00', '--job-id', '314', '--raw', '--subdir', 'DAGS_FOLDER/hooks.py', '--cfg-path', '/tmp/tmp6bd1i0ll']
[2024-03-05T09:51:27.190+0000] {standard_task_runner.py:83} INFO - Job 314: Subtask select_data_task
[2024-03-05T09:51:27.224+0000] {warnings.py:110} WARNING - /home/***/.local/lib/python3.7/site-packages/***/settings.py:249: DeprecationWarning: The sql_alchemy_conn option in [core] has been moved to the sql_alchemy_conn option in [database] - the old setting has been used, but please update your config.
  SQL_ALCHEMY_CONN = conf.get("database", "SQL_ALCHEMY_CONN")

[2024-03-05T09:51:27.389+0000] {task_command.py:388} INFO - Running <TaskInstance: hook.select_data_task manual__2024-03-05T09:51:22.719642+00:00 [running]> on host df7038a2f7dd
[2024-03-05T09:51:27.643+0000] {taskinstance.py:1509} INFO - Exporting the following env vars:
AIRFLOW_CTX_DAG_OWNER=***
AIRFLOW_CTX_DAG_ID=hook
AIRFLOW_CTX_TASK_ID=select_data_task
AIRFLOW_CTX_EXECUTION_DATE=2024-03-05T09:51:22.719642+00:00
AIRFLOW_CTX_TRY_NUMBER=1
AIRFLOW_CTX_DAG_RUN_ID=manual__2024-03-05T09:51:22.719642+00:00
[2024-03-05T09:51:27.673+0000] {base.py:73} INFO - Using connection ID 'postgres' for task execution.
[2024-03-05T09:51:27.683+0000] {sql.py:375} INFO - Running statement: select * from teste2;, parameters: None
[2024-03-05T09:51:27.685+0000] {sql.py:384} INFO - Rows affected: 1
[2024-03-05T09:51:27.744+0000] {python.py:177} INFO - Done. Returned value was: None
[2024-03-05T09:51:27.772+0000] {taskinstance.py:1323} INFO - Marking task as SUCCESS. dag_id=hook, task_id=select_data_task, execution_date=20240305T095122, start_date=20240305T095127, end_date=20240305T095127
[2024-03-05T09:51:27.850+0000] {local_task_job.py:208} INFO - Task exited with return code 0
[2024-03-05T09:51:27.891+0000] {taskinstance.py:2578} INFO - 1 downstream tasks scheduled from follow-on schedule check
