[2024-03-05T10:08:39.288+0000] {taskinstance.py:1083} INFO - Dependencies all met for <TaskInstance: primeira_dag.tsk1 manual__2024-03-05T10:08:37+00:00 [queued]>
[2024-03-05T10:08:39.317+0000] {taskinstance.py:1083} INFO - Dependencies all met for <TaskInstance: primeira_dag.tsk1 manual__2024-03-05T10:08:37+00:00 [queued]>
[2024-03-05T10:08:39.318+0000] {taskinstance.py:1279} INFO - 
--------------------------------------------------------------------------------
[2024-03-05T10:08:39.319+0000] {taskinstance.py:1280} INFO - Starting attempt 1 of 1
[2024-03-05T10:08:39.320+0000] {taskinstance.py:1281} INFO - 
--------------------------------------------------------------------------------
[2024-03-05T10:08:39.367+0000] {taskinstance.py:1300} INFO - Executing <Task(BashOperator): tsk1> on 2024-03-05 10:08:37+00:00
[2024-03-05T10:08:39.375+0000] {standard_task_runner.py:55} INFO - Started process 265 to run task
[2024-03-05T10:08:39.379+0000] {standard_task_runner.py:82} INFO - Running: ['***', 'tasks', 'run', 'primeira_dag', 'tsk1', 'manual__2024-03-05T10:08:37+00:00', '--job-id', '326', '--raw', '--subdir', 'DAGS_FOLDER/primeirada.py', '--cfg-path', '/tmp/tmpg5xsgpl5']
[2024-03-05T10:08:39.380+0000] {standard_task_runner.py:83} INFO - Job 326: Subtask tsk1
[2024-03-05T10:08:39.409+0000] {warnings.py:110} WARNING - /home/***/.local/lib/python3.7/site-packages/***/settings.py:249: DeprecationWarning: The sql_alchemy_conn option in [core] has been moved to the sql_alchemy_conn option in [database] - the old setting has been used, but please update your config.
  SQL_ALCHEMY_CONN = conf.get("database", "SQL_ALCHEMY_CONN")

[2024-03-05T10:08:39.624+0000] {task_command.py:388} INFO - Running <TaskInstance: primeira_dag.tsk1 manual__2024-03-05T10:08:37+00:00 [running]> on host df7038a2f7dd
[2024-03-05T10:08:40.077+0000] {taskinstance.py:1509} INFO - Exporting the following env vars:
AIRFLOW_CTX_DAG_OWNER=***
AIRFLOW_CTX_DAG_ID=primeira_dag
AIRFLOW_CTX_TASK_ID=tsk1
AIRFLOW_CTX_EXECUTION_DATE=2024-03-05T10:08:37+00:00
AIRFLOW_CTX_TRY_NUMBER=1
AIRFLOW_CTX_DAG_RUN_ID=manual__2024-03-05T10:08:37+00:00
[2024-03-05T10:08:40.088+0000] {subprocess.py:63} INFO - Tmp dir root location: 
 /tmp
[2024-03-05T10:08:40.090+0000] {subprocess.py:75} INFO - Running command: ['/bin/bash', '-c', 'sleep 5']
[2024-03-05T10:08:40.120+0000] {subprocess.py:86} INFO - Output:
[2024-03-05T10:08:45.128+0000] {subprocess.py:97} INFO - Command exited with return code 0
[2024-03-05T10:08:45.179+0000] {taskinstance.py:1323} INFO - Marking task as SUCCESS. dag_id=primeira_dag, task_id=tsk1, execution_date=20240305T100837, start_date=20240305T100839, end_date=20240305T100845
[2024-03-05T10:08:45.230+0000] {local_task_job.py:208} INFO - Task exited with return code 0
[2024-03-05T10:08:45.292+0000] {taskinstance.py:2578} INFO - 1 downstream tasks scheduled from follow-on schedule check
