[2024-03-05T09:29:21.328+0000] {taskinstance.py:1083} INFO - Dependencies all met for <TaskInstance: bancodedados.insert_data manual__2024-03-05T09:29:16.337803+00:00 [queued]>
[2024-03-05T09:29:21.373+0000] {taskinstance.py:1083} INFO - Dependencies all met for <TaskInstance: bancodedados.insert_data manual__2024-03-05T09:29:16.337803+00:00 [queued]>
[2024-03-05T09:29:21.374+0000] {taskinstance.py:1279} INFO - 
--------------------------------------------------------------------------------
[2024-03-05T09:29:21.375+0000] {taskinstance.py:1280} INFO - Starting attempt 1 of 1
[2024-03-05T09:29:21.375+0000] {taskinstance.py:1281} INFO - 
--------------------------------------------------------------------------------
[2024-03-05T09:29:21.458+0000] {taskinstance.py:1300} INFO - Executing <Task(PostgresOperator): insert_data> on 2024-03-05 09:29:16.337803+00:00
[2024-03-05T09:29:21.469+0000] {standard_task_runner.py:55} INFO - Started process 112 to run task
[2024-03-05T09:29:21.479+0000] {standard_task_runner.py:82} INFO - Running: ['***', 'tasks', 'run', 'bancodedados', 'insert_data', 'manual__2024-03-05T09:29:16.337803+00:00', '--job-id', '303', '--raw', '--subdir', 'DAGS_FOLDER/bancodedados.py', '--cfg-path', '/tmp/tmp4arpfstd']
[2024-03-05T09:29:21.480+0000] {standard_task_runner.py:83} INFO - Job 303: Subtask insert_data
[2024-03-05T09:29:21.532+0000] {warnings.py:110} WARNING - /home/***/.local/lib/python3.7/site-packages/***/settings.py:249: DeprecationWarning: The sql_alchemy_conn option in [core] has been moved to the sql_alchemy_conn option in [database] - the old setting has been used, but please update your config.
  SQL_ALCHEMY_CONN = conf.get("database", "SQL_ALCHEMY_CONN")

[2024-03-05T09:29:21.779+0000] {task_command.py:388} INFO - Running <TaskInstance: bancodedados.insert_data manual__2024-03-05T09:29:16.337803+00:00 [running]> on host df7038a2f7dd
[2024-03-05T09:29:22.077+0000] {taskinstance.py:1509} INFO - Exporting the following env vars:
AIRFLOW_CTX_DAG_OWNER=***
AIRFLOW_CTX_DAG_ID=bancodedados
AIRFLOW_CTX_TASK_ID=insert_data
AIRFLOW_CTX_EXECUTION_DATE=2024-03-05T09:29:16.337803+00:00
AIRFLOW_CTX_TRY_NUMBER=1
AIRFLOW_CTX_DAG_RUN_ID=manual__2024-03-05T09:29:16.337803+00:00
[2024-03-05T09:29:22.081+0000] {sql.py:254} INFO - Executing: insert into teste values(1);
[2024-03-05T09:29:22.111+0000] {base.py:73} INFO - Using connection ID 'postgres' for task execution.
[2024-03-05T09:29:23.303+0000] {base.py:73} INFO - Using connection ID 'postgres' for task execution.
[2024-03-05T09:29:23.314+0000] {sql.py:375} INFO - Running statement: insert into teste values(1);, parameters: None
[2024-03-05T09:29:23.317+0000] {sql.py:384} INFO - Rows affected: 1
[2024-03-05T09:29:23.354+0000] {taskinstance.py:1323} INFO - Marking task as SUCCESS. dag_id=bancodedados, task_id=insert_data, execution_date=20240305T092916, start_date=20240305T092921, end_date=20240305T092923
[2024-03-05T09:29:23.443+0000] {local_task_job.py:208} INFO - Task exited with return code 0
[2024-03-05T09:29:23.568+0000] {taskinstance.py:2578} INFO - 1 downstream tasks scheduled from follow-on schedule check
