[2024-03-08T09:19:32.862+0000] {taskinstance.py:1083} INFO - Dependencies all met for <TaskInstance: windturbine.get_data manual__2024-03-08T09:19:26.919732+00:00 [queued]>
[2024-03-08T09:19:32.897+0000] {taskinstance.py:1083} INFO - Dependencies all met for <TaskInstance: windturbine.get_data manual__2024-03-08T09:19:26.919732+00:00 [queued]>
[2024-03-08T09:19:32.898+0000] {taskinstance.py:1279} INFO - 
--------------------------------------------------------------------------------
[2024-03-08T09:19:32.898+0000] {taskinstance.py:1280} INFO - Starting attempt 1 of 2
[2024-03-08T09:19:32.899+0000] {taskinstance.py:1281} INFO - 
--------------------------------------------------------------------------------
[2024-03-08T09:19:32.952+0000] {taskinstance.py:1300} INFO - Executing <Task(PythonOperator): get_data> on 2024-03-08 09:19:26.919732+00:00
[2024-03-08T09:19:32.963+0000] {standard_task_runner.py:55} INFO - Started process 88 to run task
[2024-03-08T09:19:32.970+0000] {standard_task_runner.py:82} INFO - Running: ['***', 'tasks', 'run', 'windturbine', 'get_data', 'manual__2024-03-08T09:19:26.919732+00:00', '--job-id', '355', '--raw', '--subdir', 'DAGS_FOLDER/windturbin.py', '--cfg-path', '/tmp/tmpb3k8p9mn']
[2024-03-08T09:19:32.973+0000] {standard_task_runner.py:83} INFO - Job 355: Subtask get_data
[2024-03-08T09:19:33.006+0000] {warnings.py:110} WARNING - /home/***/.local/lib/python3.7/site-packages/***/settings.py:249: DeprecationWarning: The sql_alchemy_conn option in [core] has been moved to the sql_alchemy_conn option in [database] - the old setting has been used, but please update your config.
  SQL_ALCHEMY_CONN = conf.get("database", "SQL_ALCHEMY_CONN")

[2024-03-08T09:19:33.157+0000] {task_command.py:388} INFO - Running <TaskInstance: windturbine.get_data manual__2024-03-08T09:19:26.919732+00:00 [running]> on host 574a12f58141
[2024-03-08T09:19:33.456+0000] {taskinstance.py:1509} INFO - Exporting the following env vars:
AIRFLOW_CTX_DAG_EMAIL=jezandre_tiago@hotmail.com
AIRFLOW_CTX_DAG_OWNER=***
AIRFLOW_CTX_DAG_ID=windturbine
AIRFLOW_CTX_TASK_ID=get_data
AIRFLOW_CTX_EXECUTION_DATE=2024-03-08T09:19:26.919732+00:00
AIRFLOW_CTX_TRY_NUMBER=1
AIRFLOW_CTX_DAG_RUN_ID=manual__2024-03-08T09:19:26.919732+00:00
[2024-03-08T09:19:33.768+0000] {python.py:177} INFO - Done. Returned value was: None
[2024-03-08T09:19:33.810+0000] {taskinstance.py:1323} INFO - Marking task as SUCCESS. dag_id=windturbine, task_id=get_data, execution_date=20240308T091926, start_date=20240308T091932, end_date=20240308T091933
[2024-03-08T09:19:33.906+0000] {local_task_job.py:208} INFO - Task exited with return code 0
[2024-03-08T09:19:34.000+0000] {taskinstance.py:2578} INFO - 2 downstream tasks scheduled from follow-on schedule check
