[2024-02-29 09:34:25,494] {taskinstance.py:903} INFO - Dependencies all met for <TaskInstance: dummy.tsk1 2024-02-29T09:33:00.320255+00:00 [queued]>
[2024-02-29 09:34:25,517] {taskinstance.py:903} INFO - Dependencies all met for <TaskInstance: dummy.tsk1 2024-02-29T09:33:00.320255+00:00 [queued]>
[2024-02-29 09:34:25,518] {taskinstance.py:1095} INFO - 
--------------------------------------------------------------------------------
[2024-02-29 09:34:25,518] {taskinstance.py:1096} INFO - Starting attempt 1 of 1
[2024-02-29 09:34:25,518] {taskinstance.py:1097} INFO - 
--------------------------------------------------------------------------------
[2024-02-29 09:34:25,545] {taskinstance.py:1115} INFO - Executing <Task(BashOperator): tsk1> on 2024-02-29T09:33:00.320255+00:00
[2024-02-29 09:34:25,556] {standard_task_runner.py:76} INFO - Running: ['***', 'tasks', 'run', 'dummy', 'tsk1', '2024-02-29T09:33:00.320255+00:00', '--job-id', '237', '--pool', 'default_pool', '--raw', '--subdir', 'DAGS_FOLDER/dummy.py', '--cfg-path', '/tmp/tmpsrezmoi4', '--error-file', '/tmp/tmpq2tslst7']
[2024-02-29 09:34:25,552] {standard_task_runner.py:52} INFO - Started process 81 to run task
[2024-02-29 09:34:25,557] {standard_task_runner.py:77} INFO - Job 237: Subtask tsk1
[2024-02-29 09:34:25,633] {logging_mixin.py:109} INFO - Running <TaskInstance: dummy.tsk1 2024-02-29T09:33:00.320255+00:00 [running]> on host cf1345502425
[2024-02-29 09:34:25,744] {taskinstance.py:1254} INFO - Exporting the following env vars:
AIRFLOW_CTX_DAG_OWNER=***
AIRFLOW_CTX_DAG_ID=dummy
AIRFLOW_CTX_TASK_ID=tsk1
AIRFLOW_CTX_EXECUTION_DATE=2024-02-29T09:33:00.320255+00:00
AIRFLOW_CTX_DAG_RUN_ID=manual__2024-02-29T09:33:00.320255+00:00
[2024-02-29 09:34:25,746] {subprocess.py:52} INFO - Tmp dir root location: 
 /tmp
[2024-02-29 09:34:25,748] {subprocess.py:63} INFO - Running command: ['bash', '-c', 'sleep 1']
[2024-02-29 09:34:25,766] {subprocess.py:74} INFO - Output:
[2024-02-29 09:34:26,786] {subprocess.py:82} INFO - Command exited with return code 0
[2024-02-29 09:34:26,845] {taskinstance.py:1219} INFO - Marking task as SUCCESS. dag_id=dummy, task_id=tsk1, execution_date=20240229T093300, start_date=20240229T093425, end_date=20240229T093426
[2024-02-29 09:34:26,900] {local_task_job.py:151} INFO - Task exited with return code 0
[2024-02-29 09:34:26,951] {local_task_job.py:261} INFO - 1 downstream tasks scheduled from follow-on schedule check
