[2024-03-05T09:02:56.669+0000] {taskinstance.py:1083} INFO - Dependencies all met for <TaskInstance: httpsensor.check_api manual__2024-03-05T09:02:55.282650+00:00 [queued]>
[2024-03-05T09:02:56.684+0000] {taskinstance.py:1083} INFO - Dependencies all met for <TaskInstance: httpsensor.check_api manual__2024-03-05T09:02:55.282650+00:00 [queued]>
[2024-03-05T09:02:56.685+0000] {taskinstance.py:1279} INFO - 
--------------------------------------------------------------------------------
[2024-03-05T09:02:56.685+0000] {taskinstance.py:1280} INFO - Starting attempt 1 of 1
[2024-03-05T09:02:56.685+0000] {taskinstance.py:1281} INFO - 
--------------------------------------------------------------------------------
[2024-03-05T09:02:56.716+0000] {taskinstance.py:1300} INFO - Executing <Task(HttpSensor): check_api> on 2024-03-05 09:02:55.282650+00:00
[2024-03-05T09:02:56.723+0000] {standard_task_runner.py:55} INFO - Started process 81 to run task
[2024-03-05T09:02:56.726+0000] {standard_task_runner.py:82} INFO - Running: ['***', 'tasks', 'run', 'httpsensor', 'check_api', 'manual__2024-03-05T09:02:55.282650+00:00', '--job-id', '288', '--raw', '--subdir', 'DAGS_FOLDER/sensors.py', '--cfg-path', '/tmp/tmp_0y3pkk6']
[2024-03-05T09:02:56.727+0000] {standard_task_runner.py:83} INFO - Job 288: Subtask check_api
[2024-03-05T09:02:56.744+0000] {warnings.py:110} WARNING - /home/***/.local/lib/python3.7/site-packages/***/settings.py:249: DeprecationWarning: The sql_alchemy_conn option in [core] has been moved to the sql_alchemy_conn option in [database] - the old setting has been used, but please update your config.
  SQL_ALCHEMY_CONN = conf.get("database", "SQL_ALCHEMY_CONN")

[2024-03-05T09:02:56.828+0000] {task_command.py:388} INFO - Running <TaskInstance: httpsensor.check_api manual__2024-03-05T09:02:55.282650+00:00 [running]> on host df7038a2f7dd
[2024-03-05T09:02:56.969+0000] {taskinstance.py:1509} INFO - Exporting the following env vars:
AIRFLOW_CTX_DAG_OWNER=***
AIRFLOW_CTX_DAG_ID=httpsensor
AIRFLOW_CTX_TASK_ID=check_api
AIRFLOW_CTX_EXECUTION_DATE=2024-03-05T09:02:55.282650+00:00
AIRFLOW_CTX_TRY_NUMBER=1
AIRFLOW_CTX_DAG_RUN_ID=manual__2024-03-05T09:02:55.282650+00:00
[2024-03-05T09:02:56.971+0000] {http.py:122} INFO - Poking: entries
[2024-03-05T09:02:56.988+0000] {base.py:73} INFO - Using connection ID 'connection' for task execution.
[2024-03-05T09:03:02.048+0000] {base.py:228} INFO - Success criteria met. Exiting.
[2024-03-05T09:03:02.068+0000] {taskinstance.py:1323} INFO - Marking task as SUCCESS. dag_id=httpsensor, task_id=check_api, execution_date=20240305T090255, start_date=20240305T090256, end_date=20240305T090302
[2024-03-05T09:03:02.103+0000] {local_task_job.py:208} INFO - Task exited with return code 0
[2024-03-05T09:03:02.157+0000] {taskinstance.py:2578} INFO - 1 downstream tasks scheduled from follow-on schedule check
