[2024-02-26 09:17:01,307] {taskinstance.py:903} INFO - Dependencies all met for <TaskInstance: primeira_dag.tsk2 2024-02-26T09:16:50.325964+00:00 [queued]>
[2024-02-26 09:17:01,333] {taskinstance.py:903} INFO - Dependencies all met for <TaskInstance: primeira_dag.tsk2 2024-02-26T09:16:50.325964+00:00 [queued]>
[2024-02-26 09:17:01,333] {taskinstance.py:1095} INFO - 
--------------------------------------------------------------------------------
[2024-02-26 09:17:01,334] {taskinstance.py:1096} INFO - Starting attempt 1 of 1
[2024-02-26 09:17:01,334] {taskinstance.py:1097} INFO - 
--------------------------------------------------------------------------------
[2024-02-26 09:17:01,349] {taskinstance.py:1115} INFO - Executing <Task(BashOperator): tsk2> on 2024-02-26T09:16:50.325964+00:00
[2024-02-26 09:17:01,358] {standard_task_runner.py:76} INFO - Running: ['***', 'tasks', 'run', 'primeira_dag', 'tsk2', '2024-02-26T09:16:50.325964+00:00', '--job-id', '9', '--pool', 'default_pool', '--raw', '--subdir', 'DAGS_FOLDER/primeirada.py', '--cfg-path', '/tmp/tmpzjibq_n9', '--error-file', '/tmp/tmpgihn3url']
[2024-02-26 09:17:01,359] {standard_task_runner.py:77} INFO - Job 9: Subtask tsk2
[2024-02-26 09:17:01,354] {standard_task_runner.py:52} INFO - Started process 63 to run task
[2024-02-26 09:17:01,417] {logging_mixin.py:109} INFO - Running <TaskInstance: primeira_dag.tsk2 2024-02-26T09:16:50.325964+00:00 [running]> on host 04388f236fb1
[2024-02-26 09:17:01,489] {taskinstance.py:1254} INFO - Exporting the following env vars:
AIRFLOW_CTX_DAG_OWNER=***
AIRFLOW_CTX_DAG_ID=primeira_dag
AIRFLOW_CTX_TASK_ID=tsk2
AIRFLOW_CTX_EXECUTION_DATE=2024-02-26T09:16:50.325964+00:00
AIRFLOW_CTX_DAG_RUN_ID=manual__2024-02-26T09:16:50.325964+00:00
[2024-02-26 09:17:01,491] {subprocess.py:52} INFO - Tmp dir root location: 
 /tmp
[2024-02-26 09:17:01,493] {subprocess.py:63} INFO - Running command: ['bash', '-c', 'sleep 5']
[2024-02-26 09:17:01,506] {subprocess.py:74} INFO - Output:
[2024-02-26 09:17:06,513] {subprocess.py:82} INFO - Command exited with return code 0
[2024-02-26 09:17:06,552] {taskinstance.py:1219} INFO - Marking task as SUCCESS. dag_id=primeira_dag, task_id=tsk2, execution_date=20240226T091650, start_date=20240226T091701, end_date=20240226T091706
[2024-02-26 09:17:06,610] {local_task_job.py:151} INFO - Task exited with return code 0
[2024-02-26 09:17:06,648] {local_task_job.py:261} INFO - 1 downstream tasks scheduled from follow-on schedule check
