[2024-02-27 10:10:50,606] {taskinstance.py:903} INFO - Dependencies all met for <TaskInstance: exemplo_xcom.tsk1 2024-02-27T10:10:45.676928+00:00 [queued]>
[2024-02-27 10:10:50,637] {taskinstance.py:903} INFO - Dependencies all met for <TaskInstance: exemplo_xcom.tsk1 2024-02-27T10:10:45.676928+00:00 [queued]>
[2024-02-27 10:10:50,638] {taskinstance.py:1095} INFO - 
--------------------------------------------------------------------------------
[2024-02-27 10:10:50,638] {taskinstance.py:1096} INFO - Starting attempt 1 of 1
[2024-02-27 10:10:50,638] {taskinstance.py:1097} INFO - 
--------------------------------------------------------------------------------
[2024-02-27 10:10:50,653] {taskinstance.py:1115} INFO - Executing <Task(PythonOperator): tsk1> on 2024-02-27T10:10:45.676928+00:00
[2024-02-27 10:10:50,659] {standard_task_runner.py:52} INFO - Started process 229 to run task
[2024-02-27 10:10:50,664] {standard_task_runner.py:76} INFO - Running: ['***', 'tasks', 'run', 'exemplo_xcom', 'tsk1', '2024-02-27T10:10:45.676928+00:00', '--job-id', '83', '--pool', 'default_pool', '--raw', '--subdir', 'DAGS_FOLDER/xcom.py', '--cfg-path', '/tmp/tmp1bo3jdsw', '--error-file', '/tmp/tmpacv0pd0k']
[2024-02-27 10:10:50,664] {standard_task_runner.py:77} INFO - Job 83: Subtask tsk1
[2024-02-27 10:10:50,726] {logging_mixin.py:109} INFO - Running <TaskInstance: exemplo_xcom.tsk1 2024-02-27T10:10:45.676928+00:00 [running]> on host 1034e60698e1
[2024-02-27 10:10:50,827] {taskinstance.py:1254} INFO - Exporting the following env vars:
AIRFLOW_CTX_DAG_OWNER=***
AIRFLOW_CTX_DAG_ID=exemplo_xcom
AIRFLOW_CTX_TASK_ID=tsk1
AIRFLOW_CTX_EXECUTION_DATE=2024-02-27T10:10:45.676928+00:00
AIRFLOW_CTX_DAG_RUN_ID=manual__2024-02-27T10:10:45.676928+00:00
[2024-02-27 10:10:50,875] {python.py:151} INFO - Done. Returned value was: None
[2024-02-27 10:10:50,897] {taskinstance.py:1219} INFO - Marking task as SUCCESS. dag_id=exemplo_xcom, task_id=tsk1, execution_date=20240227T101045, start_date=20240227T101050, end_date=20240227T101050
[2024-02-27 10:10:50,959] {local_task_job.py:151} INFO - Task exited with return code 0
[2024-02-27 10:10:51,030] {local_task_job.py:261} INFO - 1 downstream tasks scheduled from follow-on schedule check
