[2024-02-27 08:53:04,984] {taskinstance.py:903} INFO - Dependencies all met for <TaskInstance: triggerDagComplexa.tsk3 2024-02-27T08:51:50.275816+00:00 [queued]>
[2024-02-27 08:53:05,009] {taskinstance.py:903} INFO - Dependencies all met for <TaskInstance: triggerDagComplexa.tsk3 2024-02-27T08:51:50.275816+00:00 [queued]>
[2024-02-27 08:53:05,009] {taskinstance.py:1095} INFO - 
--------------------------------------------------------------------------------
[2024-02-27 08:53:05,009] {taskinstance.py:1096} INFO - Starting attempt 1 of 1
[2024-02-27 08:53:05,009] {taskinstance.py:1097} INFO - 
--------------------------------------------------------------------------------
[2024-02-27 08:53:05,022] {taskinstance.py:1115} INFO - Executing <Task(BashOperator): tsk3> on 2024-02-27T08:51:50.275816+00:00
[2024-02-27 08:53:05,026] {standard_task_runner.py:52} INFO - Started process 100 to run task
[2024-02-27 08:53:05,030] {standard_task_runner.py:76} INFO - Running: ['***', 'tasks', 'run', 'triggerDagComplexa', 'tsk3', '2024-02-27T08:51:50.275816+00:00', '--job-id', '41', '--pool', 'default_pool', '--raw', '--subdir', 'DAGS_FOLDER/triggerDagComplexa.py', '--cfg-path', '/tmp/tmpzvpwcv88', '--error-file', '/tmp/tmpvx_qiqi_']
[2024-02-27 08:53:05,031] {standard_task_runner.py:77} INFO - Job 41: Subtask tsk3
[2024-02-27 08:53:05,086] {logging_mixin.py:109} INFO - Running <TaskInstance: triggerDagComplexa.tsk3 2024-02-27T08:51:50.275816+00:00 [running]> on host 1034e60698e1
[2024-02-27 08:53:05,163] {taskinstance.py:1254} INFO - Exporting the following env vars:
AIRFLOW_CTX_DAG_OWNER=***
AIRFLOW_CTX_DAG_ID=triggerDagComplexa
AIRFLOW_CTX_TASK_ID=tsk3
AIRFLOW_CTX_EXECUTION_DATE=2024-02-27T08:51:50.275816+00:00
AIRFLOW_CTX_DAG_RUN_ID=manual__2024-02-27T08:51:50.275816+00:00
[2024-02-27 08:53:05,166] {subprocess.py:52} INFO - Tmp dir root location: 
 /tmp
[2024-02-27 08:53:05,167] {subprocess.py:63} INFO - Running command: ['bash', '-c', 'sleep 5']
[2024-02-27 08:53:05,177] {subprocess.py:74} INFO - Output:
[2024-02-27 08:53:10,180] {subprocess.py:82} INFO - Command exited with return code 0
[2024-02-27 08:53:10,229] {taskinstance.py:1219} INFO - Marking task as SUCCESS. dag_id=triggerDagComplexa, task_id=tsk3, execution_date=20240227T085150, start_date=20240227T085304, end_date=20240227T085310
[2024-02-27 08:53:10,277] {local_task_job.py:151} INFO - Task exited with return code 0
[2024-02-27 08:53:10,314] {local_task_job.py:261} INFO - 0 downstream tasks scheduled from follow-on schedule check
