[2024-02-28 08:46:07,797] {taskinstance.py:903} INFO - Dependencies all met for <TaskInstance: defaultargs.tsk2 2024-02-28T07:00:00+00:00 [queued]>
[2024-02-28 08:46:07,838] {taskinstance.py:903} INFO - Dependencies all met for <TaskInstance: defaultargs.tsk2 2024-02-28T07:00:00+00:00 [queued]>
[2024-02-28 08:46:07,839] {taskinstance.py:1095} INFO - 
--------------------------------------------------------------------------------
[2024-02-28 08:46:07,839] {taskinstance.py:1096} INFO - Starting attempt 1 of 2
[2024-02-28 08:46:07,839] {taskinstance.py:1097} INFO - 
--------------------------------------------------------------------------------
[2024-02-28 08:46:07,860] {taskinstance.py:1115} INFO - Executing <Task(BashOperator): tsk2> on 2024-02-28T07:00:00+00:00
[2024-02-28 08:46:07,865] {standard_task_runner.py:52} INFO - Started process 68 to run task
[2024-02-28 08:46:07,870] {standard_task_runner.py:76} INFO - Running: ['***', 'tasks', 'run', 'defaultargs', 'tsk2', '2024-02-28T07:00:00+00:00', '--job-id', '131', '--pool', 'default_pool', '--raw', '--subdir', 'DAGS_FOLDER/defaultargs.py', '--cfg-path', '/tmp/tmpd1gciz_6', '--error-file', '/tmp/tmpno6js2fu']
[2024-02-28 08:46:07,871] {standard_task_runner.py:77} INFO - Job 131: Subtask tsk2
[2024-02-28 08:46:07,968] {logging_mixin.py:109} INFO - Running <TaskInstance: defaultargs.tsk2 2024-02-28T07:00:00+00:00 [running]> on host 14529f4830f2
[2024-02-28 08:46:08,147] {taskinstance.py:1254} INFO - Exporting the following env vars:
AIRFLOW_CTX_DAG_EMAIL=jezandre_tiago@hotmail.com
AIRFLOW_CTX_DAG_OWNER=***
AIRFLOW_CTX_DAG_ID=defaultargs
AIRFLOW_CTX_TASK_ID=tsk2
AIRFLOW_CTX_EXECUTION_DATE=2024-02-28T07:00:00+00:00
AIRFLOW_CTX_DAG_RUN_ID=scheduled__2024-02-28T07:00:00+00:00
[2024-02-28 08:46:08,148] {subprocess.py:52} INFO - Tmp dir root location: 
 /tmp
[2024-02-28 08:46:08,150] {subprocess.py:63} INFO - Running command: ['bash', '-c', 'sleep 5']
[2024-02-28 08:46:08,185] {subprocess.py:74} INFO - Output:
[2024-02-28 08:46:13,195] {subprocess.py:82} INFO - Command exited with return code 0
[2024-02-28 08:46:13,385] {taskinstance.py:1219} INFO - Marking task as SUCCESS. dag_id=defaultargs, task_id=tsk2, execution_date=20240228T070000, start_date=20240228T084607, end_date=20240228T084613
[2024-02-28 08:46:13,619] {local_task_job.py:151} INFO - Task exited with return code 0
[2024-02-28 08:46:13,769] {local_task_job.py:261} INFO - 0 downstream tasks scheduled from follow-on schedule check
