[2024-03-06T09:00:08.171+0000] {taskinstance.py:1083} INFO - Dependencies all met for <TaskInstance: defaultargs.tsk1 scheduled__2024-03-06T08:00:00+00:00 [queued]>
[2024-03-06T09:00:08.388+0000] {taskinstance.py:1083} INFO - Dependencies all met for <TaskInstance: defaultargs.tsk1 scheduled__2024-03-06T08:00:00+00:00 [queued]>
[2024-03-06T09:00:08.389+0000] {taskinstance.py:1279} INFO - 
--------------------------------------------------------------------------------
[2024-03-06T09:00:08.390+0000] {taskinstance.py:1280} INFO - Starting attempt 1 of 4
[2024-03-06T09:00:08.390+0000] {taskinstance.py:1281} INFO - 
--------------------------------------------------------------------------------
[2024-03-06T09:00:08.504+0000] {taskinstance.py:1300} INFO - Executing <Task(BashOperator): tsk1> on 2024-03-06 08:00:00+00:00
[2024-03-06T09:00:08.520+0000] {standard_task_runner.py:55} INFO - Started process 59 to run task
[2024-03-06T09:00:08.531+0000] {standard_task_runner.py:82} INFO - Running: ['***', 'tasks', 'run', 'defaultargs', 'tsk1', 'scheduled__2024-03-06T08:00:00+00:00', '--job-id', '335', '--raw', '--subdir', 'DAGS_FOLDER/defaultargs.py', '--cfg-path', '/tmp/tmpuh09b5gh']
[2024-03-06T09:00:08.532+0000] {standard_task_runner.py:83} INFO - Job 335: Subtask tsk1
[2024-03-06T09:00:08.572+0000] {warnings.py:110} WARNING - /home/***/.local/lib/python3.7/site-packages/***/settings.py:249: DeprecationWarning: The sql_alchemy_conn option in [core] has been moved to the sql_alchemy_conn option in [database] - the old setting has been used, but please update your config.
  SQL_ALCHEMY_CONN = conf.get("database", "SQL_ALCHEMY_CONN")

[2024-03-06T09:00:08.633+0000] {warnings.py:110} WARNING - /home/***/.local/lib/python3.7/site-packages/***/utils/sqlalchemy.py:124: DeprecationWarning: The sql_alchemy_conn option in [core] has been moved to the sql_alchemy_conn option in [database] - the old setting has been used, but please update your config.
  return not conf.get("database", "sql_alchemy_conn").startswith("mssql")

[2024-03-06T09:00:08.710+0000] {task_command.py:388} INFO - Running <TaskInstance: defaultargs.tsk1 scheduled__2024-03-06T08:00:00+00:00 [running]> on host 6e4cb14ff720
[2024-03-06T09:00:09.118+0000] {taskinstance.py:1509} INFO - Exporting the following env vars:
AIRFLOW_CTX_DAG_EMAIL=jezandre_tiago@hotmail.com
AIRFLOW_CTX_DAG_OWNER=***
AIRFLOW_CTX_DAG_ID=defaultargs
AIRFLOW_CTX_TASK_ID=tsk1
AIRFLOW_CTX_EXECUTION_DATE=2024-03-06T08:00:00+00:00
AIRFLOW_CTX_TRY_NUMBER=1
AIRFLOW_CTX_DAG_RUN_ID=scheduled__2024-03-06T08:00:00+00:00
[2024-03-06T09:00:09.126+0000] {subprocess.py:63} INFO - Tmp dir root location: 
 /tmp
[2024-03-06T09:00:09.139+0000] {subprocess.py:75} INFO - Running command: ['/bin/bash', '-c', 'sleep 5']
[2024-03-06T09:00:09.207+0000] {subprocess.py:86} INFO - Output:
[2024-03-06T09:00:14.320+0000] {subprocess.py:97} INFO - Command exited with return code 0
[2024-03-06T09:00:14.444+0000] {taskinstance.py:1323} INFO - Marking task as SUCCESS. dag_id=defaultargs, task_id=tsk1, execution_date=20240306T080000, start_date=20240306T090008, end_date=20240306T090014
[2024-03-06T09:00:14.591+0000] {local_task_job.py:208} INFO - Task exited with return code 0
[2024-03-06T09:00:14.766+0000] {taskinstance.py:2578} INFO - 1 downstream tasks scheduled from follow-on schedule check
