[2024-02-27 10:00:12,531] {taskinstance.py:903} INFO - Dependencies all met for <TaskInstance: defaultargs.tsk3 2024-02-27T09:00:00+00:00 [queued]>
[2024-02-27 10:00:12,558] {taskinstance.py:903} INFO - Dependencies all met for <TaskInstance: defaultargs.tsk3 2024-02-27T09:00:00+00:00 [queued]>
[2024-02-27 10:00:12,558] {taskinstance.py:1095} INFO - 
--------------------------------------------------------------------------------
[2024-02-27 10:00:12,559] {taskinstance.py:1096} INFO - Starting attempt 1 of 2
[2024-02-27 10:00:12,559] {taskinstance.py:1097} INFO - 
--------------------------------------------------------------------------------
[2024-02-27 10:00:12,578] {taskinstance.py:1115} INFO - Executing <Task(BashOperator): tsk3> on 2024-02-27T09:00:00+00:00
[2024-02-27 10:00:12,589] {standard_task_runner.py:76} INFO - Running: ['***', 'tasks', 'run', 'defaultargs', 'tsk3', '2024-02-27T09:00:00+00:00', '--job-id', '82', '--pool', 'default_pool', '--raw', '--subdir', 'DAGS_FOLDER/defaultargs.py', '--cfg-path', '/tmp/tmpz2yvv5a0', '--error-file', '/tmp/tmpuh9qo7ix']
[2024-02-27 10:00:12,591] {standard_task_runner.py:77} INFO - Job 82: Subtask tsk3
[2024-02-27 10:00:12,584] {standard_task_runner.py:52} INFO - Started process 226 to run task
[2024-02-27 10:00:12,664] {logging_mixin.py:109} INFO - Running <TaskInstance: defaultargs.tsk3 2024-02-27T09:00:00+00:00 [running]> on host 1034e60698e1
[2024-02-27 10:00:12,752] {taskinstance.py:1254} INFO - Exporting the following env vars:
AIRFLOW_CTX_DAG_EMAIL=jezandre_tiago@hotmail.com
AIRFLOW_CTX_DAG_OWNER=***
AIRFLOW_CTX_DAG_ID=defaultargs
AIRFLOW_CTX_TASK_ID=tsk3
AIRFLOW_CTX_EXECUTION_DATE=2024-02-27T09:00:00+00:00
AIRFLOW_CTX_DAG_RUN_ID=scheduled__2024-02-27T09:00:00+00:00
[2024-02-27 10:00:12,753] {subprocess.py:52} INFO - Tmp dir root location: 
 /tmp
[2024-02-27 10:00:12,754] {subprocess.py:63} INFO - Running command: ['bash', '-c', 'sleep 5']
[2024-02-27 10:00:12,766] {subprocess.py:74} INFO - Output:
[2024-02-27 10:00:17,771] {subprocess.py:82} INFO - Command exited with return code 0
[2024-02-27 10:00:17,824] {taskinstance.py:1219} INFO - Marking task as SUCCESS. dag_id=defaultargs, task_id=tsk3, execution_date=20240227T090000, start_date=20240227T100012, end_date=20240227T100017
[2024-02-27 10:00:17,855] {local_task_job.py:151} INFO - Task exited with return code 0
[2024-02-27 10:00:17,888] {local_task_job.py:261} INFO - 0 downstream tasks scheduled from follow-on schedule check
