[2024-03-01 08:35:15,194] {taskinstance.py:903} INFO - Dependencies all met for <TaskInstance: pool.tsk4 2024-03-01T08:35:13.704850+00:00 [queued]>
[2024-03-01 08:35:15,247] {taskinstance.py:903} INFO - Dependencies all met for <TaskInstance: pool.tsk4 2024-03-01T08:35:13.704850+00:00 [queued]>
[2024-03-01 08:35:15,247] {taskinstance.py:1095} INFO - 
--------------------------------------------------------------------------------
[2024-03-01 08:35:15,247] {taskinstance.py:1096} INFO - Starting attempt 1 of 1
[2024-03-01 08:35:15,247] {taskinstance.py:1097} INFO - 
--------------------------------------------------------------------------------
[2024-03-01 08:35:15,271] {taskinstance.py:1115} INFO - Executing <Task(BashOperator): tsk4> on 2024-03-01T08:35:13.704850+00:00
[2024-03-01 08:35:15,282] {standard_task_runner.py:52} INFO - Started process 81 to run task
[2024-03-01 08:35:15,301] {standard_task_runner.py:76} INFO - Running: ['***', 'tasks', 'run', 'pool', 'tsk4', '2024-03-01T08:35:13.704850+00:00', '--job-id', '249', '--pool', 'default_pool', '--raw', '--subdir', 'DAGS_FOLDER/pools.py', '--cfg-path', '/tmp/tmpmt48ijha', '--error-file', '/tmp/tmp2nm0ib4s']
[2024-03-01 08:35:15,303] {standard_task_runner.py:77} INFO - Job 249: Subtask tsk4
[2024-03-01 08:35:15,401] {logging_mixin.py:109} INFO - Running <TaskInstance: pool.tsk4 2024-03-01T08:35:13.704850+00:00 [running]> on host b6da4fb5c714
[2024-03-01 08:35:15,512] {taskinstance.py:1254} INFO - Exporting the following env vars:
AIRFLOW_CTX_DAG_OWNER=***
AIRFLOW_CTX_DAG_ID=pool
AIRFLOW_CTX_TASK_ID=tsk4
AIRFLOW_CTX_EXECUTION_DATE=2024-03-01T08:35:13.704850+00:00
AIRFLOW_CTX_DAG_RUN_ID=manual__2024-03-01T08:35:13.704850+00:00
[2024-03-01 08:35:15,515] {subprocess.py:52} INFO - Tmp dir root location: 
 /tmp
[2024-03-01 08:35:15,517] {subprocess.py:63} INFO - Running command: ['bash', '-c', 'sleep 1']
[2024-03-01 08:35:15,543] {subprocess.py:74} INFO - Output:
[2024-03-01 08:35:16,558] {subprocess.py:82} INFO - Command exited with return code 0
[2024-03-01 08:35:16,702] {taskinstance.py:1219} INFO - Marking task as SUCCESS. dag_id=pool, task_id=tsk4, execution_date=20240301T083513, start_date=20240301T083515, end_date=20240301T083516
[2024-03-01 08:35:16,847] {local_task_job.py:151} INFO - Task exited with return code 0
[2024-03-01 08:35:16,962] {local_task_job.py:261} INFO - 0 downstream tasks scheduled from follow-on schedule check
