[2024-02-27 09:57:41,708] {taskinstance.py:903} INFO - Dependencies all met for <TaskInstance: defaultargs.tsk2 2024-02-27T08:00:00+00:00 [queued]>
[2024-02-27 09:57:41,732] {taskinstance.py:903} INFO - Dependencies all met for <TaskInstance: defaultargs.tsk2 2024-02-27T08:00:00+00:00 [queued]>
[2024-02-27 09:57:41,733] {taskinstance.py:1095} INFO - 
--------------------------------------------------------------------------------
[2024-02-27 09:57:41,733] {taskinstance.py:1096} INFO - Starting attempt 1 of 2
[2024-02-27 09:57:41,733] {taskinstance.py:1097} INFO - 
--------------------------------------------------------------------------------
[2024-02-27 09:57:41,745] {taskinstance.py:1115} INFO - Executing <Task(BashOperator): tsk2> on 2024-02-27T08:00:00+00:00
[2024-02-27 09:57:41,751] {standard_task_runner.py:52} INFO - Started process 205 to run task
[2024-02-27 09:57:41,756] {standard_task_runner.py:76} INFO - Running: ['***', 'tasks', 'run', 'defaultargs', 'tsk2', '2024-02-27T08:00:00+00:00', '--job-id', '75', '--pool', 'default_pool', '--raw', '--subdir', 'DAGS_FOLDER/defaultargs.py', '--cfg-path', '/tmp/tmpqvgwk0_y', '--error-file', '/tmp/tmpg_zm449b']
[2024-02-27 09:57:41,756] {standard_task_runner.py:77} INFO - Job 75: Subtask tsk2
[2024-02-27 09:57:41,818] {logging_mixin.py:109} INFO - Running <TaskInstance: defaultargs.tsk2 2024-02-27T08:00:00+00:00 [running]> on host 1034e60698e1
[2024-02-27 09:57:41,893] {taskinstance.py:1254} INFO - Exporting the following env vars:
AIRFLOW_CTX_DAG_EMAIL=jezandre_tiago@hotmail.com
AIRFLOW_CTX_DAG_OWNER=***
AIRFLOW_CTX_DAG_ID=defaultargs
AIRFLOW_CTX_TASK_ID=tsk2
AIRFLOW_CTX_EXECUTION_DATE=2024-02-27T08:00:00+00:00
AIRFLOW_CTX_DAG_RUN_ID=scheduled__2024-02-27T08:00:00+00:00
[2024-02-27 09:57:41,894] {subprocess.py:52} INFO - Tmp dir root location: 
 /tmp
[2024-02-27 09:57:41,895] {subprocess.py:63} INFO - Running command: ['bash', '-c', 'sleep 5']
[2024-02-27 09:57:41,905] {subprocess.py:74} INFO - Output:
[2024-02-27 09:57:46,909] {subprocess.py:82} INFO - Command exited with return code 0
[2024-02-27 09:57:46,957] {taskinstance.py:1219} INFO - Marking task as SUCCESS. dag_id=defaultargs, task_id=tsk2, execution_date=20240227T080000, start_date=20240227T095741, end_date=20240227T095746
[2024-02-27 09:57:47,022] {local_task_job.py:151} INFO - Task exited with return code 0
[2024-02-27 09:57:47,072] {local_task_job.py:261} INFO - 1 downstream tasks scheduled from follow-on schedule check
