[2024-03-06T08:34:16.729+0000] {taskinstance.py:1083} INFO - Dependencies all met for <TaskInstance: defaultargs.tsk2 scheduled__2024-03-06T07:00:00+00:00 [queued]>
[2024-03-06T08:34:16.803+0000] {taskinstance.py:1083} INFO - Dependencies all met for <TaskInstance: defaultargs.tsk2 scheduled__2024-03-06T07:00:00+00:00 [queued]>
[2024-03-06T08:34:16.803+0000] {taskinstance.py:1279} INFO - 
--------------------------------------------------------------------------------
[2024-03-06T08:34:16.804+0000] {taskinstance.py:1280} INFO - Starting attempt 1 of 2
[2024-03-06T08:34:16.805+0000] {taskinstance.py:1281} INFO - 
--------------------------------------------------------------------------------
[2024-03-06T08:34:16.910+0000] {taskinstance.py:1300} INFO - Executing <Task(BashOperator): tsk2> on 2024-03-06 07:00:00+00:00
[2024-03-06T08:34:16.931+0000] {standard_task_runner.py:55} INFO - Started process 62 to run task
[2024-03-06T08:34:16.938+0000] {standard_task_runner.py:82} INFO - Running: ['***', 'tasks', 'run', 'defaultargs', 'tsk2', 'scheduled__2024-03-06T07:00:00+00:00', '--job-id', '332', '--raw', '--subdir', 'DAGS_FOLDER/defaultargs.py', '--cfg-path', '/tmp/tmpewnztt91']
[2024-03-06T08:34:16.943+0000] {standard_task_runner.py:83} INFO - Job 332: Subtask tsk2
[2024-03-06T08:34:16.993+0000] {warnings.py:110} WARNING - /home/***/.local/lib/python3.7/site-packages/***/settings.py:249: DeprecationWarning: The sql_alchemy_conn option in [core] has been moved to the sql_alchemy_conn option in [database] - the old setting has been used, but please update your config.
  SQL_ALCHEMY_CONN = conf.get("database", "SQL_ALCHEMY_CONN")

[2024-03-06T08:34:17.139+0000] {warnings.py:110} WARNING - /home/***/.local/lib/python3.7/site-packages/***/utils/sqlalchemy.py:124: DeprecationWarning: The sql_alchemy_conn option in [core] has been moved to the sql_alchemy_conn option in [database] - the old setting has been used, but please update your config.
  return not conf.get("database", "sql_alchemy_conn").startswith("mssql")

[2024-03-06T08:34:17.346+0000] {task_command.py:388} INFO - Running <TaskInstance: defaultargs.tsk2 scheduled__2024-03-06T07:00:00+00:00 [running]> on host df7038a2f7dd
[2024-03-06T08:34:18.019+0000] {taskinstance.py:1509} INFO - Exporting the following env vars:
AIRFLOW_CTX_DAG_EMAIL=jezandre_tiago@hotmail.com
AIRFLOW_CTX_DAG_OWNER=***
AIRFLOW_CTX_DAG_ID=defaultargs
AIRFLOW_CTX_TASK_ID=tsk2
AIRFLOW_CTX_EXECUTION_DATE=2024-03-06T07:00:00+00:00
AIRFLOW_CTX_TRY_NUMBER=1
AIRFLOW_CTX_DAG_RUN_ID=scheduled__2024-03-06T07:00:00+00:00
[2024-03-06T08:34:18.034+0000] {subprocess.py:63} INFO - Tmp dir root location: 
 /tmp
[2024-03-06T08:34:18.048+0000] {subprocess.py:75} INFO - Running command: ['/bin/bash', '-c', 'sleep 5']
[2024-03-06T08:34:18.122+0000] {subprocess.py:86} INFO - Output:
[2024-03-06T08:34:23.142+0000] {subprocess.py:97} INFO - Command exited with return code 0
[2024-03-06T08:34:23.236+0000] {taskinstance.py:1323} INFO - Marking task as SUCCESS. dag_id=defaultargs, task_id=tsk2, execution_date=20240306T070000, start_date=20240306T083416, end_date=20240306T083423
[2024-03-06T08:34:23.301+0000] {local_task_job.py:208} INFO - Task exited with return code 0
[2024-03-06T08:34:23.364+0000] {taskinstance.py:2578} INFO - 0 downstream tasks scheduled from follow-on schedule check
