[2024-02-28 08:46:15,289] {taskinstance.py:903} INFO - Dependencies all met for <TaskInstance: defaultargs.tsk3 2024-02-27T10:00:00+00:00 [queued]>
[2024-02-28 08:46:15,352] {taskinstance.py:903} INFO - Dependencies all met for <TaskInstance: defaultargs.tsk3 2024-02-27T10:00:00+00:00 [queued]>
[2024-02-28 08:46:15,353] {taskinstance.py:1095} INFO - 
--------------------------------------------------------------------------------
[2024-02-28 08:46:15,353] {taskinstance.py:1096} INFO - Starting attempt 1 of 2
[2024-02-28 08:46:15,353] {taskinstance.py:1097} INFO - 
--------------------------------------------------------------------------------
[2024-02-28 08:46:15,397] {taskinstance.py:1115} INFO - Executing <Task(BashOperator): tsk3> on 2024-02-27T10:00:00+00:00
[2024-02-28 08:46:15,407] {standard_task_runner.py:52} INFO - Started process 76 to run task
[2024-02-28 08:46:15,415] {standard_task_runner.py:76} INFO - Running: ['***', 'tasks', 'run', 'defaultargs', 'tsk3', '2024-02-27T10:00:00+00:00', '--job-id', '134', '--pool', 'default_pool', '--raw', '--subdir', 'DAGS_FOLDER/defaultargs.py', '--cfg-path', '/tmp/tmpwh9is6m5', '--error-file', '/tmp/tmpv63doj1k']
[2024-02-28 08:46:15,417] {standard_task_runner.py:77} INFO - Job 134: Subtask tsk3
[2024-02-28 08:46:15,501] {logging_mixin.py:109} INFO - Running <TaskInstance: defaultargs.tsk3 2024-02-27T10:00:00+00:00 [running]> on host 14529f4830f2
[2024-02-28 08:46:15,634] {taskinstance.py:1254} INFO - Exporting the following env vars:
AIRFLOW_CTX_DAG_EMAIL=jezandre_tiago@hotmail.com
AIRFLOW_CTX_DAG_OWNER=***
AIRFLOW_CTX_DAG_ID=defaultargs
AIRFLOW_CTX_TASK_ID=tsk3
AIRFLOW_CTX_EXECUTION_DATE=2024-02-27T10:00:00+00:00
AIRFLOW_CTX_DAG_RUN_ID=scheduled__2024-02-27T10:00:00+00:00
[2024-02-28 08:46:15,637] {subprocess.py:52} INFO - Tmp dir root location: 
 /tmp
[2024-02-28 08:46:15,639] {subprocess.py:63} INFO - Running command: ['bash', '-c', 'sleep 5']
[2024-02-28 08:46:15,668] {subprocess.py:74} INFO - Output:
[2024-02-28 08:46:20,685] {subprocess.py:82} INFO - Command exited with return code 0
[2024-02-28 08:46:20,875] {taskinstance.py:1219} INFO - Marking task as SUCCESS. dag_id=defaultargs, task_id=tsk3, execution_date=20240227T100000, start_date=20240228T084615, end_date=20240228T084620
[2024-02-28 08:46:20,989] {local_task_job.py:151} INFO - Task exited with return code 0
[2024-02-28 08:46:21,051] {local_task_job.py:261} INFO - 0 downstream tasks scheduled from follow-on schedule check
