[2024-02-27 09:57:48,071] {taskinstance.py:903} INFO - Dependencies all met for <TaskInstance: defaultargs.tsk3 2024-02-27T08:00:00+00:00 [queued]>
[2024-02-27 09:57:48,107] {taskinstance.py:903} INFO - Dependencies all met for <TaskInstance: defaultargs.tsk3 2024-02-27T08:00:00+00:00 [queued]>
[2024-02-27 09:57:48,108] {taskinstance.py:1095} INFO - 
--------------------------------------------------------------------------------
[2024-02-27 09:57:48,108] {taskinstance.py:1096} INFO - Starting attempt 1 of 2
[2024-02-27 09:57:48,108] {taskinstance.py:1097} INFO - 
--------------------------------------------------------------------------------
[2024-02-27 09:57:48,126] {taskinstance.py:1115} INFO - Executing <Task(BashOperator): tsk3> on 2024-02-27T08:00:00+00:00
[2024-02-27 09:57:48,133] {standard_task_runner.py:52} INFO - Started process 208 to run task
[2024-02-27 09:57:48,139] {standard_task_runner.py:76} INFO - Running: ['***', 'tasks', 'run', 'defaultargs', 'tsk3', '2024-02-27T08:00:00+00:00', '--job-id', '76', '--pool', 'default_pool', '--raw', '--subdir', 'DAGS_FOLDER/defaultargs.py', '--cfg-path', '/tmp/tmpfw7lx6tz', '--error-file', '/tmp/tmp0f0egc16']
[2024-02-27 09:57:48,139] {standard_task_runner.py:77} INFO - Job 76: Subtask tsk3
[2024-02-27 09:57:48,225] {logging_mixin.py:109} INFO - Running <TaskInstance: defaultargs.tsk3 2024-02-27T08:00:00+00:00 [running]> on host 1034e60698e1
[2024-02-27 09:57:48,398] {taskinstance.py:1254} INFO - Exporting the following env vars:
AIRFLOW_CTX_DAG_EMAIL=jezandre_tiago@hotmail.com
AIRFLOW_CTX_DAG_OWNER=***
AIRFLOW_CTX_DAG_ID=defaultargs
AIRFLOW_CTX_TASK_ID=tsk3
AIRFLOW_CTX_EXECUTION_DATE=2024-02-27T08:00:00+00:00
AIRFLOW_CTX_DAG_RUN_ID=scheduled__2024-02-27T08:00:00+00:00
[2024-02-27 09:57:48,400] {subprocess.py:52} INFO - Tmp dir root location: 
 /tmp
[2024-02-27 09:57:48,402] {subprocess.py:63} INFO - Running command: ['bash', '-c', 'sleep 5']
[2024-02-27 09:57:48,421] {subprocess.py:74} INFO - Output:
[2024-02-27 09:57:53,429] {subprocess.py:82} INFO - Command exited with return code 0
[2024-02-27 09:57:53,471] {taskinstance.py:1219} INFO - Marking task as SUCCESS. dag_id=defaultargs, task_id=tsk3, execution_date=20240227T080000, start_date=20240227T095748, end_date=20240227T095753
[2024-02-27 09:57:53,520] {local_task_job.py:151} INFO - Task exited with return code 0
[2024-02-27 09:57:53,559] {local_task_job.py:261} INFO - 0 downstream tasks scheduled from follow-on schedule check
