[2024-03-01 08:30:59,319] {taskinstance.py:903} INFO - Dependencies all met for <TaskInstance: defaultargs.tsk3 2024-02-29T09:00:00+00:00 [queued]>
[2024-03-01 08:30:59,414] {taskinstance.py:903} INFO - Dependencies all met for <TaskInstance: defaultargs.tsk3 2024-02-29T09:00:00+00:00 [queued]>
[2024-03-01 08:30:59,414] {taskinstance.py:1095} INFO - 
--------------------------------------------------------------------------------
[2024-03-01 08:30:59,415] {taskinstance.py:1096} INFO - Starting attempt 1 of 2
[2024-03-01 08:30:59,415] {taskinstance.py:1097} INFO - 
--------------------------------------------------------------------------------
[2024-03-01 08:30:59,452] {taskinstance.py:1115} INFO - Executing <Task(BashOperator): tsk3> on 2024-02-29T09:00:00+00:00
[2024-03-01 08:30:59,474] {standard_task_runner.py:76} INFO - Running: ['***', 'tasks', 'run', 'defaultargs', 'tsk3', '2024-02-29T09:00:00+00:00', '--job-id', '247', '--pool', 'default_pool', '--raw', '--subdir', 'DAGS_FOLDER/defaultargs.py', '--cfg-path', '/tmp/tmptq_q6vqn', '--error-file', '/tmp/tmpsiv0_9l9']
[2024-03-01 08:30:59,460] {standard_task_runner.py:52} INFO - Started process 74 to run task
[2024-03-01 08:30:59,476] {standard_task_runner.py:77} INFO - Job 247: Subtask tsk3
[2024-03-01 08:30:59,655] {logging_mixin.py:109} INFO - Running <TaskInstance: defaultargs.tsk3 2024-02-29T09:00:00+00:00 [running]> on host b6da4fb5c714
[2024-03-01 08:30:59,930] {taskinstance.py:1254} INFO - Exporting the following env vars:
AIRFLOW_CTX_DAG_EMAIL=jezandre_tiago@hotmail.com
AIRFLOW_CTX_DAG_OWNER=***
AIRFLOW_CTX_DAG_ID=defaultargs
AIRFLOW_CTX_TASK_ID=tsk3
AIRFLOW_CTX_EXECUTION_DATE=2024-02-29T09:00:00+00:00
AIRFLOW_CTX_DAG_RUN_ID=scheduled__2024-02-29T09:00:00+00:00
[2024-03-01 08:30:59,933] {subprocess.py:52} INFO - Tmp dir root location: 
 /tmp
[2024-03-01 08:30:59,935] {subprocess.py:63} INFO - Running command: ['bash', '-c', 'sleep 5']
[2024-03-01 08:30:59,986] {subprocess.py:74} INFO - Output:
[2024-03-01 08:31:05,013] {subprocess.py:82} INFO - Command exited with return code 0
[2024-03-01 08:31:05,117] {taskinstance.py:1219} INFO - Marking task as SUCCESS. dag_id=defaultargs, task_id=tsk3, execution_date=20240229T090000, start_date=20240301T083059, end_date=20240301T083105
[2024-03-01 08:31:05,223] {local_task_job.py:151} INFO - Task exited with return code 0
[2024-03-01 08:31:05,323] {local_task_job.py:261} INFO - 0 downstream tasks scheduled from follow-on schedule check
