[2024-02-26 10:06:05,117] {taskinstance.py:903} INFO - Dependencies all met for <TaskInstance: terceira_dag.tsk2 2024-02-26T10:05:58.530062+00:00 [queued]>
[2024-02-26 10:06:05,136] {taskinstance.py:903} INFO - Dependencies all met for <TaskInstance: terceira_dag.tsk2 2024-02-26T10:05:58.530062+00:00 [queued]>
[2024-02-26 10:06:05,136] {taskinstance.py:1095} INFO - 
--------------------------------------------------------------------------------
[2024-02-26 10:06:05,136] {taskinstance.py:1096} INFO - Starting attempt 1 of 1
[2024-02-26 10:06:05,136] {taskinstance.py:1097} INFO - 
--------------------------------------------------------------------------------
[2024-02-26 10:06:05,163] {taskinstance.py:1115} INFO - Executing <Task(BashOperator): tsk2> on 2024-02-26T10:05:58.530062+00:00
[2024-02-26 10:06:05,181] {standard_task_runner.py:76} INFO - Running: ['***', 'tasks', 'run', 'terceira_dag', 'tsk2', '2024-02-26T10:05:58.530062+00:00', '--job-id', '20', '--pool', 'default_pool', '--raw', '--subdir', 'DAGS_FOLDER/terceiradag.py', '--cfg-path', '/tmp/tmpkj9uw4yu', '--error-file', '/tmp/tmp4bnx3vid']
[2024-02-26 10:06:05,174] {standard_task_runner.py:52} INFO - Started process 62 to run task
[2024-02-26 10:06:05,183] {standard_task_runner.py:77} INFO - Job 20: Subtask tsk2
[2024-02-26 10:06:05,266] {logging_mixin.py:109} INFO - Running <TaskInstance: terceira_dag.tsk2 2024-02-26T10:05:58.530062+00:00 [running]> on host aed67f908f56
[2024-02-26 10:06:05,373] {taskinstance.py:1254} INFO - Exporting the following env vars:
AIRFLOW_CTX_DAG_OWNER=***
AIRFLOW_CTX_DAG_ID=terceira_dag
AIRFLOW_CTX_TASK_ID=tsk2
AIRFLOW_CTX_EXECUTION_DATE=2024-02-26T10:05:58.530062+00:00
AIRFLOW_CTX_DAG_RUN_ID=manual__2024-02-26T10:05:58.530062+00:00
[2024-02-26 10:06:05,374] {subprocess.py:52} INFO - Tmp dir root location: 
 /tmp
[2024-02-26 10:06:05,378] {subprocess.py:63} INFO - Running command: ['bash', '-c', 'sleep 5']
[2024-02-26 10:06:05,418] {subprocess.py:74} INFO - Output:
[2024-02-26 10:06:10,421] {subprocess.py:82} INFO - Command exited with return code 0
[2024-02-26 10:06:10,482] {taskinstance.py:1219} INFO - Marking task as SUCCESS. dag_id=terceira_dag, task_id=tsk2, execution_date=20240226T100558, start_date=20240226T100605, end_date=20240226T100610
[2024-02-26 10:06:10,538] {local_task_job.py:151} INFO - Task exited with return code 0
[2024-02-26 10:06:10,593] {local_task_job.py:261} INFO - 1 downstream tasks scheduled from follow-on schedule check
