[2024-03-05T09:49:50.747+0000] {taskinstance.py:1083} INFO - Dependencies all met for <TaskInstance: hook.create_table_task manual__2024-03-05T09:49:48.933729+00:00 [queued]>
[2024-03-05T09:49:50.772+0000] {taskinstance.py:1083} INFO - Dependencies all met for <TaskInstance: hook.create_table_task manual__2024-03-05T09:49:48.933729+00:00 [queued]>
[2024-03-05T09:49:50.773+0000] {taskinstance.py:1279} INFO - 
--------------------------------------------------------------------------------
[2024-03-05T09:49:50.774+0000] {taskinstance.py:1280} INFO - Starting attempt 1 of 1
[2024-03-05T09:49:50.774+0000] {taskinstance.py:1281} INFO - 
--------------------------------------------------------------------------------
[2024-03-05T09:49:50.824+0000] {taskinstance.py:1300} INFO - Executing <Task(PythonOperator): create_table_task> on 2024-03-05 09:49:48.933729+00:00
[2024-03-05T09:49:50.833+0000] {standard_task_runner.py:55} INFO - Started process 125 to run task
[2024-03-05T09:49:50.841+0000] {standard_task_runner.py:82} INFO - Running: ['***', 'tasks', 'run', 'hook', 'create_table_task', 'manual__2024-03-05T09:49:48.933729+00:00', '--job-id', '310', '--raw', '--subdir', 'DAGS_FOLDER/hooks.py', '--cfg-path', '/tmp/tmpkehyuwu6']
[2024-03-05T09:49:50.843+0000] {standard_task_runner.py:83} INFO - Job 310: Subtask create_table_task
[2024-03-05T09:49:50.875+0000] {warnings.py:110} WARNING - /home/***/.local/lib/python3.7/site-packages/***/settings.py:249: DeprecationWarning: The sql_alchemy_conn option in [core] has been moved to the sql_alchemy_conn option in [database] - the old setting has been used, but please update your config.
  SQL_ALCHEMY_CONN = conf.get("database", "SQL_ALCHEMY_CONN")

[2024-03-05T09:49:51.153+0000] {task_command.py:388} INFO - Running <TaskInstance: hook.create_table_task manual__2024-03-05T09:49:48.933729+00:00 [running]> on host df7038a2f7dd
[2024-03-05T09:49:51.724+0000] {taskinstance.py:1509} INFO - Exporting the following env vars:
AIRFLOW_CTX_DAG_OWNER=***
AIRFLOW_CTX_DAG_ID=hook
AIRFLOW_CTX_TASK_ID=create_table_task
AIRFLOW_CTX_EXECUTION_DATE=2024-03-05T09:49:48.933729+00:00
AIRFLOW_CTX_TRY_NUMBER=1
AIRFLOW_CTX_DAG_RUN_ID=manual__2024-03-05T09:49:48.933729+00:00
[2024-03-05T09:49:51.788+0000] {base.py:73} INFO - Using connection ID 'postgres' for task execution.
[2024-03-05T09:49:51.809+0000] {sql.py:375} INFO - Running statement: create table if not exists teste2(id int);, parameters: None
[2024-03-05T09:49:51.827+0000] {python.py:177} INFO - Done. Returned value was: None
[2024-03-05T09:49:51.898+0000] {taskinstance.py:1323} INFO - Marking task as SUCCESS. dag_id=hook, task_id=create_table_task, execution_date=20240305T094948, start_date=20240305T094950, end_date=20240305T094951
[2024-03-05T09:49:52.011+0000] {local_task_job.py:208} INFO - Task exited with return code 0
[2024-03-05T09:49:52.219+0000] {taskinstance.py:2578} INFO - 1 downstream tasks scheduled from follow-on schedule check
