[2024-03-01 08:30:52,354] {taskinstance.py:903} INFO - Dependencies all met for <TaskInstance: defaultargs.tsk2 2024-02-29T09:00:00+00:00 [queued]>
[2024-03-01 08:30:52,406] {taskinstance.py:903} INFO - Dependencies all met for <TaskInstance: defaultargs.tsk2 2024-02-29T09:00:00+00:00 [queued]>
[2024-03-01 08:30:52,407] {taskinstance.py:1095} INFO - 
--------------------------------------------------------------------------------
[2024-03-01 08:30:52,408] {taskinstance.py:1096} INFO - Starting attempt 1 of 2
[2024-03-01 08:30:52,408] {taskinstance.py:1097} INFO - 
--------------------------------------------------------------------------------
[2024-03-01 08:30:52,438] {taskinstance.py:1115} INFO - Executing <Task(BashOperator): tsk2> on 2024-02-29T09:00:00+00:00
[2024-03-01 08:30:52,447] {standard_task_runner.py:52} INFO - Started process 68 to run task
[2024-03-01 08:30:52,462] {standard_task_runner.py:76} INFO - Running: ['***', 'tasks', 'run', 'defaultargs', 'tsk2', '2024-02-29T09:00:00+00:00', '--job-id', '245', '--pool', 'default_pool', '--raw', '--subdir', 'DAGS_FOLDER/defaultargs.py', '--cfg-path', '/tmp/tmp09_lzbjq', '--error-file', '/tmp/tmpihpikwcc']
[2024-03-01 08:30:52,463] {standard_task_runner.py:77} INFO - Job 245: Subtask tsk2
[2024-03-01 08:30:52,567] {logging_mixin.py:109} INFO - Running <TaskInstance: defaultargs.tsk2 2024-02-29T09:00:00+00:00 [running]> on host b6da4fb5c714
[2024-03-01 08:30:52,691] {taskinstance.py:1254} INFO - Exporting the following env vars:
AIRFLOW_CTX_DAG_EMAIL=jezandre_tiago@hotmail.com
AIRFLOW_CTX_DAG_OWNER=***
AIRFLOW_CTX_DAG_ID=defaultargs
AIRFLOW_CTX_TASK_ID=tsk2
AIRFLOW_CTX_EXECUTION_DATE=2024-02-29T09:00:00+00:00
AIRFLOW_CTX_DAG_RUN_ID=scheduled__2024-02-29T09:00:00+00:00
[2024-03-01 08:30:52,696] {subprocess.py:52} INFO - Tmp dir root location: 
 /tmp
[2024-03-01 08:30:52,698] {subprocess.py:63} INFO - Running command: ['bash', '-c', 'sleep 5']
[2024-03-01 08:30:52,728] {subprocess.py:74} INFO - Output:
[2024-03-01 08:30:57,735] {subprocess.py:82} INFO - Command exited with return code 0
[2024-03-01 08:30:57,790] {taskinstance.py:1219} INFO - Marking task as SUCCESS. dag_id=defaultargs, task_id=tsk2, execution_date=20240229T090000, start_date=20240301T083052, end_date=20240301T083057
[2024-03-01 08:30:57,900] {local_task_job.py:151} INFO - Task exited with return code 0
[2024-03-01 08:30:57,974] {local_task_job.py:261} INFO - 1 downstream tasks scheduled from follow-on schedule check
