[2024-02-27 09:09:25,075] {taskinstance.py:903} INFO - Dependencies all met for <TaskInstance: dagGroup.tsk6 2024-02-27T09:09:05.695658+00:00 [queued]>
[2024-02-27 09:09:25,101] {taskinstance.py:903} INFO - Dependencies all met for <TaskInstance: dagGroup.tsk6 2024-02-27T09:09:05.695658+00:00 [queued]>
[2024-02-27 09:09:25,102] {taskinstance.py:1095} INFO - 
--------------------------------------------------------------------------------
[2024-02-27 09:09:25,102] {taskinstance.py:1096} INFO - Starting attempt 1 of 1
[2024-02-27 09:09:25,102] {taskinstance.py:1097} INFO - 
--------------------------------------------------------------------------------
[2024-02-27 09:09:25,116] {taskinstance.py:1115} INFO - Executing <Task(BashOperator): tsk6> on 2024-02-27T09:09:05.695658+00:00
[2024-02-27 09:09:25,120] {standard_task_runner.py:52} INFO - Started process 178 to run task
[2024-02-27 09:09:25,126] {standard_task_runner.py:76} INFO - Running: ['***', 'tasks', 'run', 'dagGroup', 'tsk6', '2024-02-27T09:09:05.695658+00:00', '--job-id', '67', '--pool', 'default_pool', '--raw', '--subdir', 'DAGS_FOLDER/dagGroup.py', '--cfg-path', '/tmp/tmpnn9w91wu', '--error-file', '/tmp/tmpgfzx0t6c']
[2024-02-27 09:09:25,127] {standard_task_runner.py:77} INFO - Job 67: Subtask tsk6
[2024-02-27 09:09:25,187] {logging_mixin.py:109} INFO - Running <TaskInstance: dagGroup.tsk6 2024-02-27T09:09:05.695658+00:00 [running]> on host 1034e60698e1
[2024-02-27 09:09:25,270] {taskinstance.py:1254} INFO - Exporting the following env vars:
AIRFLOW_CTX_DAG_OWNER=***
AIRFLOW_CTX_DAG_ID=dagGroup
AIRFLOW_CTX_TASK_ID=tsk6
AIRFLOW_CTX_EXECUTION_DATE=2024-02-27T09:09:05.695658+00:00
AIRFLOW_CTX_DAG_RUN_ID=manual__2024-02-27T09:09:05.695658+00:00
[2024-02-27 09:09:25,272] {subprocess.py:52} INFO - Tmp dir root location: 
 /tmp
[2024-02-27 09:09:25,274] {subprocess.py:63} INFO - Running command: ['bash', '-c', 'sleep 5']
[2024-02-27 09:09:25,287] {subprocess.py:74} INFO - Output:
[2024-02-27 09:09:30,293] {subprocess.py:82} INFO - Command exited with return code 0
[2024-02-27 09:09:30,341] {taskinstance.py:1219} INFO - Marking task as SUCCESS. dag_id=dagGroup, task_id=tsk6, execution_date=20240227T090905, start_date=20240227T090925, end_date=20240227T090930
[2024-02-27 09:09:30,378] {local_task_job.py:151} INFO - Task exited with return code 0
[2024-02-27 09:09:30,428] {local_task_job.py:261} INFO - 2 downstream tasks scheduled from follow-on schedule check
