[2024-02-29 09:34:25,311] {taskinstance.py:903} INFO - Dependencies all met for <TaskInstance: dummy.tsk3 2024-02-29T09:33:00.320255+00:00 [queued]>
[2024-02-29 09:34:25,336] {taskinstance.py:903} INFO - Dependencies all met for <TaskInstance: dummy.tsk3 2024-02-29T09:33:00.320255+00:00 [queued]>
[2024-02-29 09:34:25,337] {taskinstance.py:1095} INFO - 
--------------------------------------------------------------------------------
[2024-02-29 09:34:25,337] {taskinstance.py:1096} INFO - Starting attempt 1 of 1
[2024-02-29 09:34:25,337] {taskinstance.py:1097} INFO - 
--------------------------------------------------------------------------------
[2024-02-29 09:34:25,361] {taskinstance.py:1115} INFO - Executing <Task(BashOperator): tsk3> on 2024-02-29T09:33:00.320255+00:00
[2024-02-29 09:34:25,375] {standard_task_runner.py:76} INFO - Running: ['***', 'tasks', 'run', 'dummy', 'tsk3', '2024-02-29T09:33:00.320255+00:00', '--job-id', '235', '--pool', 'default_pool', '--raw', '--subdir', 'DAGS_FOLDER/dummy.py', '--cfg-path', '/tmp/tmpqy70ytpi', '--error-file', '/tmp/tmpip6adfe5']
[2024-02-29 09:34:25,377] {standard_task_runner.py:77} INFO - Job 235: Subtask tsk3
[2024-02-29 09:34:25,369] {standard_task_runner.py:52} INFO - Started process 79 to run task
[2024-02-29 09:34:25,462] {logging_mixin.py:109} INFO - Running <TaskInstance: dummy.tsk3 2024-02-29T09:33:00.320255+00:00 [running]> on host cf1345502425
[2024-02-29 09:34:25,558] {taskinstance.py:1254} INFO - Exporting the following env vars:
AIRFLOW_CTX_DAG_OWNER=***
AIRFLOW_CTX_DAG_ID=dummy
AIRFLOW_CTX_TASK_ID=tsk3
AIRFLOW_CTX_EXECUTION_DATE=2024-02-29T09:33:00.320255+00:00
AIRFLOW_CTX_DAG_RUN_ID=manual__2024-02-29T09:33:00.320255+00:00
[2024-02-29 09:34:25,559] {subprocess.py:52} INFO - Tmp dir root location: 
 /tmp
[2024-02-29 09:34:25,561] {subprocess.py:63} INFO - Running command: ['bash', '-c', 'sleep 1']
[2024-02-29 09:34:25,582] {subprocess.py:74} INFO - Output:
[2024-02-29 09:34:26,596] {subprocess.py:82} INFO - Command exited with return code 0
[2024-02-29 09:34:26,652] {taskinstance.py:1219} INFO - Marking task as SUCCESS. dag_id=dummy, task_id=tsk3, execution_date=20240229T093300, start_date=20240229T093425, end_date=20240229T093426
[2024-02-29 09:34:26,721] {local_task_job.py:151} INFO - Task exited with return code 0
[2024-02-29 09:34:26,770] {local_task_job.py:261} INFO - 0 downstream tasks scheduled from follow-on schedule check
