[2024-02-26 09:18:10,226] {taskinstance.py:903} INFO - Dependencies all met for <TaskInstance: segunda_dag.tsk2 2024-02-26T09:18:02.753380+00:00 [queued]>
[2024-02-26 09:18:10,262] {taskinstance.py:903} INFO - Dependencies all met for <TaskInstance: segunda_dag.tsk2 2024-02-26T09:18:02.753380+00:00 [queued]>
[2024-02-26 09:18:10,263] {taskinstance.py:1095} INFO - 
--------------------------------------------------------------------------------
[2024-02-26 09:18:10,263] {taskinstance.py:1096} INFO - Starting attempt 1 of 1
[2024-02-26 09:18:10,263] {taskinstance.py:1097} INFO - 
--------------------------------------------------------------------------------
[2024-02-26 09:18:10,280] {taskinstance.py:1115} INFO - Executing <Task(BashOperator): tsk2> on 2024-02-26T09:18:02.753380+00:00
[2024-02-26 09:18:10,288] {standard_task_runner.py:52} INFO - Started process 72 to run task
[2024-02-26 09:18:10,295] {standard_task_runner.py:76} INFO - Running: ['***', 'tasks', 'run', 'segunda_dag', 'tsk2', '2024-02-26T09:18:02.753380+00:00', '--job-id', '12', '--pool', 'default_pool', '--raw', '--subdir', 'DAGS_FOLDER/segundadag.py', '--cfg-path', '/tmp/tmpgxayi4_q', '--error-file', '/tmp/tmpkljw7xut']
[2024-02-26 09:18:10,296] {standard_task_runner.py:77} INFO - Job 12: Subtask tsk2
[2024-02-26 09:18:10,394] {logging_mixin.py:109} INFO - Running <TaskInstance: segunda_dag.tsk2 2024-02-26T09:18:02.753380+00:00 [running]> on host 04388f236fb1
[2024-02-26 09:18:10,533] {taskinstance.py:1254} INFO - Exporting the following env vars:
AIRFLOW_CTX_DAG_OWNER=***
AIRFLOW_CTX_DAG_ID=segunda_dag
AIRFLOW_CTX_TASK_ID=tsk2
AIRFLOW_CTX_EXECUTION_DATE=2024-02-26T09:18:02.753380+00:00
AIRFLOW_CTX_DAG_RUN_ID=manual__2024-02-26T09:18:02.753380+00:00
[2024-02-26 09:18:10,536] {subprocess.py:52} INFO - Tmp dir root location: 
 /tmp
[2024-02-26 09:18:10,541] {subprocess.py:63} INFO - Running command: ['bash', '-c', 'sleep 5']
[2024-02-26 09:18:10,561] {subprocess.py:74} INFO - Output:
[2024-02-26 09:18:15,570] {subprocess.py:82} INFO - Command exited with return code 0
[2024-02-26 09:18:15,647] {taskinstance.py:1219} INFO - Marking task as SUCCESS. dag_id=segunda_dag, task_id=tsk2, execution_date=20240226T091802, start_date=20240226T091810, end_date=20240226T091815
[2024-02-26 09:18:15,706] {local_task_job.py:151} INFO - Task exited with return code 0
[2024-02-26 09:18:15,741] {local_task_job.py:261} INFO - 0 downstream tasks scheduled from follow-on schedule check
