[2024-02-27 09:23:16,303] {taskinstance.py:903} INFO - Dependencies all met for <TaskInstance: dagrundag2.tsk2 2024-02-27T09:23:09.497273+00:00 [queued]>
[2024-02-27 09:23:16,332] {taskinstance.py:903} INFO - Dependencies all met for <TaskInstance: dagrundag2.tsk2 2024-02-27T09:23:09.497273+00:00 [queued]>
[2024-02-27 09:23:16,332] {taskinstance.py:1095} INFO - 
--------------------------------------------------------------------------------
[2024-02-27 09:23:16,333] {taskinstance.py:1096} INFO - Starting attempt 1 of 1
[2024-02-27 09:23:16,333] {taskinstance.py:1097} INFO - 
--------------------------------------------------------------------------------
[2024-02-27 09:23:16,347] {taskinstance.py:1115} INFO - Executing <Task(BashOperator): tsk2> on 2024-02-27T09:23:09.497273+00:00
[2024-02-27 09:23:16,359] {standard_task_runner.py:76} INFO - Running: ['***', 'tasks', 'run', 'dagrundag2', 'tsk2', '2024-02-27T09:23:09.497273+00:00', '--job-id', '73', '--pool', 'default_pool', '--raw', '--subdir', 'DAGS_FOLDER/dagrundag2.py', '--cfg-path', '/tmp/tmp63nrf2gw', '--error-file', '/tmp/tmp_me2zt8r']
[2024-02-27 09:23:16,361] {standard_task_runner.py:77} INFO - Job 73: Subtask tsk2
[2024-02-27 09:23:16,352] {standard_task_runner.py:52} INFO - Started process 197 to run task
[2024-02-27 09:23:16,438] {logging_mixin.py:109} INFO - Running <TaskInstance: dagrundag2.tsk2 2024-02-27T09:23:09.497273+00:00 [running]> on host 1034e60698e1
[2024-02-27 09:23:16,545] {taskinstance.py:1254} INFO - Exporting the following env vars:
AIRFLOW_CTX_DAG_OWNER=***
AIRFLOW_CTX_DAG_ID=dagrundag2
AIRFLOW_CTX_TASK_ID=tsk2
AIRFLOW_CTX_EXECUTION_DATE=2024-02-27T09:23:09.497273+00:00
AIRFLOW_CTX_DAG_RUN_ID=manual__2024-02-27T09:23:09.466712+00:00
[2024-02-27 09:23:16,546] {subprocess.py:52} INFO - Tmp dir root location: 
 /tmp
[2024-02-27 09:23:16,547] {subprocess.py:63} INFO - Running command: ['bash', '-c', 'sleep 5']
[2024-02-27 09:23:16,564] {subprocess.py:74} INFO - Output:
[2024-02-27 09:23:21,569] {subprocess.py:82} INFO - Command exited with return code 0
[2024-02-27 09:23:21,616] {taskinstance.py:1219} INFO - Marking task as SUCCESS. dag_id=dagrundag2, task_id=tsk2, execution_date=20240227T092309, start_date=20240227T092316, end_date=20240227T092321
[2024-02-27 09:23:21,657] {local_task_job.py:151} INFO - Task exited with return code 0
[2024-02-27 09:23:21,689] {local_task_job.py:261} INFO - 0 downstream tasks scheduled from follow-on schedule check
