[2024-02-27 10:00:00,593] {taskinstance.py:903} INFO - Dependencies all met for <TaskInstance: defaultargs.tsk1 2024-02-27T09:00:00+00:00 [queued]>
[2024-02-27 10:00:00,622] {taskinstance.py:903} INFO - Dependencies all met for <TaskInstance: defaultargs.tsk1 2024-02-27T09:00:00+00:00 [queued]>
[2024-02-27 10:00:00,622] {taskinstance.py:1095} INFO - 
--------------------------------------------------------------------------------
[2024-02-27 10:00:00,622] {taskinstance.py:1096} INFO - Starting attempt 1 of 4
[2024-02-27 10:00:00,622] {taskinstance.py:1097} INFO - 
--------------------------------------------------------------------------------
[2024-02-27 10:00:00,639] {taskinstance.py:1115} INFO - Executing <Task(BashOperator): tsk1> on 2024-02-27T09:00:00+00:00
[2024-02-27 10:00:00,644] {standard_task_runner.py:52} INFO - Started process 220 to run task
[2024-02-27 10:00:00,650] {standard_task_runner.py:76} INFO - Running: ['***', 'tasks', 'run', 'defaultargs', 'tsk1', '2024-02-27T09:00:00+00:00', '--job-id', '80', '--pool', 'default_pool', '--raw', '--subdir', 'DAGS_FOLDER/defaultargs.py', '--cfg-path', '/tmp/tmpi7k2rmfh', '--error-file', '/tmp/tmplp7e2q9d']
[2024-02-27 10:00:00,651] {standard_task_runner.py:77} INFO - Job 80: Subtask tsk1
[2024-02-27 10:00:00,723] {logging_mixin.py:109} INFO - Running <TaskInstance: defaultargs.tsk1 2024-02-27T09:00:00+00:00 [running]> on host 1034e60698e1
[2024-02-27 10:00:00,820] {taskinstance.py:1254} INFO - Exporting the following env vars:
AIRFLOW_CTX_DAG_EMAIL=jezandre_tiago@hotmail.com
AIRFLOW_CTX_DAG_OWNER=***
AIRFLOW_CTX_DAG_ID=defaultargs
AIRFLOW_CTX_TASK_ID=tsk1
AIRFLOW_CTX_EXECUTION_DATE=2024-02-27T09:00:00+00:00
AIRFLOW_CTX_DAG_RUN_ID=scheduled__2024-02-27T09:00:00+00:00
[2024-02-27 10:00:00,822] {subprocess.py:52} INFO - Tmp dir root location: 
 /tmp
[2024-02-27 10:00:00,824] {subprocess.py:63} INFO - Running command: ['bash', '-c', 'sleep 5']
[2024-02-27 10:00:00,840] {subprocess.py:74} INFO - Output:
[2024-02-27 10:00:05,845] {subprocess.py:82} INFO - Command exited with return code 0
[2024-02-27 10:00:05,888] {taskinstance.py:1219} INFO - Marking task as SUCCESS. dag_id=defaultargs, task_id=tsk1, execution_date=20240227T090000, start_date=20240227T100000, end_date=20240227T100005
[2024-02-27 10:00:05,947] {local_task_job.py:151} INFO - Task exited with return code 0
[2024-02-27 10:00:05,980] {local_task_job.py:261} INFO - 0 downstream tasks scheduled from follow-on schedule check
