[2024-02-27 08:37:15,321] {taskinstance.py:903} INFO - Dependencies all met for <TaskInstance: triggerDag1.tsk2 2024-02-27T08:37:13.135843+00:00 [queued]>
[2024-02-27 08:37:15,352] {taskinstance.py:903} INFO - Dependencies all met for <TaskInstance: triggerDag1.tsk2 2024-02-27T08:37:13.135843+00:00 [queued]>
[2024-02-27 08:37:15,352] {taskinstance.py:1095} INFO - 
--------------------------------------------------------------------------------
[2024-02-27 08:37:15,353] {taskinstance.py:1096} INFO - Starting attempt 1 of 1
[2024-02-27 08:37:15,353] {taskinstance.py:1097} INFO - 
--------------------------------------------------------------------------------
[2024-02-27 08:37:15,370] {taskinstance.py:1115} INFO - Executing <Task(BashOperator): tsk2> on 2024-02-27T08:37:13.135843+00:00
[2024-02-27 08:37:15,384] {standard_task_runner.py:76} INFO - Running: ['***', 'tasks', 'run', 'triggerDag1', 'tsk2', '2024-02-27T08:37:13.135843+00:00', '--job-id', '28', '--pool', 'default_pool', '--raw', '--subdir', 'DAGS_FOLDER/triggerDag1.py', '--cfg-path', '/tmp/tmp9tobnhhj', '--error-file', '/tmp/tmpwdbrufgn']
[2024-02-27 08:37:15,385] {standard_task_runner.py:77} INFO - Job 28: Subtask tsk2
[2024-02-27 08:37:15,376] {standard_task_runner.py:52} INFO - Started process 61 to run task
[2024-02-27 08:37:15,457] {logging_mixin.py:109} INFO - Running <TaskInstance: triggerDag1.tsk2 2024-02-27T08:37:13.135843+00:00 [running]> on host 1034e60698e1
[2024-02-27 08:37:15,541] {taskinstance.py:1254} INFO - Exporting the following env vars:
AIRFLOW_CTX_DAG_OWNER=***
AIRFLOW_CTX_DAG_ID=triggerDag1
AIRFLOW_CTX_TASK_ID=tsk2
AIRFLOW_CTX_EXECUTION_DATE=2024-02-27T08:37:13.135843+00:00
AIRFLOW_CTX_DAG_RUN_ID=manual__2024-02-27T08:37:13.135843+00:00
[2024-02-27 08:37:15,543] {subprocess.py:52} INFO - Tmp dir root location: 
 /tmp
[2024-02-27 08:37:15,544] {subprocess.py:63} INFO - Running command: ['bash', '-c', 'sleep 5']
[2024-02-27 08:37:15,557] {subprocess.py:74} INFO - Output:
[2024-02-27 08:37:20,561] {subprocess.py:82} INFO - Command exited with return code 0
[2024-02-27 08:37:20,612] {taskinstance.py:1219} INFO - Marking task as SUCCESS. dag_id=triggerDag1, task_id=tsk2, execution_date=20240227T083713, start_date=20240227T083715, end_date=20240227T083720
[2024-02-27 08:37:20,678] {local_task_job.py:151} INFO - Task exited with return code 0
[2024-02-27 08:37:20,747] {local_task_job.py:261} INFO - 0 downstream tasks scheduled from follow-on schedule check
