[2024-03-05T09:00:09.766+0000] {taskinstance.py:1083} INFO - Dependencies all met for <TaskInstance: defaultargs.tsk2 scheduled__2024-03-05T08:00:00+00:00 [queued]>
[2024-03-05T09:00:09.800+0000] {taskinstance.py:1083} INFO - Dependencies all met for <TaskInstance: defaultargs.tsk2 scheduled__2024-03-05T08:00:00+00:00 [queued]>
[2024-03-05T09:00:09.801+0000] {taskinstance.py:1279} INFO - 
--------------------------------------------------------------------------------
[2024-03-05T09:00:09.801+0000] {taskinstance.py:1280} INFO - Starting attempt 1 of 2
[2024-03-05T09:00:09.802+0000] {taskinstance.py:1281} INFO - 
--------------------------------------------------------------------------------
[2024-03-05T09:00:09.855+0000] {taskinstance.py:1300} INFO - Executing <Task(BashOperator): tsk2> on 2024-03-05 08:00:00+00:00
[2024-03-05T09:00:09.866+0000] {standard_task_runner.py:55} INFO - Started process 71 to run task
[2024-03-05T09:00:09.871+0000] {standard_task_runner.py:82} INFO - Running: ['***', 'tasks', 'run', 'defaultargs', 'tsk2', 'scheduled__2024-03-05T08:00:00+00:00', '--job-id', '284', '--raw', '--subdir', 'DAGS_FOLDER/defaultargs.py', '--cfg-path', '/tmp/tmp5s1e27if']
[2024-03-05T09:00:09.872+0000] {standard_task_runner.py:83} INFO - Job 284: Subtask tsk2
[2024-03-05T09:00:09.902+0000] {warnings.py:110} WARNING - /home/***/.local/lib/python3.7/site-packages/***/settings.py:249: DeprecationWarning: The sql_alchemy_conn option in [core] has been moved to the sql_alchemy_conn option in [database] - the old setting has been used, but please update your config.
  SQL_ALCHEMY_CONN = conf.get("database", "SQL_ALCHEMY_CONN")

[2024-03-05T09:00:09.953+0000] {warnings.py:110} WARNING - /home/***/.local/lib/python3.7/site-packages/***/utils/sqlalchemy.py:124: DeprecationWarning: The sql_alchemy_conn option in [core] has been moved to the sql_alchemy_conn option in [database] - the old setting has been used, but please update your config.
  return not conf.get("database", "sql_alchemy_conn").startswith("mssql")

[2024-03-05T09:00:10.047+0000] {task_command.py:388} INFO - Running <TaskInstance: defaultargs.tsk2 scheduled__2024-03-05T08:00:00+00:00 [running]> on host df7038a2f7dd
[2024-03-05T09:00:10.279+0000] {taskinstance.py:1509} INFO - Exporting the following env vars:
AIRFLOW_CTX_DAG_EMAIL=jezandre_tiago@hotmail.com
AIRFLOW_CTX_DAG_OWNER=***
AIRFLOW_CTX_DAG_ID=defaultargs
AIRFLOW_CTX_TASK_ID=tsk2
AIRFLOW_CTX_EXECUTION_DATE=2024-03-05T08:00:00+00:00
AIRFLOW_CTX_TRY_NUMBER=1
AIRFLOW_CTX_DAG_RUN_ID=scheduled__2024-03-05T08:00:00+00:00
[2024-03-05T09:00:10.282+0000] {subprocess.py:63} INFO - Tmp dir root location: 
 /tmp
[2024-03-05T09:00:10.284+0000] {subprocess.py:75} INFO - Running command: ['/bin/bash', '-c', 'sleep 5']
[2024-03-05T09:00:10.313+0000] {subprocess.py:86} INFO - Output:
[2024-03-05T09:00:15.318+0000] {subprocess.py:97} INFO - Command exited with return code 0
[2024-03-05T09:00:15.373+0000] {taskinstance.py:1323} INFO - Marking task as SUCCESS. dag_id=defaultargs, task_id=tsk2, execution_date=20240305T080000, start_date=20240305T090009, end_date=20240305T090015
[2024-03-05T09:00:15.433+0000] {local_task_job.py:208} INFO - Task exited with return code 0
[2024-03-05T09:00:15.484+0000] {taskinstance.py:2578} INFO - 1 downstream tasks scheduled from follow-on schedule check
