[2024-03-01 08:30:45,558] {taskinstance.py:903} INFO - Dependencies all met for <TaskInstance: defaultargs.tsk1 2024-02-29T09:00:00+00:00 [queued]>
[2024-03-01 08:30:45,607] {taskinstance.py:903} INFO - Dependencies all met for <TaskInstance: defaultargs.tsk1 2024-02-29T09:00:00+00:00 [queued]>
[2024-03-01 08:30:45,608] {taskinstance.py:1095} INFO - 
--------------------------------------------------------------------------------
[2024-03-01 08:30:45,608] {taskinstance.py:1096} INFO - Starting attempt 1 of 4
[2024-03-01 08:30:45,608] {taskinstance.py:1097} INFO - 
--------------------------------------------------------------------------------
[2024-03-01 08:30:45,628] {taskinstance.py:1115} INFO - Executing <Task(BashOperator): tsk1> on 2024-02-29T09:00:00+00:00
[2024-03-01 08:30:45,635] {standard_task_runner.py:52} INFO - Started process 62 to run task
[2024-03-01 08:30:45,654] {standard_task_runner.py:76} INFO - Running: ['***', 'tasks', 'run', 'defaultargs', 'tsk1', '2024-02-29T09:00:00+00:00', '--job-id', '243', '--pool', 'default_pool', '--raw', '--subdir', 'DAGS_FOLDER/defaultargs.py', '--cfg-path', '/tmp/tmpb11b5mwi', '--error-file', '/tmp/tmp_4zc406o']
[2024-03-01 08:30:45,656] {standard_task_runner.py:77} INFO - Job 243: Subtask tsk1
[2024-03-01 08:30:45,988] {logging_mixin.py:109} INFO - Running <TaskInstance: defaultargs.tsk1 2024-02-29T09:00:00+00:00 [running]> on host b6da4fb5c714
[2024-03-01 08:30:46,278] {taskinstance.py:1254} INFO - Exporting the following env vars:
AIRFLOW_CTX_DAG_EMAIL=jezandre_tiago@hotmail.com
AIRFLOW_CTX_DAG_OWNER=***
AIRFLOW_CTX_DAG_ID=defaultargs
AIRFLOW_CTX_TASK_ID=tsk1
AIRFLOW_CTX_EXECUTION_DATE=2024-02-29T09:00:00+00:00
AIRFLOW_CTX_DAG_RUN_ID=scheduled__2024-02-29T09:00:00+00:00
[2024-03-01 08:30:46,280] {subprocess.py:52} INFO - Tmp dir root location: 
 /tmp
[2024-03-01 08:30:46,294] {subprocess.py:63} INFO - Running command: ['bash', '-c', 'sleep 5']
[2024-03-01 08:30:46,335] {subprocess.py:74} INFO - Output:
[2024-03-01 08:30:51,364] {subprocess.py:82} INFO - Command exited with return code 0
[2024-03-01 08:30:51,446] {taskinstance.py:1219} INFO - Marking task as SUCCESS. dag_id=defaultargs, task_id=tsk1, execution_date=20240229T090000, start_date=20240301T083045, end_date=20240301T083051
[2024-03-01 08:30:51,515] {local_task_job.py:151} INFO - Task exited with return code 0
[2024-03-01 08:30:51,568] {local_task_job.py:261} INFO - 0 downstream tasks scheduled from follow-on schedule check
