[2024-03-08T09:19:36.407+0000] {taskinstance.py:1083} INFO - Dependencies all met for <TaskInstance: windturbine.group_check_temp.check_temp_branch manual__2024-03-08T09:19:26.919732+00:00 [queued]>
[2024-03-08T09:19:36.454+0000] {taskinstance.py:1083} INFO - Dependencies all met for <TaskInstance: windturbine.group_check_temp.check_temp_branch manual__2024-03-08T09:19:26.919732+00:00 [queued]>
[2024-03-08T09:19:36.454+0000] {taskinstance.py:1279} INFO - 
--------------------------------------------------------------------------------
[2024-03-08T09:19:36.455+0000] {taskinstance.py:1280} INFO - Starting attempt 1 of 2
[2024-03-08T09:19:36.455+0000] {taskinstance.py:1281} INFO - 
--------------------------------------------------------------------------------
[2024-03-08T09:19:36.502+0000] {taskinstance.py:1300} INFO - Executing <Task(BranchPythonOperator): group_check_temp.check_temp_branch> on 2024-03-08 09:19:26.919732+00:00
[2024-03-08T09:19:36.515+0000] {standard_task_runner.py:55} INFO - Started process 91 to run task
[2024-03-08T09:19:36.521+0000] {standard_task_runner.py:82} INFO - Running: ['***', 'tasks', 'run', 'windturbine', 'group_check_temp.check_temp_branch', 'manual__2024-03-08T09:19:26.919732+00:00', '--job-id', '356', '--raw', '--subdir', 'DAGS_FOLDER/windturbin.py', '--cfg-path', '/tmp/tmpsj5lomhn']
[2024-03-08T09:19:36.523+0000] {standard_task_runner.py:83} INFO - Job 356: Subtask group_check_temp.check_temp_branch
[2024-03-08T09:19:36.567+0000] {warnings.py:110} WARNING - /home/***/.local/lib/python3.7/site-packages/***/settings.py:249: DeprecationWarning: The sql_alchemy_conn option in [core] has been moved to the sql_alchemy_conn option in [database] - the old setting has been used, but please update your config.
  SQL_ALCHEMY_CONN = conf.get("database", "SQL_ALCHEMY_CONN")

[2024-03-08T09:19:36.724+0000] {task_command.py:388} INFO - Running <TaskInstance: windturbine.group_check_temp.check_temp_branch manual__2024-03-08T09:19:26.919732+00:00 [running]> on host 574a12f58141
[2024-03-08T09:19:36.989+0000] {taskinstance.py:1509} INFO - Exporting the following env vars:
AIRFLOW_CTX_DAG_EMAIL=jezandre_tiago@hotmail.com
AIRFLOW_CTX_DAG_OWNER=***
AIRFLOW_CTX_DAG_ID=windturbine
AIRFLOW_CTX_TASK_ID=group_check_temp.check_temp_branch
AIRFLOW_CTX_EXECUTION_DATE=2024-03-08T09:19:26.919732+00:00
AIRFLOW_CTX_TRY_NUMBER=1
AIRFLOW_CTX_DAG_RUN_ID=manual__2024-03-08T09:19:26.919732+00:00
[2024-03-08T09:19:37.040+0000] {python.py:177} INFO - Done. Returned value was: group_check_temp.send_email_normal
[2024-03-08T09:19:37.042+0000] {python.py:211} INFO - Branch callable return group_check_temp.send_email_normal
[2024-03-08T09:19:37.043+0000] {skipmixin.py:155} INFO - Following branch group_check_temp.send_email_normal
[2024-03-08T09:19:37.044+0000] {skipmixin.py:211} INFO - Skipping tasks ['group_check_temp.send_email_alert']
[2024-03-08T09:19:37.190+0000] {taskinstance.py:1323} INFO - Marking task as SUCCESS. dag_id=windturbine, task_id=group_check_temp.check_temp_branch, execution_date=20240308T091926, start_date=20240308T091936, end_date=20240308T091937
[2024-03-08T09:19:37.261+0000] {local_task_job.py:208} INFO - Task exited with return code 0
[2024-03-08T09:19:37.376+0000] {taskinstance.py:2578} INFO - 1 downstream tasks scheduled from follow-on schedule check
