[2024-02-29 09:34:27,918] {taskinstance.py:903} INFO - Dependencies all met for <TaskInstance: dummy.tsk4 2024-02-29T09:33:00.320255+00:00 [queued]>
[2024-02-29 09:34:27,946] {taskinstance.py:903} INFO - Dependencies all met for <TaskInstance: dummy.tsk4 2024-02-29T09:33:00.320255+00:00 [queued]>
[2024-02-29 09:34:27,947] {taskinstance.py:1095} INFO - 
--------------------------------------------------------------------------------
[2024-02-29 09:34:27,947] {taskinstance.py:1096} INFO - Starting attempt 1 of 1
[2024-02-29 09:34:27,947] {taskinstance.py:1097} INFO - 
--------------------------------------------------------------------------------
[2024-02-29 09:34:27,977] {taskinstance.py:1115} INFO - Executing <Task(BashOperator): tsk4> on 2024-02-29T09:33:00.320255+00:00
[2024-02-29 09:34:27,995] {standard_task_runner.py:76} INFO - Running: ['***', 'tasks', 'run', 'dummy', 'tsk4', '2024-02-29T09:33:00.320255+00:00', '--job-id', '239', '--pool', 'default_pool', '--raw', '--subdir', 'DAGS_FOLDER/dummy.py', '--cfg-path', '/tmp/tmpgp4t2oa_', '--error-file', '/tmp/tmpvih_0fkq']
[2024-02-29 09:34:27,997] {standard_task_runner.py:77} INFO - Job 239: Subtask tsk4
[2024-02-29 09:34:27,988] {standard_task_runner.py:52} INFO - Started process 88 to run task
[2024-02-29 09:34:28,104] {logging_mixin.py:109} INFO - Running <TaskInstance: dummy.tsk4 2024-02-29T09:33:00.320255+00:00 [running]> on host cf1345502425
[2024-02-29 09:34:28,220] {taskinstance.py:1254} INFO - Exporting the following env vars:
AIRFLOW_CTX_DAG_OWNER=***
AIRFLOW_CTX_DAG_ID=dummy
AIRFLOW_CTX_TASK_ID=tsk4
AIRFLOW_CTX_EXECUTION_DATE=2024-02-29T09:33:00.320255+00:00
AIRFLOW_CTX_DAG_RUN_ID=manual__2024-02-29T09:33:00.320255+00:00
[2024-02-29 09:34:28,222] {subprocess.py:52} INFO - Tmp dir root location: 
 /tmp
[2024-02-29 09:34:28,223] {subprocess.py:63} INFO - Running command: ['bash', '-c', 'sleep 1']
[2024-02-29 09:34:28,239] {subprocess.py:74} INFO - Output:
[2024-02-29 09:34:29,244] {subprocess.py:82} INFO - Command exited with return code 0
[2024-02-29 09:34:29,293] {taskinstance.py:1219} INFO - Marking task as SUCCESS. dag_id=dummy, task_id=tsk4, execution_date=20240229T093300, start_date=20240229T093427, end_date=20240229T093429
[2024-02-29 09:34:29,344] {local_task_job.py:151} INFO - Task exited with return code 0
[2024-02-29 09:34:29,380] {local_task_job.py:261} INFO - 0 downstream tasks scheduled from follow-on schedule check
