[2024-03-08T09:23:42.283+0000] {taskinstance.py:1083} INFO - Dependencies all met for <TaskInstance: windturbine.file_sensor_task manual__2024-03-08T09:23:40.135788+00:00 [queued]>
[2024-03-08T09:23:42.303+0000] {taskinstance.py:1083} INFO - Dependencies all met for <TaskInstance: windturbine.file_sensor_task manual__2024-03-08T09:23:40.135788+00:00 [queued]>
[2024-03-08T09:23:42.304+0000] {taskinstance.py:1279} INFO - 
--------------------------------------------------------------------------------
[2024-03-08T09:23:42.304+0000] {taskinstance.py:1280} INFO - Starting attempt 1 of 2
[2024-03-08T09:23:42.304+0000] {taskinstance.py:1281} INFO - 
--------------------------------------------------------------------------------
[2024-03-08T09:23:42.333+0000] {taskinstance.py:1300} INFO - Executing <Task(FileSensor): file_sensor_task> on 2024-03-08 09:23:40.135788+00:00
[2024-03-08T09:23:42.342+0000] {standard_task_runner.py:55} INFO - Started process 100 to run task
[2024-03-08T09:23:42.347+0000] {standard_task_runner.py:82} INFO - Running: ['***', 'tasks', 'run', 'windturbine', 'file_sensor_task', 'manual__2024-03-08T09:23:40.135788+00:00', '--job-id', '361', '--raw', '--subdir', 'DAGS_FOLDER/windturbin.py', '--cfg-path', '/tmp/tmp88gjz2ia']
[2024-03-08T09:23:42.348+0000] {standard_task_runner.py:83} INFO - Job 361: Subtask file_sensor_task
[2024-03-08T09:23:42.367+0000] {warnings.py:110} WARNING - /home/***/.local/lib/python3.7/site-packages/***/settings.py:249: DeprecationWarning: The sql_alchemy_conn option in [core] has been moved to the sql_alchemy_conn option in [database] - the old setting has been used, but please update your config.
  SQL_ALCHEMY_CONN = conf.get("database", "SQL_ALCHEMY_CONN")

[2024-03-08T09:23:42.463+0000] {task_command.py:388} INFO - Running <TaskInstance: windturbine.file_sensor_task manual__2024-03-08T09:23:40.135788+00:00 [running]> on host 574a12f58141
[2024-03-08T09:23:42.627+0000] {taskinstance.py:1509} INFO - Exporting the following env vars:
AIRFLOW_CTX_DAG_EMAIL=jezandre_tiago@hotmail.com
AIRFLOW_CTX_DAG_OWNER=***
AIRFLOW_CTX_DAG_ID=windturbine
AIRFLOW_CTX_TASK_ID=file_sensor_task
AIRFLOW_CTX_EXECUTION_DATE=2024-03-08T09:23:40.135788+00:00
AIRFLOW_CTX_TRY_NUMBER=1
AIRFLOW_CTX_DAG_RUN_ID=manual__2024-03-08T09:23:40.135788+00:00
[2024-03-08T09:23:42.649+0000] {base.py:73} INFO - Using connection ID 'fs_default' for task execution.
[2024-03-08T09:23:42.650+0000] {filesystem.py:64} INFO - Poking for file /opt/***/data/data.json
[2024-03-08T09:23:52.677+0000] {base.py:73} INFO - Using connection ID 'fs_default' for task execution.
[2024-03-08T09:23:52.678+0000] {filesystem.py:64} INFO - Poking for file /opt/***/data/data.json
[2024-03-08T09:24:02.691+0000] {base.py:73} INFO - Using connection ID 'fs_default' for task execution.
[2024-03-08T09:24:02.692+0000] {filesystem.py:64} INFO - Poking for file /opt/***/data/data.json
[2024-03-08T09:24:12.713+0000] {base.py:73} INFO - Using connection ID 'fs_default' for task execution.
[2024-03-08T09:24:12.713+0000] {filesystem.py:64} INFO - Poking for file /opt/***/data/data.json
[2024-03-08T09:24:22.732+0000] {base.py:73} INFO - Using connection ID 'fs_default' for task execution.
[2024-03-08T09:24:22.733+0000] {filesystem.py:64} INFO - Poking for file /opt/***/data/data.json
[2024-03-08T09:24:32.755+0000] {base.py:73} INFO - Using connection ID 'fs_default' for task execution.
[2024-03-08T09:24:32.756+0000] {filesystem.py:64} INFO - Poking for file /opt/***/data/data.json
[2024-03-08T09:24:42.773+0000] {base.py:73} INFO - Using connection ID 'fs_default' for task execution.
[2024-03-08T09:24:42.774+0000] {filesystem.py:64} INFO - Poking for file /opt/***/data/data.json
[2024-03-08T09:24:52.791+0000] {base.py:73} INFO - Using connection ID 'fs_default' for task execution.
[2024-03-08T09:24:52.792+0000] {filesystem.py:64} INFO - Poking for file /opt/***/data/data.json
[2024-03-08T09:25:02.812+0000] {base.py:73} INFO - Using connection ID 'fs_default' for task execution.
[2024-03-08T09:25:02.813+0000] {filesystem.py:64} INFO - Poking for file /opt/***/data/data.json
[2024-03-08T09:25:12.830+0000] {base.py:73} INFO - Using connection ID 'fs_default' for task execution.
[2024-03-08T09:25:12.830+0000] {filesystem.py:64} INFO - Poking for file /opt/***/data/data.json
[2024-03-08T09:25:22.858+0000] {base.py:73} INFO - Using connection ID 'fs_default' for task execution.
[2024-03-08T09:25:22.860+0000] {filesystem.py:64} INFO - Poking for file /opt/***/data/data.json
[2024-03-08T09:25:32.882+0000] {base.py:73} INFO - Using connection ID 'fs_default' for task execution.
[2024-03-08T09:25:32.882+0000] {filesystem.py:64} INFO - Poking for file /opt/***/data/data.json
[2024-03-08T09:25:42.916+0000] {base.py:73} INFO - Using connection ID 'fs_default' for task execution.
[2024-03-08T09:25:42.917+0000] {filesystem.py:64} INFO - Poking for file /opt/***/data/data.json
[2024-03-08T09:25:52.943+0000] {base.py:73} INFO - Using connection ID 'fs_default' for task execution.
[2024-03-08T09:25:52.944+0000] {filesystem.py:64} INFO - Poking for file /opt/***/data/data.json
[2024-03-08T09:26:02.969+0000] {base.py:73} INFO - Using connection ID 'fs_default' for task execution.
[2024-03-08T09:26:02.970+0000] {filesystem.py:64} INFO - Poking for file /opt/***/data/data.json
[2024-03-08T09:26:12.994+0000] {base.py:73} INFO - Using connection ID 'fs_default' for task execution.
[2024-03-08T09:26:12.995+0000] {filesystem.py:64} INFO - Poking for file /opt/***/data/data.json
[2024-03-08T09:26:23.013+0000] {base.py:73} INFO - Using connection ID 'fs_default' for task execution.
[2024-03-08T09:26:23.014+0000] {filesystem.py:64} INFO - Poking for file /opt/***/data/data.json
[2024-03-08T09:26:33.037+0000] {base.py:73} INFO - Using connection ID 'fs_default' for task execution.
[2024-03-08T09:26:33.038+0000] {filesystem.py:64} INFO - Poking for file /opt/***/data/data.json
[2024-03-08T09:26:43.060+0000] {base.py:73} INFO - Using connection ID 'fs_default' for task execution.
[2024-03-08T09:26:43.061+0000] {filesystem.py:64} INFO - Poking for file /opt/***/data/data.json
[2024-03-08T09:26:53.083+0000] {base.py:73} INFO - Using connection ID 'fs_default' for task execution.
[2024-03-08T09:26:53.083+0000] {filesystem.py:64} INFO - Poking for file /opt/***/data/data.json
[2024-03-08T09:27:03.099+0000] {base.py:73} INFO - Using connection ID 'fs_default' for task execution.
[2024-03-08T09:27:03.100+0000] {filesystem.py:64} INFO - Poking for file /opt/***/data/data.json
[2024-03-08T09:27:04.122+0000] {local_task_job.py:112} ERROR - Received SIGTERM. Terminating subprocesses
[2024-03-08T09:27:04.169+0000] {process_utils.py:133} INFO - Sending Signals.SIGTERM to group 100. PIDs of all processes in the group: [100]
[2024-03-08T09:27:04.172+0000] {process_utils.py:84} INFO - Sending the signal Signals.SIGTERM to group 100
[2024-03-08T09:27:04.173+0000] {taskinstance.py:1479} ERROR - Received SIGTERM. Terminating subprocesses.
[2024-03-08T09:27:04.213+0000] {taskinstance.py:1768} ERROR - Task failed with exception
Traceback (most recent call last):
  File "/home/airflow/.local/lib/python3.7/site-packages/airflow/sensors/base.py", line 226, in execute
    time.sleep(self._get_next_poke_interval(started_at, run_duration, try_number))
  File "/home/airflow/.local/lib/python3.7/site-packages/airflow/models/taskinstance.py", line 1481, in signal_handler
    raise AirflowException("Task received SIGTERM signal")
airflow.exceptions.AirflowException: Task received SIGTERM signal
[2024-03-08T09:27:04.286+0000] {taskinstance.py:1323} INFO - Marking task as UP_FOR_RETRY. dag_id=windturbine, task_id=file_sensor_task, execution_date=20240308T092340, start_date=20240308T092342, end_date=20240308T092704
[2024-03-08T09:27:04.403+0000] {standard_task_runner.py:105} ERROR - Failed to execute job 361 for task file_sensor_task (Task received SIGTERM signal; 100)
[2024-03-08T09:27:04.480+0000] {process_utils.py:79} INFO - Process psutil.Process(pid=100, status='terminated', exitcode=1, started='09:23:41') (100) terminated with exit code 1
[2024-03-08T09:27:04.483+0000] {local_task_job.py:208} INFO - Task exited with return code 143
[2024-03-08T09:27:04.612+0000] {taskinstance.py:2578} INFO - 0 downstream tasks scheduled from follow-on schedule check
