[2024-03-08T09:28:34.575+0000] {taskinstance.py:1083} INFO - Dependencies all met for <TaskInstance: windturbine.file_sensor_task manual__2024-03-08T09:23:40.135788+00:00 [queued]>
[2024-03-08T09:28:34.622+0000] {taskinstance.py:1083} INFO - Dependencies all met for <TaskInstance: windturbine.file_sensor_task manual__2024-03-08T09:23:40.135788+00:00 [queued]>
[2024-03-08T09:28:34.623+0000] {taskinstance.py:1279} INFO - 
--------------------------------------------------------------------------------
[2024-03-08T09:28:34.623+0000] {taskinstance.py:1280} INFO - Starting attempt 2 of 2
[2024-03-08T09:28:34.624+0000] {taskinstance.py:1281} INFO - 
--------------------------------------------------------------------------------
[2024-03-08T09:28:34.674+0000] {taskinstance.py:1300} INFO - Executing <Task(FileSensor): file_sensor_task> on 2024-03-08 09:23:40.135788+00:00
[2024-03-08T09:28:34.686+0000] {standard_task_runner.py:55} INFO - Started process 59 to run task
[2024-03-08T09:28:34.693+0000] {standard_task_runner.py:82} INFO - Running: ['***', 'tasks', 'run', 'windturbine', 'file_sensor_task', 'manual__2024-03-08T09:23:40.135788+00:00', '--job-id', '363', '--raw', '--subdir', 'DAGS_FOLDER/windturbin.py', '--cfg-path', '/tmp/tmpfvurd0om']
[2024-03-08T09:28:34.694+0000] {standard_task_runner.py:83} INFO - Job 363: Subtask file_sensor_task
[2024-03-08T09:28:34.723+0000] {warnings.py:110} WARNING - /home/***/.local/lib/python3.7/site-packages/***/settings.py:249: DeprecationWarning: The sql_alchemy_conn option in [core] has been moved to the sql_alchemy_conn option in [database] - the old setting has been used, but please update your config.
  SQL_ALCHEMY_CONN = conf.get("database", "SQL_ALCHEMY_CONN")

[2024-03-08T09:28:34.876+0000] {task_command.py:388} INFO - Running <TaskInstance: windturbine.file_sensor_task manual__2024-03-08T09:23:40.135788+00:00 [running]> on host 05117db10b46
[2024-03-08T09:28:35.134+0000] {taskinstance.py:1509} INFO - Exporting the following env vars:
AIRFLOW_CTX_DAG_EMAIL=jezandre_tiago@hotmail.com
AIRFLOW_CTX_DAG_OWNER=***
AIRFLOW_CTX_DAG_ID=windturbine
AIRFLOW_CTX_TASK_ID=file_sensor_task
AIRFLOW_CTX_EXECUTION_DATE=2024-03-08T09:23:40.135788+00:00
AIRFLOW_CTX_TRY_NUMBER=2
AIRFLOW_CTX_DAG_RUN_ID=manual__2024-03-08T09:23:40.135788+00:00
[2024-03-08T09:28:35.214+0000] {base.py:73} INFO - Using connection ID 'fs_default' for task execution.
[2024-03-08T09:28:35.216+0000] {filesystem.py:64} INFO - Poking for file /opt/***/data/data.json
[2024-03-08T09:28:45.232+0000] {base.py:73} INFO - Using connection ID 'fs_default' for task execution.
[2024-03-08T09:28:45.233+0000] {filesystem.py:64} INFO - Poking for file /opt/***/data/data.json
[2024-03-08T09:28:55.263+0000] {base.py:73} INFO - Using connection ID 'fs_default' for task execution.
[2024-03-08T09:28:55.264+0000] {filesystem.py:64} INFO - Poking for file /opt/***/data/data.json
[2024-03-08T09:29:05.285+0000] {base.py:73} INFO - Using connection ID 'fs_default' for task execution.
[2024-03-08T09:29:05.286+0000] {filesystem.py:64} INFO - Poking for file /opt/***/data/data.json
[2024-03-08T09:29:15.309+0000] {base.py:73} INFO - Using connection ID 'fs_default' for task execution.
[2024-03-08T09:29:15.309+0000] {filesystem.py:64} INFO - Poking for file /opt/***/data/data.json
[2024-03-08T09:29:25.327+0000] {base.py:73} INFO - Using connection ID 'fs_default' for task execution.
[2024-03-08T09:29:25.327+0000] {filesystem.py:64} INFO - Poking for file /opt/***/data/data.json
[2024-03-08T09:29:35.353+0000] {base.py:73} INFO - Using connection ID 'fs_default' for task execution.
[2024-03-08T09:29:35.354+0000] {filesystem.py:64} INFO - Poking for file /opt/***/data/data.json
[2024-03-08T09:29:45.370+0000] {base.py:73} INFO - Using connection ID 'fs_default' for task execution.
[2024-03-08T09:29:45.371+0000] {filesystem.py:64} INFO - Poking for file /opt/***/data/data.json
[2024-03-08T09:29:55.413+0000] {base.py:73} INFO - Using connection ID 'fs_default' for task execution.
[2024-03-08T09:29:55.414+0000] {filesystem.py:64} INFO - Poking for file /opt/***/data/data.json
[2024-03-08T09:30:05.444+0000] {base.py:73} INFO - Using connection ID 'fs_default' for task execution.
[2024-03-08T09:30:05.445+0000] {filesystem.py:64} INFO - Poking for file /opt/***/data/data.json
[2024-03-08T09:30:15.472+0000] {base.py:73} INFO - Using connection ID 'fs_default' for task execution.
[2024-03-08T09:30:15.473+0000] {filesystem.py:64} INFO - Poking for file /opt/***/data/data.json
[2024-03-08T09:30:25.491+0000] {base.py:73} INFO - Using connection ID 'fs_default' for task execution.
[2024-03-08T09:30:25.492+0000] {filesystem.py:64} INFO - Poking for file /opt/***/data/data.json
[2024-03-08T09:30:35.513+0000] {base.py:73} INFO - Using connection ID 'fs_default' for task execution.
[2024-03-08T09:30:35.513+0000] {filesystem.py:64} INFO - Poking for file /opt/***/data/data.json
[2024-03-08T09:30:45.528+0000] {base.py:73} INFO - Using connection ID 'fs_default' for task execution.
[2024-03-08T09:30:45.528+0000] {filesystem.py:64} INFO - Poking for file /opt/***/data/data.json
[2024-03-08T09:30:55.555+0000] {base.py:73} INFO - Using connection ID 'fs_default' for task execution.
[2024-03-08T09:30:55.556+0000] {filesystem.py:64} INFO - Poking for file /opt/***/data/data.json
[2024-03-08T09:31:05.577+0000] {base.py:73} INFO - Using connection ID 'fs_default' for task execution.
[2024-03-08T09:31:05.578+0000] {filesystem.py:64} INFO - Poking for file /opt/***/data/data.json
[2024-03-08T09:31:15.600+0000] {base.py:73} INFO - Using connection ID 'fs_default' for task execution.
[2024-03-08T09:31:15.601+0000] {filesystem.py:64} INFO - Poking for file /opt/***/data/data.json
[2024-03-08T09:31:25.630+0000] {base.py:73} INFO - Using connection ID 'fs_default' for task execution.
[2024-03-08T09:31:25.631+0000] {filesystem.py:64} INFO - Poking for file /opt/***/data/data.json
[2024-03-08T09:31:35.652+0000] {base.py:73} INFO - Using connection ID 'fs_default' for task execution.
[2024-03-08T09:31:35.653+0000] {filesystem.py:64} INFO - Poking for file /opt/***/data/data.json
[2024-03-08T09:31:45.674+0000] {base.py:73} INFO - Using connection ID 'fs_default' for task execution.
[2024-03-08T09:31:45.675+0000] {filesystem.py:64} INFO - Poking for file /opt/***/data/data.json
[2024-03-08T09:31:55.697+0000] {base.py:73} INFO - Using connection ID 'fs_default' for task execution.
[2024-03-08T09:31:55.697+0000] {filesystem.py:64} INFO - Poking for file /opt/***/data/data.json
[2024-03-08T09:32:05.721+0000] {base.py:73} INFO - Using connection ID 'fs_default' for task execution.
[2024-03-08T09:32:05.721+0000] {filesystem.py:64} INFO - Poking for file /opt/***/data/data.json
[2024-03-08T09:32:15.745+0000] {base.py:73} INFO - Using connection ID 'fs_default' for task execution.
[2024-03-08T09:32:15.751+0000] {filesystem.py:64} INFO - Poking for file /opt/***/data/data.json
[2024-03-08T09:32:25.773+0000] {base.py:73} INFO - Using connection ID 'fs_default' for task execution.
[2024-03-08T09:32:25.774+0000] {filesystem.py:64} INFO - Poking for file /opt/***/data/data.json
[2024-03-08T09:32:35.796+0000] {base.py:73} INFO - Using connection ID 'fs_default' for task execution.
[2024-03-08T09:32:35.797+0000] {filesystem.py:64} INFO - Poking for file /opt/***/data/data.json
[2024-03-08T09:32:45.824+0000] {base.py:73} INFO - Using connection ID 'fs_default' for task execution.
[2024-03-08T09:32:45.825+0000] {filesystem.py:64} INFO - Poking for file /opt/***/data/data.json
[2024-03-08T09:32:55.845+0000] {base.py:73} INFO - Using connection ID 'fs_default' for task execution.
[2024-03-08T09:32:55.846+0000] {filesystem.py:64} INFO - Poking for file /opt/***/data/data.json
[2024-03-08T09:33:05.865+0000] {base.py:73} INFO - Using connection ID 'fs_default' for task execution.
[2024-03-08T09:33:05.866+0000] {filesystem.py:64} INFO - Poking for file /opt/***/data/data.json
[2024-03-08T09:33:15.885+0000] {base.py:73} INFO - Using connection ID 'fs_default' for task execution.
[2024-03-08T09:33:15.885+0000] {filesystem.py:64} INFO - Poking for file /opt/***/data/data.json
[2024-03-08T09:33:25.903+0000] {base.py:73} INFO - Using connection ID 'fs_default' for task execution.
[2024-03-08T09:33:25.904+0000] {filesystem.py:64} INFO - Poking for file /opt/***/data/data.json
[2024-03-08T09:33:35.927+0000] {base.py:73} INFO - Using connection ID 'fs_default' for task execution.
[2024-03-08T09:33:35.928+0000] {filesystem.py:64} INFO - Poking for file /opt/***/data/data.json
[2024-03-08T09:33:45.953+0000] {base.py:73} INFO - Using connection ID 'fs_default' for task execution.
[2024-03-08T09:33:45.953+0000] {filesystem.py:64} INFO - Poking for file /opt/***/data/data.json
[2024-03-08T09:33:55.974+0000] {base.py:73} INFO - Using connection ID 'fs_default' for task execution.
[2024-03-08T09:33:55.975+0000] {filesystem.py:64} INFO - Poking for file /opt/***/data/data.json
[2024-03-08T09:34:05.996+0000] {base.py:73} INFO - Using connection ID 'fs_default' for task execution.
[2024-03-08T09:34:05.996+0000] {filesystem.py:64} INFO - Poking for file /opt/***/data/data.json
[2024-03-08T09:34:16.016+0000] {base.py:73} INFO - Using connection ID 'fs_default' for task execution.
[2024-03-08T09:34:16.017+0000] {filesystem.py:64} INFO - Poking for file /opt/***/data/data.json
[2024-03-08T09:34:26.032+0000] {base.py:73} INFO - Using connection ID 'fs_default' for task execution.
[2024-03-08T09:34:26.033+0000] {filesystem.py:64} INFO - Poking for file /opt/***/data/data.json
[2024-03-08T09:34:36.053+0000] {base.py:73} INFO - Using connection ID 'fs_default' for task execution.
[2024-03-08T09:34:36.054+0000] {filesystem.py:64} INFO - Poking for file /opt/***/data/data.json
[2024-03-08T09:34:46.072+0000] {base.py:73} INFO - Using connection ID 'fs_default' for task execution.
[2024-03-08T09:34:46.073+0000] {filesystem.py:64} INFO - Poking for file /opt/***/data/data.json
[2024-03-08T09:34:56.095+0000] {base.py:73} INFO - Using connection ID 'fs_default' for task execution.
[2024-03-08T09:34:56.095+0000] {filesystem.py:64} INFO - Poking for file /opt/***/data/data.json
[2024-03-08T09:35:06.117+0000] {base.py:73} INFO - Using connection ID 'fs_default' for task execution.
[2024-03-08T09:35:06.118+0000] {filesystem.py:64} INFO - Poking for file /opt/***/data/data.json
[2024-03-08T09:35:16.140+0000] {base.py:73} INFO - Using connection ID 'fs_default' for task execution.
[2024-03-08T09:35:16.141+0000] {filesystem.py:64} INFO - Poking for file /opt/***/data/data.json
[2024-03-08T09:35:26.152+0000] {base.py:73} INFO - Using connection ID 'fs_default' for task execution.
[2024-03-08T09:35:26.152+0000] {filesystem.py:64} INFO - Poking for file /opt/***/data/data.json
[2024-03-08T09:35:36.175+0000] {base.py:73} INFO - Using connection ID 'fs_default' for task execution.
[2024-03-08T09:35:36.176+0000] {filesystem.py:64} INFO - Poking for file /opt/***/data/data.json
[2024-03-08T09:35:46.192+0000] {base.py:73} INFO - Using connection ID 'fs_default' for task execution.
[2024-03-08T09:35:46.192+0000] {filesystem.py:64} INFO - Poking for file /opt/***/data/data.json
[2024-03-08T09:35:56.217+0000] {base.py:73} INFO - Using connection ID 'fs_default' for task execution.
[2024-03-08T09:35:56.218+0000] {filesystem.py:64} INFO - Poking for file /opt/***/data/data.json
[2024-03-08T09:36:06.237+0000] {base.py:73} INFO - Using connection ID 'fs_default' for task execution.
[2024-03-08T09:36:06.238+0000] {filesystem.py:64} INFO - Poking for file /opt/***/data/data.json
[2024-03-08T09:36:16.255+0000] {base.py:73} INFO - Using connection ID 'fs_default' for task execution.
[2024-03-08T09:36:16.256+0000] {filesystem.py:64} INFO - Poking for file /opt/***/data/data.json
[2024-03-08T09:36:26.271+0000] {base.py:73} INFO - Using connection ID 'fs_default' for task execution.
[2024-03-08T09:36:26.272+0000] {filesystem.py:64} INFO - Poking for file /opt/***/data/data.json
[2024-03-08T09:36:36.291+0000] {base.py:73} INFO - Using connection ID 'fs_default' for task execution.
[2024-03-08T09:36:36.291+0000] {filesystem.py:64} INFO - Poking for file /opt/***/data/data.json
[2024-03-08T09:36:46.313+0000] {base.py:73} INFO - Using connection ID 'fs_default' for task execution.
[2024-03-08T09:36:46.314+0000] {filesystem.py:64} INFO - Poking for file /opt/***/data/data.json
[2024-03-08T09:36:56.334+0000] {base.py:73} INFO - Using connection ID 'fs_default' for task execution.
[2024-03-08T09:36:56.335+0000] {filesystem.py:64} INFO - Poking for file /opt/***/data/data.json
[2024-03-08T09:37:06.365+0000] {base.py:73} INFO - Using connection ID 'fs_default' for task execution.
[2024-03-08T09:37:06.369+0000] {filesystem.py:64} INFO - Poking for file /opt/***/data/data.json
[2024-03-08T09:37:16.382+0000] {base.py:73} INFO - Using connection ID 'fs_default' for task execution.
[2024-03-08T09:37:16.383+0000] {filesystem.py:64} INFO - Poking for file /opt/***/data/data.json
[2024-03-08T09:37:26.404+0000] {base.py:73} INFO - Using connection ID 'fs_default' for task execution.
[2024-03-08T09:37:26.404+0000] {filesystem.py:64} INFO - Poking for file /opt/***/data/data.json
[2024-03-08T09:37:36.425+0000] {base.py:73} INFO - Using connection ID 'fs_default' for task execution.
[2024-03-08T09:37:36.425+0000] {filesystem.py:64} INFO - Poking for file /opt/***/data/data.json
[2024-03-08T09:37:46.445+0000] {base.py:73} INFO - Using connection ID 'fs_default' for task execution.
[2024-03-08T09:37:46.446+0000] {filesystem.py:64} INFO - Poking for file /opt/***/data/data.json
[2024-03-08T09:37:56.467+0000] {base.py:73} INFO - Using connection ID 'fs_default' for task execution.
[2024-03-08T09:37:56.467+0000] {filesystem.py:64} INFO - Poking for file /opt/***/data/data.json
[2024-03-08T09:38:06.488+0000] {base.py:73} INFO - Using connection ID 'fs_default' for task execution.
[2024-03-08T09:38:06.488+0000] {filesystem.py:64} INFO - Poking for file /opt/***/data/data.json
[2024-03-08T09:38:16.509+0000] {base.py:73} INFO - Using connection ID 'fs_default' for task execution.
[2024-03-08T09:38:16.509+0000] {filesystem.py:64} INFO - Poking for file /opt/***/data/data.json
[2024-03-08T09:38:26.532+0000] {base.py:73} INFO - Using connection ID 'fs_default' for task execution.
[2024-03-08T09:38:26.533+0000] {filesystem.py:64} INFO - Poking for file /opt/***/data/data.json
[2024-03-08T09:38:36.551+0000] {base.py:73} INFO - Using connection ID 'fs_default' for task execution.
[2024-03-08T09:38:36.552+0000] {filesystem.py:64} INFO - Poking for file /opt/***/data/data.json
[2024-03-08T09:38:46.583+0000] {base.py:73} INFO - Using connection ID 'fs_default' for task execution.
[2024-03-08T09:38:46.584+0000] {filesystem.py:64} INFO - Poking for file /opt/***/data/data.json
[2024-03-08T09:38:54.593+0000] {local_task_job.py:112} ERROR - Received SIGTERM. Terminating subprocesses
[2024-03-08T09:38:54.632+0000] {process_utils.py:133} INFO - Sending Signals.SIGTERM to group 59. PIDs of all processes in the group: [59]
[2024-03-08T09:38:54.633+0000] {process_utils.py:84} INFO - Sending the signal Signals.SIGTERM to group 59
[2024-03-08T09:38:54.636+0000] {taskinstance.py:1479} ERROR - Received SIGTERM. Terminating subprocesses.
[2024-03-08T09:38:54.821+0000] {taskinstance.py:1768} ERROR - Task failed with exception
Traceback (most recent call last):
  File "/home/airflow/.local/lib/python3.7/site-packages/airflow/sensors/base.py", line 226, in execute
    time.sleep(self._get_next_poke_interval(started_at, run_duration, try_number))
  File "/home/airflow/.local/lib/python3.7/site-packages/airflow/models/taskinstance.py", line 1481, in signal_handler
    raise AirflowException("Task received SIGTERM signal")
airflow.exceptions.AirflowException: Task received SIGTERM signal
[2024-03-08T09:38:54.854+0000] {taskinstance.py:1323} INFO - Marking task as FAILED. dag_id=windturbine, task_id=file_sensor_task, execution_date=20240308T092340, start_date=20240308T092834, end_date=20240308T093854
[2024-03-08T09:38:54.935+0000] {warnings.py:110} WARNING - /home/***/.local/lib/python3.7/site-packages/***/utils/email.py:152: RemovedInAirflow3Warning: Fetching SMTP credentials from configuration variables will be deprecated in a future release. Please set credentials using a connection instead.
  send_mime_email(e_from=mail_from, e_to=recipients, mime_msg=msg, conn_id=conn_id, dryrun=dryrun)

[2024-03-08T09:38:54.936+0000] {email.py:268} INFO - Email alerting: attempt 1
