[2024-02-26 09:18:03,978] {taskinstance.py:903} INFO - Dependencies all met for <TaskInstance: segunda_dag.tsk1 2024-02-26T09:18:02.753380+00:00 [queued]>
[2024-02-26 09:18:04,007] {taskinstance.py:903} INFO - Dependencies all met for <TaskInstance: segunda_dag.tsk1 2024-02-26T09:18:02.753380+00:00 [queued]>
[2024-02-26 09:18:04,008] {taskinstance.py:1095} INFO - 
--------------------------------------------------------------------------------
[2024-02-26 09:18:04,008] {taskinstance.py:1096} INFO - Starting attempt 1 of 1
[2024-02-26 09:18:04,009] {taskinstance.py:1097} INFO - 
--------------------------------------------------------------------------------
[2024-02-26 09:18:04,024] {taskinstance.py:1115} INFO - Executing <Task(BashOperator): tsk1> on 2024-02-26T09:18:02.753380+00:00
[2024-02-26 09:18:04,041] {standard_task_runner.py:76} INFO - Running: ['***', 'tasks', 'run', 'segunda_dag', 'tsk1', '2024-02-26T09:18:02.753380+00:00', '--job-id', '11', '--pool', 'default_pool', '--raw', '--subdir', 'DAGS_FOLDER/segundadag.py', '--cfg-path', '/tmp/tmp66y9zhor', '--error-file', '/tmp/tmpxv9bh759']
[2024-02-26 09:18:04,047] {standard_task_runner.py:77} INFO - Job 11: Subtask tsk1
[2024-02-26 09:18:04,032] {standard_task_runner.py:52} INFO - Started process 69 to run task
[2024-02-26 09:18:04,151] {logging_mixin.py:109} INFO - Running <TaskInstance: segunda_dag.tsk1 2024-02-26T09:18:02.753380+00:00 [running]> on host 04388f236fb1
[2024-02-26 09:18:04,256] {taskinstance.py:1254} INFO - Exporting the following env vars:
AIRFLOW_CTX_DAG_OWNER=***
AIRFLOW_CTX_DAG_ID=segunda_dag
AIRFLOW_CTX_TASK_ID=tsk1
AIRFLOW_CTX_EXECUTION_DATE=2024-02-26T09:18:02.753380+00:00
AIRFLOW_CTX_DAG_RUN_ID=manual__2024-02-26T09:18:02.753380+00:00
[2024-02-26 09:18:04,258] {subprocess.py:52} INFO - Tmp dir root location: 
 /tmp
[2024-02-26 09:18:04,263] {subprocess.py:63} INFO - Running command: ['bash', '-c', 'sleep 5']
[2024-02-26 09:18:04,282] {subprocess.py:74} INFO - Output:
[2024-02-26 09:18:09,303] {subprocess.py:82} INFO - Command exited with return code 0
[2024-02-26 09:18:09,355] {taskinstance.py:1219} INFO - Marking task as SUCCESS. dag_id=segunda_dag, task_id=tsk1, execution_date=20240226T091802, start_date=20240226T091803, end_date=20240226T091809
[2024-02-26 09:18:09,408] {local_task_job.py:151} INFO - Task exited with return code 0
[2024-02-26 09:18:09,457] {local_task_job.py:261} INFO - 2 downstream tasks scheduled from follow-on schedule check
