[2024-02-27 08:39:18,746] {taskinstance.py:903} INFO - Dependencies all met for <TaskInstance: triggerDag2.tsk3 2024-02-27T08:39:16.671909+00:00 [queued]>
[2024-02-27 08:39:18,792] {taskinstance.py:903} INFO - Dependencies all met for <TaskInstance: triggerDag2.tsk3 2024-02-27T08:39:16.671909+00:00 [queued]>
[2024-02-27 08:39:18,793] {taskinstance.py:1095} INFO - 
--------------------------------------------------------------------------------
[2024-02-27 08:39:18,793] {taskinstance.py:1096} INFO - Starting attempt 1 of 1
[2024-02-27 08:39:18,794] {taskinstance.py:1097} INFO - 
--------------------------------------------------------------------------------
[2024-02-27 08:39:18,827] {taskinstance.py:1115} INFO - Executing <Task(BashOperator): tsk3> on 2024-02-27T08:39:16.671909+00:00
[2024-02-27 08:39:18,841] {standard_task_runner.py:76} INFO - Running: ['***', 'tasks', 'run', 'triggerDag2', 'tsk3', '2024-02-27T08:39:16.671909+00:00', '--job-id', '31', '--pool', 'default_pool', '--raw', '--subdir', 'DAGS_FOLDER/triggerDag2.py', '--cfg-path', '/tmp/tmp4ypqheao', '--error-file', '/tmp/tmp4nau6b6z']
[2024-02-27 08:39:18,836] {standard_task_runner.py:52} INFO - Started process 72 to run task
[2024-02-27 08:39:18,842] {standard_task_runner.py:77} INFO - Job 31: Subtask tsk3
[2024-02-27 08:39:18,949] {logging_mixin.py:109} INFO - Running <TaskInstance: triggerDag2.tsk3 2024-02-27T08:39:16.671909+00:00 [running]> on host 1034e60698e1
[2024-02-27 08:39:19,054] {taskinstance.py:1254} INFO - Exporting the following env vars:
AIRFLOW_CTX_DAG_OWNER=***
AIRFLOW_CTX_DAG_ID=triggerDag2
AIRFLOW_CTX_TASK_ID=tsk3
AIRFLOW_CTX_EXECUTION_DATE=2024-02-27T08:39:16.671909+00:00
AIRFLOW_CTX_DAG_RUN_ID=manual__2024-02-27T08:39:16.671909+00:00
[2024-02-27 08:39:19,056] {subprocess.py:52} INFO - Tmp dir root location: 
 /tmp
[2024-02-27 08:39:19,058] {subprocess.py:63} INFO - Running command: ['bash', '-c', 'sleep 5']
[2024-02-27 08:39:19,074] {subprocess.py:74} INFO - Output:
[2024-02-27 08:39:24,084] {subprocess.py:82} INFO - Command exited with return code 0
[2024-02-27 08:39:24,136] {taskinstance.py:1219} INFO - Marking task as SUCCESS. dag_id=triggerDag2, task_id=tsk3, execution_date=20240227T083916, start_date=20240227T083918, end_date=20240227T083924
[2024-02-27 08:39:24,195] {local_task_job.py:151} INFO - Task exited with return code 0
[2024-02-27 08:39:24,234] {local_task_job.py:261} INFO - 0 downstream tasks scheduled from follow-on schedule check
