[2024-02-28 08:45:59,901] {taskinstance.py:903} INFO - Dependencies all met for <TaskInstance: defaultargs.tsk1 2024-02-27T10:00:00+00:00 [queued]>
[2024-02-28 08:45:59,968] {taskinstance.py:903} INFO - Dependencies all met for <TaskInstance: defaultargs.tsk1 2024-02-27T10:00:00+00:00 [queued]>
[2024-02-28 08:45:59,969] {taskinstance.py:1095} INFO - 
--------------------------------------------------------------------------------
[2024-02-28 08:45:59,969] {taskinstance.py:1096} INFO - Starting attempt 1 of 4
[2024-02-28 08:45:59,969] {taskinstance.py:1097} INFO - 
--------------------------------------------------------------------------------
[2024-02-28 08:46:00,024] {taskinstance.py:1115} INFO - Executing <Task(BashOperator): tsk1> on 2024-02-27T10:00:00+00:00
[2024-02-28 08:46:00,063] {standard_task_runner.py:76} INFO - Running: ['***', 'tasks', 'run', 'defaultargs', 'tsk1', '2024-02-27T10:00:00+00:00', '--job-id', '130', '--pool', 'default_pool', '--raw', '--subdir', 'DAGS_FOLDER/defaultargs.py', '--cfg-path', '/tmp/tmpymp22i30', '--error-file', '/tmp/tmp2ehdkrkm']
[2024-02-28 08:46:00,043] {standard_task_runner.py:52} INFO - Started process 62 to run task
[2024-02-28 08:46:00,065] {standard_task_runner.py:77} INFO - Job 130: Subtask tsk1
[2024-02-28 08:46:00,390] {logging_mixin.py:109} INFO - Running <TaskInstance: defaultargs.tsk1 2024-02-27T10:00:00+00:00 [running]> on host 14529f4830f2
[2024-02-28 08:46:00,782] {taskinstance.py:1254} INFO - Exporting the following env vars:
AIRFLOW_CTX_DAG_EMAIL=jezandre_tiago@hotmail.com
AIRFLOW_CTX_DAG_OWNER=***
AIRFLOW_CTX_DAG_ID=defaultargs
AIRFLOW_CTX_TASK_ID=tsk1
AIRFLOW_CTX_EXECUTION_DATE=2024-02-27T10:00:00+00:00
AIRFLOW_CTX_DAG_RUN_ID=scheduled__2024-02-27T10:00:00+00:00
[2024-02-28 08:46:00,786] {subprocess.py:52} INFO - Tmp dir root location: 
 /tmp
[2024-02-28 08:46:00,788] {subprocess.py:63} INFO - Running command: ['bash', '-c', 'sleep 5']
[2024-02-28 08:46:00,823] {subprocess.py:74} INFO - Output:
[2024-02-28 08:46:05,843] {subprocess.py:82} INFO - Command exited with return code 0
[2024-02-28 08:46:05,978] {taskinstance.py:1219} INFO - Marking task as SUCCESS. dag_id=defaultargs, task_id=tsk1, execution_date=20240227T100000, start_date=20240228T084559, end_date=20240228T084605
[2024-02-28 08:46:06,222] {local_task_job.py:151} INFO - Task exited with return code 0
[2024-02-28 08:46:06,435] {local_task_job.py:261} INFO - 1 downstream tasks scheduled from follow-on schedule check
