[2024-03-01 09:00:14,262] {taskinstance.py:903} INFO - Dependencies all met for <TaskInstance: defaultargs.tsk3 2024-03-01T08:00:00+00:00 [queued]>
[2024-03-01 09:00:14,296] {taskinstance.py:903} INFO - Dependencies all met for <TaskInstance: defaultargs.tsk3 2024-03-01T08:00:00+00:00 [queued]>
[2024-03-01 09:00:14,297] {taskinstance.py:1095} INFO - 
--------------------------------------------------------------------------------
[2024-03-01 09:00:14,297] {taskinstance.py:1096} INFO - Starting attempt 1 of 2
[2024-03-01 09:00:14,297] {taskinstance.py:1097} INFO - 
--------------------------------------------------------------------------------
[2024-03-01 09:00:14,310] {taskinstance.py:1115} INFO - Executing <Task(BashOperator): tsk3> on 2024-03-01T08:00:00+00:00
[2024-03-01 09:00:14,316] {standard_task_runner.py:52} INFO - Started process 114 to run task
[2024-03-01 09:00:14,321] {standard_task_runner.py:76} INFO - Running: ['***', 'tasks', 'run', 'defaultargs', 'tsk3', '2024-03-01T08:00:00+00:00', '--job-id', '260', '--pool', 'default_pool', '--raw', '--subdir', 'DAGS_FOLDER/defaultargs.py', '--cfg-path', '/tmp/tmpf9isnnin', '--error-file', '/tmp/tmpy3neg1b5']
[2024-03-01 09:00:14,321] {standard_task_runner.py:77} INFO - Job 260: Subtask tsk3
[2024-03-01 09:00:14,382] {logging_mixin.py:109} INFO - Running <TaskInstance: defaultargs.tsk3 2024-03-01T08:00:00+00:00 [running]> on host b6da4fb5c714
[2024-03-01 09:00:14,465] {taskinstance.py:1254} INFO - Exporting the following env vars:
AIRFLOW_CTX_DAG_EMAIL=jezandre_tiago@hotmail.com
AIRFLOW_CTX_DAG_OWNER=***
AIRFLOW_CTX_DAG_ID=defaultargs
AIRFLOW_CTX_TASK_ID=tsk3
AIRFLOW_CTX_EXECUTION_DATE=2024-03-01T08:00:00+00:00
AIRFLOW_CTX_DAG_RUN_ID=scheduled__2024-03-01T08:00:00+00:00
[2024-03-01 09:00:14,466] {subprocess.py:52} INFO - Tmp dir root location: 
 /tmp
[2024-03-01 09:00:14,466] {subprocess.py:63} INFO - Running command: ['bash', '-c', 'sleep 5']
[2024-03-01 09:00:14,480] {subprocess.py:74} INFO - Output:
[2024-03-01 09:00:19,484] {subprocess.py:82} INFO - Command exited with return code 0
[2024-03-01 09:00:19,535] {taskinstance.py:1219} INFO - Marking task as SUCCESS. dag_id=defaultargs, task_id=tsk3, execution_date=20240301T080000, start_date=20240301T090014, end_date=20240301T090019
[2024-03-01 09:00:19,581] {local_task_job.py:151} INFO - Task exited with return code 0
[2024-03-01 09:00:19,619] {local_task_job.py:261} INFO - 0 downstream tasks scheduled from follow-on schedule check
