[2024-02-27 10:00:06,297] {taskinstance.py:903} INFO - Dependencies all met for <TaskInstance: defaultargs.tsk2 2024-02-27T09:00:00+00:00 [queued]>
[2024-02-27 10:00:06,326] {taskinstance.py:903} INFO - Dependencies all met for <TaskInstance: defaultargs.tsk2 2024-02-27T09:00:00+00:00 [queued]>
[2024-02-27 10:00:06,326] {taskinstance.py:1095} INFO - 
--------------------------------------------------------------------------------
[2024-02-27 10:00:06,327] {taskinstance.py:1096} INFO - Starting attempt 1 of 2
[2024-02-27 10:00:06,327] {taskinstance.py:1097} INFO - 
--------------------------------------------------------------------------------
[2024-02-27 10:00:06,341] {taskinstance.py:1115} INFO - Executing <Task(BashOperator): tsk2> on 2024-02-27T09:00:00+00:00
[2024-02-27 10:00:06,347] {standard_task_runner.py:52} INFO - Started process 223 to run task
[2024-02-27 10:00:06,350] {standard_task_runner.py:76} INFO - Running: ['***', 'tasks', 'run', 'defaultargs', 'tsk2', '2024-02-27T09:00:00+00:00', '--job-id', '81', '--pool', 'default_pool', '--raw', '--subdir', 'DAGS_FOLDER/defaultargs.py', '--cfg-path', '/tmp/tmp28mew89x', '--error-file', '/tmp/tmps837ftzj']
[2024-02-27 10:00:06,351] {standard_task_runner.py:77} INFO - Job 81: Subtask tsk2
[2024-02-27 10:00:06,409] {logging_mixin.py:109} INFO - Running <TaskInstance: defaultargs.tsk2 2024-02-27T09:00:00+00:00 [running]> on host 1034e60698e1
[2024-02-27 10:00:06,498] {taskinstance.py:1254} INFO - Exporting the following env vars:
AIRFLOW_CTX_DAG_EMAIL=jezandre_tiago@hotmail.com
AIRFLOW_CTX_DAG_OWNER=***
AIRFLOW_CTX_DAG_ID=defaultargs
AIRFLOW_CTX_TASK_ID=tsk2
AIRFLOW_CTX_EXECUTION_DATE=2024-02-27T09:00:00+00:00
AIRFLOW_CTX_DAG_RUN_ID=scheduled__2024-02-27T09:00:00+00:00
[2024-02-27 10:00:06,500] {subprocess.py:52} INFO - Tmp dir root location: 
 /tmp
[2024-02-27 10:00:06,501] {subprocess.py:63} INFO - Running command: ['bash', '-c', 'sleep 5']
[2024-02-27 10:00:06,514] {subprocess.py:74} INFO - Output:
[2024-02-27 10:00:11,517] {subprocess.py:82} INFO - Command exited with return code 0
[2024-02-27 10:00:11,561] {taskinstance.py:1219} INFO - Marking task as SUCCESS. dag_id=defaultargs, task_id=tsk2, execution_date=20240227T090000, start_date=20240227T100006, end_date=20240227T100011
[2024-02-27 10:00:11,606] {local_task_job.py:151} INFO - Task exited with return code 0
[2024-02-27 10:00:11,645] {local_task_job.py:261} INFO - 1 downstream tasks scheduled from follow-on schedule check
