[2024-02-29 08:56:29,316] {taskinstance.py:903} INFO - Dependencies all met for <TaskInstance: defaultargs.tsk3 2024-02-29T07:00:00+00:00 [queued]>
[2024-02-29 08:56:29,364] {taskinstance.py:903} INFO - Dependencies all met for <TaskInstance: defaultargs.tsk3 2024-02-29T07:00:00+00:00 [queued]>
[2024-02-29 08:56:29,365] {taskinstance.py:1095} INFO - 
--------------------------------------------------------------------------------
[2024-02-29 08:56:29,365] {taskinstance.py:1096} INFO - Starting attempt 1 of 2
[2024-02-29 08:56:29,365] {taskinstance.py:1097} INFO - 
--------------------------------------------------------------------------------
[2024-02-29 08:56:29,428] {taskinstance.py:1115} INFO - Executing <Task(BashOperator): tsk3> on 2024-02-29T07:00:00+00:00
[2024-02-29 08:56:29,447] {standard_task_runner.py:76} INFO - Running: ['***', 'tasks', 'run', 'defaultargs', 'tsk3', '2024-02-29T07:00:00+00:00', '--job-id', '209', '--pool', 'default_pool', '--raw', '--subdir', 'DAGS_FOLDER/defaultargs.py', '--cfg-path', '/tmp/tmpo1b8ti6s', '--error-file', '/tmp/tmps1ycsapa']
[2024-02-29 08:56:29,437] {standard_task_runner.py:52} INFO - Started process 75 to run task
[2024-02-29 08:56:29,449] {standard_task_runner.py:77} INFO - Job 209: Subtask tsk3
[2024-02-29 08:56:29,584] {logging_mixin.py:109} INFO - Running <TaskInstance: defaultargs.tsk3 2024-02-29T07:00:00+00:00 [running]> on host 8f2f0b73bf26
[2024-02-29 08:56:29,759] {taskinstance.py:1254} INFO - Exporting the following env vars:
AIRFLOW_CTX_DAG_EMAIL=jezandre_tiago@hotmail.com
AIRFLOW_CTX_DAG_OWNER=***
AIRFLOW_CTX_DAG_ID=defaultargs
AIRFLOW_CTX_TASK_ID=tsk3
AIRFLOW_CTX_EXECUTION_DATE=2024-02-29T07:00:00+00:00
AIRFLOW_CTX_DAG_RUN_ID=scheduled__2024-02-29T07:00:00+00:00
[2024-02-29 08:56:29,761] {subprocess.py:52} INFO - Tmp dir root location: 
 /tmp
[2024-02-29 08:56:29,763] {subprocess.py:63} INFO - Running command: ['bash', '-c', 'sleep 5']
[2024-02-29 08:56:29,786] {subprocess.py:74} INFO - Output:
[2024-02-29 08:56:34,794] {subprocess.py:82} INFO - Command exited with return code 0
[2024-02-29 08:56:35,088] {taskinstance.py:1219} INFO - Marking task as SUCCESS. dag_id=defaultargs, task_id=tsk3, execution_date=20240229T070000, start_date=20240229T085629, end_date=20240229T085635
[2024-02-29 08:56:35,291] {local_task_job.py:151} INFO - Task exited with return code 0
[2024-02-29 08:56:35,502] {local_task_job.py:261} INFO - 0 downstream tasks scheduled from follow-on schedule check
