[2024-02-26 09:17:07,082] {taskinstance.py:903} INFO - Dependencies all met for <TaskInstance: primeira_dag.tsk3 2024-02-26T09:16:50.325964+00:00 [queued]>
[2024-02-26 09:17:07,106] {taskinstance.py:903} INFO - Dependencies all met for <TaskInstance: primeira_dag.tsk3 2024-02-26T09:16:50.325964+00:00 [queued]>
[2024-02-26 09:17:07,107] {taskinstance.py:1095} INFO - 
--------------------------------------------------------------------------------
[2024-02-26 09:17:07,107] {taskinstance.py:1096} INFO - Starting attempt 1 of 1
[2024-02-26 09:17:07,107] {taskinstance.py:1097} INFO - 
--------------------------------------------------------------------------------
[2024-02-26 09:17:07,123] {taskinstance.py:1115} INFO - Executing <Task(BashOperator): tsk3> on 2024-02-26T09:16:50.325964+00:00
[2024-02-26 09:17:07,128] {standard_task_runner.py:52} INFO - Started process 66 to run task
[2024-02-26 09:17:07,133] {standard_task_runner.py:76} INFO - Running: ['***', 'tasks', 'run', 'primeira_dag', 'tsk3', '2024-02-26T09:16:50.325964+00:00', '--job-id', '10', '--pool', 'default_pool', '--raw', '--subdir', 'DAGS_FOLDER/primeirada.py', '--cfg-path', '/tmp/tmprbti0y5k', '--error-file', '/tmp/tmpq_zro59s']
[2024-02-26 09:17:07,134] {standard_task_runner.py:77} INFO - Job 10: Subtask tsk3
[2024-02-26 09:17:07,192] {logging_mixin.py:109} INFO - Running <TaskInstance: primeira_dag.tsk3 2024-02-26T09:16:50.325964+00:00 [running]> on host 04388f236fb1
[2024-02-26 09:17:07,265] {taskinstance.py:1254} INFO - Exporting the following env vars:
AIRFLOW_CTX_DAG_OWNER=***
AIRFLOW_CTX_DAG_ID=primeira_dag
AIRFLOW_CTX_TASK_ID=tsk3
AIRFLOW_CTX_EXECUTION_DATE=2024-02-26T09:16:50.325964+00:00
AIRFLOW_CTX_DAG_RUN_ID=manual__2024-02-26T09:16:50.325964+00:00
[2024-02-26 09:17:07,266] {subprocess.py:52} INFO - Tmp dir root location: 
 /tmp
[2024-02-26 09:17:07,268] {subprocess.py:63} INFO - Running command: ['bash', '-c', 'sleep 5']
[2024-02-26 09:17:07,278] {subprocess.py:74} INFO - Output:
[2024-02-26 09:17:12,282] {subprocess.py:82} INFO - Command exited with return code 0
[2024-02-26 09:17:12,329] {taskinstance.py:1219} INFO - Marking task as SUCCESS. dag_id=primeira_dag, task_id=tsk3, execution_date=20240226T091650, start_date=20240226T091707, end_date=20240226T091712
[2024-02-26 09:17:12,379] {local_task_job.py:151} INFO - Task exited with return code 0
[2024-02-26 09:17:12,427] {local_task_job.py:261} INFO - 0 downstream tasks scheduled from follow-on schedule check
