[2024-02-27 08:53:13,399] {taskinstance.py:903} INFO - Dependencies all met for <TaskInstance: triggerDagComplexa.tsk2 2024-02-27T08:53:06.096982+00:00 [queued]>
[2024-02-27 08:53:13,421] {taskinstance.py:903} INFO - Dependencies all met for <TaskInstance: triggerDagComplexa.tsk2 2024-02-27T08:53:06.096982+00:00 [queued]>
[2024-02-27 08:53:13,422] {taskinstance.py:1095} INFO - 
--------------------------------------------------------------------------------
[2024-02-27 08:53:13,422] {taskinstance.py:1096} INFO - Starting attempt 1 of 1
[2024-02-27 08:53:13,422] {taskinstance.py:1097} INFO - 
--------------------------------------------------------------------------------
[2024-02-27 08:53:13,436] {taskinstance.py:1115} INFO - Executing <Task(BashOperator): tsk2> on 2024-02-27T08:53:06.096982+00:00
[2024-02-27 08:53:13,441] {standard_task_runner.py:52} INFO - Started process 122 to run task
[2024-02-27 08:53:13,444] {standard_task_runner.py:76} INFO - Running: ['***', 'tasks', 'run', 'triggerDagComplexa', 'tsk2', '2024-02-27T08:53:06.096982+00:00', '--job-id', '48', '--pool', 'default_pool', '--raw', '--subdir', 'DAGS_FOLDER/triggerDagComplexa.py', '--cfg-path', '/tmp/tmpt90z143y', '--error-file', '/tmp/tmpp5ulv70_']
[2024-02-27 08:53:13,445] {standard_task_runner.py:77} INFO - Job 48: Subtask tsk2
[2024-02-27 08:53:13,496] {logging_mixin.py:109} INFO - Running <TaskInstance: triggerDagComplexa.tsk2 2024-02-27T08:53:06.096982+00:00 [running]> on host 1034e60698e1
[2024-02-27 08:53:13,564] {taskinstance.py:1254} INFO - Exporting the following env vars:
AIRFLOW_CTX_DAG_OWNER=***
AIRFLOW_CTX_DAG_ID=triggerDagComplexa
AIRFLOW_CTX_TASK_ID=tsk2
AIRFLOW_CTX_EXECUTION_DATE=2024-02-27T08:53:06.096982+00:00
AIRFLOW_CTX_DAG_RUN_ID=manual__2024-02-27T08:53:06.096982+00:00
[2024-02-27 08:53:13,565] {subprocess.py:52} INFO - Tmp dir root location: 
 /tmp
[2024-02-27 08:53:13,567] {subprocess.py:63} INFO - Running command: ['bash', '-c', 'sleep 5']
[2024-02-27 08:53:13,578] {subprocess.py:74} INFO - Output:
[2024-02-27 08:53:18,581] {subprocess.py:82} INFO - Command exited with return code 0
[2024-02-27 08:53:18,624] {taskinstance.py:1219} INFO - Marking task as SUCCESS. dag_id=triggerDagComplexa, task_id=tsk2, execution_date=20240227T085306, start_date=20240227T085313, end_date=20240227T085318
[2024-02-27 08:53:18,656] {local_task_job.py:151} INFO - Task exited with return code 0
[2024-02-27 08:53:18,692] {local_task_job.py:261} INFO - 1 downstream tasks scheduled from follow-on schedule check
