[2024-02-27 08:53:19,510] {taskinstance.py:903} INFO - Dependencies all met for <TaskInstance: triggerDagComplexa.tsk5 2024-02-27T08:53:06.096982+00:00 [queued]>
[2024-02-27 08:53:19,532] {taskinstance.py:903} INFO - Dependencies all met for <TaskInstance: triggerDagComplexa.tsk5 2024-02-27T08:53:06.096982+00:00 [queued]>
[2024-02-27 08:53:19,532] {taskinstance.py:1095} INFO - 
--------------------------------------------------------------------------------
[2024-02-27 08:53:19,532] {taskinstance.py:1096} INFO - Starting attempt 1 of 1
[2024-02-27 08:53:19,533] {taskinstance.py:1097} INFO - 
--------------------------------------------------------------------------------
[2024-02-27 08:53:19,544] {taskinstance.py:1115} INFO - Executing <Task(BashOperator): tsk5> on 2024-02-27T08:53:06.096982+00:00
[2024-02-27 08:53:19,548] {standard_task_runner.py:52} INFO - Started process 133 to run task
[2024-02-27 08:53:19,553] {standard_task_runner.py:76} INFO - Running: ['***', 'tasks', 'run', 'triggerDagComplexa', 'tsk5', '2024-02-27T08:53:06.096982+00:00', '--job-id', '52', '--pool', 'default_pool', '--raw', '--subdir', 'DAGS_FOLDER/triggerDagComplexa.py', '--cfg-path', '/tmp/tmpj8g_s_8f', '--error-file', '/tmp/tmp0dx4ic0q']
[2024-02-27 08:53:19,554] {standard_task_runner.py:77} INFO - Job 52: Subtask tsk5
[2024-02-27 08:53:19,602] {logging_mixin.py:109} INFO - Running <TaskInstance: triggerDagComplexa.tsk5 2024-02-27T08:53:06.096982+00:00 [running]> on host 1034e60698e1
[2024-02-27 08:53:19,697] {taskinstance.py:1254} INFO - Exporting the following env vars:
AIRFLOW_CTX_DAG_OWNER=***
AIRFLOW_CTX_DAG_ID=triggerDagComplexa
AIRFLOW_CTX_TASK_ID=tsk5
AIRFLOW_CTX_EXECUTION_DATE=2024-02-27T08:53:06.096982+00:00
AIRFLOW_CTX_DAG_RUN_ID=manual__2024-02-27T08:53:06.096982+00:00
[2024-02-27 08:53:19,698] {subprocess.py:52} INFO - Tmp dir root location: 
 /tmp
[2024-02-27 08:53:19,700] {subprocess.py:63} INFO - Running command: ['bash', '-c', 'sleep 5']
[2024-02-27 08:53:19,712] {subprocess.py:74} INFO - Output:
[2024-02-27 08:53:24,716] {subprocess.py:82} INFO - Command exited with return code 0
[2024-02-27 08:53:24,755] {taskinstance.py:1219} INFO - Marking task as SUCCESS. dag_id=triggerDagComplexa, task_id=tsk5, execution_date=20240227T085306, start_date=20240227T085319, end_date=20240227T085324
[2024-02-27 08:53:24,805] {local_task_job.py:151} INFO - Task exited with return code 0
[2024-02-27 08:53:24,836] {local_task_job.py:261} INFO - 1 downstream tasks scheduled from follow-on schedule check
