[2024-02-27 09:09:18,938] {taskinstance.py:903} INFO - Dependencies all met for <TaskInstance: dagGroup.tsk5 2024-02-27T09:09:05.695658+00:00 [queued]>
[2024-02-27 09:09:18,970] {taskinstance.py:903} INFO - Dependencies all met for <TaskInstance: dagGroup.tsk5 2024-02-27T09:09:05.695658+00:00 [queued]>
[2024-02-27 09:09:18,971] {taskinstance.py:1095} INFO - 
--------------------------------------------------------------------------------
[2024-02-27 09:09:18,971] {taskinstance.py:1096} INFO - Starting attempt 1 of 1
[2024-02-27 09:09:18,971] {taskinstance.py:1097} INFO - 
--------------------------------------------------------------------------------
[2024-02-27 09:09:18,987] {taskinstance.py:1115} INFO - Executing <Task(BashOperator): tsk5> on 2024-02-27T09:09:05.695658+00:00
[2024-02-27 09:09:18,992] {standard_task_runner.py:52} INFO - Started process 175 to run task
[2024-02-27 09:09:18,997] {standard_task_runner.py:76} INFO - Running: ['***', 'tasks', 'run', 'dagGroup', 'tsk5', '2024-02-27T09:09:05.695658+00:00', '--job-id', '66', '--pool', 'default_pool', '--raw', '--subdir', 'DAGS_FOLDER/dagGroup.py', '--cfg-path', '/tmp/tmp4op74j7t', '--error-file', '/tmp/tmpibohj7fu']
[2024-02-27 09:09:18,998] {standard_task_runner.py:77} INFO - Job 66: Subtask tsk5
[2024-02-27 09:09:19,056] {logging_mixin.py:109} INFO - Running <TaskInstance: dagGroup.tsk5 2024-02-27T09:09:05.695658+00:00 [running]> on host 1034e60698e1
[2024-02-27 09:09:19,133] {taskinstance.py:1254} INFO - Exporting the following env vars:
AIRFLOW_CTX_DAG_OWNER=***
AIRFLOW_CTX_DAG_ID=dagGroup
AIRFLOW_CTX_TASK_ID=tsk5
AIRFLOW_CTX_EXECUTION_DATE=2024-02-27T09:09:05.695658+00:00
AIRFLOW_CTX_DAG_RUN_ID=manual__2024-02-27T09:09:05.695658+00:00
[2024-02-27 09:09:19,134] {subprocess.py:52} INFO - Tmp dir root location: 
 /tmp
[2024-02-27 09:09:19,136] {subprocess.py:63} INFO - Running command: ['bash', '-c', 'sleep 5']
[2024-02-27 09:09:19,146] {subprocess.py:74} INFO - Output:
[2024-02-27 09:09:24,149] {subprocess.py:82} INFO - Command exited with return code 0
[2024-02-27 09:09:24,193] {taskinstance.py:1219} INFO - Marking task as SUCCESS. dag_id=dagGroup, task_id=tsk5, execution_date=20240227T090905, start_date=20240227T090918, end_date=20240227T090924
[2024-02-27 09:09:24,253] {local_task_job.py:151} INFO - Task exited with return code 0
[2024-02-27 09:09:24,291] {local_task_job.py:261} INFO - 1 downstream tasks scheduled from follow-on schedule check
