[2024-03-01 08:49:14,206] {taskinstance.py:903} INFO - Dependencies all met for <TaskInstance: pool.tsk2 2024-03-01T08:49:06.702071+00:00 [queued]>
[2024-03-01 08:49:14,233] {taskinstance.py:903} INFO - Dependencies all met for <TaskInstance: pool.tsk2 2024-03-01T08:49:06.702071+00:00 [queued]>
[2024-03-01 08:49:14,234] {taskinstance.py:1095} INFO - 
--------------------------------------------------------------------------------
[2024-03-01 08:49:14,234] {taskinstance.py:1096} INFO - Starting attempt 1 of 1
[2024-03-01 08:49:14,234] {taskinstance.py:1097} INFO - 
--------------------------------------------------------------------------------
[2024-03-01 08:49:14,247] {taskinstance.py:1115} INFO - Executing <Task(BashOperator): tsk2> on 2024-03-01T08:49:06.702071+00:00
[2024-03-01 08:49:14,252] {standard_task_runner.py:52} INFO - Started process 99 to run task
[2024-03-01 08:49:14,257] {standard_task_runner.py:76} INFO - Running: ['***', 'tasks', 'run', 'pool', 'tsk2', '2024-03-01T08:49:06.702071+00:00', '--job-id', '255', '--pool', 'meu pool', '--raw', '--subdir', 'DAGS_FOLDER/pools.py', '--cfg-path', '/tmp/tmpecnspe6o', '--error-file', '/tmp/tmpyiodt36v']
[2024-03-01 08:49:14,258] {standard_task_runner.py:77} INFO - Job 255: Subtask tsk2
[2024-03-01 08:49:14,312] {logging_mixin.py:109} INFO - Running <TaskInstance: pool.tsk2 2024-03-01T08:49:06.702071+00:00 [running]> on host b6da4fb5c714
[2024-03-01 08:49:14,393] {taskinstance.py:1254} INFO - Exporting the following env vars:
AIRFLOW_CTX_DAG_OWNER=***
AIRFLOW_CTX_DAG_ID=pool
AIRFLOW_CTX_TASK_ID=tsk2
AIRFLOW_CTX_EXECUTION_DATE=2024-03-01T08:49:06.702071+00:00
AIRFLOW_CTX_DAG_RUN_ID=manual__2024-03-01T08:49:06.702071+00:00
[2024-03-01 08:49:14,395] {subprocess.py:52} INFO - Tmp dir root location: 
 /tmp
[2024-03-01 08:49:14,397] {subprocess.py:63} INFO - Running command: ['bash', '-c', 'sleep 5']
[2024-03-01 08:49:14,409] {subprocess.py:74} INFO - Output:
[2024-03-01 08:49:19,414] {subprocess.py:82} INFO - Command exited with return code 0
[2024-03-01 08:49:19,456] {taskinstance.py:1219} INFO - Marking task as SUCCESS. dag_id=pool, task_id=tsk2, execution_date=20240301T084906, start_date=20240301T084914, end_date=20240301T084919
[2024-03-01 08:49:19,507] {local_task_job.py:151} INFO - Task exited with return code 0
[2024-03-01 08:49:19,535] {local_task_job.py:261} INFO - 0 downstream tasks scheduled from follow-on schedule check
