[2024-03-06T09:17:16.083+0000] {taskinstance.py:1083} INFO - Dependencies all met for <TaskInstance: bigdata.big_data manual__2024-03-06T09:17:12.008379+00:00 [queued]>
[2024-03-06T09:17:16.118+0000] {taskinstance.py:1083} INFO - Dependencies all met for <TaskInstance: bigdata.big_data manual__2024-03-06T09:17:12.008379+00:00 [queued]>
[2024-03-06T09:17:16.119+0000] {taskinstance.py:1279} INFO - 
--------------------------------------------------------------------------------
[2024-03-06T09:17:16.119+0000] {taskinstance.py:1280} INFO - Starting attempt 1 of 1
[2024-03-06T09:17:16.120+0000] {taskinstance.py:1281} INFO - 
--------------------------------------------------------------------------------
[2024-03-06T09:17:16.157+0000] {taskinstance.py:1300} INFO - Executing <Task(BigDataOperator): big_data> on 2024-03-06 09:17:12.008379+00:00
[2024-03-06T09:17:16.168+0000] {standard_task_runner.py:55} INFO - Started process 66 to run task
[2024-03-06T09:17:16.174+0000] {standard_task_runner.py:82} INFO - Running: ['***', 'tasks', 'run', 'bigdata', 'big_data', 'manual__2024-03-06T09:17:12.008379+00:00', '--job-id', '340', '--raw', '--subdir', 'DAGS_FOLDER/bigdata.py', '--cfg-path', '/tmp/tmpc_5vii95']
[2024-03-06T09:17:16.177+0000] {standard_task_runner.py:83} INFO - Job 340: Subtask big_data
[2024-03-06T09:17:16.202+0000] {warnings.py:110} WARNING - /home/***/.local/lib/python3.7/site-packages/***/settings.py:249: DeprecationWarning: The sql_alchemy_conn option in [core] has been moved to the sql_alchemy_conn option in [database] - the old setting has been used, but please update your config.
  SQL_ALCHEMY_CONN = conf.get("database", "SQL_ALCHEMY_CONN")

[2024-03-06T09:17:16.340+0000] {task_command.py:388} INFO - Running <TaskInstance: bigdata.big_data manual__2024-03-06T09:17:12.008379+00:00 [running]> on host 574a12f58141
[2024-03-06T09:17:16.604+0000] {taskinstance.py:1509} INFO - Exporting the following env vars:
AIRFLOW_CTX_DAG_OWNER=***
AIRFLOW_CTX_DAG_ID=bigdata
AIRFLOW_CTX_TASK_ID=big_data
AIRFLOW_CTX_EXECUTION_DATE=2024-03-06T09:17:12.008379+00:00
AIRFLOW_CTX_TRY_NUMBER=1
AIRFLOW_CTX_DAG_RUN_ID=manual__2024-03-06T09:17:12.008379+00:00
[2024-03-06T09:17:16.666+0000] {taskinstance.py:1323} INFO - Marking task as SUCCESS. dag_id=bigdata, task_id=big_data, execution_date=20240306T091712, start_date=20240306T091716, end_date=20240306T091716
[2024-03-06T09:17:16.750+0000] {local_task_job.py:208} INFO - Task exited with return code 0
[2024-03-06T09:17:16.811+0000] {taskinstance.py:2578} INFO - 0 downstream tasks scheduled from follow-on schedule check
