[2024-02-29 09:00:01,385] {taskinstance.py:903} INFO - Dependencies all met for <TaskInstance: defaultargs.tsk1 2024-02-29T08:00:00+00:00 [queued]>
[2024-02-29 09:00:01,409] {taskinstance.py:903} INFO - Dependencies all met for <TaskInstance: defaultargs.tsk1 2024-02-29T08:00:00+00:00 [queued]>
[2024-02-29 09:00:01,410] {taskinstance.py:1095} INFO - 
--------------------------------------------------------------------------------
[2024-02-29 09:00:01,410] {taskinstance.py:1096} INFO - Starting attempt 1 of 4
[2024-02-29 09:00:01,410] {taskinstance.py:1097} INFO - 
--------------------------------------------------------------------------------
[2024-02-29 09:00:01,444] {taskinstance.py:1115} INFO - Executing <Task(BashOperator): tsk1> on 2024-02-29T08:00:00+00:00
[2024-02-29 09:00:01,461] {standard_task_runner.py:76} INFO - Running: ['***', 'tasks', 'run', 'defaultargs', 'tsk1', '2024-02-29T08:00:00+00:00', '--job-id', '217', '--pool', 'default_pool', '--raw', '--subdir', 'DAGS_FOLDER/defaultargs.py', '--cfg-path', '/tmp/tmphdd3ycdf', '--error-file', '/tmp/tmpr3vt4ar_']
[2024-02-29 09:00:01,462] {standard_task_runner.py:77} INFO - Job 217: Subtask tsk1
[2024-02-29 09:00:01,453] {standard_task_runner.py:52} INFO - Started process 98 to run task
[2024-02-29 09:00:01,580] {logging_mixin.py:109} INFO - Running <TaskInstance: defaultargs.tsk1 2024-02-29T08:00:00+00:00 [running]> on host 8f2f0b73bf26
[2024-02-29 09:00:01,704] {taskinstance.py:1254} INFO - Exporting the following env vars:
AIRFLOW_CTX_DAG_EMAIL=jezandre_tiago@hotmail.com
AIRFLOW_CTX_DAG_OWNER=***
AIRFLOW_CTX_DAG_ID=defaultargs
AIRFLOW_CTX_TASK_ID=tsk1
AIRFLOW_CTX_EXECUTION_DATE=2024-02-29T08:00:00+00:00
AIRFLOW_CTX_DAG_RUN_ID=scheduled__2024-02-29T08:00:00+00:00
[2024-02-29 09:00:01,705] {subprocess.py:52} INFO - Tmp dir root location: 
 /tmp
[2024-02-29 09:00:01,707] {subprocess.py:63} INFO - Running command: ['bash', '-c', 'sleep 5']
[2024-02-29 09:00:01,724] {subprocess.py:74} INFO - Output:
[2024-02-29 09:00:06,732] {subprocess.py:82} INFO - Command exited with return code 0
[2024-02-29 09:00:06,817] {taskinstance.py:1219} INFO - Marking task as SUCCESS. dag_id=defaultargs, task_id=tsk1, execution_date=20240229T080000, start_date=20240229T090001, end_date=20240229T090006
[2024-02-29 09:00:06,909] {local_task_job.py:151} INFO - Task exited with return code 0
[2024-02-29 09:00:06,977] {local_task_job.py:261} INFO - 1 downstream tasks scheduled from follow-on schedule check
