[2024-02-27 08:53:04,671] {taskinstance.py:903} INFO - Dependencies all met for <TaskInstance: triggerDagComplexa.tsk1 2024-02-27T08:51:50.275816+00:00 [queued]>
[2024-02-27 08:53:04,714] {taskinstance.py:903} INFO - Dependencies all met for <TaskInstance: triggerDagComplexa.tsk1 2024-02-27T08:51:50.275816+00:00 [queued]>
[2024-02-27 08:53:04,715] {taskinstance.py:1095} INFO - 
--------------------------------------------------------------------------------
[2024-02-27 08:53:04,716] {taskinstance.py:1096} INFO - Starting attempt 1 of 1
[2024-02-27 08:53:04,717] {taskinstance.py:1097} INFO - 
--------------------------------------------------------------------------------
[2024-02-27 08:53:04,737] {taskinstance.py:1115} INFO - Executing <Task(BashOperator): tsk1> on 2024-02-27T08:51:50.275816+00:00
[2024-02-27 08:53:04,743] {standard_task_runner.py:52} INFO - Started process 96 to run task
[2024-02-27 08:53:04,755] {standard_task_runner.py:76} INFO - Running: ['***', 'tasks', 'run', 'triggerDagComplexa', 'tsk1', '2024-02-27T08:51:50.275816+00:00', '--job-id', '40', '--pool', 'default_pool', '--raw', '--subdir', 'DAGS_FOLDER/triggerDagComplexa.py', '--cfg-path', '/tmp/tmpxiu55icd', '--error-file', '/tmp/tmpl4z1qtaa']
[2024-02-27 08:53:04,756] {standard_task_runner.py:77} INFO - Job 40: Subtask tsk1
[2024-02-27 08:53:04,829] {logging_mixin.py:109} INFO - Running <TaskInstance: triggerDagComplexa.tsk1 2024-02-27T08:51:50.275816+00:00 [running]> on host 1034e60698e1
[2024-02-27 08:53:04,916] {taskinstance.py:1254} INFO - Exporting the following env vars:
AIRFLOW_CTX_DAG_OWNER=***
AIRFLOW_CTX_DAG_ID=triggerDagComplexa
AIRFLOW_CTX_TASK_ID=tsk1
AIRFLOW_CTX_EXECUTION_DATE=2024-02-27T08:51:50.275816+00:00
AIRFLOW_CTX_DAG_RUN_ID=manual__2024-02-27T08:51:50.275816+00:00
[2024-02-27 08:53:04,918] {subprocess.py:52} INFO - Tmp dir root location: 
 /tmp
[2024-02-27 08:53:04,919] {subprocess.py:63} INFO - Running command: ['bash', '-c', 'sleep 5']
[2024-02-27 08:53:04,932] {subprocess.py:74} INFO - Output:
[2024-02-27 08:53:09,936] {subprocess.py:82} INFO - Command exited with return code 0
[2024-02-27 08:53:10,002] {taskinstance.py:1219} INFO - Marking task as SUCCESS. dag_id=triggerDagComplexa, task_id=tsk1, execution_date=20240227T085150, start_date=20240227T085304, end_date=20240227T085310
[2024-02-27 08:53:10,100] {local_task_job.py:151} INFO - Task exited with return code 0
[2024-02-27 08:53:10,159] {local_task_job.py:261} INFO - 1 downstream tasks scheduled from follow-on schedule check
