[2024-03-01T10:10:29.904+0000] {taskinstance.py:1083} INFO - Dependencies all met for <TaskInstance: consumer.t1 dataset_triggered__2024-03-01T10:10:25.894041+00:00 [queued]>
[2024-03-01T10:10:29.982+0000] {taskinstance.py:1083} INFO - Dependencies all met for <TaskInstance: consumer.t1 dataset_triggered__2024-03-01T10:10:25.894041+00:00 [queued]>
[2024-03-01T10:10:29.982+0000] {taskinstance.py:1279} INFO - 
--------------------------------------------------------------------------------
[2024-03-01T10:10:29.983+0000] {taskinstance.py:1280} INFO - Starting attempt 1 of 1
[2024-03-01T10:10:29.984+0000] {taskinstance.py:1281} INFO - 
--------------------------------------------------------------------------------
[2024-03-01T10:10:30.080+0000] {taskinstance.py:1300} INFO - Executing <Task(PythonOperator): t1> on 2024-03-01 10:10:25.894041+00:00
[2024-03-01T10:10:30.112+0000] {standard_task_runner.py:55} INFO - Started process 64 to run task
[2024-03-01T10:10:30.128+0000] {standard_task_runner.py:82} INFO - Running: ['***', 'tasks', 'run', 'consumer', 't1', 'dataset_triggered__2024-03-01T10:10:25.894041+00:00', '--job-id', '278', '--raw', '--subdir', 'DAGS_FOLDER/consumer.py', '--cfg-path', '/tmp/tmpr5jix2da']
[2024-03-01T10:10:30.161+0000] {standard_task_runner.py:83} INFO - Job 278: Subtask t1
[2024-03-01T10:10:30.247+0000] {warnings.py:110} WARNING - /home/***/.local/lib/python3.7/site-packages/***/settings.py:249: DeprecationWarning: The sql_alchemy_conn option in [core] has been moved to the sql_alchemy_conn option in [database] - the old setting has been used, but please update your config.
  SQL_ALCHEMY_CONN = conf.get("database", "SQL_ALCHEMY_CONN")

[2024-03-01T10:10:30.490+0000] {warnings.py:110} WARNING - /home/***/.local/lib/python3.7/site-packages/***/utils/sqlalchemy.py:124: DeprecationWarning: The sql_alchemy_conn option in [core] has been moved to the sql_alchemy_conn option in [database] - the old setting has been used, but please update your config.
  return not conf.get("database", "sql_alchemy_conn").startswith("mssql")

[2024-03-01T10:10:30.661+0000] {task_command.py:388} INFO - Running <TaskInstance: consumer.t1 dataset_triggered__2024-03-01T10:10:25.894041+00:00 [running]> on host df7038a2f7dd
[2024-03-01T10:10:31.063+0000] {taskinstance.py:1509} INFO - Exporting the following env vars:
AIRFLOW_CTX_DAG_OWNER=***
AIRFLOW_CTX_DAG_ID=consumer
AIRFLOW_CTX_TASK_ID=t1
AIRFLOW_CTX_EXECUTION_DATE=2024-03-01T10:10:25.894041+00:00
AIRFLOW_CTX_TRY_NUMBER=1
AIRFLOW_CTX_DAG_RUN_ID=dataset_triggered__2024-03-01T10:10:25.894041+00:00
[2024-03-01T10:10:31.106+0000] {python.py:177} INFO - Done. Returned value was: None
[2024-03-01T10:10:31.137+0000] {taskinstance.py:1323} INFO - Marking task as SUCCESS. dag_id=consumer, task_id=t1, execution_date=20240301T101025, start_date=20240301T101029, end_date=20240301T101031
[2024-03-01T10:10:31.195+0000] {local_task_job.py:208} INFO - Task exited with return code 0
[2024-03-01T10:10:31.252+0000] {taskinstance.py:2578} INFO - 0 downstream tasks scheduled from follow-on schedule check
