[2024-03-05T09:01:24.798+0000] {taskinstance.py:1083} INFO - Dependencies all met for <TaskInstance: httpsensor.check_api manual__2024-03-05T09:01:22.071044+00:00 [queued]>
[2024-03-05T09:01:24.824+0000] {taskinstance.py:1083} INFO - Dependencies all met for <TaskInstance: httpsensor.check_api manual__2024-03-05T09:01:22.071044+00:00 [queued]>
[2024-03-05T09:01:24.825+0000] {taskinstance.py:1279} INFO - 
--------------------------------------------------------------------------------
[2024-03-05T09:01:24.825+0000] {taskinstance.py:1280} INFO - Starting attempt 1 of 1
[2024-03-05T09:01:24.825+0000] {taskinstance.py:1281} INFO - 
--------------------------------------------------------------------------------
[2024-03-05T09:01:24.865+0000] {taskinstance.py:1300} INFO - Executing <Task(HttpSensor): check_api> on 2024-03-05 09:01:22.071044+00:00
[2024-03-05T09:01:24.876+0000] {standard_task_runner.py:55} INFO - Started process 77 to run task
[2024-03-05T09:01:24.881+0000] {standard_task_runner.py:82} INFO - Running: ['***', 'tasks', 'run', 'httpsensor', 'check_api', 'manual__2024-03-05T09:01:22.071044+00:00', '--job-id', '286', '--raw', '--subdir', 'DAGS_FOLDER/sensors.py', '--cfg-path', '/tmp/tmpb49die_b']
[2024-03-05T09:01:24.882+0000] {standard_task_runner.py:83} INFO - Job 286: Subtask check_api
[2024-03-05T09:01:24.905+0000] {warnings.py:110} WARNING - /home/***/.local/lib/python3.7/site-packages/***/settings.py:249: DeprecationWarning: The sql_alchemy_conn option in [core] has been moved to the sql_alchemy_conn option in [database] - the old setting has been used, but please update your config.
  SQL_ALCHEMY_CONN = conf.get("database", "SQL_ALCHEMY_CONN")

[2024-03-05T09:01:25.037+0000] {task_command.py:388} INFO - Running <TaskInstance: httpsensor.check_api manual__2024-03-05T09:01:22.071044+00:00 [running]> on host df7038a2f7dd
[2024-03-05T09:01:25.255+0000] {taskinstance.py:1509} INFO - Exporting the following env vars:
AIRFLOW_CTX_DAG_OWNER=***
AIRFLOW_CTX_DAG_ID=httpsensor
AIRFLOW_CTX_TASK_ID=check_api
AIRFLOW_CTX_EXECUTION_DATE=2024-03-05T09:01:22.071044+00:00
AIRFLOW_CTX_TRY_NUMBER=1
AIRFLOW_CTX_DAG_RUN_ID=manual__2024-03-05T09:01:22.071044+00:00
[2024-03-05T09:01:25.256+0000] {http.py:122} INFO - Poking: entries
[2024-03-05T09:01:25.275+0000] {base.py:73} INFO - Using connection ID 'connection' for task execution.
[2024-03-05T09:01:26.401+0000] {base.py:228} INFO - Success criteria met. Exiting.
[2024-03-05T09:01:26.442+0000] {taskinstance.py:1323} INFO - Marking task as SUCCESS. dag_id=httpsensor, task_id=check_api, execution_date=20240305T090122, start_date=20240305T090124, end_date=20240305T090126
[2024-03-05T09:01:26.502+0000] {local_task_job.py:208} INFO - Task exited with return code 0
[2024-03-05T09:01:26.596+0000] {taskinstance.py:2578} INFO - 1 downstream tasks scheduled from follow-on schedule check
