[2024-03-01 10:00:13,433] {taskinstance.py:903} INFO - Dependencies all met for <TaskInstance: defaultargs.tsk3 2024-03-01T09:00:00+00:00 [queued]>
[2024-03-01 10:00:13,462] {taskinstance.py:903} INFO - Dependencies all met for <TaskInstance: defaultargs.tsk3 2024-03-01T09:00:00+00:00 [queued]>
[2024-03-01 10:00:13,462] {taskinstance.py:1095} INFO - 
--------------------------------------------------------------------------------
[2024-03-01 10:00:13,462] {taskinstance.py:1096} INFO - Starting attempt 1 of 2
[2024-03-01 10:00:13,463] {taskinstance.py:1097} INFO - 
--------------------------------------------------------------------------------
[2024-03-01 10:00:13,478] {taskinstance.py:1115} INFO - Executing <Task(BashOperator): tsk3> on 2024-03-01T09:00:00+00:00
[2024-03-01 10:00:13,483] {standard_task_runner.py:52} INFO - Started process 150 to run task
[2024-03-01 10:00:13,488] {standard_task_runner.py:76} INFO - Running: ['***', 'tasks', 'run', 'defaultargs', 'tsk3', '2024-03-01T09:00:00+00:00', '--job-id', '275', '--pool', 'default_pool', '--raw', '--subdir', 'DAGS_FOLDER/defaultargs.py', '--cfg-path', '/tmp/tmp_qcrmkdm', '--error-file', '/tmp/tmp_amiajyz']
[2024-03-01 10:00:13,488] {standard_task_runner.py:77} INFO - Job 275: Subtask tsk3
[2024-03-01 10:00:13,555] {logging_mixin.py:109} INFO - Running <TaskInstance: defaultargs.tsk3 2024-03-01T09:00:00+00:00 [running]> on host b6da4fb5c714
[2024-03-01 10:00:13,632] {taskinstance.py:1254} INFO - Exporting the following env vars:
AIRFLOW_CTX_DAG_EMAIL=jezandre_tiago@hotmail.com
AIRFLOW_CTX_DAG_OWNER=***
AIRFLOW_CTX_DAG_ID=defaultargs
AIRFLOW_CTX_TASK_ID=tsk3
AIRFLOW_CTX_EXECUTION_DATE=2024-03-01T09:00:00+00:00
AIRFLOW_CTX_DAG_RUN_ID=scheduled__2024-03-01T09:00:00+00:00
[2024-03-01 10:00:13,633] {subprocess.py:52} INFO - Tmp dir root location: 
 /tmp
[2024-03-01 10:00:13,634] {subprocess.py:63} INFO - Running command: ['bash', '-c', 'sleep 5']
[2024-03-01 10:00:13,647] {subprocess.py:74} INFO - Output:
[2024-03-01 10:00:18,651] {subprocess.py:82} INFO - Command exited with return code 0
[2024-03-01 10:00:18,720] {taskinstance.py:1219} INFO - Marking task as SUCCESS. dag_id=defaultargs, task_id=tsk3, execution_date=20240301T090000, start_date=20240301T100013, end_date=20240301T100018
[2024-03-01 10:00:18,782] {local_task_job.py:151} INFO - Task exited with return code 0
[2024-03-01 10:00:18,818] {local_task_job.py:261} INFO - 0 downstream tasks scheduled from follow-on schedule check
