[2024-03-05T09:28:09.789+0000] {taskinstance.py:1083} INFO - Dependencies all met for <TaskInstance: bancodedados.create_table manual__2024-03-05T09:28:07.548869+00:00 [queued]>
[2024-03-05T09:28:09.814+0000] {taskinstance.py:1083} INFO - Dependencies all met for <TaskInstance: bancodedados.create_table manual__2024-03-05T09:28:07.548869+00:00 [queued]>
[2024-03-05T09:28:09.815+0000] {taskinstance.py:1279} INFO - 
--------------------------------------------------------------------------------
[2024-03-05T09:28:09.815+0000] {taskinstance.py:1280} INFO - Starting attempt 1 of 1
[2024-03-05T09:28:09.815+0000] {taskinstance.py:1281} INFO - 
--------------------------------------------------------------------------------
[2024-03-05T09:28:09.854+0000] {taskinstance.py:1300} INFO - Executing <Task(PostgresOperator): create_table> on 2024-03-05 09:28:07.548869+00:00
[2024-03-05T09:28:09.863+0000] {standard_task_runner.py:55} INFO - Started process 85 to run task
[2024-03-05T09:28:09.868+0000] {standard_task_runner.py:82} INFO - Running: ['***', 'tasks', 'run', 'bancodedados', 'create_table', 'manual__2024-03-05T09:28:07.548869+00:00', '--job-id', '290', '--raw', '--subdir', 'DAGS_FOLDER/bancodedados.py', '--cfg-path', '/tmp/tmpjhwy1w2d']
[2024-03-05T09:28:09.869+0000] {standard_task_runner.py:83} INFO - Job 290: Subtask create_table
[2024-03-05T09:28:09.895+0000] {warnings.py:110} WARNING - /home/***/.local/lib/python3.7/site-packages/***/settings.py:249: DeprecationWarning: The sql_alchemy_conn option in [core] has been moved to the sql_alchemy_conn option in [database] - the old setting has been used, but please update your config.
  SQL_ALCHEMY_CONN = conf.get("database", "SQL_ALCHEMY_CONN")

[2024-03-05T09:28:10.034+0000] {task_command.py:388} INFO - Running <TaskInstance: bancodedados.create_table manual__2024-03-05T09:28:07.548869+00:00 [running]> on host df7038a2f7dd
[2024-03-05T09:28:10.239+0000] {taskinstance.py:1509} INFO - Exporting the following env vars:
AIRFLOW_CTX_DAG_OWNER=***
AIRFLOW_CTX_DAG_ID=bancodedados
AIRFLOW_CTX_TASK_ID=create_table
AIRFLOW_CTX_EXECUTION_DATE=2024-03-05T09:28:07.548869+00:00
AIRFLOW_CTX_TRY_NUMBER=1
AIRFLOW_CTX_DAG_RUN_ID=manual__2024-03-05T09:28:07.548869+00:00
[2024-03-05T09:28:10.240+0000] {sql.py:254} INFO - Executing: create table if not exists teste(id int);
[2024-03-05T09:28:10.262+0000] {base.py:73} INFO - Using connection ID 'postgres' for task execution.
[2024-03-05T09:28:10.996+0000] {base.py:73} INFO - Using connection ID 'postgres' for task execution.
[2024-03-05T09:28:11.003+0000] {sql.py:375} INFO - Running statement: create table if not exists teste(id int);, parameters: None
[2024-03-05T09:28:11.057+0000] {taskinstance.py:1323} INFO - Marking task as SUCCESS. dag_id=bancodedados, task_id=create_table, execution_date=20240305T092807, start_date=20240305T092809, end_date=20240305T092811
[2024-03-05T09:28:11.127+0000] {local_task_job.py:208} INFO - Task exited with return code 0
[2024-03-05T09:28:11.200+0000] {taskinstance.py:2578} INFO - 1 downstream tasks scheduled from follow-on schedule check
