[2024-02-28 08:46:07,826] {taskinstance.py:903} INFO - Dependencies all met for <TaskInstance: defaultargs.tsk2 2024-02-27T10:00:00+00:00 [queued]>
[2024-02-28 08:46:07,859] {taskinstance.py:903} INFO - Dependencies all met for <TaskInstance: defaultargs.tsk2 2024-02-27T10:00:00+00:00 [queued]>
[2024-02-28 08:46:07,859] {taskinstance.py:1095} INFO - 
--------------------------------------------------------------------------------
[2024-02-28 08:46:07,859] {taskinstance.py:1096} INFO - Starting attempt 1 of 2
[2024-02-28 08:46:07,859] {taskinstance.py:1097} INFO - 
--------------------------------------------------------------------------------
[2024-02-28 08:46:07,881] {taskinstance.py:1115} INFO - Executing <Task(BashOperator): tsk2> on 2024-02-27T10:00:00+00:00
[2024-02-28 08:46:07,888] {standard_task_runner.py:52} INFO - Started process 69 to run task
[2024-02-28 08:46:07,895] {standard_task_runner.py:76} INFO - Running: ['***', 'tasks', 'run', 'defaultargs', 'tsk2', '2024-02-27T10:00:00+00:00', '--job-id', '132', '--pool', 'default_pool', '--raw', '--subdir', 'DAGS_FOLDER/defaultargs.py', '--cfg-path', '/tmp/tmp8mq5fwdm', '--error-file', '/tmp/tmpsn2dcqm6']
[2024-02-28 08:46:07,896] {standard_task_runner.py:77} INFO - Job 132: Subtask tsk2
[2024-02-28 08:46:08,006] {logging_mixin.py:109} INFO - Running <TaskInstance: defaultargs.tsk2 2024-02-27T10:00:00+00:00 [running]> on host 14529f4830f2
[2024-02-28 08:46:08,194] {taskinstance.py:1254} INFO - Exporting the following env vars:
AIRFLOW_CTX_DAG_EMAIL=jezandre_tiago@hotmail.com
AIRFLOW_CTX_DAG_OWNER=***
AIRFLOW_CTX_DAG_ID=defaultargs
AIRFLOW_CTX_TASK_ID=tsk2
AIRFLOW_CTX_EXECUTION_DATE=2024-02-27T10:00:00+00:00
AIRFLOW_CTX_DAG_RUN_ID=scheduled__2024-02-27T10:00:00+00:00
[2024-02-28 08:46:08,196] {subprocess.py:52} INFO - Tmp dir root location: 
 /tmp
[2024-02-28 08:46:08,198] {subprocess.py:63} INFO - Running command: ['bash', '-c', 'sleep 5']
[2024-02-28 08:46:08,224] {subprocess.py:74} INFO - Output:
[2024-02-28 08:46:13,231] {subprocess.py:82} INFO - Command exited with return code 0
[2024-02-28 08:46:13,478] {taskinstance.py:1219} INFO - Marking task as SUCCESS. dag_id=defaultargs, task_id=tsk2, execution_date=20240227T100000, start_date=20240228T084607, end_date=20240228T084613
[2024-02-28 08:46:13,710] {local_task_job.py:151} INFO - Task exited with return code 0
[2024-02-28 08:46:13,859] {local_task_job.py:261} INFO - 1 downstream tasks scheduled from follow-on schedule check
