[2024-02-27 08:53:23,692] {taskinstance.py:903} INFO - Dependencies all met for <TaskInstance: triggerDagComplexa.tsk6 2024-02-27T08:52:22.410638+00:00 [queued]>
[2024-02-27 08:53:23,714] {taskinstance.py:903} INFO - Dependencies all met for <TaskInstance: triggerDagComplexa.tsk6 2024-02-27T08:52:22.410638+00:00 [queued]>
[2024-02-27 08:53:23,715] {taskinstance.py:1095} INFO - 
--------------------------------------------------------------------------------
[2024-02-27 08:53:23,715] {taskinstance.py:1096} INFO - Starting attempt 1 of 1
[2024-02-27 08:53:23,715] {taskinstance.py:1097} INFO - 
--------------------------------------------------------------------------------
[2024-02-27 08:53:23,728] {taskinstance.py:1115} INFO - Executing <Task(BashOperator): tsk6> on 2024-02-27T08:52:22.410638+00:00
[2024-02-27 08:53:23,733] {standard_task_runner.py:52} INFO - Started process 138 to run task
[2024-02-27 08:53:23,737] {standard_task_runner.py:76} INFO - Running: ['***', 'tasks', 'run', 'triggerDagComplexa', 'tsk6', '2024-02-27T08:52:22.410638+00:00', '--job-id', '54', '--pool', 'default_pool', '--raw', '--subdir', 'DAGS_FOLDER/triggerDagComplexa.py', '--cfg-path', '/tmp/tmpkn7atvpo', '--error-file', '/tmp/tmpy_wufwtg']
[2024-02-27 08:53:23,738] {standard_task_runner.py:77} INFO - Job 54: Subtask tsk6
[2024-02-27 08:53:23,788] {logging_mixin.py:109} INFO - Running <TaskInstance: triggerDagComplexa.tsk6 2024-02-27T08:52:22.410638+00:00 [running]> on host 1034e60698e1
[2024-02-27 08:53:23,852] {taskinstance.py:1254} INFO - Exporting the following env vars:
AIRFLOW_CTX_DAG_OWNER=***
AIRFLOW_CTX_DAG_ID=triggerDagComplexa
AIRFLOW_CTX_TASK_ID=tsk6
AIRFLOW_CTX_EXECUTION_DATE=2024-02-27T08:52:22.410638+00:00
AIRFLOW_CTX_DAG_RUN_ID=manual__2024-02-27T08:52:22.410638+00:00
[2024-02-27 08:53:23,854] {subprocess.py:52} INFO - Tmp dir root location: 
 /tmp
[2024-02-27 08:53:23,855] {subprocess.py:63} INFO - Running command: ['bash', '-c', 'sleep 5']
[2024-02-27 08:53:23,864] {subprocess.py:74} INFO - Output:
[2024-02-27 08:53:28,868] {subprocess.py:82} INFO - Command exited with return code 0
[2024-02-27 08:53:28,905] {taskinstance.py:1219} INFO - Marking task as SUCCESS. dag_id=triggerDagComplexa, task_id=tsk6, execution_date=20240227T085222, start_date=20240227T085323, end_date=20240227T085328
[2024-02-27 08:53:28,955] {local_task_job.py:151} INFO - Task exited with return code 0
[2024-02-27 08:53:28,997] {local_task_job.py:261} INFO - 2 downstream tasks scheduled from follow-on schedule check
