[2024-02-27 08:53:17,043] {taskinstance.py:903} INFO - Dependencies all met for <TaskInstance: triggerDagComplexa.tsk5 2024-02-27T08:52:22.410638+00:00 [queued]>
[2024-02-27 08:53:17,070] {taskinstance.py:903} INFO - Dependencies all met for <TaskInstance: triggerDagComplexa.tsk5 2024-02-27T08:52:22.410638+00:00 [queued]>
[2024-02-27 08:53:17,071] {taskinstance.py:1095} INFO - 
--------------------------------------------------------------------------------
[2024-02-27 08:53:17,071] {taskinstance.py:1096} INFO - Starting attempt 1 of 1
[2024-02-27 08:53:17,071] {taskinstance.py:1097} INFO - 
--------------------------------------------------------------------------------
[2024-02-27 08:53:17,085] {taskinstance.py:1115} INFO - Executing <Task(BashOperator): tsk5> on 2024-02-27T08:52:22.410638+00:00
[2024-02-27 08:53:17,090] {standard_task_runner.py:52} INFO - Started process 128 to run task
[2024-02-27 08:53:17,095] {standard_task_runner.py:76} INFO - Running: ['***', 'tasks', 'run', 'triggerDagComplexa', 'tsk5', '2024-02-27T08:52:22.410638+00:00', '--job-id', '50', '--pool', 'default_pool', '--raw', '--subdir', 'DAGS_FOLDER/triggerDagComplexa.py', '--cfg-path', '/tmp/tmp9uwhlyha', '--error-file', '/tmp/tmpv8zzbqz2']
[2024-02-27 08:53:17,096] {standard_task_runner.py:77} INFO - Job 50: Subtask tsk5
[2024-02-27 08:53:17,156] {logging_mixin.py:109} INFO - Running <TaskInstance: triggerDagComplexa.tsk5 2024-02-27T08:52:22.410638+00:00 [running]> on host 1034e60698e1
[2024-02-27 08:53:17,225] {taskinstance.py:1254} INFO - Exporting the following env vars:
AIRFLOW_CTX_DAG_OWNER=***
AIRFLOW_CTX_DAG_ID=triggerDagComplexa
AIRFLOW_CTX_TASK_ID=tsk5
AIRFLOW_CTX_EXECUTION_DATE=2024-02-27T08:52:22.410638+00:00
AIRFLOW_CTX_DAG_RUN_ID=manual__2024-02-27T08:52:22.410638+00:00
[2024-02-27 08:53:17,226] {subprocess.py:52} INFO - Tmp dir root location: 
 /tmp
[2024-02-27 08:53:17,227] {subprocess.py:63} INFO - Running command: ['bash', '-c', 'sleep 5']
[2024-02-27 08:53:17,237] {subprocess.py:74} INFO - Output:
[2024-02-27 08:53:22,241] {subprocess.py:82} INFO - Command exited with return code 0
[2024-02-27 08:53:22,281] {taskinstance.py:1219} INFO - Marking task as SUCCESS. dag_id=triggerDagComplexa, task_id=tsk5, execution_date=20240227T085222, start_date=20240227T085317, end_date=20240227T085322
[2024-02-27 08:53:22,311] {local_task_job.py:151} INFO - Task exited with return code 0
[2024-02-27 08:53:22,354] {local_task_job.py:261} INFO - 1 downstream tasks scheduled from follow-on schedule check
