[2024-03-01 08:47:24,413] {taskinstance.py:903} INFO - Dependencies all met for <TaskInstance: pool.tsk2 2024-03-01T08:47:23.100164+00:00 [queued]>
[2024-03-01 08:47:24,439] {taskinstance.py:903} INFO - Dependencies all met for <TaskInstance: pool.tsk2 2024-03-01T08:47:23.100164+00:00 [queued]>
[2024-03-01 08:47:24,439] {taskinstance.py:1095} INFO - 
--------------------------------------------------------------------------------
[2024-03-01 08:47:24,439] {taskinstance.py:1096} INFO - Starting attempt 1 of 1
[2024-03-01 08:47:24,439] {taskinstance.py:1097} INFO - 
--------------------------------------------------------------------------------
[2024-03-01 08:47:24,452] {taskinstance.py:1115} INFO - Executing <Task(BashOperator): tsk2> on 2024-03-01T08:47:23.100164+00:00
[2024-03-01 08:47:24,457] {standard_task_runner.py:52} INFO - Started process 90 to run task
[2024-03-01 08:47:24,470] {standard_task_runner.py:76} INFO - Running: ['***', 'tasks', 'run', 'pool', 'tsk2', '2024-03-01T08:47:23.100164+00:00', '--job-id', '252', '--pool', 'meu pool', '--raw', '--subdir', 'DAGS_FOLDER/pools.py', '--cfg-path', '/tmp/tmp0fbwvwfn', '--error-file', '/tmp/tmpnm0ni2g_']
[2024-03-01 08:47:24,470] {standard_task_runner.py:77} INFO - Job 252: Subtask tsk2
[2024-03-01 08:47:24,526] {logging_mixin.py:109} INFO - Running <TaskInstance: pool.tsk2 2024-03-01T08:47:23.100164+00:00 [running]> on host b6da4fb5c714
[2024-03-01 08:47:24,598] {taskinstance.py:1254} INFO - Exporting the following env vars:
AIRFLOW_CTX_DAG_OWNER=***
AIRFLOW_CTX_DAG_ID=pool
AIRFLOW_CTX_TASK_ID=tsk2
AIRFLOW_CTX_EXECUTION_DATE=2024-03-01T08:47:23.100164+00:00
AIRFLOW_CTX_DAG_RUN_ID=manual__2024-03-01T08:47:23.100164+00:00
[2024-03-01 08:47:24,602] {subprocess.py:52} INFO - Tmp dir root location: 
 /tmp
[2024-03-01 08:47:24,603] {subprocess.py:63} INFO - Running command: ['bash', '-c', 'sleep 1']
[2024-03-01 08:47:24,615] {subprocess.py:74} INFO - Output:
[2024-03-01 08:47:25,621] {subprocess.py:82} INFO - Command exited with return code 0
[2024-03-01 08:47:25,663] {taskinstance.py:1219} INFO - Marking task as SUCCESS. dag_id=pool, task_id=tsk2, execution_date=20240301T084723, start_date=20240301T084724, end_date=20240301T084725
[2024-03-01 08:47:25,726] {local_task_job.py:151} INFO - Task exited with return code 0
[2024-03-01 08:47:25,767] {local_task_job.py:261} INFO - 0 downstream tasks scheduled from follow-on schedule check
