[2024-02-29 09:39:35,800] {processor.py:162} INFO - Started process (PID=4623) to work on /opt/airflow/dags/variaveis.py
[2024-02-29 09:39:35,802] {processor.py:613} INFO - Processing file /opt/airflow/dags/variaveis.py for tasks to queue
[2024-02-29 09:39:35,803] {logging_mixin.py:109} INFO - [2024-02-29 09:39:35,803] {dagbag.py:496} INFO - Filling up the DagBag from /opt/airflow/dags/variaveis.py
[2024-02-29 09:39:35,825] {processor.py:623} INFO - DAG(s) dict_keys(['dummy']) retrieved from /opt/airflow/dags/variaveis.py
[2024-02-29 09:39:36,222] {logging_mixin.py:109} INFO - [2024-02-29 09:39:36,222] {dag.py:1834} INFO - Sync 1 DAGs
[2024-02-29 09:39:36,241] {logging_mixin.py:109} INFO - [2024-02-29 09:39:36,241] {dag.py:2287} INFO - Setting next_dagrun for dummy to None
[2024-02-29 09:39:36,263] {processor.py:170} INFO - Processing /opt/airflow/dags/variaveis.py took 0.467 seconds
[2024-02-29 09:39:37,620] {processor.py:162} INFO - Started process (PID=4633) to work on /opt/airflow/dags/variaveis.py
[2024-02-29 09:39:37,621] {processor.py:613} INFO - Processing file /opt/airflow/dags/variaveis.py for tasks to queue
[2024-02-29 09:39:37,623] {logging_mixin.py:109} INFO - [2024-02-29 09:39:37,623] {dagbag.py:496} INFO - Filling up the DagBag from /opt/airflow/dags/variaveis.py
[2024-02-29 09:39:37,626] {logging_mixin.py:109} INFO - [2024-02-29 09:39:37,624] {dagbag.py:329} ERROR - Failed to import: /opt/airflow/dags/variaveis.py
Traceback (most recent call last):
  File "/home/airflow/.local/lib/python3.6/site-packages/airflow/models/dagbag.py", line 326, in _load_modules_from_file
    loader.exec_module(new_module)
  File "<frozen importlib._bootstrap_external>", line 674, in exec_module
  File "<frozen importlib._bootstrap_external>", line 781, in get_code
  File "<frozen importlib._bootstrap_external>", line 741, in source_to_code
  File "<frozen importlib._bootstrap>", line 219, in _call_with_frames_removed
  File "/opt/airflow/dags/variaveis.py", line 6
    from airflow.models import
                              ^
SyntaxError: invalid syntax
[2024-02-29 09:39:37,626] {processor.py:625} WARNING - No viable dags retrieved from /opt/airflow/dags/variaveis.py
[2024-02-29 09:39:37,666] {processor.py:170} INFO - Processing /opt/airflow/dags/variaveis.py took 0.050 seconds
[2024-02-29 09:39:40,009] {processor.py:162} INFO - Started process (PID=4640) to work on /opt/airflow/dags/variaveis.py
[2024-02-29 09:39:40,010] {processor.py:613} INFO - Processing file /opt/airflow/dags/variaveis.py for tasks to queue
[2024-02-29 09:39:40,011] {logging_mixin.py:109} INFO - [2024-02-29 09:39:40,011] {dagbag.py:496} INFO - Filling up the DagBag from /opt/airflow/dags/variaveis.py
[2024-02-29 09:39:40,022] {logging_mixin.py:109} INFO - [2024-02-29 09:39:40,021] {dagbag.py:329} ERROR - Failed to import: /opt/airflow/dags/variaveis.py
Traceback (most recent call last):
  File "/home/airflow/.local/lib/python3.6/site-packages/airflow/models/dagbag.py", line 326, in _load_modules_from_file
    loader.exec_module(new_module)
  File "<frozen importlib._bootstrap_external>", line 678, in exec_module
  File "<frozen importlib._bootstrap>", line 219, in _call_with_frames_removed
  File "/opt/airflow/dags/variaveis.py", line 6, in <module>
    from airflow.models import Varia
ImportError: cannot import name 'Varia'
[2024-02-29 09:39:40,022] {processor.py:625} WARNING - No viable dags retrieved from /opt/airflow/dags/variaveis.py
[2024-02-29 09:39:40,049] {processor.py:170} INFO - Processing /opt/airflow/dags/variaveis.py took 0.043 seconds
[2024-02-29 09:39:42,467] {processor.py:162} INFO - Started process (PID=4647) to work on /opt/airflow/dags/variaveis.py
[2024-02-29 09:39:42,468] {processor.py:613} INFO - Processing file /opt/airflow/dags/variaveis.py for tasks to queue
[2024-02-29 09:39:42,469] {logging_mixin.py:109} INFO - [2024-02-29 09:39:42,469] {dagbag.py:496} INFO - Filling up the DagBag from /opt/airflow/dags/variaveis.py
[2024-02-29 09:39:42,481] {logging_mixin.py:109} INFO - [2024-02-29 09:39:42,480] {dagbag.py:329} ERROR - Failed to import: /opt/airflow/dags/variaveis.py
Traceback (most recent call last):
  File "/home/airflow/.local/lib/python3.6/site-packages/airflow/models/dagbag.py", line 326, in _load_modules_from_file
    loader.exec_module(new_module)
  File "<frozen importlib._bootstrap_external>", line 678, in exec_module
  File "<frozen importlib._bootstrap>", line 219, in _call_with_frames_removed
  File "/opt/airflow/dags/variaveis.py", line 18, in <module>
    taskdummy = DummyOperator(task_id='taskdummy', dag=dag)
NameError: name 'DummyOperator' is not defined
[2024-02-29 09:39:42,481] {processor.py:625} WARNING - No viable dags retrieved from /opt/airflow/dags/variaveis.py
[2024-02-29 09:39:42,506] {processor.py:170} INFO - Processing /opt/airflow/dags/variaveis.py took 0.042 seconds
[2024-02-29 09:39:46,964] {processor.py:162} INFO - Started process (PID=4657) to work on /opt/airflow/dags/variaveis.py
[2024-02-29 09:39:46,966] {processor.py:613} INFO - Processing file /opt/airflow/dags/variaveis.py for tasks to queue
[2024-02-29 09:39:46,967] {logging_mixin.py:109} INFO - [2024-02-29 09:39:46,967] {dagbag.py:496} INFO - Filling up the DagBag from /opt/airflow/dags/variaveis.py
[2024-02-29 09:39:46,985] {logging_mixin.py:109} INFO - [2024-02-29 09:39:46,984] {dagbag.py:329} ERROR - Failed to import: /opt/airflow/dags/variaveis.py
Traceback (most recent call last):
  File "/home/airflow/.local/lib/python3.6/site-packages/airflow/models/dagbag.py", line 326, in _load_modules_from_file
    loader.exec_module(new_module)
  File "<frozen importlib._bootstrap_external>", line 678, in exec_module
  File "<frozen importlib._bootstrap>", line 219, in _call_with_frames_removed
  File "/opt/airflow/dags/variaveis.py", line 18, in <module>
    taskdummy = DummyOperator(task_id='taskdummy', dag=dag)
NameError: name 'DummyOperator' is not defined
[2024-02-29 09:39:46,986] {processor.py:625} WARNING - No viable dags retrieved from /opt/airflow/dags/variaveis.py
[2024-02-29 09:39:47,011] {processor.py:170} INFO - Processing /opt/airflow/dags/variaveis.py took 0.052 seconds
[2024-02-29 09:39:52,776] {processor.py:162} INFO - Started process (PID=4673) to work on /opt/airflow/dags/variaveis.py
[2024-02-29 09:39:52,778] {processor.py:613} INFO - Processing file /opt/airflow/dags/variaveis.py for tasks to queue
[2024-02-29 09:39:52,778] {logging_mixin.py:109} INFO - [2024-02-29 09:39:52,778] {dagbag.py:496} INFO - Filling up the DagBag from /opt/airflow/dags/variaveis.py
[2024-02-29 09:39:52,791] {logging_mixin.py:109} INFO - [2024-02-29 09:39:52,791] {dagbag.py:329} ERROR - Failed to import: /opt/airflow/dags/variaveis.py
Traceback (most recent call last):
  File "/home/airflow/.local/lib/python3.6/site-packages/airflow/models/dagbag.py", line 326, in _load_modules_from_file
    loader.exec_module(new_module)
  File "<frozen importlib._bootstrap_external>", line 678, in exec_module
  File "<frozen importlib._bootstrap>", line 219, in _call_with_frames_removed
  File "/opt/airflow/dags/variaveis.py", line 18, in <module>
    taskdummy = DummyOperator(task_id='taskdummy', dag=dag)
NameError: name 'DummyOperator' is not defined
[2024-02-29 09:39:52,792] {processor.py:625} WARNING - No viable dags retrieved from /opt/airflow/dags/variaveis.py
[2024-02-29 09:39:52,817] {processor.py:170} INFO - Processing /opt/airflow/dags/variaveis.py took 0.044 seconds
[2024-02-29 09:39:56,476] {processor.py:162} INFO - Started process (PID=4687) to work on /opt/airflow/dags/variaveis.py
[2024-02-29 09:39:56,477] {processor.py:613} INFO - Processing file /opt/airflow/dags/variaveis.py for tasks to queue
[2024-02-29 09:39:56,479] {logging_mixin.py:109} INFO - [2024-02-29 09:39:56,478] {dagbag.py:496} INFO - Filling up the DagBag from /opt/airflow/dags/variaveis.py
[2024-02-29 09:39:56,503] {logging_mixin.py:109} INFO - [2024-02-29 09:39:56,501] {dagbag.py:329} ERROR - Failed to import: /opt/airflow/dags/variaveis.py
Traceback (most recent call last):
  File "/home/airflow/.local/lib/python3.6/site-packages/airflow/models/dagbag.py", line 326, in _load_modules_from_file
    loader.exec_module(new_module)
  File "<frozen importlib._bootstrap_external>", line 678, in exec_module
  File "<frozen importlib._bootstrap>", line 219, in _call_with_frames_removed
  File "/opt/airflow/dags/variaveis.py", line 18, in <module>
    taskdummy = DummyOperator(task_id='taskdummy', dag=dag)
NameError: name 'DummyOperator' is not defined
[2024-02-29 09:39:56,504] {processor.py:625} WARNING - No viable dags retrieved from /opt/airflow/dags/variaveis.py
[2024-02-29 09:39:56,536] {processor.py:170} INFO - Processing /opt/airflow/dags/variaveis.py took 0.063 seconds
[2024-02-29 09:40:02,408] {processor.py:162} INFO - Started process (PID=4703) to work on /opt/airflow/dags/variaveis.py
[2024-02-29 09:40:02,410] {processor.py:613} INFO - Processing file /opt/airflow/dags/variaveis.py for tasks to queue
[2024-02-29 09:40:02,413] {logging_mixin.py:109} INFO - [2024-02-29 09:40:02,412] {dagbag.py:496} INFO - Filling up the DagBag from /opt/airflow/dags/variaveis.py
[2024-02-29 09:40:02,434] {logging_mixin.py:109} INFO - [2024-02-29 09:40:02,433] {dagbag.py:329} ERROR - Failed to import: /opt/airflow/dags/variaveis.py
Traceback (most recent call last):
  File "/home/airflow/.local/lib/python3.6/site-packages/airflow/models/dagbag.py", line 326, in _load_modules_from_file
    loader.exec_module(new_module)
  File "<frozen importlib._bootstrap_external>", line 678, in exec_module
  File "<frozen importlib._bootstrap>", line 219, in _call_with_frames_removed
  File "/opt/airflow/dags/variaveis.py", line 18, in <module>
    taskdummy = DummyOperator(task_id='taskdummy', dag=dag)
NameError: name 'DummyOperator' is not defined
[2024-02-29 09:40:02,435] {processor.py:625} WARNING - No viable dags retrieved from /opt/airflow/dags/variaveis.py
[2024-02-29 09:40:02,474] {processor.py:170} INFO - Processing /opt/airflow/dags/variaveis.py took 0.072 seconds
[2024-02-29 09:40:05,067] {processor.py:162} INFO - Started process (PID=4712) to work on /opt/airflow/dags/variaveis.py
[2024-02-29 09:40:05,068] {processor.py:613} INFO - Processing file /opt/airflow/dags/variaveis.py for tasks to queue
[2024-02-29 09:40:05,068] {logging_mixin.py:109} INFO - [2024-02-29 09:40:05,068] {dagbag.py:496} INFO - Filling up the DagBag from /opt/airflow/dags/variaveis.py
[2024-02-29 09:40:05,086] {processor.py:623} INFO - DAG(s) dict_keys(['variaveis']) retrieved from /opt/airflow/dags/variaveis.py
[2024-02-29 09:40:09,595] {logging_mixin.py:109} INFO - [2024-02-29 09:40:09,594] {dag.py:1834} INFO - Sync 1 DAGs
[2024-02-29 09:40:09,609] {logging_mixin.py:109} INFO - [2024-02-29 09:40:09,608] {dag.py:1853} INFO - Creating ORM DAG for variaveis
[2024-02-29 09:40:09,613] {logging_mixin.py:109} INFO - [2024-02-29 09:40:09,613] {dag.py:2287} INFO - Setting next_dagrun for variaveis to None
[2024-02-29 09:40:09,633] {processor.py:170} INFO - Processing /opt/airflow/dags/variaveis.py took 4.570 seconds
[2024-02-29 09:40:11,959] {processor.py:162} INFO - Started process (PID=4743) to work on /opt/airflow/dags/variaveis.py
[2024-02-29 09:40:11,961] {processor.py:613} INFO - Processing file /opt/airflow/dags/variaveis.py for tasks to queue
[2024-02-29 09:40:11,962] {logging_mixin.py:109} INFO - [2024-02-29 09:40:11,962] {dagbag.py:496} INFO - Filling up the DagBag from /opt/airflow/dags/variaveis.py
[2024-02-29 09:40:11,964] {logging_mixin.py:109} INFO - [2024-02-29 09:40:11,963] {dagbag.py:329} ERROR - Failed to import: /opt/airflow/dags/variaveis.py
Traceback (most recent call last):
  File "/home/airflow/.local/lib/python3.6/site-packages/airflow/models/dagbag.py", line 326, in _load_modules_from_file
    loader.exec_module(new_module)
  File "<frozen importlib._bootstrap_external>", line 674, in exec_module
  File "<frozen importlib._bootstrap_external>", line 781, in get_code
  File "<frozen importlib._bootstrap_external>", line 741, in source_to_code
  File "<frozen importlib._bootstrap>", line 219, in _call_with_frames_removed
  File "/opt/airflow/dags/variaveis.py", line 12
    def print
            ^
SyntaxError: invalid syntax
[2024-02-29 09:40:11,965] {processor.py:625} WARNING - No viable dags retrieved from /opt/airflow/dags/variaveis.py
[2024-02-29 09:40:11,996] {processor.py:170} INFO - Processing /opt/airflow/dags/variaveis.py took 0.041 seconds
[2024-02-29 09:40:16,080] {processor.py:162} INFO - Started process (PID=4746) to work on /opt/airflow/dags/variaveis.py
[2024-02-29 09:40:16,082] {processor.py:613} INFO - Processing file /opt/airflow/dags/variaveis.py for tasks to queue
[2024-02-29 09:40:16,083] {logging_mixin.py:109} INFO - [2024-02-29 09:40:16,083] {dagbag.py:496} INFO - Filling up the DagBag from /opt/airflow/dags/variaveis.py
[2024-02-29 09:40:16,085] {logging_mixin.py:109} INFO - [2024-02-29 09:40:16,084] {dagbag.py:329} ERROR - Failed to import: /opt/airflow/dags/variaveis.py
Traceback (most recent call last):
  File "/home/airflow/.local/lib/python3.6/site-packages/airflow/models/dagbag.py", line 326, in _load_modules_from_file
    loader.exec_module(new_module)
  File "<frozen importlib._bootstrap_external>", line 674, in exec_module
  File "<frozen importlib._bootstrap_external>", line 781, in get_code
  File "<frozen importlib._bootstrap_external>", line 741, in source_to_code
  File "<frozen importlib._bootstrap>", line 219, in _call_with_frames_removed
  File "/opt/airflow/dags/variaveis.py", line 12
    def print_variable
                     ^
SyntaxError: invalid syntax
[2024-02-29 09:40:16,086] {processor.py:625} WARNING - No viable dags retrieved from /opt/airflow/dags/variaveis.py
[2024-02-29 09:40:16,127] {processor.py:170} INFO - Processing /opt/airflow/dags/variaveis.py took 0.052 seconds
[2024-02-29 09:40:20,227] {processor.py:162} INFO - Started process (PID=4762) to work on /opt/airflow/dags/variaveis.py
[2024-02-29 09:40:20,229] {processor.py:613} INFO - Processing file /opt/airflow/dags/variaveis.py for tasks to queue
[2024-02-29 09:40:20,230] {logging_mixin.py:109} INFO - [2024-02-29 09:40:20,229] {dagbag.py:496} INFO - Filling up the DagBag from /opt/airflow/dags/variaveis.py
[2024-02-29 09:40:20,232] {logging_mixin.py:109} INFO - [2024-02-29 09:40:20,231] {dagbag.py:329} ERROR - Failed to import: /opt/airflow/dags/variaveis.py
Traceback (most recent call last):
  File "/home/airflow/.local/lib/python3.6/site-packages/airflow/models/dagbag.py", line 326, in _load_modules_from_file
    loader.exec_module(new_module)
  File "<frozen importlib._bootstrap_external>", line 674, in exec_module
  File "<frozen importlib._bootstrap_external>", line 781, in get_code
  File "<frozen importlib._bootstrap_external>", line 741, in source_to_code
  File "<frozen importlib._bootstrap>", line 219, in _call_with_frames_removed
  File "/opt/airflow/dags/variaveis.py", line 12
    def print_variable(**context)
                                ^
SyntaxError: invalid syntax
[2024-02-29 09:40:20,233] {processor.py:625} WARNING - No viable dags retrieved from /opt/airflow/dags/variaveis.py
[2024-02-29 09:40:20,271] {processor.py:170} INFO - Processing /opt/airflow/dags/variaveis.py took 0.049 seconds
[2024-02-29 09:40:21,300] {processor.py:162} INFO - Started process (PID=4763) to work on /opt/airflow/dags/variaveis.py
[2024-02-29 09:40:21,302] {processor.py:613} INFO - Processing file /opt/airflow/dags/variaveis.py for tasks to queue
[2024-02-29 09:40:21,304] {logging_mixin.py:109} INFO - [2024-02-29 09:40:21,304] {dagbag.py:496} INFO - Filling up the DagBag from /opt/airflow/dags/variaveis.py
[2024-02-29 09:40:21,311] {logging_mixin.py:109} INFO - [2024-02-29 09:40:21,308] {dagbag.py:329} ERROR - Failed to import: /opt/airflow/dags/variaveis.py
Traceback (most recent call last):
  File "/home/airflow/.local/lib/python3.6/site-packages/airflow/models/dagbag.py", line 326, in _load_modules_from_file
    loader.exec_module(new_module)
  File "<frozen importlib._bootstrap_external>", line 674, in exec_module
  File "<frozen importlib._bootstrap_external>", line 781, in get_code
  File "<frozen importlib._bootstrap_external>", line 741, in source_to_code
  File "<frozen importlib._bootstrap>", line 219, in _call_with_frames_removed
  File "/opt/airflow/dags/variaveis.py", line 12
    def print_variable(**context:)
                                 ^
SyntaxError: invalid syntax
[2024-02-29 09:40:21,312] {processor.py:625} WARNING - No viable dags retrieved from /opt/airflow/dags/variaveis.py
[2024-02-29 09:40:21,350] {processor.py:170} INFO - Processing /opt/airflow/dags/variaveis.py took 0.054 seconds
[2024-02-29 09:40:23,209] {processor.py:162} INFO - Started process (PID=4777) to work on /opt/airflow/dags/variaveis.py
[2024-02-29 09:40:23,210] {processor.py:613} INFO - Processing file /opt/airflow/dags/variaveis.py for tasks to queue
[2024-02-29 09:40:23,211] {logging_mixin.py:109} INFO - [2024-02-29 09:40:23,211] {dagbag.py:496} INFO - Filling up the DagBag from /opt/airflow/dags/variaveis.py
[2024-02-29 09:40:23,215] {logging_mixin.py:109} INFO - [2024-02-29 09:40:23,214] {dagbag.py:329} ERROR - Failed to import: /opt/airflow/dags/variaveis.py
Traceback (most recent call last):
  File "/home/airflow/.local/lib/python3.6/site-packages/airflow/models/dagbag.py", line 326, in _load_modules_from_file
    loader.exec_module(new_module)
  File "<frozen importlib._bootstrap_external>", line 674, in exec_module
  File "<frozen importlib._bootstrap_external>", line 781, in get_code
  File "<frozen importlib._bootstrap_external>", line 741, in source_to_code
  File "<frozen importlib._bootstrap>", line 219, in _call_with_frames_removed
  File "/opt/airflow/dags/variaveis.py", line 12
    def print_variable(**context)
                                ^
SyntaxError: invalid syntax
[2024-02-29 09:40:23,215] {processor.py:625} WARNING - No viable dags retrieved from /opt/airflow/dags/variaveis.py
[2024-02-29 09:40:23,244] {processor.py:170} INFO - Processing /opt/airflow/dags/variaveis.py took 0.039 seconds
[2024-02-29 09:40:24,381] {processor.py:162} INFO - Started process (PID=4780) to work on /opt/airflow/dags/variaveis.py
[2024-02-29 09:40:24,383] {processor.py:613} INFO - Processing file /opt/airflow/dags/variaveis.py for tasks to queue
[2024-02-29 09:40:24,384] {logging_mixin.py:109} INFO - [2024-02-29 09:40:24,384] {dagbag.py:496} INFO - Filling up the DagBag from /opt/airflow/dags/variaveis.py
[2024-02-29 09:40:24,389] {logging_mixin.py:109} INFO - [2024-02-29 09:40:24,387] {dagbag.py:329} ERROR - Failed to import: /opt/airflow/dags/variaveis.py
Traceback (most recent call last):
  File "/home/airflow/.local/lib/python3.6/site-packages/airflow/models/dagbag.py", line 326, in _load_modules_from_file
    loader.exec_module(new_module)
  File "<frozen importlib._bootstrap_external>", line 674, in exec_module
  File "<frozen importlib._bootstrap_external>", line 781, in get_code
  File "<frozen importlib._bootstrap_external>", line 741, in source_to_code
  File "<frozen importlib._bootstrap>", line 219, in _call_with_frames_removed
  File "/opt/airflow/dags/variaveis.py", line 15
    task1 = BashOperator(task_id="tsk1",bash_command="sleep 1",dag=dag)
        ^
IndentationError: expected an indented block
[2024-02-29 09:40:24,390] {processor.py:625} WARNING - No viable dags retrieved from /opt/airflow/dags/variaveis.py
[2024-02-29 09:40:24,416] {processor.py:170} INFO - Processing /opt/airflow/dags/variaveis.py took 0.038 seconds
[2024-02-29 09:40:29,525] {processor.py:162} INFO - Started process (PID=4794) to work on /opt/airflow/dags/variaveis.py
[2024-02-29 09:40:29,527] {processor.py:613} INFO - Processing file /opt/airflow/dags/variaveis.py for tasks to queue
[2024-02-29 09:40:29,529] {logging_mixin.py:109} INFO - [2024-02-29 09:40:29,528] {dagbag.py:496} INFO - Filling up the DagBag from /opt/airflow/dags/variaveis.py
[2024-02-29 09:40:29,533] {logging_mixin.py:109} INFO - [2024-02-29 09:40:29,531] {dagbag.py:329} ERROR - Failed to import: /opt/airflow/dags/variaveis.py
Traceback (most recent call last):
  File "/home/airflow/.local/lib/python3.6/site-packages/airflow/models/dagbag.py", line 326, in _load_modules_from_file
    loader.exec_module(new_module)
  File "<frozen importlib._bootstrap_external>", line 674, in exec_module
  File "<frozen importlib._bootstrap_external>", line 781, in get_code
  File "<frozen importlib._bootstrap_external>", line 741, in source_to_code
  File "<frozen importlib._bootstrap>", line 219, in _call_with_frames_removed
  File "/opt/airflow/dags/variaveis.py", line 15
    task1 = BashOperator(task_id="tsk1",bash_command="sleep 1",dag=dag)
        ^
IndentationError: expected an indented block
[2024-02-29 09:40:29,535] {processor.py:625} WARNING - No viable dags retrieved from /opt/airflow/dags/variaveis.py
[2024-02-29 09:40:29,583] {processor.py:170} INFO - Processing /opt/airflow/dags/variaveis.py took 0.073 seconds
[2024-02-29 09:40:32,337] {processor.py:162} INFO - Started process (PID=4804) to work on /opt/airflow/dags/variaveis.py
[2024-02-29 09:40:32,340] {processor.py:613} INFO - Processing file /opt/airflow/dags/variaveis.py for tasks to queue
[2024-02-29 09:40:32,341] {logging_mixin.py:109} INFO - [2024-02-29 09:40:32,341] {dagbag.py:496} INFO - Filling up the DagBag from /opt/airflow/dags/variaveis.py
[2024-02-29 09:40:32,372] {processor.py:623} INFO - DAG(s) dict_keys(['variaveis']) retrieved from /opt/airflow/dags/variaveis.py
[2024-02-29 09:40:32,394] {logging_mixin.py:109} INFO - [2024-02-29 09:40:32,394] {dag.py:1834} INFO - Sync 1 DAGs
[2024-02-29 09:40:32,419] {logging_mixin.py:109} INFO - [2024-02-29 09:40:32,418] {dag.py:2287} INFO - Setting next_dagrun for variaveis to None
[2024-02-29 09:40:32,437] {processor.py:170} INFO - Processing /opt/airflow/dags/variaveis.py took 0.103 seconds
[2024-02-29 09:40:33,831] {processor.py:162} INFO - Started process (PID=4811) to work on /opt/airflow/dags/variaveis.py
[2024-02-29 09:40:33,834] {processor.py:613} INFO - Processing file /opt/airflow/dags/variaveis.py for tasks to queue
[2024-02-29 09:40:33,835] {logging_mixin.py:109} INFO - [2024-02-29 09:40:33,835] {dagbag.py:496} INFO - Filling up the DagBag from /opt/airflow/dags/variaveis.py
[2024-02-29 09:40:33,879] {processor.py:623} INFO - DAG(s) dict_keys(['variaveis']) retrieved from /opt/airflow/dags/variaveis.py
[2024-02-29 09:40:33,919] {logging_mixin.py:109} INFO - [2024-02-29 09:40:33,919] {dag.py:1834} INFO - Sync 1 DAGs
[2024-02-29 09:40:33,947] {logging_mixin.py:109} INFO - [2024-02-29 09:40:33,947] {dag.py:2287} INFO - Setting next_dagrun for variaveis to None
[2024-02-29 09:40:33,965] {processor.py:170} INFO - Processing /opt/airflow/dags/variaveis.py took 0.147 seconds
[2024-02-29 09:40:39,332] {processor.py:162} INFO - Started process (PID=4827) to work on /opt/airflow/dags/variaveis.py
[2024-02-29 09:40:39,333] {processor.py:613} INFO - Processing file /opt/airflow/dags/variaveis.py for tasks to queue
[2024-02-29 09:40:39,334] {logging_mixin.py:109} INFO - [2024-02-29 09:40:39,334] {dagbag.py:496} INFO - Filling up the DagBag from /opt/airflow/dags/variaveis.py
[2024-02-29 09:40:39,360] {processor.py:623} INFO - DAG(s) dict_keys(['variaveis']) retrieved from /opt/airflow/dags/variaveis.py
[2024-02-29 09:40:39,399] {logging_mixin.py:109} INFO - [2024-02-29 09:40:39,398] {dag.py:1834} INFO - Sync 1 DAGs
[2024-02-29 09:40:39,427] {logging_mixin.py:109} INFO - [2024-02-29 09:40:39,426] {dag.py:2287} INFO - Setting next_dagrun for variaveis to None
[2024-02-29 09:40:39,445] {processor.py:170} INFO - Processing /opt/airflow/dags/variaveis.py took 0.117 seconds
[2024-02-29 09:40:40,443] {processor.py:162} INFO - Started process (PID=4828) to work on /opt/airflow/dags/variaveis.py
[2024-02-29 09:40:40,445] {processor.py:613} INFO - Processing file /opt/airflow/dags/variaveis.py for tasks to queue
[2024-02-29 09:40:40,446] {logging_mixin.py:109} INFO - [2024-02-29 09:40:40,446] {dagbag.py:496} INFO - Filling up the DagBag from /opt/airflow/dags/variaveis.py
[2024-02-29 09:40:40,471] {processor.py:623} INFO - DAG(s) dict_keys(['variaveis']) retrieved from /opt/airflow/dags/variaveis.py
[2024-02-29 09:40:40,521] {logging_mixin.py:109} INFO - [2024-02-29 09:40:40,521] {dag.py:1834} INFO - Sync 1 DAGs
[2024-02-29 09:40:40,561] {logging_mixin.py:109} INFO - [2024-02-29 09:40:40,561] {dag.py:2287} INFO - Setting next_dagrun for variaveis to None
[2024-02-29 09:40:40,584] {processor.py:170} INFO - Processing /opt/airflow/dags/variaveis.py took 0.150 seconds
[2024-02-29 09:40:41,632] {processor.py:162} INFO - Started process (PID=4831) to work on /opt/airflow/dags/variaveis.py
[2024-02-29 09:40:41,633] {processor.py:613} INFO - Processing file /opt/airflow/dags/variaveis.py for tasks to queue
[2024-02-29 09:40:41,635] {logging_mixin.py:109} INFO - [2024-02-29 09:40:41,634] {dagbag.py:496} INFO - Filling up the DagBag from /opt/airflow/dags/variaveis.py
[2024-02-29 09:40:41,640] {logging_mixin.py:109} INFO - [2024-02-29 09:40:41,637] {dagbag.py:329} ERROR - Failed to import: /opt/airflow/dags/variaveis.py
Traceback (most recent call last):
  File "/home/airflow/.local/lib/python3.6/site-packages/airflow/models/dagbag.py", line 326, in _load_modules_from_file
    loader.exec_module(new_module)
  File "<frozen importlib._bootstrap_external>", line 674, in exec_module
  File "<frozen importlib._bootstrap_external>", line 781, in get_code
  File "<frozen importlib._bootstrap_external>", line 741, in source_to_code
  File "<frozen importlib._bootstrap>", line 219, in _call_with_frames_removed
  File "/opt/airflow/dags/variaveis.py", line 14
    print)
        ^
SyntaxError: invalid syntax
[2024-02-29 09:40:41,641] {processor.py:625} WARNING - No viable dags retrieved from /opt/airflow/dags/variaveis.py
[2024-02-29 09:40:41,673] {processor.py:170} INFO - Processing /opt/airflow/dags/variaveis.py took 0.046 seconds
[2024-02-29 09:40:46,453] {processor.py:162} INFO - Started process (PID=4845) to work on /opt/airflow/dags/variaveis.py
[2024-02-29 09:40:46,455] {processor.py:613} INFO - Processing file /opt/airflow/dags/variaveis.py for tasks to queue
[2024-02-29 09:40:46,456] {logging_mixin.py:109} INFO - [2024-02-29 09:40:46,456] {dagbag.py:496} INFO - Filling up the DagBag from /opt/airflow/dags/variaveis.py
[2024-02-29 09:40:46,478] {processor.py:623} INFO - DAG(s) dict_keys(['variaveis']) retrieved from /opt/airflow/dags/variaveis.py
[2024-02-29 09:40:46,513] {logging_mixin.py:109} INFO - [2024-02-29 09:40:46,513] {dag.py:1834} INFO - Sync 1 DAGs
[2024-02-29 09:40:46,537] {logging_mixin.py:109} INFO - [2024-02-29 09:40:46,536] {dag.py:2287} INFO - Setting next_dagrun for variaveis to None
[2024-02-29 09:40:46,558] {processor.py:170} INFO - Processing /opt/airflow/dags/variaveis.py took 0.109 seconds
[2024-02-29 09:40:47,600] {processor.py:162} INFO - Started process (PID=4848) to work on /opt/airflow/dags/variaveis.py
[2024-02-29 09:40:47,604] {processor.py:613} INFO - Processing file /opt/airflow/dags/variaveis.py for tasks to queue
[2024-02-29 09:40:47,605] {logging_mixin.py:109} INFO - [2024-02-29 09:40:47,605] {dagbag.py:496} INFO - Filling up the DagBag from /opt/airflow/dags/variaveis.py
[2024-02-29 09:40:47,608] {logging_mixin.py:109} INFO - [2024-02-29 09:40:47,607] {dagbag.py:329} ERROR - Failed to import: /opt/airflow/dags/variaveis.py
Traceback (most recent call last):
  File "/home/airflow/.local/lib/python3.6/site-packages/airflow/models/dagbag.py", line 326, in _load_modules_from_file
    loader.exec_module(new_module)
  File "<frozen importlib._bootstrap_external>", line 674, in exec_module
  File "<frozen importlib._bootstrap_external>", line 781, in get_code
  File "<frozen importlib._bootstrap_external>", line 741, in source_to_code
  File "<frozen importlib._bootstrap>", line 219, in _call_with_frames_removed
  File "/opt/airflow/dags/variaveis.py", line 16
    task1 = BashOperator(task_id="tsk1",bash_command="sleep 1",dag=dag)
          ^
SyntaxError: invalid syntax
[2024-02-29 09:40:47,608] {processor.py:625} WARNING - No viable dags retrieved from /opt/airflow/dags/variaveis.py
[2024-02-29 09:40:47,646] {processor.py:170} INFO - Processing /opt/airflow/dags/variaveis.py took 0.053 seconds
[2024-02-29 09:40:49,611] {processor.py:162} INFO - Started process (PID=4862) to work on /opt/airflow/dags/variaveis.py
[2024-02-29 09:40:49,613] {processor.py:613} INFO - Processing file /opt/airflow/dags/variaveis.py for tasks to queue
[2024-02-29 09:40:49,616] {logging_mixin.py:109} INFO - [2024-02-29 09:40:49,615] {dagbag.py:496} INFO - Filling up the DagBag from /opt/airflow/dags/variaveis.py
[2024-02-29 09:40:49,638] {processor.py:623} INFO - DAG(s) dict_keys(['variaveis']) retrieved from /opt/airflow/dags/variaveis.py
[2024-02-29 09:40:49,689] {logging_mixin.py:109} INFO - [2024-02-29 09:40:49,689] {dag.py:1834} INFO - Sync 1 DAGs
[2024-02-29 09:40:49,718] {logging_mixin.py:109} INFO - [2024-02-29 09:40:49,718] {dag.py:2287} INFO - Setting next_dagrun for variaveis to None
[2024-02-29 09:40:49,742] {processor.py:170} INFO - Processing /opt/airflow/dags/variaveis.py took 0.133 seconds
[2024-02-29 09:40:50,749] {processor.py:162} INFO - Started process (PID=4863) to work on /opt/airflow/dags/variaveis.py
[2024-02-29 09:40:50,752] {processor.py:613} INFO - Processing file /opt/airflow/dags/variaveis.py for tasks to queue
[2024-02-29 09:40:50,754] {logging_mixin.py:109} INFO - [2024-02-29 09:40:50,753] {dagbag.py:496} INFO - Filling up the DagBag from /opt/airflow/dags/variaveis.py
[2024-02-29 09:40:50,775] {processor.py:623} INFO - DAG(s) dict_keys(['variaveis']) retrieved from /opt/airflow/dags/variaveis.py
[2024-02-29 09:40:50,811] {logging_mixin.py:109} INFO - [2024-02-29 09:40:50,811] {dag.py:1834} INFO - Sync 1 DAGs
[2024-02-29 09:40:50,836] {logging_mixin.py:109} INFO - [2024-02-29 09:40:50,836] {dag.py:2287} INFO - Setting next_dagrun for variaveis to None
[2024-02-29 09:40:50,854] {processor.py:170} INFO - Processing /opt/airflow/dags/variaveis.py took 0.115 seconds
[2024-02-29 09:40:52,927] {processor.py:162} INFO - Started process (PID=4866) to work on /opt/airflow/dags/variaveis.py
[2024-02-29 09:40:52,929] {processor.py:613} INFO - Processing file /opt/airflow/dags/variaveis.py for tasks to queue
[2024-02-29 09:40:52,930] {logging_mixin.py:109} INFO - [2024-02-29 09:40:52,929] {dagbag.py:496} INFO - Filling up the DagBag from /opt/airflow/dags/variaveis.py
[2024-02-29 09:40:52,951] {processor.py:623} INFO - DAG(s) dict_keys(['variaveis']) retrieved from /opt/airflow/dags/variaveis.py
[2024-02-29 09:40:52,985] {logging_mixin.py:109} INFO - [2024-02-29 09:40:52,985] {dag.py:1834} INFO - Sync 1 DAGs
[2024-02-29 09:40:53,006] {logging_mixin.py:109} INFO - [2024-02-29 09:40:53,006] {dag.py:2287} INFO - Setting next_dagrun for variaveis to None
[2024-02-29 09:40:53,026] {processor.py:170} INFO - Processing /opt/airflow/dags/variaveis.py took 0.103 seconds
[2024-02-29 09:40:58,061] {processor.py:162} INFO - Started process (PID=4882) to work on /opt/airflow/dags/variaveis.py
[2024-02-29 09:40:58,063] {processor.py:613} INFO - Processing file /opt/airflow/dags/variaveis.py for tasks to queue
[2024-02-29 09:40:58,064] {logging_mixin.py:109} INFO - [2024-02-29 09:40:58,064] {dagbag.py:496} INFO - Filling up the DagBag from /opt/airflow/dags/variaveis.py
[2024-02-29 09:40:58,084] {processor.py:623} INFO - DAG(s) dict_keys(['variaveis']) retrieved from /opt/airflow/dags/variaveis.py
[2024-02-29 09:40:58,134] {logging_mixin.py:109} INFO - [2024-02-29 09:40:58,133] {dag.py:1834} INFO - Sync 1 DAGs
[2024-02-29 09:40:58,175] {logging_mixin.py:109} INFO - [2024-02-29 09:40:58,175] {dag.py:2287} INFO - Setting next_dagrun for variaveis to None
[2024-02-29 09:40:58,203] {processor.py:170} INFO - Processing /opt/airflow/dags/variaveis.py took 0.146 seconds
[2024-02-29 09:40:59,481] {processor.py:162} INFO - Started process (PID=4887) to work on /opt/airflow/dags/variaveis.py
[2024-02-29 09:40:59,482] {processor.py:613} INFO - Processing file /opt/airflow/dags/variaveis.py for tasks to queue
[2024-02-29 09:40:59,483] {logging_mixin.py:109} INFO - [2024-02-29 09:40:59,482] {dagbag.py:496} INFO - Filling up the DagBag from /opt/airflow/dags/variaveis.py
[2024-02-29 09:40:59,508] {processor.py:623} INFO - DAG(s) dict_keys(['variaveis']) retrieved from /opt/airflow/dags/variaveis.py
[2024-02-29 09:40:59,539] {logging_mixin.py:109} INFO - [2024-02-29 09:40:59,539] {dag.py:1834} INFO - Sync 1 DAGs
[2024-02-29 09:40:59,560] {logging_mixin.py:109} INFO - [2024-02-29 09:40:59,560] {dag.py:2287} INFO - Setting next_dagrun for variaveis to None
[2024-02-29 09:40:59,582] {processor.py:170} INFO - Processing /opt/airflow/dags/variaveis.py took 0.104 seconds
[2024-02-29 09:41:01,279] {processor.py:162} INFO - Started process (PID=4897) to work on /opt/airflow/dags/variaveis.py
[2024-02-29 09:41:01,281] {processor.py:613} INFO - Processing file /opt/airflow/dags/variaveis.py for tasks to queue
[2024-02-29 09:41:01,282] {logging_mixin.py:109} INFO - [2024-02-29 09:41:01,281] {dagbag.py:496} INFO - Filling up the DagBag from /opt/airflow/dags/variaveis.py
[2024-02-29 09:41:01,302] {processor.py:623} INFO - DAG(s) dict_keys(['variaveis']) retrieved from /opt/airflow/dags/variaveis.py
[2024-02-29 09:41:01,332] {logging_mixin.py:109} INFO - [2024-02-29 09:41:01,332] {dag.py:1834} INFO - Sync 1 DAGs
[2024-02-29 09:41:01,350] {logging_mixin.py:109} INFO - [2024-02-29 09:41:01,350] {dag.py:2287} INFO - Setting next_dagrun for variaveis to None
[2024-02-29 09:41:01,371] {processor.py:170} INFO - Processing /opt/airflow/dags/variaveis.py took 0.095 seconds
[2024-02-29 09:41:03,458] {processor.py:162} INFO - Started process (PID=4900) to work on /opt/airflow/dags/variaveis.py
[2024-02-29 09:41:03,460] {processor.py:613} INFO - Processing file /opt/airflow/dags/variaveis.py for tasks to queue
[2024-02-29 09:41:03,461] {logging_mixin.py:109} INFO - [2024-02-29 09:41:03,461] {dagbag.py:496} INFO - Filling up the DagBag from /opt/airflow/dags/variaveis.py
[2024-02-29 09:41:03,465] {logging_mixin.py:109} INFO - [2024-02-29 09:41:03,463] {dagbag.py:329} ERROR - Failed to import: /opt/airflow/dags/variaveis.py
Traceback (most recent call last):
  File "/home/airflow/.local/lib/python3.6/site-packages/airflow/models/dagbag.py", line 326, in _load_modules_from_file
    loader.exec_module(new_module)
  File "<frozen importlib._bootstrap_external>", line 674, in exec_module
  File "<frozen importlib._bootstrap_external>", line 781, in get_code
  File "<frozen importlib._bootstrap_external>", line 741, in source_to_code
  File "<frozen importlib._bootstrap>", line 219, in _call_with_frames_removed
  File "/opt/airflow/dags/variaveis.py", line 14
    print(f'O valore da variável é: {}')
         ^
SyntaxError: f-string: empty expression not allowed
[2024-02-29 09:41:03,466] {processor.py:625} WARNING - No viable dags retrieved from /opt/airflow/dags/variaveis.py
[2024-02-29 09:41:03,504] {processor.py:170} INFO - Processing /opt/airflow/dags/variaveis.py took 0.048 seconds
[2024-02-29 09:41:04,742] {processor.py:162} INFO - Started process (PID=4905) to work on /opt/airflow/dags/variaveis.py
[2024-02-29 09:41:04,743] {processor.py:613} INFO - Processing file /opt/airflow/dags/variaveis.py for tasks to queue
[2024-02-29 09:41:04,744] {logging_mixin.py:109} INFO - [2024-02-29 09:41:04,744] {dagbag.py:496} INFO - Filling up the DagBag from /opt/airflow/dags/variaveis.py
[2024-02-29 09:41:04,768] {processor.py:623} INFO - DAG(s) dict_keys(['variaveis']) retrieved from /opt/airflow/dags/variaveis.py
[2024-02-29 09:41:04,805] {logging_mixin.py:109} INFO - [2024-02-29 09:41:04,805] {dag.py:1834} INFO - Sync 1 DAGs
[2024-02-29 09:41:04,829] {logging_mixin.py:109} INFO - [2024-02-29 09:41:04,829] {dag.py:2287} INFO - Setting next_dagrun for variaveis to None
[2024-02-29 09:41:04,849] {processor.py:170} INFO - Processing /opt/airflow/dags/variaveis.py took 0.110 seconds
[2024-02-29 09:41:06,513] {processor.py:162} INFO - Started process (PID=4915) to work on /opt/airflow/dags/variaveis.py
[2024-02-29 09:41:06,516] {processor.py:613} INFO - Processing file /opt/airflow/dags/variaveis.py for tasks to queue
[2024-02-29 09:41:06,517] {logging_mixin.py:109} INFO - [2024-02-29 09:41:06,516] {dagbag.py:496} INFO - Filling up the DagBag from /opt/airflow/dags/variaveis.py
[2024-02-29 09:41:06,543] {processor.py:623} INFO - DAG(s) dict_keys(['variaveis']) retrieved from /opt/airflow/dags/variaveis.py
[2024-02-29 09:41:06,574] {logging_mixin.py:109} INFO - [2024-02-29 09:41:06,574] {dag.py:1834} INFO - Sync 1 DAGs
[2024-02-29 09:41:06,593] {logging_mixin.py:109} INFO - [2024-02-29 09:41:06,593] {dag.py:2287} INFO - Setting next_dagrun for variaveis to None
[2024-02-29 09:41:06,610] {processor.py:170} INFO - Processing /opt/airflow/dags/variaveis.py took 0.102 seconds
[2024-02-29 09:41:11,721] {processor.py:162} INFO - Started process (PID=4931) to work on /opt/airflow/dags/variaveis.py
[2024-02-29 09:41:11,722] {processor.py:613} INFO - Processing file /opt/airflow/dags/variaveis.py for tasks to queue
[2024-02-29 09:41:11,723] {logging_mixin.py:109} INFO - [2024-02-29 09:41:11,722] {dagbag.py:496} INFO - Filling up the DagBag from /opt/airflow/dags/variaveis.py
[2024-02-29 09:41:11,739] {processor.py:623} INFO - DAG(s) dict_keys(['variaveis']) retrieved from /opt/airflow/dags/variaveis.py
[2024-02-29 09:41:11,780] {logging_mixin.py:109} INFO - [2024-02-29 09:41:11,780] {dag.py:1834} INFO - Sync 1 DAGs
[2024-02-29 09:41:11,798] {logging_mixin.py:109} INFO - [2024-02-29 09:41:11,797] {dag.py:2287} INFO - Setting next_dagrun for variaveis to None
[2024-02-29 09:41:11,812] {processor.py:170} INFO - Processing /opt/airflow/dags/variaveis.py took 0.094 seconds
[2024-02-29 09:41:16,904] {processor.py:162} INFO - Started process (PID=4947) to work on /opt/airflow/dags/variaveis.py
[2024-02-29 09:41:16,905] {processor.py:613} INFO - Processing file /opt/airflow/dags/variaveis.py for tasks to queue
[2024-02-29 09:41:16,906] {logging_mixin.py:109} INFO - [2024-02-29 09:41:16,906] {dagbag.py:496} INFO - Filling up the DagBag from /opt/airflow/dags/variaveis.py
[2024-02-29 09:41:16,924] {processor.py:623} INFO - DAG(s) dict_keys(['variaveis']) retrieved from /opt/airflow/dags/variaveis.py
[2024-02-29 09:41:16,955] {logging_mixin.py:109} INFO - [2024-02-29 09:41:16,955] {dag.py:1834} INFO - Sync 1 DAGs
[2024-02-29 09:41:16,971] {logging_mixin.py:109} INFO - [2024-02-29 09:41:16,971] {dag.py:2287} INFO - Setting next_dagrun for variaveis to None
[2024-02-29 09:41:16,984] {processor.py:170} INFO - Processing /opt/airflow/dags/variaveis.py took 0.083 seconds
[2024-02-29 09:41:22,166] {processor.py:162} INFO - Started process (PID=4963) to work on /opt/airflow/dags/variaveis.py
[2024-02-29 09:41:22,168] {processor.py:613} INFO - Processing file /opt/airflow/dags/variaveis.py for tasks to queue
[2024-02-29 09:41:22,169] {logging_mixin.py:109} INFO - [2024-02-29 09:41:22,169] {dagbag.py:496} INFO - Filling up the DagBag from /opt/airflow/dags/variaveis.py
[2024-02-29 09:41:22,184] {processor.py:623} INFO - DAG(s) dict_keys(['variaveis']) retrieved from /opt/airflow/dags/variaveis.py
[2024-02-29 09:41:22,219] {logging_mixin.py:109} INFO - [2024-02-29 09:41:22,218] {dag.py:1834} INFO - Sync 1 DAGs
[2024-02-29 09:41:22,238] {logging_mixin.py:109} INFO - [2024-02-29 09:41:22,238] {dag.py:2287} INFO - Setting next_dagrun for variaveis to None
[2024-02-29 09:41:22,254] {processor.py:170} INFO - Processing /opt/airflow/dags/variaveis.py took 0.093 seconds
[2024-02-29 09:41:23,259] {processor.py:162} INFO - Started process (PID=4964) to work on /opt/airflow/dags/variaveis.py
[2024-02-29 09:41:23,261] {processor.py:613} INFO - Processing file /opt/airflow/dags/variaveis.py for tasks to queue
[2024-02-29 09:41:23,262] {logging_mixin.py:109} INFO - [2024-02-29 09:41:23,262] {dagbag.py:496} INFO - Filling up the DagBag from /opt/airflow/dags/variaveis.py
[2024-02-29 09:41:23,275] {logging_mixin.py:109} INFO - [2024-02-29 09:41:23,274] {dagbag.py:329} ERROR - Failed to import: /opt/airflow/dags/variaveis.py
Traceback (most recent call last):
  File "/home/airflow/.local/lib/python3.6/site-packages/airflow/models/dagbag.py", line 326, in _load_modules_from_file
    loader.exec_module(new_module)
  File "<frozen importlib._bootstrap_external>", line 678, in exec_module
  File "<frozen importlib._bootstrap>", line 219, in _call_with_frames_removed
  File "/opt/airflow/dags/variaveis.py", line 16, in <module>
    task1 = P(task_id="tsk1",bash_command="sleep 1",dag=dag)
NameError: name 'P' is not defined
[2024-02-29 09:41:23,276] {processor.py:625} WARNING - No viable dags retrieved from /opt/airflow/dags/variaveis.py
[2024-02-29 09:41:23,304] {processor.py:170} INFO - Processing /opt/airflow/dags/variaveis.py took 0.048 seconds
[2024-02-29 09:41:29,114] {processor.py:162} INFO - Started process (PID=4980) to work on /opt/airflow/dags/variaveis.py
[2024-02-29 09:41:29,115] {processor.py:613} INFO - Processing file /opt/airflow/dags/variaveis.py for tasks to queue
[2024-02-29 09:41:29,116] {logging_mixin.py:109} INFO - [2024-02-29 09:41:29,116] {dagbag.py:496} INFO - Filling up the DagBag from /opt/airflow/dags/variaveis.py
[2024-02-29 09:41:29,126] {logging_mixin.py:109} INFO - [2024-02-29 09:41:29,125] {dagbag.py:329} ERROR - Failed to import: /opt/airflow/dags/variaveis.py
Traceback (most recent call last):
  File "/home/airflow/.local/lib/python3.6/site-packages/airflow/models/dagbag.py", line 326, in _load_modules_from_file
    loader.exec_module(new_module)
  File "<frozen importlib._bootstrap_external>", line 678, in exec_module
  File "<frozen importlib._bootstrap>", line 219, in _call_with_frames_removed
  File "/opt/airflow/dags/variaveis.py", line 16, in <module>
    task1 = P(task_id="tsk1",bash_command="sleep 1",dag=dag)
NameError: name 'P' is not defined
[2024-02-29 09:41:29,127] {processor.py:625} WARNING - No viable dags retrieved from /opt/airflow/dags/variaveis.py
[2024-02-29 09:41:29,152] {processor.py:170} INFO - Processing /opt/airflow/dags/variaveis.py took 0.042 seconds
[2024-02-29 09:41:34,907] {processor.py:162} INFO - Started process (PID=4996) to work on /opt/airflow/dags/variaveis.py
[2024-02-29 09:41:34,911] {processor.py:613} INFO - Processing file /opt/airflow/dags/variaveis.py for tasks to queue
[2024-02-29 09:41:34,912] {logging_mixin.py:109} INFO - [2024-02-29 09:41:34,911] {dagbag.py:496} INFO - Filling up the DagBag from /opt/airflow/dags/variaveis.py
[2024-02-29 09:41:34,921] {logging_mixin.py:109} INFO - [2024-02-29 09:41:34,920] {dagbag.py:329} ERROR - Failed to import: /opt/airflow/dags/variaveis.py
Traceback (most recent call last):
  File "/home/airflow/.local/lib/python3.6/site-packages/airflow/models/dagbag.py", line 326, in _load_modules_from_file
    loader.exec_module(new_module)
  File "<frozen importlib._bootstrap_external>", line 678, in exec_module
  File "<frozen importlib._bootstrap>", line 219, in _call_with_frames_removed
  File "/opt/airflow/dags/variaveis.py", line 16, in <module>
    task1 = P(task_id="tsk1",bash_command="sleep 1",dag=dag)
NameError: name 'P' is not defined
[2024-02-29 09:41:34,921] {processor.py:625} WARNING - No viable dags retrieved from /opt/airflow/dags/variaveis.py
[2024-02-29 09:41:34,949] {processor.py:170} INFO - Processing /opt/airflow/dags/variaveis.py took 0.045 seconds
[2024-02-29 09:41:37,302] {processor.py:162} INFO - Started process (PID=5003) to work on /opt/airflow/dags/variaveis.py
[2024-02-29 09:41:37,303] {processor.py:613} INFO - Processing file /opt/airflow/dags/variaveis.py for tasks to queue
[2024-02-29 09:41:37,304] {logging_mixin.py:109} INFO - [2024-02-29 09:41:37,304] {dagbag.py:496} INFO - Filling up the DagBag from /opt/airflow/dags/variaveis.py
[2024-02-29 09:41:37,317] {logging_mixin.py:109} INFO - [2024-02-29 09:41:37,314] {dagbag.py:329} ERROR - Failed to import: /opt/airflow/dags/variaveis.py
Traceback (most recent call last):
  File "/home/airflow/.local/lib/python3.6/site-packages/airflow/models/dagbag.py", line 326, in _load_modules_from_file
    loader.exec_module(new_module)
  File "<frozen importlib._bootstrap_external>", line 678, in exec_module
  File "<frozen importlib._bootstrap>", line 219, in _call_with_frames_removed
  File "/opt/airflow/dags/variaveis.py", line 16, in <module>
    task1 = PythonOperator(task_id="tsk1",bash_command="sleep 1",dag=dag)
  File "/home/airflow/.local/lib/python3.6/site-packages/airflow/models/baseoperator.py", line 167, in apply_defaults
    raise AirflowException(msg)
airflow.exceptions.AirflowException: Argument ['python_callable'] is required
[2024-02-29 09:41:37,317] {processor.py:625} WARNING - No viable dags retrieved from /opt/airflow/dags/variaveis.py
[2024-02-29 09:41:37,339] {processor.py:170} INFO - Processing /opt/airflow/dags/variaveis.py took 0.042 seconds
[2024-02-29 09:41:42,986] {processor.py:162} INFO - Started process (PID=5015) to work on /opt/airflow/dags/variaveis.py
[2024-02-29 09:41:42,987] {processor.py:613} INFO - Processing file /opt/airflow/dags/variaveis.py for tasks to queue
[2024-02-29 09:41:42,988] {logging_mixin.py:109} INFO - [2024-02-29 09:41:42,988] {dagbag.py:496} INFO - Filling up the DagBag from /opt/airflow/dags/variaveis.py
[2024-02-29 09:41:43,003] {logging_mixin.py:109} INFO - [2024-02-29 09:41:43,001] {dagbag.py:329} ERROR - Failed to import: /opt/airflow/dags/variaveis.py
Traceback (most recent call last):
  File "/home/airflow/.local/lib/python3.6/site-packages/airflow/models/dagbag.py", line 326, in _load_modules_from_file
    loader.exec_module(new_module)
  File "<frozen importlib._bootstrap_external>", line 678, in exec_module
  File "<frozen importlib._bootstrap>", line 219, in _call_with_frames_removed
  File "/opt/airflow/dags/variaveis.py", line 16, in <module>
    task1 = PythonOperator(task_id="tsk1",bash_command="sleep 1",dag=dag)
  File "/home/airflow/.local/lib/python3.6/site-packages/airflow/models/baseoperator.py", line 167, in apply_defaults
    raise AirflowException(msg)
airflow.exceptions.AirflowException: Argument ['python_callable'] is required
[2024-02-29 09:41:43,004] {processor.py:625} WARNING - No viable dags retrieved from /opt/airflow/dags/variaveis.py
[2024-02-29 09:41:43,038] {processor.py:170} INFO - Processing /opt/airflow/dags/variaveis.py took 0.056 seconds
[2024-02-29 09:41:48,923] {processor.py:162} INFO - Started process (PID=5031) to work on /opt/airflow/dags/variaveis.py
[2024-02-29 09:41:48,925] {processor.py:613} INFO - Processing file /opt/airflow/dags/variaveis.py for tasks to queue
[2024-02-29 09:41:48,927] {logging_mixin.py:109} INFO - [2024-02-29 09:41:48,927] {dagbag.py:496} INFO - Filling up the DagBag from /opt/airflow/dags/variaveis.py
[2024-02-29 09:41:48,944] {logging_mixin.py:109} INFO - [2024-02-29 09:41:48,943] {dagbag.py:329} ERROR - Failed to import: /opt/airflow/dags/variaveis.py
Traceback (most recent call last):
  File "/home/airflow/.local/lib/python3.6/site-packages/airflow/models/dagbag.py", line 326, in _load_modules_from_file
    loader.exec_module(new_module)
  File "<frozen importlib._bootstrap_external>", line 678, in exec_module
  File "<frozen importlib._bootstrap>", line 219, in _call_with_frames_removed
  File "/opt/airflow/dags/variaveis.py", line 16, in <module>
    task1 = PythonOperator(task_id="tsk1",bash_command="sleep 1",dag=dag)
  File "/home/airflow/.local/lib/python3.6/site-packages/airflow/models/baseoperator.py", line 167, in apply_defaults
    raise AirflowException(msg)
airflow.exceptions.AirflowException: Argument ['python_callable'] is required
[2024-02-29 09:41:48,945] {processor.py:625} WARNING - No viable dags retrieved from /opt/airflow/dags/variaveis.py
[2024-02-29 09:41:48,970] {processor.py:170} INFO - Processing /opt/airflow/dags/variaveis.py took 0.052 seconds
[2024-02-29 09:41:50,146] {processor.py:162} INFO - Started process (PID=5036) to work on /opt/airflow/dags/variaveis.py
[2024-02-29 09:41:50,147] {processor.py:613} INFO - Processing file /opt/airflow/dags/variaveis.py for tasks to queue
[2024-02-29 09:41:50,148] {logging_mixin.py:109} INFO - [2024-02-29 09:41:50,148] {dagbag.py:496} INFO - Filling up the DagBag from /opt/airflow/dags/variaveis.py
[2024-02-29 09:41:50,161] {logging_mixin.py:109} INFO - [2024-02-29 09:41:50,160] {dagbag.py:329} ERROR - Failed to import: /opt/airflow/dags/variaveis.py
Traceback (most recent call last):
  File "/home/airflow/.local/lib/python3.6/site-packages/airflow/models/dagbag.py", line 326, in _load_modules_from_file
    loader.exec_module(new_module)
  File "<frozen importlib._bootstrap_external>", line 678, in exec_module
  File "<frozen importlib._bootstrap>", line 219, in _call_with_frames_removed
  File "/opt/airflow/dags/variaveis.py", line 16, in <module>
    task1 = PythonOperator(task_id="tsk1",bash_command="sleep 1",dag=dag)
  File "/home/airflow/.local/lib/python3.6/site-packages/airflow/models/baseoperator.py", line 167, in apply_defaults
    raise AirflowException(msg)
airflow.exceptions.AirflowException: Argument ['python_callable'] is required
[2024-02-29 09:41:50,162] {processor.py:625} WARNING - No viable dags retrieved from /opt/airflow/dags/variaveis.py
[2024-02-29 09:41:50,189] {processor.py:170} INFO - Processing /opt/airflow/dags/variaveis.py took 0.045 seconds
[2024-02-29 09:41:56,017] {processor.py:162} INFO - Started process (PID=5052) to work on /opt/airflow/dags/variaveis.py
[2024-02-29 09:41:56,018] {processor.py:613} INFO - Processing file /opt/airflow/dags/variaveis.py for tasks to queue
[2024-02-29 09:41:56,019] {logging_mixin.py:109} INFO - [2024-02-29 09:41:56,019] {dagbag.py:496} INFO - Filling up the DagBag from /opt/airflow/dags/variaveis.py
[2024-02-29 09:41:56,033] {logging_mixin.py:109} INFO - [2024-02-29 09:41:56,032] {dagbag.py:329} ERROR - Failed to import: /opt/airflow/dags/variaveis.py
Traceback (most recent call last):
  File "/home/airflow/.local/lib/python3.6/site-packages/airflow/models/dagbag.py", line 326, in _load_modules_from_file
    loader.exec_module(new_module)
  File "<frozen importlib._bootstrap_external>", line 678, in exec_module
  File "<frozen importlib._bootstrap>", line 219, in _call_with_frames_removed
  File "/opt/airflow/dags/variaveis.py", line 16, in <module>
    task1 = PythonOperator(task_id="tsk1",bash_command="sleep 1",dag=dag)
  File "/home/airflow/.local/lib/python3.6/site-packages/airflow/models/baseoperator.py", line 167, in apply_defaults
    raise AirflowException(msg)
airflow.exceptions.AirflowException: Argument ['python_callable'] is required
[2024-02-29 09:41:56,033] {processor.py:625} WARNING - No viable dags retrieved from /opt/airflow/dags/variaveis.py
[2024-02-29 09:41:56,058] {processor.py:170} INFO - Processing /opt/airflow/dags/variaveis.py took 0.045 seconds
[2024-02-29 09:41:58,523] {processor.py:162} INFO - Started process (PID=5062) to work on /opt/airflow/dags/variaveis.py
[2024-02-29 09:41:58,525] {processor.py:613} INFO - Processing file /opt/airflow/dags/variaveis.py for tasks to queue
[2024-02-29 09:41:58,526] {logging_mixin.py:109} INFO - [2024-02-29 09:41:58,526] {dagbag.py:496} INFO - Filling up the DagBag from /opt/airflow/dags/variaveis.py
[2024-02-29 09:41:58,540] {logging_mixin.py:109} INFO - [2024-02-29 09:41:58,539] {dagbag.py:329} ERROR - Failed to import: /opt/airflow/dags/variaveis.py
Traceback (most recent call last):
  File "/home/airflow/.local/lib/python3.6/site-packages/airflow/models/dagbag.py", line 326, in _load_modules_from_file
    loader.exec_module(new_module)
  File "<frozen importlib._bootstrap_external>", line 678, in exec_module
  File "<frozen importlib._bootstrap>", line 219, in _call_with_frames_removed
  File "/opt/airflow/dags/variaveis.py", line 16, in <module>
    task1 = PythonOperator(task_id="tsk1",pytho="sleep 1",dag=dag)
  File "/home/airflow/.local/lib/python3.6/site-packages/airflow/models/baseoperator.py", line 167, in apply_defaults
    raise AirflowException(msg)
airflow.exceptions.AirflowException: Argument ['python_callable'] is required
[2024-02-29 09:41:58,541] {processor.py:625} WARNING - No viable dags retrieved from /opt/airflow/dags/variaveis.py
[2024-02-29 09:41:58,566] {processor.py:170} INFO - Processing /opt/airflow/dags/variaveis.py took 0.046 seconds
[2024-02-29 09:42:03,394] {processor.py:162} INFO - Started process (PID=5078) to work on /opt/airflow/dags/variaveis.py
[2024-02-29 09:42:03,395] {processor.py:613} INFO - Processing file /opt/airflow/dags/variaveis.py for tasks to queue
[2024-02-29 09:42:03,396] {logging_mixin.py:109} INFO - [2024-02-29 09:42:03,396] {dagbag.py:496} INFO - Filling up the DagBag from /opt/airflow/dags/variaveis.py
[2024-02-29 09:42:03,407] {logging_mixin.py:109} INFO - [2024-02-29 09:42:03,406] {dagbag.py:329} ERROR - Failed to import: /opt/airflow/dags/variaveis.py
Traceback (most recent call last):
  File "/home/airflow/.local/lib/python3.6/site-packages/airflow/models/dagbag.py", line 326, in _load_modules_from_file
    loader.exec_module(new_module)
  File "<frozen importlib._bootstrap_external>", line 678, in exec_module
  File "<frozen importlib._bootstrap>", line 219, in _call_with_frames_removed
  File "/opt/airflow/dags/variaveis.py", line 16, in <module>
    task1 = PythonOperator(task_id="tsk1",python_callable="sleep 1",dag=dag)
  File "/home/airflow/.local/lib/python3.6/site-packages/airflow/models/baseoperator.py", line 178, in apply_defaults
    result = func(self, *args, **kwargs)
  File "/home/airflow/.local/lib/python3.6/site-packages/airflow/operators/python.py", line 136, in __init__
    raise AirflowException('`python_callable` param must be callable')
airflow.exceptions.AirflowException: `python_callable` param must be callable
[2024-02-29 09:42:03,408] {processor.py:625} WARNING - No viable dags retrieved from /opt/airflow/dags/variaveis.py
[2024-02-29 09:42:03,434] {processor.py:170} INFO - Processing /opt/airflow/dags/variaveis.py took 0.044 seconds
[2024-02-29 09:42:04,413] {processor.py:162} INFO - Started process (PID=5079) to work on /opt/airflow/dags/variaveis.py
[2024-02-29 09:42:04,416] {processor.py:613} INFO - Processing file /opt/airflow/dags/variaveis.py for tasks to queue
[2024-02-29 09:42:04,418] {logging_mixin.py:109} INFO - [2024-02-29 09:42:04,417] {dagbag.py:496} INFO - Filling up the DagBag from /opt/airflow/dags/variaveis.py
[2024-02-29 09:42:04,422] {logging_mixin.py:109} INFO - [2024-02-29 09:42:04,420] {dagbag.py:329} ERROR - Failed to import: /opt/airflow/dags/variaveis.py
Traceback (most recent call last):
  File "/home/airflow/.local/lib/python3.6/site-packages/airflow/models/dagbag.py", line 326, in _load_modules_from_file
    loader.exec_module(new_module)
  File "<frozen importlib._bootstrap_external>", line 674, in exec_module
  File "<frozen importlib._bootstrap_external>", line 781, in get_code
  File "<frozen importlib._bootstrap_external>", line 741, in source_to_code
  File "<frozen importlib._bootstrap>", line 219, in _call_with_frames_removed
  File "/opt/airflow/dags/variaveis.py", line 16
    task1 = PythonOperator(task_id="tsk1",python_callable=="sleep 1",dag=dag)
                                         ^
SyntaxError: positional argument follows keyword argument
[2024-02-29 09:42:04,423] {processor.py:625} WARNING - No viable dags retrieved from /opt/airflow/dags/variaveis.py
[2024-02-29 09:42:04,469] {processor.py:170} INFO - Processing /opt/airflow/dags/variaveis.py took 0.068 seconds
[2024-02-29 09:42:05,637] {processor.py:162} INFO - Started process (PID=5082) to work on /opt/airflow/dags/variaveis.py
[2024-02-29 09:42:05,638] {processor.py:613} INFO - Processing file /opt/airflow/dags/variaveis.py for tasks to queue
[2024-02-29 09:42:05,639] {logging_mixin.py:109} INFO - [2024-02-29 09:42:05,639] {dagbag.py:496} INFO - Filling up the DagBag from /opt/airflow/dags/variaveis.py
[2024-02-29 09:42:05,652] {logging_mixin.py:109} INFO - [2024-02-29 09:42:05,650] {dagbag.py:329} ERROR - Failed to import: /opt/airflow/dags/variaveis.py
Traceback (most recent call last):
  File "/home/airflow/.local/lib/python3.6/site-packages/airflow/models/dagbag.py", line 326, in _load_modules_from_file
    loader.exec_module(new_module)
  File "<frozen importlib._bootstrap_external>", line 678, in exec_module
  File "<frozen importlib._bootstrap>", line 219, in _call_with_frames_removed
  File "/opt/airflow/dags/variaveis.py", line 16, in <module>
    task1 = PythonOperator(task_id="tsk1",python_callable="sleep 1",dag=dag)
  File "/home/airflow/.local/lib/python3.6/site-packages/airflow/models/baseoperator.py", line 178, in apply_defaults
    result = func(self, *args, **kwargs)
  File "/home/airflow/.local/lib/python3.6/site-packages/airflow/operators/python.py", line 136, in __init__
    raise AirflowException('`python_callable` param must be callable')
airflow.exceptions.AirflowException: `python_callable` param must be callable
[2024-02-29 09:42:05,652] {processor.py:625} WARNING - No viable dags retrieved from /opt/airflow/dags/variaveis.py
[2024-02-29 09:42:05,683] {processor.py:170} INFO - Processing /opt/airflow/dags/variaveis.py took 0.049 seconds
[2024-02-29 09:42:08,415] {processor.py:162} INFO - Started process (PID=5096) to work on /opt/airflow/dags/variaveis.py
[2024-02-29 09:42:08,417] {processor.py:613} INFO - Processing file /opt/airflow/dags/variaveis.py for tasks to queue
[2024-02-29 09:42:08,418] {logging_mixin.py:109} INFO - [2024-02-29 09:42:08,418] {dagbag.py:496} INFO - Filling up the DagBag from /opt/airflow/dags/variaveis.py
[2024-02-29 09:42:08,421] {logging_mixin.py:109} INFO - [2024-02-29 09:42:08,420] {dagbag.py:329} ERROR - Failed to import: /opt/airflow/dags/variaveis.py
Traceback (most recent call last):
  File "/home/airflow/.local/lib/python3.6/site-packages/airflow/models/dagbag.py", line 326, in _load_modules_from_file
    loader.exec_module(new_module)
  File "<frozen importlib._bootstrap_external>", line 674, in exec_module
  File "<frozen importlib._bootstrap_external>", line 781, in get_code
  File "<frozen importlib._bootstrap_external>", line 741, in source_to_code
  File "<frozen importlib._bootstrap>", line 219, in _call_with_frames_removed
  File "/opt/airflow/dags/variaveis.py", line 16
    task1 = PythonOperator(task_id="tsk1",python_callable=,dag=dag)
                                                          ^
SyntaxError: invalid syntax
[2024-02-29 09:42:08,422] {processor.py:625} WARNING - No viable dags retrieved from /opt/airflow/dags/variaveis.py
[2024-02-29 09:42:08,449] {processor.py:170} INFO - Processing /opt/airflow/dags/variaveis.py took 0.038 seconds
[2024-02-29 09:42:13,866] {processor.py:162} INFO - Started process (PID=5103) to work on /opt/airflow/dags/variaveis.py
[2024-02-29 09:42:13,867] {processor.py:613} INFO - Processing file /opt/airflow/dags/variaveis.py for tasks to queue
[2024-02-29 09:42:13,868] {logging_mixin.py:109} INFO - [2024-02-29 09:42:13,868] {dagbag.py:496} INFO - Filling up the DagBag from /opt/airflow/dags/variaveis.py
[2024-02-29 09:42:13,870] {logging_mixin.py:109} INFO - [2024-02-29 09:42:13,869] {dagbag.py:329} ERROR - Failed to import: /opt/airflow/dags/variaveis.py
Traceback (most recent call last):
  File "/home/airflow/.local/lib/python3.6/site-packages/airflow/models/dagbag.py", line 326, in _load_modules_from_file
    loader.exec_module(new_module)
  File "<frozen importlib._bootstrap_external>", line 674, in exec_module
  File "<frozen importlib._bootstrap_external>", line 781, in get_code
  File "<frozen importlib._bootstrap_external>", line 741, in source_to_code
  File "<frozen importlib._bootstrap>", line 219, in _call_with_frames_removed
  File "/opt/airflow/dags/variaveis.py", line 16
    task1 = PythonOperator(task_id="tsk1",python_callable=,dag=dag)
                                                          ^
SyntaxError: invalid syntax
[2024-02-29 09:42:13,871] {processor.py:625} WARNING - No viable dags retrieved from /opt/airflow/dags/variaveis.py
[2024-02-29 09:42:13,898] {processor.py:170} INFO - Processing /opt/airflow/dags/variaveis.py took 0.036 seconds
[2024-02-29 09:42:16,292] {processor.py:162} INFO - Started process (PID=5113) to work on /opt/airflow/dags/variaveis.py
[2024-02-29 09:42:16,294] {processor.py:613} INFO - Processing file /opt/airflow/dags/variaveis.py for tasks to queue
[2024-02-29 09:42:16,295] {logging_mixin.py:109} INFO - [2024-02-29 09:42:16,295] {dagbag.py:496} INFO - Filling up the DagBag from /opt/airflow/dags/variaveis.py
[2024-02-29 09:42:16,313] {processor.py:623} INFO - DAG(s) dict_keys(['variaveis']) retrieved from /opt/airflow/dags/variaveis.py
[2024-02-29 09:42:16,573] {logging_mixin.py:109} INFO - [2024-02-29 09:42:16,572] {dag.py:1834} INFO - Sync 1 DAGs
[2024-02-29 09:42:16,591] {logging_mixin.py:109} INFO - [2024-02-29 09:42:16,591] {dag.py:2287} INFO - Setting next_dagrun for variaveis to None
[2024-02-29 09:42:16,614] {processor.py:170} INFO - Processing /opt/airflow/dags/variaveis.py took 0.327 seconds
[2024-02-29 09:42:21,830] {processor.py:162} INFO - Started process (PID=5129) to work on /opt/airflow/dags/variaveis.py
[2024-02-29 09:42:21,832] {processor.py:613} INFO - Processing file /opt/airflow/dags/variaveis.py for tasks to queue
[2024-02-29 09:42:21,833] {logging_mixin.py:109} INFO - [2024-02-29 09:42:21,833] {dagbag.py:496} INFO - Filling up the DagBag from /opt/airflow/dags/variaveis.py
[2024-02-29 09:42:21,851] {processor.py:623} INFO - DAG(s) dict_keys(['variaveis']) retrieved from /opt/airflow/dags/variaveis.py
[2024-02-29 09:42:21,875] {logging_mixin.py:109} INFO - [2024-02-29 09:42:21,874] {dag.py:1834} INFO - Sync 1 DAGs
[2024-02-29 09:42:21,902] {logging_mixin.py:109} INFO - [2024-02-29 09:42:21,902] {dag.py:2287} INFO - Setting next_dagrun for variaveis to None
[2024-02-29 09:42:21,922] {processor.py:170} INFO - Processing /opt/airflow/dags/variaveis.py took 0.096 seconds
[2024-02-29 09:42:27,858] {processor.py:162} INFO - Started process (PID=5145) to work on /opt/airflow/dags/variaveis.py
[2024-02-29 09:42:27,863] {processor.py:613} INFO - Processing file /opt/airflow/dags/variaveis.py for tasks to queue
[2024-02-29 09:42:27,865] {logging_mixin.py:109} INFO - [2024-02-29 09:42:27,864] {dagbag.py:496} INFO - Filling up the DagBag from /opt/airflow/dags/variaveis.py
[2024-02-29 09:42:27,908] {processor.py:623} INFO - DAG(s) dict_keys(['variaveis']) retrieved from /opt/airflow/dags/variaveis.py
[2024-02-29 09:42:27,953] {logging_mixin.py:109} INFO - [2024-02-29 09:42:27,953] {dag.py:1834} INFO - Sync 1 DAGs
[2024-02-29 09:42:28,004] {logging_mixin.py:109} INFO - [2024-02-29 09:42:28,003] {dag.py:2287} INFO - Setting next_dagrun for variaveis to None
[2024-02-29 09:42:28,042] {processor.py:170} INFO - Processing /opt/airflow/dags/variaveis.py took 0.192 seconds
[2024-02-29 09:42:33,210] {processor.py:162} INFO - Started process (PID=5161) to work on /opt/airflow/dags/variaveis.py
[2024-02-29 09:42:33,212] {processor.py:613} INFO - Processing file /opt/airflow/dags/variaveis.py for tasks to queue
[2024-02-29 09:42:33,213] {logging_mixin.py:109} INFO - [2024-02-29 09:42:33,213] {dagbag.py:496} INFO - Filling up the DagBag from /opt/airflow/dags/variaveis.py
[2024-02-29 09:42:33,229] {processor.py:623} INFO - DAG(s) dict_keys(['variaveis']) retrieved from /opt/airflow/dags/variaveis.py
[2024-02-29 09:42:33,251] {logging_mixin.py:109} INFO - [2024-02-29 09:42:33,250] {dag.py:1834} INFO - Sync 1 DAGs
[2024-02-29 09:42:33,269] {logging_mixin.py:109} INFO - [2024-02-29 09:42:33,269] {dag.py:2287} INFO - Setting next_dagrun for variaveis to None
[2024-02-29 09:42:33,283] {processor.py:170} INFO - Processing /opt/airflow/dags/variaveis.py took 0.076 seconds
[2024-02-29 09:42:38,407] {processor.py:162} INFO - Started process (PID=5177) to work on /opt/airflow/dags/variaveis.py
[2024-02-29 09:42:38,411] {processor.py:613} INFO - Processing file /opt/airflow/dags/variaveis.py for tasks to queue
[2024-02-29 09:42:38,413] {logging_mixin.py:109} INFO - [2024-02-29 09:42:38,412] {dagbag.py:496} INFO - Filling up the DagBag from /opt/airflow/dags/variaveis.py
[2024-02-29 09:42:38,462] {processor.py:623} INFO - DAG(s) dict_keys(['variaveis']) retrieved from /opt/airflow/dags/variaveis.py
[2024-02-29 09:42:38,516] {logging_mixin.py:109} INFO - [2024-02-29 09:42:38,515] {dag.py:1834} INFO - Sync 1 DAGs
[2024-02-29 09:42:38,562] {logging_mixin.py:109} INFO - [2024-02-29 09:42:38,561] {dag.py:2287} INFO - Setting next_dagrun for variaveis to None
[2024-02-29 09:42:38,586] {processor.py:170} INFO - Processing /opt/airflow/dags/variaveis.py took 0.193 seconds
[2024-02-29 09:42:43,647] {processor.py:162} INFO - Started process (PID=5193) to work on /opt/airflow/dags/variaveis.py
[2024-02-29 09:42:43,648] {processor.py:613} INFO - Processing file /opt/airflow/dags/variaveis.py for tasks to queue
[2024-02-29 09:42:43,649] {logging_mixin.py:109} INFO - [2024-02-29 09:42:43,649] {dagbag.py:496} INFO - Filling up the DagBag from /opt/airflow/dags/variaveis.py
[2024-02-29 09:42:43,685] {processor.py:623} INFO - DAG(s) dict_keys(['variaveis']) retrieved from /opt/airflow/dags/variaveis.py
[2024-02-29 09:42:43,724] {logging_mixin.py:109} INFO - [2024-02-29 09:42:43,723] {dag.py:1834} INFO - Sync 1 DAGs
[2024-02-29 09:42:43,750] {logging_mixin.py:109} INFO - [2024-02-29 09:42:43,750] {dag.py:2287} INFO - Setting next_dagrun for variaveis to None
[2024-02-29 09:42:43,768] {processor.py:170} INFO - Processing /opt/airflow/dags/variaveis.py took 0.132 seconds
[2024-02-29 09:42:48,794] {processor.py:162} INFO - Started process (PID=5209) to work on /opt/airflow/dags/variaveis.py
[2024-02-29 09:42:48,795] {processor.py:613} INFO - Processing file /opt/airflow/dags/variaveis.py for tasks to queue
[2024-02-29 09:42:48,796] {logging_mixin.py:109} INFO - [2024-02-29 09:42:48,795] {dagbag.py:496} INFO - Filling up the DagBag from /opt/airflow/dags/variaveis.py
[2024-02-29 09:42:48,813] {processor.py:623} INFO - DAG(s) dict_keys(['variaveis']) retrieved from /opt/airflow/dags/variaveis.py
[2024-02-29 09:42:48,853] {logging_mixin.py:109} INFO - [2024-02-29 09:42:48,853] {dag.py:1834} INFO - Sync 1 DAGs
[2024-02-29 09:42:48,874] {logging_mixin.py:109} INFO - [2024-02-29 09:42:48,874] {dag.py:2287} INFO - Setting next_dagrun for variaveis to None
[2024-02-29 09:42:48,889] {processor.py:170} INFO - Processing /opt/airflow/dags/variaveis.py took 0.098 seconds
[2024-02-29 09:42:53,917] {processor.py:162} INFO - Started process (PID=5225) to work on /opt/airflow/dags/variaveis.py
[2024-02-29 09:42:53,919] {processor.py:613} INFO - Processing file /opt/airflow/dags/variaveis.py for tasks to queue
[2024-02-29 09:42:53,919] {logging_mixin.py:109} INFO - [2024-02-29 09:42:53,919] {dagbag.py:496} INFO - Filling up the DagBag from /opt/airflow/dags/variaveis.py
[2024-02-29 09:42:53,937] {processor.py:623} INFO - DAG(s) dict_keys(['variaveis']) retrieved from /opt/airflow/dags/variaveis.py
[2024-02-29 09:42:53,965] {logging_mixin.py:109} INFO - [2024-02-29 09:42:53,965] {dag.py:1834} INFO - Sync 1 DAGs
[2024-02-29 09:42:53,984] {logging_mixin.py:109} INFO - [2024-02-29 09:42:53,983] {dag.py:2287} INFO - Setting next_dagrun for variaveis to None
[2024-02-29 09:42:53,999] {processor.py:170} INFO - Processing /opt/airflow/dags/variaveis.py took 0.086 seconds
[2024-02-29 09:42:59,119] {processor.py:162} INFO - Started process (PID=5241) to work on /opt/airflow/dags/variaveis.py
[2024-02-29 09:42:59,121] {processor.py:613} INFO - Processing file /opt/airflow/dags/variaveis.py for tasks to queue
[2024-02-29 09:42:59,122] {logging_mixin.py:109} INFO - [2024-02-29 09:42:59,122] {dagbag.py:496} INFO - Filling up the DagBag from /opt/airflow/dags/variaveis.py
[2024-02-29 09:42:59,142] {processor.py:623} INFO - DAG(s) dict_keys(['variaveis']) retrieved from /opt/airflow/dags/variaveis.py
[2024-02-29 09:42:59,177] {logging_mixin.py:109} INFO - [2024-02-29 09:42:59,177] {dag.py:1834} INFO - Sync 1 DAGs
[2024-02-29 09:42:59,197] {logging_mixin.py:109} INFO - [2024-02-29 09:42:59,196] {dag.py:2287} INFO - Setting next_dagrun for variaveis to None
[2024-02-29 09:42:59,213] {processor.py:170} INFO - Processing /opt/airflow/dags/variaveis.py took 0.097 seconds
[2024-02-29 09:43:04,259] {processor.py:162} INFO - Started process (PID=5257) to work on /opt/airflow/dags/variaveis.py
[2024-02-29 09:43:04,261] {processor.py:613} INFO - Processing file /opt/airflow/dags/variaveis.py for tasks to queue
[2024-02-29 09:43:04,261] {logging_mixin.py:109} INFO - [2024-02-29 09:43:04,261] {dagbag.py:496} INFO - Filling up the DagBag from /opt/airflow/dags/variaveis.py
[2024-02-29 09:43:04,280] {processor.py:623} INFO - DAG(s) dict_keys(['variaveis']) retrieved from /opt/airflow/dags/variaveis.py
[2024-02-29 09:43:04,311] {logging_mixin.py:109} INFO - [2024-02-29 09:43:04,311] {dag.py:1834} INFO - Sync 1 DAGs
[2024-02-29 09:43:04,328] {logging_mixin.py:109} INFO - [2024-02-29 09:43:04,328] {dag.py:2287} INFO - Setting next_dagrun for variaveis to None
[2024-02-29 09:43:04,343] {processor.py:170} INFO - Processing /opt/airflow/dags/variaveis.py took 0.087 seconds
[2024-02-29 09:43:09,405] {processor.py:162} INFO - Started process (PID=5273) to work on /opt/airflow/dags/variaveis.py
[2024-02-29 09:43:09,407] {processor.py:613} INFO - Processing file /opt/airflow/dags/variaveis.py for tasks to queue
[2024-02-29 09:43:09,409] {logging_mixin.py:109} INFO - [2024-02-29 09:43:09,408] {dagbag.py:496} INFO - Filling up the DagBag from /opt/airflow/dags/variaveis.py
[2024-02-29 09:43:09,442] {processor.py:623} INFO - DAG(s) dict_keys(['variaveis']) retrieved from /opt/airflow/dags/variaveis.py
[2024-02-29 09:43:09,482] {logging_mixin.py:109} INFO - [2024-02-29 09:43:09,481] {dag.py:1834} INFO - Sync 1 DAGs
[2024-02-29 09:43:09,521] {logging_mixin.py:109} INFO - [2024-02-29 09:43:09,521] {dag.py:2287} INFO - Setting next_dagrun for variaveis to None
[2024-02-29 09:43:09,542] {processor.py:170} INFO - Processing /opt/airflow/dags/variaveis.py took 0.142 seconds
[2024-02-29 09:43:14,685] {processor.py:162} INFO - Started process (PID=5289) to work on /opt/airflow/dags/variaveis.py
[2024-02-29 09:43:14,687] {processor.py:613} INFO - Processing file /opt/airflow/dags/variaveis.py for tasks to queue
[2024-02-29 09:43:14,688] {logging_mixin.py:109} INFO - [2024-02-29 09:43:14,688] {dagbag.py:496} INFO - Filling up the DagBag from /opt/airflow/dags/variaveis.py
[2024-02-29 09:43:14,712] {processor.py:623} INFO - DAG(s) dict_keys(['variaveis']) retrieved from /opt/airflow/dags/variaveis.py
[2024-02-29 09:43:14,751] {logging_mixin.py:109} INFO - [2024-02-29 09:43:14,751] {dag.py:1834} INFO - Sync 1 DAGs
[2024-02-29 09:43:14,773] {logging_mixin.py:109} INFO - [2024-02-29 09:43:14,772] {dag.py:2287} INFO - Setting next_dagrun for variaveis to None
[2024-02-29 09:43:14,788] {processor.py:170} INFO - Processing /opt/airflow/dags/variaveis.py took 0.106 seconds
[2024-02-29 09:43:19,861] {processor.py:162} INFO - Started process (PID=5305) to work on /opt/airflow/dags/variaveis.py
[2024-02-29 09:43:19,862] {processor.py:613} INFO - Processing file /opt/airflow/dags/variaveis.py for tasks to queue
[2024-02-29 09:43:19,862] {logging_mixin.py:109} INFO - [2024-02-29 09:43:19,862] {dagbag.py:496} INFO - Filling up the DagBag from /opt/airflow/dags/variaveis.py
[2024-02-29 09:43:19,876] {processor.py:623} INFO - DAG(s) dict_keys(['variaveis']) retrieved from /opt/airflow/dags/variaveis.py
[2024-02-29 09:43:19,907] {logging_mixin.py:109} INFO - [2024-02-29 09:43:19,907] {dag.py:1834} INFO - Sync 1 DAGs
[2024-02-29 09:43:19,929] {logging_mixin.py:109} INFO - [2024-02-29 09:43:19,929] {dag.py:2287} INFO - Setting next_dagrun for variaveis to None
[2024-02-29 09:43:19,955] {processor.py:170} INFO - Processing /opt/airflow/dags/variaveis.py took 0.097 seconds
[2024-02-29 09:43:25,618] {processor.py:162} INFO - Started process (PID=5318) to work on /opt/airflow/dags/variaveis.py
[2024-02-29 09:43:25,620] {processor.py:613} INFO - Processing file /opt/airflow/dags/variaveis.py for tasks to queue
[2024-02-29 09:43:25,621] {logging_mixin.py:109} INFO - [2024-02-29 09:43:25,621] {dagbag.py:496} INFO - Filling up the DagBag from /opt/airflow/dags/variaveis.py
[2024-02-29 09:43:25,639] {processor.py:623} INFO - DAG(s) dict_keys(['variaveis']) retrieved from /opt/airflow/dags/variaveis.py
[2024-02-29 09:43:25,673] {logging_mixin.py:109} INFO - [2024-02-29 09:43:25,673] {dag.py:1834} INFO - Sync 1 DAGs
[2024-02-29 09:43:25,693] {logging_mixin.py:109} INFO - [2024-02-29 09:43:25,693] {dag.py:2287} INFO - Setting next_dagrun for variaveis to None
[2024-02-29 09:43:25,710] {processor.py:170} INFO - Processing /opt/airflow/dags/variaveis.py took 0.096 seconds
[2024-02-29 09:43:31,562] {processor.py:162} INFO - Started process (PID=5334) to work on /opt/airflow/dags/variaveis.py
[2024-02-29 09:43:31,564] {processor.py:613} INFO - Processing file /opt/airflow/dags/variaveis.py for tasks to queue
[2024-02-29 09:43:31,565] {logging_mixin.py:109} INFO - [2024-02-29 09:43:31,565] {dagbag.py:496} INFO - Filling up the DagBag from /opt/airflow/dags/variaveis.py
[2024-02-29 09:43:31,583] {processor.py:623} INFO - DAG(s) dict_keys(['variaveis']) retrieved from /opt/airflow/dags/variaveis.py
[2024-02-29 09:43:31,617] {logging_mixin.py:109} INFO - [2024-02-29 09:43:31,617] {dag.py:1834} INFO - Sync 1 DAGs
[2024-02-29 09:43:31,646] {logging_mixin.py:109} INFO - [2024-02-29 09:43:31,646] {dag.py:2287} INFO - Setting next_dagrun for variaveis to None
[2024-02-29 09:43:31,664] {processor.py:170} INFO - Processing /opt/airflow/dags/variaveis.py took 0.109 seconds
[2024-02-29 09:43:37,663] {processor.py:162} INFO - Started process (PID=5350) to work on /opt/airflow/dags/variaveis.py
[2024-02-29 09:43:37,666] {processor.py:613} INFO - Processing file /opt/airflow/dags/variaveis.py for tasks to queue
[2024-02-29 09:43:37,670] {logging_mixin.py:109} INFO - [2024-02-29 09:43:37,670] {dagbag.py:496} INFO - Filling up the DagBag from /opt/airflow/dags/variaveis.py
[2024-02-29 09:43:37,695] {processor.py:623} INFO - DAG(s) dict_keys(['variaveis']) retrieved from /opt/airflow/dags/variaveis.py
[2024-02-29 09:43:37,732] {logging_mixin.py:109} INFO - [2024-02-29 09:43:37,732] {dag.py:1834} INFO - Sync 1 DAGs
[2024-02-29 09:43:37,762] {logging_mixin.py:109} INFO - [2024-02-29 09:43:37,762] {dag.py:2287} INFO - Setting next_dagrun for variaveis to None
[2024-02-29 09:43:37,787] {processor.py:170} INFO - Processing /opt/airflow/dags/variaveis.py took 0.128 seconds
[2024-02-29 09:43:43,731] {processor.py:162} INFO - Started process (PID=5366) to work on /opt/airflow/dags/variaveis.py
[2024-02-29 09:43:43,732] {processor.py:613} INFO - Processing file /opt/airflow/dags/variaveis.py for tasks to queue
[2024-02-29 09:43:43,733] {logging_mixin.py:109} INFO - [2024-02-29 09:43:43,733] {dagbag.py:496} INFO - Filling up the DagBag from /opt/airflow/dags/variaveis.py
[2024-02-29 09:43:43,748] {processor.py:623} INFO - DAG(s) dict_keys(['variaveis']) retrieved from /opt/airflow/dags/variaveis.py
[2024-02-29 09:43:43,778] {logging_mixin.py:109} INFO - [2024-02-29 09:43:43,777] {dag.py:1834} INFO - Sync 1 DAGs
[2024-02-29 09:43:43,797] {logging_mixin.py:109} INFO - [2024-02-29 09:43:43,797] {dag.py:2287} INFO - Setting next_dagrun for variaveis to None
[2024-02-29 09:43:43,812] {processor.py:170} INFO - Processing /opt/airflow/dags/variaveis.py took 0.085 seconds
[2024-02-29 09:43:49,198] {processor.py:162} INFO - Started process (PID=5382) to work on /opt/airflow/dags/variaveis.py
[2024-02-29 09:43:49,200] {processor.py:613} INFO - Processing file /opt/airflow/dags/variaveis.py for tasks to queue
[2024-02-29 09:43:49,201] {logging_mixin.py:109} INFO - [2024-02-29 09:43:49,201] {dagbag.py:496} INFO - Filling up the DagBag from /opt/airflow/dags/variaveis.py
[2024-02-29 09:43:49,217] {processor.py:623} INFO - DAG(s) dict_keys(['variaveis']) retrieved from /opt/airflow/dags/variaveis.py
[2024-02-29 09:43:49,251] {logging_mixin.py:109} INFO - [2024-02-29 09:43:49,251] {dag.py:1834} INFO - Sync 1 DAGs
[2024-02-29 09:43:49,272] {logging_mixin.py:109} INFO - [2024-02-29 09:43:49,272] {dag.py:2287} INFO - Setting next_dagrun for variaveis to None
[2024-02-29 09:43:49,287] {processor.py:170} INFO - Processing /opt/airflow/dags/variaveis.py took 0.092 seconds
[2024-02-29 09:43:55,015] {processor.py:162} INFO - Started process (PID=5398) to work on /opt/airflow/dags/variaveis.py
[2024-02-29 09:43:55,018] {processor.py:613} INFO - Processing file /opt/airflow/dags/variaveis.py for tasks to queue
[2024-02-29 09:43:55,020] {logging_mixin.py:109} INFO - [2024-02-29 09:43:55,019] {dagbag.py:496} INFO - Filling up the DagBag from /opt/airflow/dags/variaveis.py
[2024-02-29 09:43:55,039] {processor.py:623} INFO - DAG(s) dict_keys(['variaveis']) retrieved from /opt/airflow/dags/variaveis.py
[2024-02-29 09:43:55,072] {logging_mixin.py:109} INFO - [2024-02-29 09:43:55,072] {dag.py:1834} INFO - Sync 1 DAGs
[2024-02-29 09:43:55,089] {logging_mixin.py:109} INFO - [2024-02-29 09:43:55,089] {dag.py:2287} INFO - Setting next_dagrun for variaveis to None
[2024-02-29 09:43:55,102] {processor.py:170} INFO - Processing /opt/airflow/dags/variaveis.py took 0.091 seconds
[2024-02-29 09:44:00,788] {processor.py:162} INFO - Started process (PID=5414) to work on /opt/airflow/dags/variaveis.py
[2024-02-29 09:44:00,789] {processor.py:613} INFO - Processing file /opt/airflow/dags/variaveis.py for tasks to queue
[2024-02-29 09:44:00,790] {logging_mixin.py:109} INFO - [2024-02-29 09:44:00,790] {dagbag.py:496} INFO - Filling up the DagBag from /opt/airflow/dags/variaveis.py
[2024-02-29 09:44:00,807] {processor.py:623} INFO - DAG(s) dict_keys(['variaveis']) retrieved from /opt/airflow/dags/variaveis.py
[2024-02-29 09:44:00,845] {logging_mixin.py:109} INFO - [2024-02-29 09:44:00,845] {dag.py:1834} INFO - Sync 1 DAGs
[2024-02-29 09:44:00,872] {logging_mixin.py:109} INFO - [2024-02-29 09:44:00,871] {dag.py:2287} INFO - Setting next_dagrun for variaveis to None
[2024-02-29 09:44:00,885] {processor.py:170} INFO - Processing /opt/airflow/dags/variaveis.py took 0.101 seconds
[2024-02-29 09:44:06,541] {processor.py:162} INFO - Started process (PID=5430) to work on /opt/airflow/dags/variaveis.py
[2024-02-29 09:44:06,542] {processor.py:613} INFO - Processing file /opt/airflow/dags/variaveis.py for tasks to queue
[2024-02-29 09:44:06,543] {logging_mixin.py:109} INFO - [2024-02-29 09:44:06,543] {dagbag.py:496} INFO - Filling up the DagBag from /opt/airflow/dags/variaveis.py
[2024-02-29 09:44:06,558] {processor.py:623} INFO - DAG(s) dict_keys(['variaveis']) retrieved from /opt/airflow/dags/variaveis.py
[2024-02-29 09:44:06,585] {logging_mixin.py:109} INFO - [2024-02-29 09:44:06,585] {dag.py:1834} INFO - Sync 1 DAGs
[2024-02-29 09:44:06,602] {logging_mixin.py:109} INFO - [2024-02-29 09:44:06,601] {dag.py:2287} INFO - Setting next_dagrun for variaveis to None
[2024-02-29 09:44:06,614] {processor.py:170} INFO - Processing /opt/airflow/dags/variaveis.py took 0.078 seconds
[2024-02-29 09:44:12,282] {processor.py:162} INFO - Started process (PID=5446) to work on /opt/airflow/dags/variaveis.py
[2024-02-29 09:44:12,286] {processor.py:613} INFO - Processing file /opt/airflow/dags/variaveis.py for tasks to queue
[2024-02-29 09:44:12,287] {logging_mixin.py:109} INFO - [2024-02-29 09:44:12,287] {dagbag.py:496} INFO - Filling up the DagBag from /opt/airflow/dags/variaveis.py
[2024-02-29 09:44:12,301] {processor.py:623} INFO - DAG(s) dict_keys(['variaveis']) retrieved from /opt/airflow/dags/variaveis.py
[2024-02-29 09:44:12,328] {logging_mixin.py:109} INFO - [2024-02-29 09:44:12,328] {dag.py:1834} INFO - Sync 1 DAGs
[2024-02-29 09:44:12,345] {logging_mixin.py:109} INFO - [2024-02-29 09:44:12,345] {dag.py:2287} INFO - Setting next_dagrun for variaveis to None
[2024-02-29 09:44:12,359] {processor.py:170} INFO - Processing /opt/airflow/dags/variaveis.py took 0.081 seconds
[2024-02-29 09:44:18,019] {processor.py:162} INFO - Started process (PID=5462) to work on /opt/airflow/dags/variaveis.py
[2024-02-29 09:44:18,021] {processor.py:613} INFO - Processing file /opt/airflow/dags/variaveis.py for tasks to queue
[2024-02-29 09:44:18,023] {logging_mixin.py:109} INFO - [2024-02-29 09:44:18,022] {dagbag.py:496} INFO - Filling up the DagBag from /opt/airflow/dags/variaveis.py
[2024-02-29 09:44:18,049] {processor.py:623} INFO - DAG(s) dict_keys(['variaveis']) retrieved from /opt/airflow/dags/variaveis.py
[2024-02-29 09:44:18,084] {logging_mixin.py:109} INFO - [2024-02-29 09:44:18,084] {dag.py:1834} INFO - Sync 1 DAGs
[2024-02-29 09:44:18,109] {logging_mixin.py:109} INFO - [2024-02-29 09:44:18,109] {dag.py:2287} INFO - Setting next_dagrun for variaveis to None
[2024-02-29 09:44:18,122] {processor.py:170} INFO - Processing /opt/airflow/dags/variaveis.py took 0.107 seconds
[2024-02-29 09:44:23,721] {processor.py:162} INFO - Started process (PID=5478) to work on /opt/airflow/dags/variaveis.py
[2024-02-29 09:44:23,723] {processor.py:613} INFO - Processing file /opt/airflow/dags/variaveis.py for tasks to queue
[2024-02-29 09:44:23,724] {logging_mixin.py:109} INFO - [2024-02-29 09:44:23,724] {dagbag.py:496} INFO - Filling up the DagBag from /opt/airflow/dags/variaveis.py
[2024-02-29 09:44:23,739] {processor.py:623} INFO - DAG(s) dict_keys(['variaveis']) retrieved from /opt/airflow/dags/variaveis.py
[2024-02-29 09:44:23,769] {logging_mixin.py:109} INFO - [2024-02-29 09:44:23,769] {dag.py:1834} INFO - Sync 1 DAGs
[2024-02-29 09:44:23,790] {logging_mixin.py:109} INFO - [2024-02-29 09:44:23,790] {dag.py:2287} INFO - Setting next_dagrun for variaveis to None
[2024-02-29 09:44:23,807] {processor.py:170} INFO - Processing /opt/airflow/dags/variaveis.py took 0.090 seconds
