[2024-03-05T09:55:25.629+0000] {taskinstance.py:1083} INFO - Dependencies all met for <TaskInstance: hook.select_data_task manual__2024-03-05T09:55:20.327881+00:00 [queued]>
[2024-03-05T09:55:25.649+0000] {taskinstance.py:1083} INFO - Dependencies all met for <TaskInstance: hook.select_data_task manual__2024-03-05T09:55:20.327881+00:00 [queued]>
[2024-03-05T09:55:25.649+0000] {taskinstance.py:1279} INFO - 
--------------------------------------------------------------------------------
[2024-03-05T09:55:25.649+0000] {taskinstance.py:1280} INFO - Starting attempt 1 of 1
[2024-03-05T09:55:25.649+0000] {taskinstance.py:1281} INFO - 
--------------------------------------------------------------------------------
[2024-03-05T09:55:25.673+0000] {taskinstance.py:1300} INFO - Executing <Task(PythonOperator): select_data_task> on 2024-03-05 09:55:20.327881+00:00
[2024-03-05T09:55:25.680+0000] {standard_task_runner.py:55} INFO - Started process 147 to run task
[2024-03-05T09:55:25.684+0000] {standard_task_runner.py:82} INFO - Running: ['***', 'tasks', 'run', 'hook', 'select_data_task', 'manual__2024-03-05T09:55:20.327881+00:00', '--job-id', '321', '--raw', '--subdir', 'DAGS_FOLDER/hooks.py', '--cfg-path', '/tmp/tmp6q12si2j']
[2024-03-05T09:55:25.685+0000] {standard_task_runner.py:83} INFO - Job 321: Subtask select_data_task
[2024-03-05T09:55:25.701+0000] {warnings.py:110} WARNING - /home/***/.local/lib/python3.7/site-packages/***/settings.py:249: DeprecationWarning: The sql_alchemy_conn option in [core] has been moved to the sql_alchemy_conn option in [database] - the old setting has been used, but please update your config.
  SQL_ALCHEMY_CONN = conf.get("database", "SQL_ALCHEMY_CONN")

[2024-03-05T09:55:25.778+0000] {task_command.py:388} INFO - Running <TaskInstance: hook.select_data_task manual__2024-03-05T09:55:20.327881+00:00 [running]> on host df7038a2f7dd
[2024-03-05T09:55:25.889+0000] {taskinstance.py:1509} INFO - Exporting the following env vars:
AIRFLOW_CTX_DAG_OWNER=***
AIRFLOW_CTX_DAG_ID=hook
AIRFLOW_CTX_TASK_ID=select_data_task
AIRFLOW_CTX_EXECUTION_DATE=2024-03-05T09:55:20.327881+00:00
AIRFLOW_CTX_TRY_NUMBER=1
AIRFLOW_CTX_DAG_RUN_ID=manual__2024-03-05T09:55:20.327881+00:00
[2024-03-05T09:55:25.900+0000] {base.py:73} INFO - Using connection ID 'postgres' for task execution.
[2024-03-05T09:55:25.904+0000] {sql.py:375} INFO - Running statement: select * from teste2;, parameters: None
[2024-03-05T09:55:25.905+0000] {sql.py:384} INFO - Rows affected: 3
[2024-03-05T09:55:25.925+0000] {python.py:177} INFO - Done. Returned value was: None
[2024-03-05T09:55:25.939+0000] {taskinstance.py:1323} INFO - Marking task as SUCCESS. dag_id=hook, task_id=select_data_task, execution_date=20240305T095520, start_date=20240305T095525, end_date=20240305T095525
[2024-03-05T09:55:25.977+0000] {local_task_job.py:208} INFO - Task exited with return code 0
[2024-03-05T09:55:26.007+0000] {taskinstance.py:2578} INFO - 1 downstream tasks scheduled from follow-on schedule check
