[2024-02-27 09:23:09,288] {taskinstance.py:903} INFO - Dependencies all met for <TaskInstance: dagrundag1.tsk2 2024-02-27T09:23:01.977450+00:00 [queued]>
[2024-02-27 09:23:09,312] {taskinstance.py:903} INFO - Dependencies all met for <TaskInstance: dagrundag1.tsk2 2024-02-27T09:23:01.977450+00:00 [queued]>
[2024-02-27 09:23:09,313] {taskinstance.py:1095} INFO - 
--------------------------------------------------------------------------------
[2024-02-27 09:23:09,313] {taskinstance.py:1096} INFO - Starting attempt 1 of 1
[2024-02-27 09:23:09,313] {taskinstance.py:1097} INFO - 
--------------------------------------------------------------------------------
[2024-02-27 09:23:09,327] {taskinstance.py:1115} INFO - Executing <Task(TriggerDagRunOperator): tsk2> on 2024-02-27T09:23:01.977450+00:00
[2024-02-27 09:23:09,333] {standard_task_runner.py:52} INFO - Started process 192 to run task
[2024-02-27 09:23:09,337] {standard_task_runner.py:76} INFO - Running: ['***', 'tasks', 'run', 'dagrundag1', 'tsk2', '2024-02-27T09:23:01.977450+00:00', '--job-id', '71', '--pool', 'default_pool', '--raw', '--subdir', 'DAGS_FOLDER/dagrundag1.py', '--cfg-path', '/tmp/tmpbtw2qc_1', '--error-file', '/tmp/tmpdb3ch4yx']
[2024-02-27 09:23:09,338] {standard_task_runner.py:77} INFO - Job 71: Subtask tsk2
[2024-02-27 09:23:09,391] {logging_mixin.py:109} INFO - Running <TaskInstance: dagrundag1.tsk2 2024-02-27T09:23:01.977450+00:00 [running]> on host 1034e60698e1
[2024-02-27 09:23:09,465] {taskinstance.py:1254} INFO - Exporting the following env vars:
AIRFLOW_CTX_DAG_OWNER=***
AIRFLOW_CTX_DAG_ID=dagrundag1
AIRFLOW_CTX_TASK_ID=tsk2
AIRFLOW_CTX_EXECUTION_DATE=2024-02-27T09:23:01.977450+00:00
AIRFLOW_CTX_DAG_RUN_ID=manual__2024-02-27T09:23:01.977450+00:00
[2024-02-27 09:23:09,550] {taskinstance.py:1219} INFO - Marking task as SUCCESS. dag_id=dagrundag1, task_id=tsk2, execution_date=20240227T092301, start_date=20240227T092309, end_date=20240227T092309
[2024-02-27 09:23:09,592] {local_task_job.py:151} INFO - Task exited with return code 0
[2024-02-27 09:23:09,627] {local_task_job.py:261} INFO - 0 downstream tasks scheduled from follow-on schedule check
