[2024-03-05T10:08:54.319+0000] {taskinstance.py:1083} INFO - Dependencies all met for <TaskInstance: primeira_dag.tsk3 manual__2024-03-05T10:08:37+00:00 [queued]>
[2024-03-05T10:08:54.375+0000] {taskinstance.py:1083} INFO - Dependencies all met for <TaskInstance: primeira_dag.tsk3 manual__2024-03-05T10:08:37+00:00 [queued]>
[2024-03-05T10:08:54.377+0000] {taskinstance.py:1279} INFO - 
--------------------------------------------------------------------------------
[2024-03-05T10:08:54.378+0000] {taskinstance.py:1280} INFO - Starting attempt 1 of 1
[2024-03-05T10:08:54.379+0000] {taskinstance.py:1281} INFO - 
--------------------------------------------------------------------------------
[2024-03-05T10:08:54.475+0000] {taskinstance.py:1300} INFO - Executing <Task(BashOperator): tsk3> on 2024-03-05 10:08:37+00:00
[2024-03-05T10:08:54.490+0000] {standard_task_runner.py:55} INFO - Started process 271 to run task
[2024-03-05T10:08:54.498+0000] {standard_task_runner.py:82} INFO - Running: ['***', 'tasks', 'run', 'primeira_dag', 'tsk3', 'manual__2024-03-05T10:08:37+00:00', '--job-id', '328', '--raw', '--subdir', 'DAGS_FOLDER/primeirada.py', '--cfg-path', '/tmp/tmploma2g0k']
[2024-03-05T10:08:54.504+0000] {standard_task_runner.py:83} INFO - Job 328: Subtask tsk3
[2024-03-05T10:08:54.564+0000] {warnings.py:110} WARNING - /home/***/.local/lib/python3.7/site-packages/***/settings.py:249: DeprecationWarning: The sql_alchemy_conn option in [core] has been moved to the sql_alchemy_conn option in [database] - the old setting has been used, but please update your config.
  SQL_ALCHEMY_CONN = conf.get("database", "SQL_ALCHEMY_CONN")

[2024-03-05T10:08:54.730+0000] {task_command.py:388} INFO - Running <TaskInstance: primeira_dag.tsk3 manual__2024-03-05T10:08:37+00:00 [running]> on host df7038a2f7dd
[2024-03-05T10:08:54.948+0000] {taskinstance.py:1509} INFO - Exporting the following env vars:
AIRFLOW_CTX_DAG_OWNER=***
AIRFLOW_CTX_DAG_ID=primeira_dag
AIRFLOW_CTX_TASK_ID=tsk3
AIRFLOW_CTX_EXECUTION_DATE=2024-03-05T10:08:37+00:00
AIRFLOW_CTX_TRY_NUMBER=1
AIRFLOW_CTX_DAG_RUN_ID=manual__2024-03-05T10:08:37+00:00
[2024-03-05T10:08:54.950+0000] {subprocess.py:63} INFO - Tmp dir root location: 
 /tmp
[2024-03-05T10:08:54.954+0000] {subprocess.py:75} INFO - Running command: ['/bin/bash', '-c', 'sleep 5']
[2024-03-05T10:08:54.982+0000] {subprocess.py:86} INFO - Output:
[2024-03-05T10:08:59.991+0000] {subprocess.py:97} INFO - Command exited with return code 0
[2024-03-05T10:09:00.087+0000] {taskinstance.py:1323} INFO - Marking task as SUCCESS. dag_id=primeira_dag, task_id=tsk3, execution_date=20240305T100837, start_date=20240305T100854, end_date=20240305T100900
[2024-03-05T10:09:00.180+0000] {local_task_job.py:208} INFO - Task exited with return code 0
[2024-03-05T10:09:00.229+0000] {taskinstance.py:2578} INFO - 0 downstream tasks scheduled from follow-on schedule check
