[2024-03-01 08:49:08,078] {taskinstance.py:903} INFO - Dependencies all met for <TaskInstance: pool.tsk4 2024-03-01T08:49:06.702071+00:00 [queued]>
[2024-03-01 08:49:08,117] {taskinstance.py:903} INFO - Dependencies all met for <TaskInstance: pool.tsk4 2024-03-01T08:49:06.702071+00:00 [queued]>
[2024-03-01 08:49:08,117] {taskinstance.py:1095} INFO - 
--------------------------------------------------------------------------------
[2024-03-01 08:49:08,118] {taskinstance.py:1096} INFO - Starting attempt 1 of 1
[2024-03-01 08:49:08,118] {taskinstance.py:1097} INFO - 
--------------------------------------------------------------------------------
[2024-03-01 08:49:08,133] {taskinstance.py:1115} INFO - Executing <Task(BashOperator): tsk4> on 2024-03-01T08:49:06.702071+00:00
[2024-03-01 08:49:08,145] {standard_task_runner.py:76} INFO - Running: ['***', 'tasks', 'run', 'pool', 'tsk4', '2024-03-01T08:49:06.702071+00:00', '--job-id', '254', '--pool', 'meu pool', '--raw', '--subdir', 'DAGS_FOLDER/pools.py', '--cfg-path', '/tmp/tmp_anr58pu', '--error-file', '/tmp/tmpiyhquq0g']
[2024-03-01 08:49:08,140] {standard_task_runner.py:52} INFO - Started process 96 to run task
[2024-03-01 08:49:08,146] {standard_task_runner.py:77} INFO - Job 254: Subtask tsk4
[2024-03-01 08:49:08,206] {logging_mixin.py:109} INFO - Running <TaskInstance: pool.tsk4 2024-03-01T08:49:06.702071+00:00 [running]> on host b6da4fb5c714
[2024-03-01 08:49:08,292] {taskinstance.py:1254} INFO - Exporting the following env vars:
AIRFLOW_CTX_DAG_OWNER=***
AIRFLOW_CTX_DAG_ID=pool
AIRFLOW_CTX_TASK_ID=tsk4
AIRFLOW_CTX_EXECUTION_DATE=2024-03-01T08:49:06.702071+00:00
AIRFLOW_CTX_DAG_RUN_ID=manual__2024-03-01T08:49:06.702071+00:00
[2024-03-01 08:49:08,294] {subprocess.py:52} INFO - Tmp dir root location: 
 /tmp
[2024-03-01 08:49:08,296] {subprocess.py:63} INFO - Running command: ['bash', '-c', 'sleep 5']
[2024-03-01 08:49:08,312] {subprocess.py:74} INFO - Output:
[2024-03-01 08:49:13,316] {subprocess.py:82} INFO - Command exited with return code 0
[2024-03-01 08:49:13,359] {taskinstance.py:1219} INFO - Marking task as SUCCESS. dag_id=pool, task_id=tsk4, execution_date=20240301T084906, start_date=20240301T084908, end_date=20240301T084913
[2024-03-01 08:49:13,395] {local_task_job.py:151} INFO - Task exited with return code 0
[2024-03-01 08:49:13,428] {local_task_job.py:261} INFO - 0 downstream tasks scheduled from follow-on schedule check
