[2024-02-29 09:34:25,324] {taskinstance.py:903} INFO - Dependencies all met for <TaskInstance: dummy.tsk2 2024-02-29T09:33:00.320255+00:00 [queued]>
[2024-02-29 09:34:25,350] {taskinstance.py:903} INFO - Dependencies all met for <TaskInstance: dummy.tsk2 2024-02-29T09:33:00.320255+00:00 [queued]>
[2024-02-29 09:34:25,351] {taskinstance.py:1095} INFO - 
--------------------------------------------------------------------------------
[2024-02-29 09:34:25,351] {taskinstance.py:1096} INFO - Starting attempt 1 of 1
[2024-02-29 09:34:25,352] {taskinstance.py:1097} INFO - 
--------------------------------------------------------------------------------
[2024-02-29 09:34:25,379] {taskinstance.py:1115} INFO - Executing <Task(BashOperator): tsk2> on 2024-02-29T09:33:00.320255+00:00
[2024-02-29 09:34:25,392] {standard_task_runner.py:76} INFO - Running: ['***', 'tasks', 'run', 'dummy', 'tsk2', '2024-02-29T09:33:00.320255+00:00', '--job-id', '236', '--pool', 'default_pool', '--raw', '--subdir', 'DAGS_FOLDER/dummy.py', '--cfg-path', '/tmp/tmpfdk0s4tm', '--error-file', '/tmp/tmpd7tjg3ho']
[2024-02-29 09:34:25,386] {standard_task_runner.py:52} INFO - Started process 80 to run task
[2024-02-29 09:34:25,393] {standard_task_runner.py:77} INFO - Job 236: Subtask tsk2
[2024-02-29 09:34:25,483] {logging_mixin.py:109} INFO - Running <TaskInstance: dummy.tsk2 2024-02-29T09:33:00.320255+00:00 [running]> on host cf1345502425
[2024-02-29 09:34:25,579] {taskinstance.py:1254} INFO - Exporting the following env vars:
AIRFLOW_CTX_DAG_OWNER=***
AIRFLOW_CTX_DAG_ID=dummy
AIRFLOW_CTX_TASK_ID=tsk2
AIRFLOW_CTX_EXECUTION_DATE=2024-02-29T09:33:00.320255+00:00
AIRFLOW_CTX_DAG_RUN_ID=manual__2024-02-29T09:33:00.320255+00:00
[2024-02-29 09:34:25,581] {subprocess.py:52} INFO - Tmp dir root location: 
 /tmp
[2024-02-29 09:34:25,583] {subprocess.py:63} INFO - Running command: ['bash', '-c', 'sleep 1']
[2024-02-29 09:34:25,600] {subprocess.py:74} INFO - Output:
[2024-02-29 09:34:26,606] {subprocess.py:82} INFO - Command exited with return code 0
[2024-02-29 09:34:26,657] {taskinstance.py:1219} INFO - Marking task as SUCCESS. dag_id=dummy, task_id=tsk2, execution_date=20240229T093300, start_date=20240229T093425, end_date=20240229T093426
[2024-02-29 09:34:26,695] {local_task_job.py:151} INFO - Task exited with return code 0
[2024-02-29 09:34:26,744] {local_task_job.py:261} INFO - 0 downstream tasks scheduled from follow-on schedule check
