[2024-02-27 09:58:44,044] {taskinstance.py:903} INFO - Dependencies all met for <TaskInstance: defaultargs.tsk3 2024-02-27T09:58:30.811917+00:00 [queued]>
[2024-02-27 09:58:44,070] {taskinstance.py:903} INFO - Dependencies all met for <TaskInstance: defaultargs.tsk3 2024-02-27T09:58:30.811917+00:00 [queued]>
[2024-02-27 09:58:44,070] {taskinstance.py:1095} INFO - 
--------------------------------------------------------------------------------
[2024-02-27 09:58:44,070] {taskinstance.py:1096} INFO - Starting attempt 1 of 2
[2024-02-27 09:58:44,070] {taskinstance.py:1097} INFO - 
--------------------------------------------------------------------------------
[2024-02-27 09:58:44,086] {taskinstance.py:1115} INFO - Executing <Task(BashOperator): tsk3> on 2024-02-27T09:58:30.811917+00:00
[2024-02-27 09:58:44,092] {standard_task_runner.py:52} INFO - Started process 217 to run task
[2024-02-27 09:58:44,095] {standard_task_runner.py:76} INFO - Running: ['***', 'tasks', 'run', 'defaultargs', 'tsk3', '2024-02-27T09:58:30.811917+00:00', '--job-id', '79', '--pool', 'default_pool', '--raw', '--subdir', 'DAGS_FOLDER/defaultargs.py', '--cfg-path', '/tmp/tmpsefiqj6_', '--error-file', '/tmp/tmpca1nf3bx']
[2024-02-27 09:58:44,096] {standard_task_runner.py:77} INFO - Job 79: Subtask tsk3
[2024-02-27 09:58:44,151] {logging_mixin.py:109} INFO - Running <TaskInstance: defaultargs.tsk3 2024-02-27T09:58:30.811917+00:00 [running]> on host 1034e60698e1
[2024-02-27 09:58:44,225] {taskinstance.py:1254} INFO - Exporting the following env vars:
AIRFLOW_CTX_DAG_EMAIL=jezandre_tiago@hotmail.com
AIRFLOW_CTX_DAG_OWNER=***
AIRFLOW_CTX_DAG_ID=defaultargs
AIRFLOW_CTX_TASK_ID=tsk3
AIRFLOW_CTX_EXECUTION_DATE=2024-02-27T09:58:30.811917+00:00
AIRFLOW_CTX_DAG_RUN_ID=manual__2024-02-27T09:58:30.811917+00:00
[2024-02-27 09:58:44,226] {subprocess.py:52} INFO - Tmp dir root location: 
 /tmp
[2024-02-27 09:58:44,228] {subprocess.py:63} INFO - Running command: ['bash', '-c', 'sleep 5']
[2024-02-27 09:58:44,238] {subprocess.py:74} INFO - Output:
[2024-02-27 09:58:49,242] {subprocess.py:82} INFO - Command exited with return code 0
[2024-02-27 09:58:49,287] {taskinstance.py:1219} INFO - Marking task as SUCCESS. dag_id=defaultargs, task_id=tsk3, execution_date=20240227T095830, start_date=20240227T095844, end_date=20240227T095849
[2024-02-27 09:58:49,352] {local_task_job.py:151} INFO - Task exited with return code 0
[2024-02-27 09:58:49,386] {local_task_job.py:261} INFO - 0 downstream tasks scheduled from follow-on schedule check
