[2024-03-05T09:29:31.416+0000] {taskinstance.py:1083} INFO - Dependencies all met for <TaskInstance: bancodedados.query_data manual__2024-03-05T09:29:19.901851+00:00 [queued]>
[2024-03-05T09:29:31.456+0000] {taskinstance.py:1083} INFO - Dependencies all met for <TaskInstance: bancodedados.query_data manual__2024-03-05T09:29:19.901851+00:00 [queued]>
[2024-03-05T09:29:31.457+0000] {taskinstance.py:1279} INFO - 
--------------------------------------------------------------------------------
[2024-03-05T09:29:31.457+0000] {taskinstance.py:1280} INFO - Starting attempt 1 of 1
[2024-03-05T09:29:31.458+0000] {taskinstance.py:1281} INFO - 
--------------------------------------------------------------------------------
[2024-03-05T09:29:31.520+0000] {taskinstance.py:1300} INFO - Executing <Task(PostgresOperator): query_data> on 2024-03-05 09:29:19.901851+00:00
[2024-03-05T09:29:31.532+0000] {standard_task_runner.py:55} INFO - Started process 121 to run task
[2024-03-05T09:29:31.537+0000] {standard_task_runner.py:82} INFO - Running: ['***', 'tasks', 'run', 'bancodedados', 'query_data', 'manual__2024-03-05T09:29:19.901851+00:00', '--job-id', '308', '--raw', '--subdir', 'DAGS_FOLDER/bancodedados.py', '--cfg-path', '/tmp/tmpg6telw1b']
[2024-03-05T09:29:31.537+0000] {standard_task_runner.py:83} INFO - Job 308: Subtask query_data
[2024-03-05T09:29:31.562+0000] {warnings.py:110} WARNING - /home/***/.local/lib/python3.7/site-packages/***/settings.py:249: DeprecationWarning: The sql_alchemy_conn option in [core] has been moved to the sql_alchemy_conn option in [database] - the old setting has been used, but please update your config.
  SQL_ALCHEMY_CONN = conf.get("database", "SQL_ALCHEMY_CONN")

[2024-03-05T09:29:31.740+0000] {task_command.py:388} INFO - Running <TaskInstance: bancodedados.query_data manual__2024-03-05T09:29:19.901851+00:00 [running]> on host df7038a2f7dd
[2024-03-05T09:29:31.920+0000] {taskinstance.py:1509} INFO - Exporting the following env vars:
AIRFLOW_CTX_DAG_OWNER=***
AIRFLOW_CTX_DAG_ID=bancodedados
AIRFLOW_CTX_TASK_ID=query_data
AIRFLOW_CTX_EXECUTION_DATE=2024-03-05T09:29:19.901851+00:00
AIRFLOW_CTX_TRY_NUMBER=1
AIRFLOW_CTX_DAG_RUN_ID=manual__2024-03-05T09:29:19.901851+00:00
[2024-03-05T09:29:31.921+0000] {sql.py:254} INFO - Executing: select * from teste;
[2024-03-05T09:29:31.938+0000] {base.py:73} INFO - Using connection ID 'postgres' for task execution.
[2024-03-05T09:29:32.782+0000] {base.py:73} INFO - Using connection ID 'postgres' for task execution.
[2024-03-05T09:29:32.792+0000] {sql.py:375} INFO - Running statement: select * from teste;, parameters: None
[2024-03-05T09:29:32.794+0000] {sql.py:384} INFO - Rows affected: 5
[2024-03-05T09:29:32.934+0000] {taskinstance.py:1323} INFO - Marking task as SUCCESS. dag_id=bancodedados, task_id=query_data, execution_date=20240305T092919, start_date=20240305T092931, end_date=20240305T092932
[2024-03-05T09:29:33.072+0000] {local_task_job.py:208} INFO - Task exited with return code 0
[2024-03-05T09:29:33.149+0000] {taskinstance.py:2578} INFO - 1 downstream tasks scheduled from follow-on schedule check
