[2024-02-29 09:00:07,923] {taskinstance.py:903} INFO - Dependencies all met for <TaskInstance: defaultargs.tsk2 2024-02-29T08:00:00+00:00 [queued]>
[2024-02-29 09:00:07,964] {taskinstance.py:903} INFO - Dependencies all met for <TaskInstance: defaultargs.tsk2 2024-02-29T08:00:00+00:00 [queued]>
[2024-02-29 09:00:07,966] {taskinstance.py:1095} INFO - 
--------------------------------------------------------------------------------
[2024-02-29 09:00:07,967] {taskinstance.py:1096} INFO - Starting attempt 1 of 2
[2024-02-29 09:00:07,967] {taskinstance.py:1097} INFO - 
--------------------------------------------------------------------------------
[2024-02-29 09:00:08,001] {taskinstance.py:1115} INFO - Executing <Task(BashOperator): tsk2> on 2024-02-29T08:00:00+00:00
[2024-02-29 09:00:08,023] {standard_task_runner.py:76} INFO - Running: ['***', 'tasks', 'run', 'defaultargs', 'tsk2', '2024-02-29T08:00:00+00:00', '--job-id', '218', '--pool', 'default_pool', '--raw', '--subdir', 'DAGS_FOLDER/defaultargs.py', '--cfg-path', '/tmp/tmp_0exagyp', '--error-file', '/tmp/tmpyj2t4yww']
[2024-02-29 09:00:08,024] {standard_task_runner.py:77} INFO - Job 218: Subtask tsk2
[2024-02-29 09:00:08,010] {standard_task_runner.py:52} INFO - Started process 101 to run task
[2024-02-29 09:00:08,140] {logging_mixin.py:109} INFO - Running <TaskInstance: defaultargs.tsk2 2024-02-29T08:00:00+00:00 [running]> on host 8f2f0b73bf26
[2024-02-29 09:00:08,294] {taskinstance.py:1254} INFO - Exporting the following env vars:
AIRFLOW_CTX_DAG_EMAIL=jezandre_tiago@hotmail.com
AIRFLOW_CTX_DAG_OWNER=***
AIRFLOW_CTX_DAG_ID=defaultargs
AIRFLOW_CTX_TASK_ID=tsk2
AIRFLOW_CTX_EXECUTION_DATE=2024-02-29T08:00:00+00:00
AIRFLOW_CTX_DAG_RUN_ID=scheduled__2024-02-29T08:00:00+00:00
[2024-02-29 09:00:08,296] {subprocess.py:52} INFO - Tmp dir root location: 
 /tmp
[2024-02-29 09:00:08,299] {subprocess.py:63} INFO - Running command: ['bash', '-c', 'sleep 5']
[2024-02-29 09:00:08,318] {subprocess.py:74} INFO - Output:
[2024-02-29 09:00:13,324] {subprocess.py:82} INFO - Command exited with return code 0
[2024-02-29 09:00:13,389] {taskinstance.py:1219} INFO - Marking task as SUCCESS. dag_id=defaultargs, task_id=tsk2, execution_date=20240229T080000, start_date=20240229T090007, end_date=20240229T090013
[2024-02-29 09:00:13,498] {local_task_job.py:151} INFO - Task exited with return code 0
[2024-02-29 09:00:13,570] {local_task_job.py:261} INFO - 1 downstream tasks scheduled from follow-on schedule check
